# 
# Steps log generated by v++
# This log file contains a collection of steps that describe the kernel compilation flow
# Note: Some steps are tagged as internal, these steps are for debugging purposes and 
#       are not expected to be able to run independently.
# 

# The following environment variables are set when running vitis-run
Environment variables :
------------------------------------------
ALLUSERSPROFILE=C:\ProgramData
APPDATA=C:\Users\ariqf\AppData\Roaming
arr.length=0
arr.Ubound=-1
CHARPOP=1
CMAKE_OBJECT_PATH_MAX=4096
CommonProgramFiles=C:\Program Files\Common Files
CommonProgramFiles(x86)=C:\Program Files (x86)\Common Files
CommonProgramW6432=C:\Program Files\Common Files
COMPUTERNAME=ARIQFADHH
ComSpec=C:\Windows\system32\cmd.exe
DriverData=C:\Windows\System32\Drivers\DriverData
EFC_21800=1
HDI_APPROOT=C:/Xilinx/Vitis/2024.2
HDI_PROCESSOR=i686
HOMEDRIVE=C:
HOMEPATH=\Users\ariqf
HW_SERVER_DJTG_DISABLE=1
HW_SERVER_FTDIMGR_DISABLE=1
IDE_SKIP_SERVER_LICENSE=1
IGCCSVC_DB=AQAAANCMnd8BFdERjHoAwE/Cl+sBAAAAWRPYb/TM3kCOcyMfVBq2jQQAAAACAAAAAAAQZgAAAAEAACAAAAAwS6xeZU4xqv0s6LGReo55jC8UXIUvrDEgg6/8M3BuIQAAAAAOgAAAAAIAACAAAABdGo7WsOJN+AUzGTf1twcrKAfh5EZa0V/DNt7UjubaMGAAAADuo4nxsG6cumS/SRe3r/4usaQh09F0GW8W2uUsyXzymuGSN9L9BtjL/syG6oOKkWtUGjjpStqwDvT68wbMDN1yB6kkOdlWjkOvRGRPWn02HfRU/jqV4cSXoC16oMKU+ltAAAAAwSrlWrmmuw6tkJQrOQ+uTpSN5B5IL8kzc+LcB0E+uCYtN8nMkPM0BJx/E2JPLqff9Z/1IelNAv+Lm++UHOXuJw==
INT_VARIABLE_NAME=XILINX_PATH
ISL_IOSTREAMS_RSA=C:/Xilinx/Vitis/2024.2/tps/isl
JAVA_EXE=C:/Xilinx\Vitis\2024.2\tps\win64\jre11.0.16_1\bin\java.exe
JAVA_HOME=C:/Xilinx\Vitis\2024.2\tps\win64\jre11.0.16_1
JRE_HOME=C:\Program Files\Java\jdk-11.0.16.1\bin
LC_NUMERIC=C
LOCALAPPDATA=C:\Users\ariqf\AppData\Local
LOGONSERVER=\\ARIQFADHH
LOPPER_DTC_FLAGS=-b 0 -@
NOSPLASH=false
NUMBER_OF_PROCESSORS=16
OneDrive=C:\Users\ariqf\OneDrive
OneDriveConsumer=C:\Users\ariqf\OneDrive
ORIGINAL_XDG_CURRENT_DESKTOP=undefined
OS=Windows_NT
PATH=C:/Xilinx/Vivado/2024.2/tps/win64/binutils-2.26/bin;C:/Xilinx/Vitis/2024.2/bin/../gnu/aarch64/nt/aarch64-linux/bin;C:/Xilinx/Vitis/2024.2/bin/../gnu/ppc64le/4.9.3/win64/bin;C:/Xilinx/Vitis/2024.2/bin/../gnu/aarch32/nt/gcc-arm-linux-gnueabi/bin;C:/Xilinx/Vitis/2024.2/tps/mingw/6.2.0/win64.o/nt/bin;C:/Xilinx/Vivado/2024.2\gnuwin\bin;C:/Xilinx/Vivado/2024.2\gnu\microblaze\nt\bin;C:/Xilinx/Vitis/2024.2/bin;C:/Xilinx/Vitis/2024.2/tps/win64/javafx-sdk-11.0.2/lib;C:/Xilinx/Vitis/2024.2/tps/win64/javafx-sdk-11.0.2/bin;C:/Xilinx/Vitis/2024.2/lib/win64.o;C:/Xilinx/Vitis/2024.2/tps/win64/jre11.0.16_1/bin/server;C:/Xilinx/Vitis/2024.2/tps/win64/jre11.0.16_1/bin;C:\Xilinx\Vitis\2024.2\tps\win64\LOPPER~1.0-P\min_sdk\\usr\bin;C:/Xilinx\Vitis\2024.2\tps\win64\cmake-3.24.2\bin;C:/Xilinx\Vitis\2024.2\gnu\microblaze\nt\bin;C:/Xilinx\Vitis\2024.2\gnu\microblaze\linux_toolchain\nt64_le\bin;C:/Xilinx\Vitis\2024.2\gnu\aarch32\nt\gcc-arm-linux-gnueabi\bin;C:/Xilinx\Vitis\2024.2\gnu\aarch32\nt\gcc-arm-none-eabi\bin;C:/Xilinx\Vitis\2024.2\gnu\aarch64\nt\aarch64-linux\bin;C:/Xilinx\Vitis\2024.2\gnu\aarch64\nt\aarch64-none\bin;C:/Xilinx\Vitis\2024.2\gnu\armr5\nt\gcc-arm-none-eabi\bin;C:/Xilinx\Vitis\2024.2\gnuwin\bin;C:/Xilinx\Vitis\2024.2\tps\win64\python-3.8.3;C:/Xilinx\Vitis\2024.2\tps\win64\libxslt\bin;C:/Xilinx/Vivado/2024.2\bin;C:/Xilinx/Vitis/2024.2\gnu\arm\nt\bin;C:/Xilinx/Vitis/2024.2\gnu\microblaze\linux_toolchain\nt64_be\bin;C:/Xilinx/Vitis/2024.2\gnu\riscv\nt\riscv64-unknown-elf\bin;C:/Xilinx/Vivado/2024.2\tps\win64\python-3.8.3;C:/Xilinx/Vivado/2024.2\tps\win64\git-2.45.0\bin;C:/Xilinx/Vivado/2024.2\tps\win64\cmake-3.24.2\bin;C:/Xilinx/Vitis/2024.2\win64\tools\clang\bin;C:\Program Files\Common Files\Oracle\Java\javapath;C:\Windows\system32;C:\Windows;C:\Windows\System32\Wbem;C:\Windows\System32\WindowsPowerShell\v1.0\;C:\Windows\System32\OpenSSH\;C:\Program Files (x86)\NVIDIA Corporation\PhysX\Common;C:\Program Files\Cloudflare\Cloudflare WARP\;C:\Program Files\Git\cmd;C:\ProgramData\chocolatey\bin;C:\Program Files\nodejs\;C:\Program Files\NVIDIA Corporation\NVIDIA app\NvDLISR;C:\Program Files\GitHub CLI\;C:\Program Files\Docker\Docker\resources\bin;C:\Program Files\PuTTY\;C:\Users\ariqf\AppData\Local\Programs\Python\Python311\Scripts\;C:\Users\ariqf\AppData\Local\Programs\Python\Python311\;C:\Users\ariqf\AppData\Local\Microsoft\WindowsApps;C:\Users\ariqf\AppData\Local\Programs\Microsoft VS Code\bin;C:\Users\ariqf\AppData\Roaming\npm;C:\iverilog\bin;C:\iverilog\gtkwave\bin;C:/Xilinx/Vitis/2024.2\tps\mingw\6.2.0\win64.o\nt\bin;C:/Xilinx/Vitis/2024.2\tps\mingw\6.2.0\win64.o\nt\libexec\gcc\x86_64-w64-mingw32\6.2.0
PATHEXT=.COM;.EXE;.BAT;.CMD;.VBS;.VBE;.JS;.JSE;.WSF;.WSH;.MSC
PROCESSOR_ARCHITECTURE=AMD64
PROCESSOR_IDENTIFIER=Intel64 Family 6 Model 183 Stepping 1, GenuineIntel
PROCESSOR_LEVEL=6
PROCESSOR_REVISION=b701
PRODVERSION_EXE=C:/Xilinx/Vitis/2024.2/bin/unwrapped/win64.o/prodversion.exe
ProgramData=C:\ProgramData
ProgramFiles=C:\Program Files
ProgramFiles(x86)=C:\Program Files (x86)
ProgramW6432=C:\Program Files
PROMPT=$P$G
PSModulePath=C:\Program Files\WindowsPowerShell\Modules;C:\Windows\system32\WindowsPowerShell\v1.0\Modules
PUBLIC=C:\Users\Public
PYTHONPATH=;C:/Xilinx/Vitis/2024.2\cli;C:/Xilinx/Vitis/2024.2\cli\python-packages\win64;C:/Xilinx/Vitis/2024.2\cli\python-packages\site-packages;C:/Xilinx/Vitis/2024.2\cli\proto;C:/Xilinx/Vitis/2024.2\scripts\python_pkg;
python_path=;C:/Xilinx/Vitis/2024.2\cli;C:/Xilinx/Vitis/2024.2\cli\python-packages\win64;C:/Xilinx/Vitis/2024.2\cli\python-packages\site-packages;C:/Xilinx/Vitis/2024.2\cli\proto;C:/Xilinx/Vitis/2024.2\scripts\python_pkg;
RDI_APPROOT=C:/Xilinx/Vitis/2024.2
RDI_ARGS= --mode hls --csim --config C:\Users\ariqf\Kuliah\KP\Workspace\fast_ip\hls_config.cfg --work_dir fast_ip
RDI_ARGS_FUNCTION=RDI_EXEC_DEFAULT
RDI_BASEROOT=C:/Xilinx/Vitis
RDI_BINDIR=C:/Xilinx/Vitis/2024.2/bin
RDI_BINROOT=C:/Xilinx/Vitis/2024.2/bin
RDI_BUILD=yes
RDI_CHECK_PROG=True
RDI_DATADIR=C:/Xilinx/Vitis/2024.2/data
RDI_INSTALLROOT=C:/Xilinx
RDI_INSTALLVER=2024.2
RDI_INSTALLVERSION=2024.2
RDI_JAVACEFROOT=C:/Xilinx/Vitis/2024.2/tps/win64/java-cef-95.0.4638.69
RDI_JAVAFXROOT=C:/Xilinx/Vitis/2024.2/tps/win64/javafx-sdk-11.0.2
RDI_JAVAROOT=C:/Xilinx/Vitis/2024.2/tps/win64/jre11.0.16_1
RDI_JAVA_VERSION=11.0.16_1
RDI_LIBDIR=C:/Xilinx/Vitis/2024.2/lib/win64.o
RDI_MINGW_LIB=C:/Xilinx/Vitis/2024.2\tps\mingw\6.2.0\win64.o\nt\bin;C:/Xilinx/Vitis/2024.2\tps\mingw\6.2.0\win64.o\nt\libexec\gcc\x86_64-w64-mingw32\6.2.0
RDI_OPT_EXT=.o
RDI_OS_ARCH=64
RDI_PLATFORM=win64
RDI_PREPEND_PATH=C:/Xilinx/Vitis/2024.2/bin
RDI_PROG=C:/Xilinx/Vitis/2024.2/bin/unwrapped/win64.o/vitis-run.exe
RDI_PROGNAME=vitis-run.exe
RDI_SESSION_INFO=C:\Xilinx\Vitis\2024.2\bin:ARIQFADHH-02-02-2025_23-33-23,73
RDI_SHARED_DATA=C:/Xilinx/SharedData/2024.2/data
RDI_TPS_ROOT=C:/Xilinx/Vivado/2024.2/tps/win64
RDI_USE_JDK11=1
RDI_VERBOSE=False
RT_LIBPATH=C:/Xilinx/Vitis/2024.2/scripts/rt/data
RT_TCL_PATH=C:/Xilinx/Vitis/2024.2/scripts/rt/base_tcl/tcl
SDKROOT=C:\Xilinx\Vitis\2024.2\tps\win64\LOPPER~1.0-P\min_sdk\
SESSIONNAME=Console
session_string=C:\Users\ariqf\Kuliah\KP\Workspace\fast_ip:ARIQFADHH-02-02-2025_23-40-06,60
supports_classic_ide=false
SWIG_LIB=C:\Xilinx\Vitis\2024.2\tps\win64\LOPPER~1.0-P\min_sdk\\usr\lib\swig\4.2.1
SYNTH_COMMON=C:/Xilinx/Vitis/2024.2/scripts/rt/data
SystemDrive=C:
SystemRoot=C:\Windows
TCL_LIBRARY=C:/Xilinx/Vitis/2024.2/tps/tcl/tcl8.6
TCMALLOC_LARGE_ALLOC_REPORT_THRESHOLD=4294967296
TEMP=C:\Users\ariqf\AppData\Local\Temp
THEIA_APP_PROJECT_PATH=C:\Xilinx\Vitis\2024.2\ide\electron-app\win64\resources\app
THEIA_DEFAULT_PLUGINS=local-dir:C:\Xilinx\Vitis\2024.2\ide\electron-app\win64\resources\app\plugins
THEIA_ELECTRON_TOKEN={"value":"ba62930d-8903-42f6-8b45-381c2b8c3879"}
THEIA_ELECTRON_VERSION=15.5.7
THEIA_PLUGINS=local-dir:C:\Users\ariqf\.theia\plugins
TMP=C:\Users\ariqf\AppData\Local\Temp
tooldir=tps\win64\git-2.41.0
TOOLS_CLANG=C:/Xilinx/Vitis/2024.2\win64\tools\clang
TPS_CMAKE=C:/Xilinx/Vivado/2024.2\tps\win64\cmake-3.24.2
TPS_GIT=C:/Xilinx/Vivado/2024.2\tps\win64\git-2.45.0
TPS_LIBXSLT=C:/Xilinx/Vitis/2024.2\tps\win64\libxslt
TPS_PYTHON=C:/Xilinx/Vivado/2024.2\tps\win64\python-3.8.3
USERDOMAIN=ARIQFADHH
USERDOMAIN_ROAMINGPROFILE=ARIQFADHH
USERNAME=ariqf
USERPROFILE=C:\Users\ariqf
VITISNEW=true
VITIS_HLS_INSTALL=true
VSCODE_API_VERSION=1.53.2
windir=C:\Windows
XILINX_HLS=C:/Xilinx/Vitis/2024.2
XILINX_PLANAHEAD=C:/Xilinx/Vitis/2024.2
XILINX_SDK=C:/Xilinx/Vitis/2024.2
XILINX_VCXX=C:/Xilinx/Vitis/2024.2/vcxx
XILINX_VITIS=C:/Xilinx\Vitis\2024.2
XILINX_VITIS_GIT=C:/Xilinx/Vivado/2024.2\tps\win64\git-2.45.0\bin
XILINX_VITIS_HLS_ENCAPSULATED=1
XILINX_VITIS_VERSION=Vitis v2024.2 (64-bit)
XILINX_VIVADO=C:/Xilinx/Vivado/2024.2
XILINX_VIVADO_HLS=C:/Xilinx/Vivado/2024.2
XIL_CHECK_TCL_DEBUG=False
XIL_NO_OVERRIDE=0
XIL_SUPPRESS_OVERRIDE_WARNINGS=1
XVREDIST=C:/Xilinx/Vitis/2024.2\tps\win64\xvcredist.exe
ZES_ENABLE_SYSMAN=1
_RDI_BINROOT=C:\Xilinx\Vitis\2024.2\bin
_RDI_CWD=C:\Users\ariqf\Kuliah\KP\Workspace\fast_ip
_RDI_DONT_SET_XILINX_AS_PATH=True
_RDI_VERSION_PROG=vitis-run
_valid=False
XILINX_CD_CONNECT_ID=58934
XILINX_CD_SESSION=5469ccae-7a5c-460a-a42a-62316d9cb014


VITIS-RUN command line:
------------------------------------------
C:/Xilinx/Vitis/2024.2/bin/unwrapped/win64.o/vitis-run.exe --mode hls --csim --config C:\Users\ariqf\Kuliah\KP\Workspace\fast_ip\hls_config.cfg --work_dir fast_ip 

FINAL PROGRAM OPTIONS
--config C:\Users\ariqf\Kuliah\KP\Workspace\fast_ip\hls_config.cfg
--csim
--hls.clock 10ns
--hls.flow_target vivado
--hls.package.output.format ip_catalog
--hls.package.output.syn false
--hls.syn.file C:/Users/ariqf/Kuliah/KP/Workspace/fast_ip/fast_ip.cpp
--hls.syn.file C:/Users/ariqf/Kuliah/KP/Workspace/fast_ip/fast_ip.h
--hls.syn.top fast_ip
--hls.tb.file C:/Users/ariqf/Kuliah/KP/Workspace/fast_ip/fast_ip_tb.cpp
--mode hls
--part xc7z020clg484-1
--work_dir fast_ip

PARSED COMMAND LINE OPTIONS
--mode hls 
--csim 
--config C:\Users\ariqf\Kuliah\KP\Workspace\fast_ip\hls_config.cfg 
--work_dir fast_ip 

PARSED CONFIG FILE (1) OPTIONS
file: C:\Users\ariqf\Kuliah\KP\Workspace\fast_ip\hls_config.cfg
part xc7z020clg484-1 
hls.flow_target vivado 
hls.package.output.format ip_catalog 
hls.package.output.syn false 
hls.clock 10ns 
hls.syn.file C:/Users/ariqf/Kuliah/KP/Workspace/fast_ip/fast_ip.cpp 
hls.syn.file C:/Users/ariqf/Kuliah/KP/Workspace/fast_ip/fast_ip.h 
hls.tb.file C:/Users/ariqf/Kuliah/KP/Workspace/fast_ip/fast_ip_tb.cpp 
hls.syn.top fast_ip 


==========================================
new:  steps log generated by v++ for new launch 
timestamp: 02 Feb 2025 23:40:11

------------------------------------------
V++ command line :
------------------------------------------
C:/Xilinx/Vitis/2024.2/bin/unwrapped/win64.o/v++.exe -c --mode hls --config C:\Users\ariqf\Kuliah\KP\Workspace\fast_ip\hls_config.cfg --work_dir fast_ip 
  Options from -O    : 
  Options from *.ini : 
  Options from Hw Platform : 

==========================================
new:  steps log generated by v++ for new launch 
timestamp: 02 Feb 2025 23:40:53

------------------------------------------
VITIS-RUN command line :
------------------------------------------
C:/Xilinx/Vitis/2024.2/bin/unwrapped/win64.o/vitis-run.exe --mode hls --csim --config C:\Users\ariqf\Kuliah\KP\Workspace\fast_ip\hls_config.cfg --work_dir fast_ip 
  Options from -O    : 
  Options from *.ini : 
  Options from Hw Platform : 

==========================================
new:  steps log generated by v++ for new launch 
timestamp: 03 Feb 2025 08:10:21

------------------------------------------
V++ command line :
------------------------------------------
C:/Xilinx/Vitis/2024.2/bin/unwrapped/win64.o/v++.exe -c --mode hls --config C:\Users\ariqf\Kuliah\KP\Workspace\fast_ip\hls_config.cfg --work_dir fast_ip 
  Options from -O    : 
  Options from *.ini : 
  Options from Hw Platform : 

==========================================
new:  steps log generated by v++ for new launch 
timestamp: 03 Feb 2025 08:10:46

------------------------------------------
VITIS-RUN command line :
------------------------------------------
C:/Xilinx/Vitis/2024.2/bin/unwrapped/win64.o/vitis-run.exe --mode hls --cosim --config C:\Users\ariqf\Kuliah\KP\Workspace\fast_ip\hls_config.cfg --work_dir fast_ip 
  Options from -O    : 
  Options from *.ini : 
  Options from Hw Platform : 

==========================================
new:  steps log generated by v++ for new launch 
timestamp: 03 Feb 2025 08:12:13

------------------------------------------
VITIS-RUN command line :
------------------------------------------
C:/Xilinx/Vitis/2024.2/bin/unwrapped/win64.o/vitis-run.exe --mode hls --package --config C:\Users\ariqf\Kuliah\KP\Workspace\fast_ip\hls_config.cfg --work_dir fast_ip 
  Options from -O    : 
  Options from *.ini : 
  Options from Hw Platform : 

==========================================
new:  steps log generated by v++ for new launch 
timestamp: 03 Feb 2025 08:15:54

------------------------------------------
VITIS-RUN command line :
------------------------------------------
C:/Xilinx/Vitis/2024.2/bin/unwrapped/win64.o/vitis-run.exe --mode hls --impl --config C:\Users\ariqf\Kuliah\KP\Workspace\fast_ip\hls_config.cfg --work_dir fast_ip 
  Options from -O    : 
  Options from *.ini : 
  Options from Hw Platform : 

==========================================
new:  steps log generated by v++ for new launch 
timestamp: 03 Feb 2025 08:16:39

------------------------------------------
VITIS-RUN command line :
------------------------------------------
C:/Xilinx/Vitis/2024.2/bin/unwrapped/win64.o/vitis-run.exe --mode hls --csim --config C:\Users\ariqf\Kuliah\KP\Workspace\fast_ip\hls_config.cfg --work_dir fast_ip 
  Options from -O    : 
  Options from *.ini : 
  Options from Hw Platform : 

==========================================
new:  steps log generated by v++ for new launch 
timestamp: 07 Feb 2025 14:10:49

------------------------------------------
V++ command line :
------------------------------------------
C:/Xilinx/Vitis/2024.2/bin/unwrapped/win64.o/v++.exe -c --mode hls --config C:\Users\ariqf\Kuliah\KP\Workspace\fast_ip\hls_config.cfg --work_dir fast_ip 
  Options from -O    : 
  Options from *.ini : 
  Options from Hw Platform : 

==========================================
new:  steps log generated by v++ for new launch 
timestamp: 07 Feb 2025 14:12:17

------------------------------------------
VITIS-RUN command line :
------------------------------------------
C:/Xilinx/Vitis/2024.2/bin/unwrapped/win64.o/vitis-run.exe --mode hls --csim --config C:\Users\ariqf\Kuliah\KP\Workspace\fast_ip\hls_config.cfg --work_dir fast_ip 
  Options from -O    : 
  Options from *.ini : 
  Options from Hw Platform : 

==========================================
new:  steps log generated by v++ for new launch 
timestamp: 07 Feb 2025 14:19:49

------------------------------------------
V++ command line :
------------------------------------------
C:/Xilinx/Vitis/2024.2/bin/unwrapped/win64.o/v++.exe -c --mode hls --config C:\Users\ariqf\Kuliah\KP\Workspace\fast_ip\hls_config.cfg --work_dir fast_ip 
  Options from -O    : 
  Options from *.ini : 
  Options from Hw Platform : 

==========================================
new:  steps log generated by v++ for new launch 
timestamp: 07 Feb 2025 14:20:08

------------------------------------------
VITIS-RUN command line :
------------------------------------------
C:/Xilinx/Vitis/2024.2/bin/unwrapped/win64.o/vitis-run.exe --mode hls --cosim --config C:\Users\ariqf\Kuliah\KP\Workspace\fast_ip\hls_config.cfg --work_dir fast_ip 
  Options from -O    : 
  Options from *.ini : 
  Options from Hw Platform : 

==========================================
new:  steps log generated by v++ for new launch 
timestamp: 07 Feb 2025 14:22:48

------------------------------------------
VITIS-RUN command line :
------------------------------------------
C:/Xilinx/Vitis/2024.2/bin/unwrapped/win64.o/vitis-run.exe --mode hls --package --config C:\Users\ariqf\Kuliah\KP\Workspace\fast_ip\hls_config.cfg --work_dir fast_ip 
  Options from -O    : 
  Options from *.ini : 
  Options from Hw Platform : 

==========================================
new:  steps log generated by v++ for new launch 
timestamp: 07 Feb 2025 14:24:20

------------------------------------------
VITIS-RUN command line :
------------------------------------------
C:/Xilinx/Vitis/2024.2/bin/unwrapped/win64.o/vitis-run.exe --mode hls --impl --config C:\Users\ariqf\Kuliah\KP\Workspace\fast_ip\hls_config.cfg --work_dir fast_ip 
  Options from -O    : 
  Options from *.ini : 
  Options from Hw Platform : 

==========================================
new:  steps log generated by v++ for new launch 
timestamp: 07 Feb 2025 14:25:00

------------------------------------------
V++ command line :
------------------------------------------
C:/Xilinx/Vitis/2024.2/bin/unwrapped/win64.o/v++.exe -c --mode hls --config C:\Users\ariqf\Kuliah\KP\Workspace\fast_ip\hls_config.cfg --work_dir fast_ip 
  Options from -O    : 
  Options from *.ini : 
  Options from Hw Platform : 

==========================================
new:  steps log generated by v++ for new launch 
timestamp: 07 Feb 2025 14:45:45

------------------------------------------
VITIS-RUN command line :
------------------------------------------
C:/Xilinx/Vitis/2024.2/bin/unwrapped/win64.o/vitis-run.exe --mode hls --csim --config C:\Users\ariqf\Kuliah\KP\Workspace\fast_ip\hls_config.cfg --work_dir fast_ip 
  Options from -O    : 
  Options from *.ini : 
  Options from Hw Platform : 

==========================================
new:  steps log generated by v++ for new launch 
timestamp: 07 Feb 2025 15:46:25

------------------------------------------
V++ command line :
------------------------------------------
C:/Xilinx/Vitis/2024.2/bin/unwrapped/win64.o/v++.exe -c --mode hls --config C:\Users\ariqf\Kuliah\KP\Workspace\fast_ip\hls_config.cfg --work_dir fast_ip 
  Options from -O    : 
  Options from *.ini : 
  Options from Hw Platform : 

==========================================
new:  steps log generated by v++ for new launch 
timestamp: 07 Feb 2025 15:46:36

------------------------------------------
VITIS-RUN command line :
------------------------------------------
C:/Xilinx/Vitis/2024.2/bin/unwrapped/win64.o/vitis-run.exe --mode hls --cosim --config C:\Users\ariqf\Kuliah\KP\Workspace\fast_ip\hls_config.cfg --work_dir fast_ip 
  Options from -O    : 
  Options from *.ini : 
  Options from Hw Platform : 

==========================================
new:  steps log generated by v++ for new launch 
timestamp: 07 Feb 2025 15:47:59

------------------------------------------
VITIS-RUN command line :
------------------------------------------
C:/Xilinx/Vitis/2024.2/bin/unwrapped/win64.o/vitis-run.exe --mode hls --package --config C:\Users\ariqf\Kuliah\KP\Workspace\fast_ip\hls_config.cfg --work_dir fast_ip 
  Options from -O    : 
  Options from *.ini : 
  Options from Hw Platform : 

==========================================
new:  steps log generated by v++ for new launch 
timestamp: 07 Feb 2025 15:49:05

------------------------------------------
VITIS-RUN command line :
------------------------------------------
C:/Xilinx/Vitis/2024.2/bin/unwrapped/win64.o/vitis-run.exe --mode hls --impl --config C:\Users\ariqf\Kuliah\KP\Workspace\fast_ip\hls_config.cfg --work_dir fast_ip 
  Options from -O    : 
  Options from *.ini : 
  Options from Hw Platform : 

==========================================
new:  steps log generated by v++ for new launch 
timestamp: 07 Feb 2025 15:49:28

------------------------------------------
VITIS-RUN command line :
------------------------------------------
C:/Xilinx/Vitis/2024.2/bin/unwrapped/win64.o/vitis-run.exe --mode hls --csim --config C:\Users\ariqf\Kuliah\KP\Workspace\fast_ip\hls_config.cfg --work_dir fast_ip 
  Options from -O    : 
  Options from *.ini : 
  Options from Hw Platform : 

==========================================
new:  steps log generated by v++ for new launch 
timestamp: 09 Feb 2025 14:16:44

------------------------------------------
V++ command line :
------------------------------------------
C:/Xilinx/Vitis/2024.2/bin/unwrapped/win64.o/v++.exe -c --mode hls --config C:\Users\ariqf\Kuliah\KP\Workspace\fast_ip\hls_config.cfg --work_dir fast_ip 
  Options from -O    : 
  Options from *.ini : 
  Options from Hw Platform : 

==========================================
new:  steps log generated by v++ for new launch 
timestamp: 09 Feb 2025 14:17:09

------------------------------------------
VITIS-RUN command line :
------------------------------------------
C:/Xilinx/Vitis/2024.2/bin/unwrapped/win64.o/vitis-run.exe --mode hls --cosim --config C:\Users\ariqf\Kuliah\KP\Workspace\fast_ip\hls_config.cfg --work_dir fast_ip 
  Options from -O    : 
  Options from *.ini : 
  Options from Hw Platform : 

==========================================
new:  steps log generated by v++ for new launch 
timestamp: 09 Feb 2025 14:18:34

------------------------------------------
VITIS-RUN command line :
------------------------------------------
C:/Xilinx/Vitis/2024.2/bin/unwrapped/win64.o/vitis-run.exe --mode hls --package --config C:\Users\ariqf\Kuliah\KP\Workspace\fast_ip\hls_config.cfg --work_dir fast_ip 
  Options from -O    : 
  Options from *.ini : 
  Options from Hw Platform : 

==========================================
new:  steps log generated by v++ for new launch 
timestamp: 09 Feb 2025 14:20:00

------------------------------------------
VITIS-RUN command line :
------------------------------------------
C:/Xilinx/Vitis/2024.2/bin/unwrapped/win64.o/vitis-run.exe --mode hls --impl --config C:\Users\ariqf\Kuliah\KP\Workspace\fast_ip\hls_config.cfg --work_dir fast_ip 
  Options from -O    : 
  Options from *.ini : 
  Options from Hw Platform : 

==========================================
new:  steps log generated by v++ for new launch 
timestamp: 09 Feb 2025 14:20:24

------------------------------------------
V++ command line :
------------------------------------------
C:/Xilinx/Vitis/2024.2/bin/unwrapped/win64.o/v++.exe -c --mode hls --config C:\Users\ariqf\Kuliah\KP\Workspace\fast_ip\hls_config.cfg --work_dir fast_ip 
  Options from -O    : 
  Options from *.ini : 
  Options from Hw Platform : 

==========================================
new:  steps log generated by v++ for new launch 
timestamp: 09 Feb 2025 14:54:03

------------------------------------------
VITIS-RUN command line :
------------------------------------------
C:/Xilinx/Vitis/2024.2/bin/unwrapped/win64.o/vitis-run.exe --mode hls --csim --config C:\Users\ariqf\Kuliah\KP\Workspace\fast_ip\hls_config.cfg --work_dir fast_ip 
  Options from -O    : 
  Options from *.ini : 
  Options from Hw Platform : 

==========================================
new:  steps log generated by v++ for new launch 
timestamp: 09 Feb 2025 14:55:04

------------------------------------------
V++ command line :
------------------------------------------
C:/Xilinx/Vitis/2024.2/bin/unwrapped/win64.o/v++.exe -c --mode hls --config C:\Users\ariqf\Kuliah\KP\Workspace\fast_ip\hls_config.cfg --work_dir fast_ip 
  Options from -O    : 
  Options from *.ini : 
  Options from Hw Platform : 

==========================================
new:  steps log generated by v++ for new launch 
timestamp: 09 Feb 2025 14:55:21

------------------------------------------
VITIS-RUN command line :
------------------------------------------
C:/Xilinx/Vitis/2024.2/bin/unwrapped/win64.o/vitis-run.exe --mode hls --cosim --config C:\Users\ariqf\Kuliah\KP\Workspace\fast_ip\hls_config.cfg --work_dir fast_ip 
  Options from -O    : 
  Options from *.ini : 
  Options from Hw Platform : 

==========================================
new:  steps log generated by v++ for new launch 
timestamp: 09 Feb 2025 14:56:19

------------------------------------------
VITIS-RUN command line :
------------------------------------------
C:/Xilinx/Vitis/2024.2/bin/unwrapped/win64.o/vitis-run.exe --mode hls --package --config C:\Users\ariqf\Kuliah\KP\Workspace\fast_ip\hls_config.cfg --work_dir fast_ip 
  Options from -O    : 
  Options from *.ini : 
  Options from Hw Platform : 

==========================================
new:  steps log generated by v++ for new launch 
timestamp: 09 Feb 2025 14:58:27

------------------------------------------
VITIS-RUN command line :
------------------------------------------
C:/Xilinx/Vitis/2024.2/bin/unwrapped/win64.o/vitis-run.exe --mode hls --impl --config C:\Users\ariqf\Kuliah\KP\Workspace\fast_ip\hls_config.cfg --work_dir fast_ip 
  Options from -O    : 
  Options from *.ini : 
  Options from Hw Platform : 

==========================================
new:  steps log generated by v++ for new launch 
timestamp: 09 Feb 2025 14:59:13

------------------------------------------
V++ command line :
------------------------------------------
C:/Xilinx/Vitis/2024.2/bin/unwrapped/win64.o/v++.exe -c --mode hls --config C:\Users\ariqf\Kuliah\KP\Workspace\fast_ip\hls_config.cfg --work_dir fast_ip 
  Options from -O    : 
  Options from *.ini : 
  Options from Hw Platform : 

==========================================
new:  steps log generated by v++ for new launch 
timestamp: 09 Feb 2025 15:18:37

------------------------------------------
VITIS-RUN command line :
------------------------------------------
C:/Xilinx/Vitis/2024.2/bin/unwrapped/win64.o/vitis-run.exe --mode hls --cosim --config C:\Users\ariqf\Kuliah\KP\Workspace\fast_ip\hls_config.cfg --work_dir fast_ip 
  Options from -O    : 
  Options from *.ini : 
  Options from Hw Platform : 

==========================================
new:  steps log generated by v++ for new launch 
timestamp: 09 Feb 2025 15:19:45

------------------------------------------
VITIS-RUN command line :
------------------------------------------
C:/Xilinx/Vitis/2024.2/bin/unwrapped/win64.o/vitis-run.exe --mode hls --package --config C:\Users\ariqf\Kuliah\KP\Workspace\fast_ip\hls_config.cfg --work_dir fast_ip 
  Options from -O    : 
  Options from *.ini : 
  Options from Hw Platform : 

==========================================
new:  steps log generated by v++ for new launch 
timestamp: 09 Feb 2025 15:21:27

------------------------------------------
VITIS-RUN command line :
------------------------------------------
C:/Xilinx/Vitis/2024.2/bin/unwrapped/win64.o/vitis-run.exe --mode hls --impl --config C:\Users\ariqf\Kuliah\KP\Workspace\fast_ip\hls_config.cfg --work_dir fast_ip 
  Options from -O    : 
  Options from *.ini : 
  Options from Hw Platform : 

==========================================
new:  steps log generated by v++ for new launch 
timestamp: 09 Feb 2025 15:23:17
