  **** HLS Build v2024.2 5238294
INFO: [HLS 200-2005] Using work_dir C:/Users/ariqf/Kuliah/KP/Workspace/fast_ip/fast_ip 
INFO: [HLS 200-1505] Using default flow_target 'vivado'
Resolution: For help on HLS 200-1505 see docs.xilinx.com/access/sources/dita/topic?Doc_Version=2024.2%20English&url=ug1448-hls-guidance&resourceid=200-1505.html
INFO: [HLS 200-1465] Applying ini 'syn.file=C:/Users/ariqf/Kuliah/KP/Workspace/fast_ip/fast_ip.cpp' from C:/Users/ariqf/Kuliah/KP/Workspace/fast_ip/hls_config.cfg(8)
INFO: [HLS 200-10] Adding design file 'C:/Users/ariqf/Kuliah/KP/Workspace/fast_ip/fast_ip.cpp' to the project
INFO: [HLS 200-1465] Applying ini 'syn.file=C:/Users/ariqf/Kuliah/KP/Workspace/fast_ip/fast_ip.h' from C:/Users/ariqf/Kuliah/KP/Workspace/fast_ip/hls_config.cfg(9)
INFO: [HLS 200-10] Adding design file 'C:/Users/ariqf/Kuliah/KP/Workspace/fast_ip/fast_ip.h' to the project
INFO: [HLS 200-1465] Applying ini 'tb.file=C:/Users/ariqf/Kuliah/KP/Workspace/fast_ip/fast_ip_tb.cpp' from C:/Users/ariqf/Kuliah/KP/Workspace/fast_ip/hls_config.cfg(10)
INFO: [HLS 200-10] Adding test bench file 'C:/Users/ariqf/Kuliah/KP/Workspace/fast_ip/fast_ip_tb.cpp' to the project
INFO: [HLS 200-1465] Applying ini 'syn.top=fast_ip' from C:/Users/ariqf/Kuliah/KP/Workspace/fast_ip/hls_config.cfg(11)
INFO: [HLS 200-1465] Applying ini 'flow_target=vivado' from C:/Users/ariqf/Kuliah/KP/Workspace/fast_ip/hls_config.cfg(4)
INFO: [HLS 200-1505] Using flow_target 'vivado'
Resolution: For help on HLS 200-1505 see docs.xilinx.com/access/sources/dita/topic?Doc_Version=2024.2%20English&url=ug1448-hls-guidance&resourceid=200-1505.html
INFO: [HLS 200-1465] Applying ini 'part=xc7z020clg484-1' from C:/Users/ariqf/Kuliah/KP/Workspace/fast_ip/hls_config.cfg(1)
INFO: [HLS 200-1611] Setting target device to 'xc7z020-clg484-1'
INFO: [HLS 200-1465] Applying ini 'clock=10ns' from C:/Users/ariqf/Kuliah/KP/Workspace/fast_ip/hls_config.cfg(7)
INFO: [SYN 201-201] Setting up clock 'default' with a period of 10ns.
INFO: [HLS 200-1465] Applying ini 'package.output.format=ip_catalog' from C:/Users/ariqf/Kuliah/KP/Workspace/fast_ip/hls_config.cfg(5)
INFO: [HLS 200-111] Finished File checks and directory preparation: CPU user time: 1 seconds. CPU system time: 0 seconds. Elapsed time: 1.886 seconds; current allocated memory: 162.277 MB.
INFO: [HLS 200-10] Analyzing design file 'fast_ip.cpp' ... 
WARNING: [HLS 214-111] Static scalars and arrays declared inside a dataflow region will be treated like local variables (fast_ip.cpp:19:23)
Resolution: For help on HLS 214-111 see docs.xilinx.com/access/sources/dita/topic?Doc_Version=2024.2%20English&url=ug1448-hls-guidance&resourceid=214-111.html
WARNING: [HLS 214-111] Static scalars and arrays declared inside a dataflow region will be treated like local variables (fast_ip.cpp:23:23)
Resolution: For help on HLS 214-111 see docs.xilinx.com/access/sources/dita/topic?Doc_Version=2024.2%20English&url=ug1448-hls-guidance&resourceid=214-111.html
WARNING: [HLS 214-111] Static scalars and arrays declared inside a dataflow region will be treated like local variables (fast_ip.cpp:27:23)
Resolution: For help on HLS 214-111 see docs.xilinx.com/access/sources/dita/topic?Doc_Version=2024.2%20English&url=ug1448-hls-guidance&resourceid=214-111.html
WARNING: [HLS 214-114] Since the only kind of statements allowed in a canonical dataflow region are variable declarations and function calls, the compiler may not be able to correctly handle the region (fast_ip.cpp:16:9)
Resolution: For help on HLS 214-114 see docs.xilinx.com/access/sources/dita/topic?Doc_Version=2024.2%20English&url=ug1448-hls-guidance&resourceid=214-114.html
WARNING: [HLS 200-471] Dataflow form checks found 4 issue(s) in file fast_ip.cpp
Resolution: For help on HLS 200-471 see docs.xilinx.com/access/sources/dita/topic?Doc_Version=2024.2%20English&url=ug1448-hls-guidance&resourceid=200-471.html
INFO: [HLS 200-111] Finished Source Code Analysis and Preprocessing: CPU user time: 0 seconds. CPU system time: 0 seconds. Elapsed time: 3.97 seconds; current allocated memory: 165.426 MB.
INFO: [HLS 200-777] Using interface defaults for 'Vivado' flow target.
INFO: [HLS 200-1995] There were 433 instructions in the design after the 'Compile/Link' phase of compilation. See the Design Size Report for more details: C:/Users/ariqf/Kuliah/KP/Workspace/fast_ip/fast_ip/hls/syn/report/csynth_design_size.rpt
INFO: [HLS 200-1995] There were 1,581 instructions in the design after the 'Unroll/Inline (step 1)' phase of compilation. See the Design Size Report for more details: C:/Users/ariqf/Kuliah/KP/Workspace/fast_ip/fast_ip/hls/syn/report/csynth_design_size.rpt
INFO: [HLS 200-1995] There were 622 instructions in the design after the 'Unroll/Inline (step 2)' phase of compilation. See the Design Size Report for more details: C:/Users/ariqf/Kuliah/KP/Workspace/fast_ip/fast_ip/hls/syn/report/csynth_design_size.rpt
INFO: [HLS 200-1995] There were 615 instructions in the design after the 'Unroll/Inline (step 3)' phase of compilation. See the Design Size Report for more details: C:/Users/ariqf/Kuliah/KP/Workspace/fast_ip/fast_ip/hls/syn/report/csynth_design_size.rpt
INFO: [HLS 200-1995] There were 615 instructions in the design after the 'Unroll/Inline (step 4)' phase of compilation. See the Design Size Report for more details: C:/Users/ariqf/Kuliah/KP/Workspace/fast_ip/fast_ip/hls/syn/report/csynth_design_size.rpt
INFO: [HLS 200-1995] There were 3,907 instructions in the design after the 'Array/Struct (step 1)' phase of compilation. See the Design Size Report for more details: C:/Users/ariqf/Kuliah/KP/Workspace/fast_ip/fast_ip/hls/syn/report/csynth_design_size.rpt
INFO: [HLS 200-1995] There were 1,688 instructions in the design after the 'Array/Struct (step 2)' phase of compilation. See the Design Size Report for more details: C:/Users/ariqf/Kuliah/KP/Workspace/fast_ip/fast_ip/hls/syn/report/csynth_design_size.rpt
INFO: [HLS 200-1995] There were 1,688 instructions in the design after the 'Array/Struct (step 3)' phase of compilation. See the Design Size Report for more details: C:/Users/ariqf/Kuliah/KP/Workspace/fast_ip/fast_ip/hls/syn/report/csynth_design_size.rpt
INFO: [HLS 200-1995] There were 1,688 instructions in the design after the 'Array/Struct (step 4)' phase of compilation. See the Design Size Report for more details: C:/Users/ariqf/Kuliah/KP/Workspace/fast_ip/fast_ip/hls/syn/report/csynth_design_size.rpt
INFO: [HLS 200-1995] There were 1,728 instructions in the design after the 'Array/Struct (step 5)' phase of compilation. See the Design Size Report for more details: C:/Users/ariqf/Kuliah/KP/Workspace/fast_ip/fast_ip/hls/syn/report/csynth_design_size.rpt
INFO: [HLS 200-1995] There were 1,717 instructions in the design after the 'Performance (step 1)' phase of compilation. See the Design Size Report for more details: C:/Users/ariqf/Kuliah/KP/Workspace/fast_ip/fast_ip/hls/syn/report/csynth_design_size.rpt
INFO: [HLS 200-1995] There were 1,649 instructions in the design after the 'Performance (step 2)' phase of compilation. See the Design Size Report for more details: C:/Users/ariqf/Kuliah/KP/Workspace/fast_ip/fast_ip/hls/syn/report/csynth_design_size.rpt
INFO: [HLS 200-1995] There were 1,614 instructions in the design after the 'Performance (step 3)' phase of compilation. See the Design Size Report for more details: C:/Users/ariqf/Kuliah/KP/Workspace/fast_ip/fast_ip/hls/syn/report/csynth_design_size.rpt
INFO: [HLS 200-1995] There were 1,614 instructions in the design after the 'Performance (step 4)' phase of compilation. See the Design Size Report for more details: C:/Users/ariqf/Kuliah/KP/Workspace/fast_ip/fast_ip/hls/syn/report/csynth_design_size.rpt
INFO: [HLS 200-1995] There were 1,561 instructions in the design after the 'HW Transforms (step 1)' phase of compilation. See the Design Size Report for more details: C:/Users/ariqf/Kuliah/KP/Workspace/fast_ip/fast_ip/hls/syn/report/csynth_design_size.rpt
INFO: [HLS 200-1995] There were 1,583 instructions in the design after the 'HW Transforms (step 2)' phase of compilation. See the Design Size Report for more details: C:/Users/ariqf/Kuliah/KP/Workspace/fast_ip/fast_ip/hls/syn/report/csynth_design_size.rpt
INFO: [HLS 214-291] Loop 'VITIS_LOOP_42_1' is marked as complete unroll implied by the pipeline pragma (fast_ip.cpp:42:30)
INFO: [HLS 214-291] Loop 'VITIS_LOOP_50_2' is marked as complete unroll implied by the pipeline pragma (fast_ip.cpp:50:34)
INFO: [HLS 214-291] Loop 'circle_check' is marked as complete unroll implied by the pipeline pragma (fast_ip.cpp:71:16)
INFO: [HLS 214-291] Loop 'contiguous_check' is marked as complete unroll implied by the pipeline pragma (fast_ip.cpp:80:35)
INFO: [HLS 214-291] Loop 'sequence_check' is marked as complete unroll implied by the pipeline pragma (fast_ip.cpp:85:37)
INFO: [HLS 214-186] Unrolling loop 'VITIS_LOOP_42_1' (fast_ip.cpp:42:30) in function 'fast_ip' completely with a factor of 6 (fast_ip.cpp:9:0)
INFO: [HLS 214-186] Unrolling loop 'VITIS_LOOP_50_2' (fast_ip.cpp:50:34) in function 'fast_ip' completely with a factor of 16 (fast_ip.cpp:9:0)
INFO: [HLS 214-186] Unrolling loop 'circle_check' (fast_ip.cpp:71:16) in function 'fast_ip' completely with a factor of 16 (fast_ip.cpp:9:0)
INFO: [HLS 214-186] Unrolling loop 'contiguous_check' (fast_ip.cpp:80:35) in function 'fast_ip' completely with a factor of 16 (fast_ip.cpp:9:0)
INFO: [HLS 214-186] Unrolling loop 'sequence_check' (fast_ip.cpp:85:37) in function 'fast_ip' completely with a factor of 12 (fast_ip.cpp:9:0)
INFO: [HLS 214-248] Applying array_partition to '_ZZ7fast_ipRN3hls6streamINS_4axisI7ap_uintILi8EELm1ELm1ELm1ELh56ELb0EEELi0EEERNS0_INS1_IS2_ILi1EELm1ELm1ELm1ELh56ELb0EEELi0EEEiihE8line_buf': Complete partitioning on dimension 1. Cyclic partitioning with factor 16 on dimension 2. (fast_ip.cpp:19:0)
INFO: [HLS 214-455] Changing loop 'Loop_row_loop_proc' (fast_ip.cpp:31:12) to a process function for dataflow in function 'fast_ip' (fast_ip.cpp:31:12)
INFO: [HLS 200-111] Finished Compiling Optimization and Transform: CPU user time: 0 seconds. CPU system time: 0 seconds. Elapsed time: 9.8 seconds; current allocated memory: 167.094 MB.
INFO: [HLS 200-111] Finished Checking Pragmas: CPU user time: 0 seconds. CPU system time: 0 seconds. Elapsed time: 0.003 seconds; current allocated memory: 167.098 MB.
INFO: [HLS 200-10] Starting code transformations ...
INFO: [HLS 200-111] Finished Standard Transforms: CPU user time: 0 seconds. CPU system time: 0 seconds. Elapsed time: 0.258 seconds; current allocated memory: 173.270 MB.
INFO: [HLS 200-10] Checking synthesizability ...
INFO: [HLS 200-111] Finished Checking Synthesizability: CPU user time: 0 seconds. CPU system time: 0 seconds. Elapsed time: 0.181 seconds; current allocated memory: 177.184 MB.
INFO: [XFORM 203-712] Applying dataflow to function 'fast_ip' (fast_ip.cpp:0:1), detected/extracted 3 process function(s): 
	 'entry_proc'
	 'Block_entry_proc'
	 'Loop_row_loop_proc'.
INFO: [XFORM 203-401] Performing if-conversion on hyperblock from (fast_ip.cpp:49:19) to (fast_ip.cpp:33:12) in function 'Loop_row_loop_proc'... converting 3 basic blocks.
INFO: [XFORM 203-11] Balancing expressions in function 'Loop_row_loop_proc' (fast_ip.cpp:31:40)...194 expression(s) balanced.
INFO: [HLS 200-111] Finished Loop, function and other optimizations: CPU user time: 0 seconds. CPU system time: 0 seconds. Elapsed time: 0.541 seconds; current allocated memory: 202.246 MB.
WARNING: [HLS 200-1614] Cosimulation may deadlock if process Loop_row_loop_proc has a streamed top-level array input and has predecessor processes. If a deadlock occurs, please consider converting the streamed array into an hls::stream
INFO: [HLS 200-111] Finished Architecture Synthesis: CPU user time: 0 seconds. CPU system time: 0 seconds. Elapsed time: 0.443 seconds; current allocated memory: 234.059 MB.
INFO: [HLS 200-10] Starting hardware synthesis ...
INFO: [HLS 200-10] Synthesizing 'fast_ip' ...
INFO: [HLS 200-10] ----------------------------------------------------------------
INFO: [HLS 200-42] -- Implementing module 'entry_proc' 
INFO: [HLS 200-10] ----------------------------------------------------------------
INFO: [SCHED 204-11] Starting scheduling ...
INFO: [SCHED 204-11] Finished scheduling.
INFO: [HLS 200-111] Finished Scheduling: CPU user time: 0 seconds. CPU system time: 0 seconds. Elapsed time: 0.521 seconds; current allocated memory: 237.336 MB.
INFO: [BIND 205-100] Starting micro-architecture generation ...
INFO: [BIND 205-101] Performing variable lifetime analysis.
INFO: [BIND 205-101] Exploring resource sharing.
INFO: [BIND 205-101] Binding ...
INFO: [BIND 205-100] Finished micro-architecture generation.
INFO: [HLS 200-111] Finished Binding: CPU user time: 0 seconds. CPU system time: 0 seconds. Elapsed time: 0.149 seconds; current allocated memory: 238.367 MB.
INFO: [HLS 200-10] ----------------------------------------------------------------
INFO: [HLS 200-42] -- Implementing module 'Block_entry_proc' 
INFO: [HLS 200-10] ----------------------------------------------------------------
INFO: [SCHED 204-11] Starting scheduling ...
INFO: [SCHED 204-11] Finished scheduling.
INFO: [HLS 200-111] Finished Scheduling: CPU user time: 0 seconds. CPU system time: 0 seconds. Elapsed time: 0.151 seconds; current allocated memory: 238.578 MB.
INFO: [BIND 205-100] Starting micro-architecture generation ...
INFO: [BIND 205-101] Performing variable lifetime analysis.
INFO: [BIND 205-101] Exploring resource sharing.
INFO: [BIND 205-101] Binding ...
INFO: [BIND 205-100] Finished micro-architecture generation.
INFO: [HLS 200-111] Finished Binding: CPU user time: 0 seconds. CPU system time: 0 seconds. Elapsed time: 0.102 seconds; current allocated memory: 238.590 MB.
INFO: [HLS 200-10] ----------------------------------------------------------------
INFO: [HLS 200-42] -- Implementing module 'Loop_row_loop_proc_Pipeline_col_loop' 
INFO: [HLS 200-10] ----------------------------------------------------------------
INFO: [SCHED 204-11] Starting scheduling ...
INFO: [SCHED 204-61] Pipelining loop 'col_loop'.
INFO: [HLS 200-1470] Pipelining result : Target II = 1, Final II = 1, Depth = 5, loop 'col_loop'
INFO: [SCHED 204-11] Finished scheduling.
INFO: [HLS 200-111] Finished Scheduling: CPU user time: 5 seconds. CPU system time: 0 seconds. Elapsed time: 10.851 seconds; current allocated memory: 269.621 MB.
INFO: [BIND 205-100] Starting micro-architecture generation ...
INFO: [BIND 205-101] Performing variable lifetime analysis.
INFO: [BIND 205-101] Exploring resource sharing.
INFO: [BIND 205-101] Binding ...
INFO: [BIND 205-100] Finished micro-architecture generation.
INFO: [HLS 200-111] Finished Binding: CPU user time: 0 seconds. CPU system time: 0 seconds. Elapsed time: 0.417 seconds; current allocated memory: 269.621 MB.
INFO: [HLS 200-10] ----------------------------------------------------------------
INFO: [HLS 200-42] -- Implementing module 'Loop_row_loop_proc' 
INFO: [HLS 200-10] ----------------------------------------------------------------
INFO: [SCHED 204-11] Starting scheduling ...
INFO: [SCHED 204-11] Finished scheduling.
INFO: [HLS 200-111] Finished Scheduling: CPU user time: 0 seconds. CPU system time: 0 seconds. Elapsed time: 0.389 seconds; current allocated memory: 269.621 MB.
INFO: [BIND 205-100] Starting micro-architecture generation ...
INFO: [BIND 205-101] Performing variable lifetime analysis.
INFO: [BIND 205-101] Exploring resource sharing.
INFO: [BIND 205-101] Binding ...
INFO: [BIND 205-100] Finished micro-architecture generation.
INFO: [HLS 200-111] Finished Binding: CPU user time: 0 seconds. CPU system time: 0 seconds. Elapsed time: 0.15 seconds; current allocated memory: 269.621 MB.
INFO: [HLS 200-10] ----------------------------------------------------------------
INFO: [HLS 200-42] -- Implementing module 'fast_ip' 
INFO: [HLS 200-10] ----------------------------------------------------------------
INFO: [SCHED 204-11] Starting scheduling ...
INFO: [SCHED 204-11] Finished scheduling.
INFO: [HLS 200-111] Finished Scheduling: CPU user time: 0 seconds. CPU system time: 0 seconds. Elapsed time: 0.136 seconds; current allocated memory: 269.621 MB.
INFO: [BIND 205-100] Starting micro-architecture generation ...
INFO: [BIND 205-101] Performing variable lifetime analysis.
INFO: [BIND 205-101] Exploring resource sharing.
INFO: [BIND 205-101] Binding ...
INFO: [BIND 205-100] Finished micro-architecture generation.
INFO: [HLS 200-111] Finished Binding: CPU user time: 0 seconds. CPU system time: 0 seconds. Elapsed time: 0.132 seconds; current allocated memory: 269.621 MB.
INFO: [HLS 200-10] ----------------------------------------------------------------
INFO: [HLS 200-10] -- Generating RTL for module 'entry_proc' 
INFO: [HLS 200-10] ----------------------------------------------------------------
INFO: [RTGEN 206-100] Finished creating RTL model for 'entry_proc'.
INFO: [HLS 200-111] Finished Creating RTL model: CPU user time: 0 seconds. CPU system time: 0 seconds. Elapsed time: 0.151 seconds; current allocated memory: 269.621 MB.
INFO: [HLS 200-10] ----------------------------------------------------------------
INFO: [HLS 200-10] -- Generating RTL for module 'Block_entry_proc' 
INFO: [HLS 200-10] ----------------------------------------------------------------
INFO: [RTGEN 206-100] Finished creating RTL model for 'Block_entry_proc'.
INFO: [HLS 200-111] Finished Creating RTL model: CPU user time: 0 seconds. CPU system time: 0 seconds. Elapsed time: 0.147 seconds; current allocated memory: 269.621 MB.
INFO: [HLS 200-10] ----------------------------------------------------------------
INFO: [HLS 200-10] -- Generating RTL for module 'Loop_row_loop_proc_Pipeline_col_loop' 
INFO: [HLS 200-10] ----------------------------------------------------------------
INFO: [SYN 201-210] Renamed object name 'Loop_row_loop_proc_Pipeline_col_loop_p_ZZ7fast_ipRN3hls6streamINS_4axisI7ap_uintILi8EELm1ELm1ELm1ELh56ELb0EEELi0EEERNS_15_RAM_AUTO_1R1W' to 'Loop_row_loop_proc_Pipeline_col_loop_p_ZZ7fast_ipRN3hls6streamINS_4axisI7ap_ubkb' due to the length limit 80
INFO: [SYN 201-210] Renamed object name 'Loop_row_loop_proc_Pipeline_col_loop_p_ZZ7fast_ipRN3hls6streamINS_4axisI7ap_uintILi8EELm1ELm1ELm1ELh56ELb0EEELi0EEERNS_14_RAM_AUTO_1R1W' to 'Loop_row_loop_proc_Pipeline_col_loop_p_ZZ7fast_ipRN3hls6streamINS_4axisI7ap_ucud' due to the length limit 80
INFO: [SYN 201-210] Renamed object name 'Loop_row_loop_proc_Pipeline_col_loop_p_ZZ7fast_ipRN3hls6streamINS_4axisI7ap_uintILi8EELm1ELm1ELm1ELh56ELb0EEELi0EEERNS_7_RAM_AUTO_1R1W' to 'Loop_row_loop_proc_Pipeline_col_loop_p_ZZ7fast_ipRN3hls6streamINS_4axisI7ap_udEe' due to the length limit 80
INFO: [SYN 201-210] Renamed object name 'Loop_row_loop_proc_Pipeline_col_loop_p_ZZ7fast_ipRN3hls6streamINS_4axisI7ap_uintILi8EELm1ELm1ELm1ELh56ELb0EEELi0EEERNS_6_RAM_AUTO_1R1W' to 'Loop_row_loop_proc_Pipeline_col_loop_p_ZZ7fast_ipRN3hls6streamINS_4axisI7ap_ueOg' due to the length limit 80
INFO: [SYN 201-210] Renamed object name 'Loop_row_loop_proc_Pipeline_col_loop_p_ZZ7fast_ipRN3hls6streamINS_4axisI7ap_uintILi8EELm1ELm1ELm1ELh56ELb0EEELi0EEERNS_5_RAM_AUTO_1R1W' to 'Loop_row_loop_proc_Pipeline_col_loop_p_ZZ7fast_ipRN3hls6streamINS_4axisI7ap_ufYi' due to the length limit 80
INFO: [SYN 201-210] Renamed object name 'Loop_row_loop_proc_Pipeline_col_loop_p_ZZ7fast_ipRN3hls6streamINS_4axisI7ap_uintILi8EELm1ELm1ELm1ELh56ELb0EEELi0EEERNS_4_RAM_AUTO_1R1W' to 'Loop_row_loop_proc_Pipeline_col_loop_p_ZZ7fast_ipRN3hls6streamINS_4axisI7ap_ug8j' due to the length limit 80
INFO: [SYN 201-210] Renamed object name 'Loop_row_loop_proc_Pipeline_col_loop_p_ZZ7fast_ipRN3hls6streamINS_4axisI7ap_uintILi8EELm1ELm1ELm1ELh56ELb0EEELi0EEERNS_3_RAM_AUTO_1R1W' to 'Loop_row_loop_proc_Pipeline_col_loop_p_ZZ7fast_ipRN3hls6streamINS_4axisI7ap_uhbi' due to the length limit 80
INFO: [SYN 201-210] Renamed object name 'Loop_row_loop_proc_Pipeline_col_loop_p_ZZ7fast_ipRN3hls6streamINS_4axisI7ap_uintILi8EELm1ELm1ELm1ELh56ELb0EEELi0EEERNS_2_RAM_AUTO_1R1W' to 'Loop_row_loop_proc_Pipeline_col_loop_p_ZZ7fast_ipRN3hls6streamINS_4axisI7ap_uibs' due to the length limit 80
INFO: [SYN 201-210] Renamed object name 'Loop_row_loop_proc_Pipeline_col_loop_p_ZZ7fast_ipRN3hls6streamINS_4axisI7ap_uintILi8EELm1ELm1ELm1ELh56ELb0EEELi0EEERNS_1_RAM_AUTO_1R1W' to 'Loop_row_loop_proc_Pipeline_col_loop_p_ZZ7fast_ipRN3hls6streamINS_4axisI7ap_ujbC' due to the length limit 80
INFO: [SYN 201-210] Renamed object name 'Loop_row_loop_proc_Pipeline_col_loop_p_ZZ7fast_ipRN3hls6streamINS_4axisI7ap_uintILi8EELm1ELm1ELm1ELh56ELb0EEELi0EEERNS_RAM_AUTO_1R1W' to 'Loop_row_loop_proc_Pipeline_col_loop_p_ZZ7fast_ipRN3hls6streamINS_4axisI7ap_ukbM' due to the length limit 80
INFO: [SYN 201-210] Renamed object name 'Loop_row_loop_proc_Pipeline_col_loop_p_ZZ7fast_ipRN3hls6streamINS_4axisI7ap_uintILi8EELm1ELm1ELm1ELh56ELb0EEELi0EEERNS_13_RAM_AUTO_1R1W' to 'Loop_row_loop_proc_Pipeline_col_loop_p_ZZ7fast_ipRN3hls6streamINS_4axisI7ap_ulbW' due to the length limit 80
INFO: [SYN 201-210] Renamed object name 'Loop_row_loop_proc_Pipeline_col_loop_p_ZZ7fast_ipRN3hls6streamINS_4axisI7ap_uintILi8EELm1ELm1ELm1ELh56ELb0EEELi0EEERNS_12_RAM_AUTO_1R1W' to 'Loop_row_loop_proc_Pipeline_col_loop_p_ZZ7fast_ipRN3hls6streamINS_4axisI7ap_umb6' due to the length limit 80
INFO: [SYN 201-210] Renamed object name 'Loop_row_loop_proc_Pipeline_col_loop_p_ZZ7fast_ipRN3hls6streamINS_4axisI7ap_uintILi8EELm1ELm1ELm1ELh56ELb0EEELi0EEERNS_11_RAM_AUTO_1R1W' to 'Loop_row_loop_proc_Pipeline_col_loop_p_ZZ7fast_ipRN3hls6streamINS_4axisI7ap_uncg' due to the length limit 80
INFO: [SYN 201-210] Renamed object name 'Loop_row_loop_proc_Pipeline_col_loop_p_ZZ7fast_ipRN3hls6streamINS_4axisI7ap_uintILi8EELm1ELm1ELm1ELh56ELb0EEELi0EEERNS_10_RAM_AUTO_1R1W' to 'Loop_row_loop_proc_Pipeline_col_loop_p_ZZ7fast_ipRN3hls6streamINS_4axisI7ap_uocq' due to the length limit 80
INFO: [SYN 201-210] Renamed object name 'Loop_row_loop_proc_Pipeline_col_loop_p_ZZ7fast_ipRN3hls6streamINS_4axisI7ap_uintILi8EELm1ELm1ELm1ELh56ELb0EEELi0EEERNS_9_RAM_AUTO_1R1W' to 'Loop_row_loop_proc_Pipeline_col_loop_p_ZZ7fast_ipRN3hls6streamINS_4axisI7ap_upcA' due to the length limit 80
INFO: [SYN 201-210] Renamed object name 'Loop_row_loop_proc_Pipeline_col_loop_p_ZZ7fast_ipRN3hls6streamINS_4axisI7ap_uintILi8EELm1ELm1ELm1ELh56ELb0EEELi0EEERNS_8_RAM_AUTO_1R1W' to 'Loop_row_loop_proc_Pipeline_col_loop_p_ZZ7fast_ipRN3hls6streamINS_4axisI7ap_uqcK' due to the length limit 80
INFO: [SYN 201-210] Renamed object name 'Loop_row_loop_proc_Pipeline_col_loop_p_ZZ7fast_ipRN3hls6streamINS_4axisI7ap_uintILi8EELm1ELm1ELm1ELh56ELb0EEELi0EEERNS_31_RAM_AUTO_1R1W' to 'Loop_row_loop_proc_Pipeline_col_loop_p_ZZ7fast_ipRN3hls6streamINS_4axisI7ap_urcU' due to the length limit 80
INFO: [SYN 201-210] Renamed object name 'Loop_row_loop_proc_Pipeline_col_loop_p_ZZ7fast_ipRN3hls6streamINS_4axisI7ap_uintILi8EELm1ELm1ELm1ELh56ELb0EEELi0EEERNS_30_RAM_AUTO_1R1W' to 'Loop_row_loop_proc_Pipeline_col_loop_p_ZZ7fast_ipRN3hls6streamINS_4axisI7ap_usc4' due to the length limit 80
INFO: [SYN 201-210] Renamed object name 'Loop_row_loop_proc_Pipeline_col_loop_p_ZZ7fast_ipRN3hls6streamINS_4axisI7ap_uintILi8EELm1ELm1ELm1ELh56ELb0EEELi0EEERNS_23_RAM_AUTO_1R1W' to 'Loop_row_loop_proc_Pipeline_col_loop_p_ZZ7fast_ipRN3hls6streamINS_4axisI7ap_utde' due to the length limit 80
INFO: [SYN 201-210] Renamed object name 'Loop_row_loop_proc_Pipeline_col_loop_p_ZZ7fast_ipRN3hls6streamINS_4axisI7ap_uintILi8EELm1ELm1ELm1ELh56ELb0EEELi0EEERNS_22_RAM_AUTO_1R1W' to 'Loop_row_loop_proc_Pipeline_col_loop_p_ZZ7fast_ipRN3hls6streamINS_4axisI7ap_uudo' due to the length limit 80
INFO: [SYN 201-210] Renamed object name 'Loop_row_loop_proc_Pipeline_col_loop_p_ZZ7fast_ipRN3hls6streamINS_4axisI7ap_uintILi8EELm1ELm1ELm1ELh56ELb0EEELi0EEERNS_21_RAM_AUTO_1R1W' to 'Loop_row_loop_proc_Pipeline_col_loop_p_ZZ7fast_ipRN3hls6streamINS_4axisI7ap_uvdy' due to the length limit 80
INFO: [SYN 201-210] Renamed object name 'Loop_row_loop_proc_Pipeline_col_loop_p_ZZ7fast_ipRN3hls6streamINS_4axisI7ap_uintILi8EELm1ELm1ELm1ELh56ELb0EEELi0EEERNS_20_RAM_AUTO_1R1W' to 'Loop_row_loop_proc_Pipeline_col_loop_p_ZZ7fast_ipRN3hls6streamINS_4axisI7ap_uwdI' due to the length limit 80
INFO: [SYN 201-210] Renamed object name 'Loop_row_loop_proc_Pipeline_col_loop_p_ZZ7fast_ipRN3hls6streamINS_4axisI7ap_uintILi8EELm1ELm1ELm1ELh56ELb0EEELi0EEERNS_19_RAM_AUTO_1R1W' to 'Loop_row_loop_proc_Pipeline_col_loop_p_ZZ7fast_ipRN3hls6streamINS_4axisI7ap_uxdS' due to the length limit 80
INFO: [SYN 201-210] Renamed object name 'Loop_row_loop_proc_Pipeline_col_loop_p_ZZ7fast_ipRN3hls6streamINS_4axisI7ap_uintILi8EELm1ELm1ELm1ELh56ELb0EEELi0EEERNS_18_RAM_AUTO_1R1W' to 'Loop_row_loop_proc_Pipeline_col_loop_p_ZZ7fast_ipRN3hls6streamINS_4axisI7ap_uyd2' due to the length limit 80
INFO: [SYN 201-210] Renamed object name 'Loop_row_loop_proc_Pipeline_col_loop_p_ZZ7fast_ipRN3hls6streamINS_4axisI7ap_uintILi8EELm1ELm1ELm1ELh56ELb0EEELi0EEERNS_17_RAM_AUTO_1R1W' to 'Loop_row_loop_proc_Pipeline_col_loop_p_ZZ7fast_ipRN3hls6streamINS_4axisI7ap_uzec' due to the length limit 80
INFO: [SYN 201-210] Renamed object name 'Loop_row_loop_proc_Pipeline_col_loop_p_ZZ7fast_ipRN3hls6streamINS_4axisI7ap_uintILi8EELm1ELm1ELm1ELh56ELb0EEELi0EEERNS_16_RAM_AUTO_1R1W' to 'Loop_row_loop_proc_Pipeline_col_loop_p_ZZ7fast_ipRN3hls6streamINS_4axisI7ap_uAem' due to the length limit 80
INFO: [SYN 201-210] Renamed object name 'Loop_row_loop_proc_Pipeline_col_loop_p_ZZ7fast_ipRN3hls6streamINS_4axisI7ap_uintILi8EELm1ELm1ELm1ELh56ELb0EEELi0EEERNS_29_RAM_AUTO_1R1W' to 'Loop_row_loop_proc_Pipeline_col_loop_p_ZZ7fast_ipRN3hls6streamINS_4axisI7ap_uBew' due to the length limit 80
INFO: [SYN 201-210] Renamed object name 'Loop_row_loop_proc_Pipeline_col_loop_p_ZZ7fast_ipRN3hls6streamINS_4axisI7ap_uintILi8EELm1ELm1ELm1ELh56ELb0EEELi0EEERNS_28_RAM_AUTO_1R1W' to 'Loop_row_loop_proc_Pipeline_col_loop_p_ZZ7fast_ipRN3hls6streamINS_4axisI7ap_uCeG' due to the length limit 80
INFO: [SYN 201-210] Renamed object name 'Loop_row_loop_proc_Pipeline_col_loop_p_ZZ7fast_ipRN3hls6streamINS_4axisI7ap_uintILi8EELm1ELm1ELm1ELh56ELb0EEELi0EEERNS_27_RAM_AUTO_1R1W' to 'Loop_row_loop_proc_Pipeline_col_loop_p_ZZ7fast_ipRN3hls6streamINS_4axisI7ap_uDeQ' due to the length limit 80
INFO: [SYN 201-210] Renamed object name 'Loop_row_loop_proc_Pipeline_col_loop_p_ZZ7fast_ipRN3hls6streamINS_4axisI7ap_uintILi8EELm1ELm1ELm1ELh56ELb0EEELi0EEERNS_26_RAM_AUTO_1R1W' to 'Loop_row_loop_proc_Pipeline_col_loop_p_ZZ7fast_ipRN3hls6streamINS_4axisI7ap_uEe0' due to the length limit 80
INFO: [SYN 201-210] Renamed object name 'Loop_row_loop_proc_Pipeline_col_loop_p_ZZ7fast_ipRN3hls6streamINS_4axisI7ap_uintILi8EELm1ELm1ELm1ELh56ELb0EEELi0EEERNS_25_RAM_AUTO_1R1W' to 'Loop_row_loop_proc_Pipeline_col_loop_p_ZZ7fast_ipRN3hls6streamINS_4axisI7ap_uFfa' due to the length limit 80
INFO: [SYN 201-210] Renamed object name 'Loop_row_loop_proc_Pipeline_col_loop_p_ZZ7fast_ipRN3hls6streamINS_4axisI7ap_uintILi8EELm1ELm1ELm1ELh56ELb0EEELi0EEERNS_24_RAM_AUTO_1R1W' to 'Loop_row_loop_proc_Pipeline_col_loop_p_ZZ7fast_ipRN3hls6streamINS_4axisI7ap_uGfk' due to the length limit 80
INFO: [SYN 201-210] Renamed object name 'Loop_row_loop_proc_Pipeline_col_loop_p_ZZ7fast_ipRN3hls6streamINS_4axisI7ap_uintILi8EELm1ELm1ELm1ELh56ELb0EEELi0EEERNS_47_RAM_AUTO_1R1W' to 'Loop_row_loop_proc_Pipeline_col_loop_p_ZZ7fast_ipRN3hls6streamINS_4axisI7ap_uHfu' due to the length limit 80
INFO: [SYN 201-210] Renamed object name 'Loop_row_loop_proc_Pipeline_col_loop_p_ZZ7fast_ipRN3hls6streamINS_4axisI7ap_uintILi8EELm1ELm1ELm1ELh56ELb0EEELi0EEERNS_46_RAM_AUTO_1R1W' to 'Loop_row_loop_proc_Pipeline_col_loop_p_ZZ7fast_ipRN3hls6streamINS_4axisI7ap_uIfE' due to the length limit 80
INFO: [SYN 201-210] Renamed object name 'Loop_row_loop_proc_Pipeline_col_loop_p_ZZ7fast_ipRN3hls6streamINS_4axisI7ap_uintILi8EELm1ELm1ELm1ELh56ELb0EEELi0EEERNS_39_RAM_AUTO_1R1W' to 'Loop_row_loop_proc_Pipeline_col_loop_p_ZZ7fast_ipRN3hls6streamINS_4axisI7ap_uJfO' due to the length limit 80
INFO: [SYN 201-210] Renamed object name 'Loop_row_loop_proc_Pipeline_col_loop_p_ZZ7fast_ipRN3hls6streamINS_4axisI7ap_uintILi8EELm1ELm1ELm1ELh56ELb0EEELi0EEERNS_38_RAM_AUTO_1R1W' to 'Loop_row_loop_proc_Pipeline_col_loop_p_ZZ7fast_ipRN3hls6streamINS_4axisI7ap_uKfY' due to the length limit 80
INFO: [SYN 201-210] Renamed object name 'Loop_row_loop_proc_Pipeline_col_loop_p_ZZ7fast_ipRN3hls6streamINS_4axisI7ap_uintILi8EELm1ELm1ELm1ELh56ELb0EEELi0EEERNS_37_RAM_AUTO_1R1W' to 'Loop_row_loop_proc_Pipeline_col_loop_p_ZZ7fast_ipRN3hls6streamINS_4axisI7ap_uLf8' due to the length limit 80
INFO: [SYN 201-210] Renamed object name 'Loop_row_loop_proc_Pipeline_col_loop_p_ZZ7fast_ipRN3hls6streamINS_4axisI7ap_uintILi8EELm1ELm1ELm1ELh56ELb0EEELi0EEERNS_36_RAM_AUTO_1R1W' to 'Loop_row_loop_proc_Pipeline_col_loop_p_ZZ7fast_ipRN3hls6streamINS_4axisI7ap_uMgi' due to the length limit 80
INFO: [SYN 201-210] Renamed object name 'Loop_row_loop_proc_Pipeline_col_loop_p_ZZ7fast_ipRN3hls6streamINS_4axisI7ap_uintILi8EELm1ELm1ELm1ELh56ELb0EEELi0EEERNS_35_RAM_AUTO_1R1W' to 'Loop_row_loop_proc_Pipeline_col_loop_p_ZZ7fast_ipRN3hls6streamINS_4axisI7ap_uNgs' due to the length limit 80
INFO: [SYN 201-210] Renamed object name 'Loop_row_loop_proc_Pipeline_col_loop_p_ZZ7fast_ipRN3hls6streamINS_4axisI7ap_uintILi8EELm1ELm1ELm1ELh56ELb0EEELi0EEERNS_34_RAM_AUTO_1R1W' to 'Loop_row_loop_proc_Pipeline_col_loop_p_ZZ7fast_ipRN3hls6streamINS_4axisI7ap_uOgC' due to the length limit 80
INFO: [SYN 201-210] Renamed object name 'Loop_row_loop_proc_Pipeline_col_loop_p_ZZ7fast_ipRN3hls6streamINS_4axisI7ap_uintILi8EELm1ELm1ELm1ELh56ELb0EEELi0EEERNS_33_RAM_AUTO_1R1W' to 'Loop_row_loop_proc_Pipeline_col_loop_p_ZZ7fast_ipRN3hls6streamINS_4axisI7ap_uPgM' due to the length limit 80
INFO: [SYN 201-210] Renamed object name 'Loop_row_loop_proc_Pipeline_col_loop_p_ZZ7fast_ipRN3hls6streamINS_4axisI7ap_uintILi8EELm1ELm1ELm1ELh56ELb0EEELi0EEERNS_32_RAM_AUTO_1R1W' to 'Loop_row_loop_proc_Pipeline_col_loop_p_ZZ7fast_ipRN3hls6streamINS_4axisI7ap_uQgW' due to the length limit 80
INFO: [SYN 201-210] Renamed object name 'Loop_row_loop_proc_Pipeline_col_loop_p_ZZ7fast_ipRN3hls6streamINS_4axisI7ap_uintILi8EELm1ELm1ELm1ELh56ELb0EEELi0EEERNS_45_RAM_AUTO_1R1W' to 'Loop_row_loop_proc_Pipeline_col_loop_p_ZZ7fast_ipRN3hls6streamINS_4axisI7ap_uRg6' due to the length limit 80
INFO: [SYN 201-210] Renamed object name 'Loop_row_loop_proc_Pipeline_col_loop_p_ZZ7fast_ipRN3hls6streamINS_4axisI7ap_uintILi8EELm1ELm1ELm1ELh56ELb0EEELi0EEERNS_44_RAM_AUTO_1R1W' to 'Loop_row_loop_proc_Pipeline_col_loop_p_ZZ7fast_ipRN3hls6streamINS_4axisI7ap_uShg' due to the length limit 80
INFO: [SYN 201-210] Renamed object name 'Loop_row_loop_proc_Pipeline_col_loop_p_ZZ7fast_ipRN3hls6streamINS_4axisI7ap_uintILi8EELm1ELm1ELm1ELh56ELb0EEELi0EEERNS_43_RAM_AUTO_1R1W' to 'Loop_row_loop_proc_Pipeline_col_loop_p_ZZ7fast_ipRN3hls6streamINS_4axisI7ap_uThq' due to the length limit 80
INFO: [SYN 201-210] Renamed object name 'Loop_row_loop_proc_Pipeline_col_loop_p_ZZ7fast_ipRN3hls6streamINS_4axisI7ap_uintILi8EELm1ELm1ELm1ELh56ELb0EEELi0EEERNS_42_RAM_AUTO_1R1W' to 'Loop_row_loop_proc_Pipeline_col_loop_p_ZZ7fast_ipRN3hls6streamINS_4axisI7ap_uUhA' due to the length limit 80
INFO: [SYN 201-210] Renamed object name 'Loop_row_loop_proc_Pipeline_col_loop_p_ZZ7fast_ipRN3hls6streamINS_4axisI7ap_uintILi8EELm1ELm1ELm1ELh56ELb0EEELi0EEERNS_41_RAM_AUTO_1R1W' to 'Loop_row_loop_proc_Pipeline_col_loop_p_ZZ7fast_ipRN3hls6streamINS_4axisI7ap_uVhK' due to the length limit 80
INFO: [SYN 201-210] Renamed object name 'Loop_row_loop_proc_Pipeline_col_loop_p_ZZ7fast_ipRN3hls6streamINS_4axisI7ap_uintILi8EELm1ELm1ELm1ELh56ELb0EEELi0EEERNS_40_RAM_AUTO_1R1W' to 'Loop_row_loop_proc_Pipeline_col_loop_p_ZZ7fast_ipRN3hls6streamINS_4axisI7ap_uWhU' due to the length limit 80
INFO: [SYN 201-210] Renamed object name 'Loop_row_loop_proc_Pipeline_col_loop_p_ZZ7fast_ipRN3hls6streamINS_4axisI7ap_uintILi8EELm1ELm1ELm1ELh56ELb0EEELi0EEERNS_63_RAM_AUTO_1R1W' to 'Loop_row_loop_proc_Pipeline_col_loop_p_ZZ7fast_ipRN3hls6streamINS_4axisI7ap_uXh4' due to the length limit 80
INFO: [SYN 201-210] Renamed object name 'Loop_row_loop_proc_Pipeline_col_loop_p_ZZ7fast_ipRN3hls6streamINS_4axisI7ap_uintILi8EELm1ELm1ELm1ELh56ELb0EEELi0EEERNS_62_RAM_AUTO_1R1W' to 'Loop_row_loop_proc_Pipeline_col_loop_p_ZZ7fast_ipRN3hls6streamINS_4axisI7ap_uYie' due to the length limit 80
INFO: [SYN 201-210] Renamed object name 'Loop_row_loop_proc_Pipeline_col_loop_p_ZZ7fast_ipRN3hls6streamINS_4axisI7ap_uintILi8EELm1ELm1ELm1ELh56ELb0EEELi0EEERNS_55_RAM_AUTO_1R1W' to 'Loop_row_loop_proc_Pipeline_col_loop_p_ZZ7fast_ipRN3hls6streamINS_4axisI7ap_uZio' due to the length limit 80
INFO: [SYN 201-210] Renamed object name 'Loop_row_loop_proc_Pipeline_col_loop_p_ZZ7fast_ipRN3hls6streamINS_4axisI7ap_uintILi8EELm1ELm1ELm1ELh56ELb0EEELi0EEERNS_54_RAM_AUTO_1R1W' to 'Loop_row_loop_proc_Pipeline_col_loop_p_ZZ7fast_ipRN3hls6streamINS_4axisI7ap_u0iy' due to the length limit 80
INFO: [SYN 201-210] Renamed object name 'Loop_row_loop_proc_Pipeline_col_loop_p_ZZ7fast_ipRN3hls6streamINS_4axisI7ap_uintILi8EELm1ELm1ELm1ELh56ELb0EEELi0EEERNS_53_RAM_AUTO_1R1W' to 'Loop_row_loop_proc_Pipeline_col_loop_p_ZZ7fast_ipRN3hls6streamINS_4axisI7ap_u1iI' due to the length limit 80
INFO: [SYN 201-210] Renamed object name 'Loop_row_loop_proc_Pipeline_col_loop_p_ZZ7fast_ipRN3hls6streamINS_4axisI7ap_uintILi8EELm1ELm1ELm1ELh56ELb0EEELi0EEERNS_52_RAM_AUTO_1R1W' to 'Loop_row_loop_proc_Pipeline_col_loop_p_ZZ7fast_ipRN3hls6streamINS_4axisI7ap_u2iS' due to the length limit 80
INFO: [SYN 201-210] Renamed object name 'Loop_row_loop_proc_Pipeline_col_loop_p_ZZ7fast_ipRN3hls6streamINS_4axisI7ap_uintILi8EELm1ELm1ELm1ELh56ELb0EEELi0EEERNS_51_RAM_AUTO_1R1W' to 'Loop_row_loop_proc_Pipeline_col_loop_p_ZZ7fast_ipRN3hls6streamINS_4axisI7ap_u3i2' due to the length limit 80
INFO: [SYN 201-210] Renamed object name 'Loop_row_loop_proc_Pipeline_col_loop_p_ZZ7fast_ipRN3hls6streamINS_4axisI7ap_uintILi8EELm1ELm1ELm1ELh56ELb0EEELi0EEERNS_50_RAM_AUTO_1R1W' to 'Loop_row_loop_proc_Pipeline_col_loop_p_ZZ7fast_ipRN3hls6streamINS_4axisI7ap_u4jc' due to the length limit 80
INFO: [SYN 201-210] Renamed object name 'Loop_row_loop_proc_Pipeline_col_loop_p_ZZ7fast_ipRN3hls6streamINS_4axisI7ap_uintILi8EELm1ELm1ELm1ELh56ELb0EEELi0EEERNS_49_RAM_AUTO_1R1W' to 'Loop_row_loop_proc_Pipeline_col_loop_p_ZZ7fast_ipRN3hls6streamINS_4axisI7ap_u5jm' due to the length limit 80
INFO: [SYN 201-210] Renamed object name 'Loop_row_loop_proc_Pipeline_col_loop_p_ZZ7fast_ipRN3hls6streamINS_4axisI7ap_uintILi8EELm1ELm1ELm1ELh56ELb0EEELi0EEERNS_48_RAM_AUTO_1R1W' to 'Loop_row_loop_proc_Pipeline_col_loop_p_ZZ7fast_ipRN3hls6streamINS_4axisI7ap_u6jw' due to the length limit 80
INFO: [SYN 201-210] Renamed object name 'Loop_row_loop_proc_Pipeline_col_loop_p_ZZ7fast_ipRN3hls6streamINS_4axisI7ap_uintILi8EELm1ELm1ELm1ELh56ELb0EEELi0EEERNS_61_RAM_AUTO_1R1W' to 'Loop_row_loop_proc_Pipeline_col_loop_p_ZZ7fast_ipRN3hls6streamINS_4axisI7ap_u7jG' due to the length limit 80
INFO: [SYN 201-210] Renamed object name 'Loop_row_loop_proc_Pipeline_col_loop_p_ZZ7fast_ipRN3hls6streamINS_4axisI7ap_uintILi8EELm1ELm1ELm1ELh56ELb0EEELi0EEERNS_60_RAM_AUTO_1R1W' to 'Loop_row_loop_proc_Pipeline_col_loop_p_ZZ7fast_ipRN3hls6streamINS_4axisI7ap_u8jQ' due to the length limit 80
INFO: [SYN 201-210] Renamed object name 'Loop_row_loop_proc_Pipeline_col_loop_p_ZZ7fast_ipRN3hls6streamINS_4axisI7ap_uintILi8EELm1ELm1ELm1ELh56ELb0EEELi0EEERNS_59_RAM_AUTO_1R1W' to 'Loop_row_loop_proc_Pipeline_col_loop_p_ZZ7fast_ipRN3hls6streamINS_4axisI7ap_u9j0' due to the length limit 80
INFO: [SYN 201-210] Renamed object name 'Loop_row_loop_proc_Pipeline_col_loop_p_ZZ7fast_ipRN3hls6streamINS_4axisI7ap_uintILi8EELm1ELm1ELm1ELh56ELb0EEELi0EEERNS_58_RAM_AUTO_1R1W' to 'Loop_row_loop_proc_Pipeline_col_loop_p_ZZ7fast_ipRN3hls6streamINS_4axisI7ap_ubak' due to the length limit 80
INFO: [SYN 201-210] Renamed object name 'Loop_row_loop_proc_Pipeline_col_loop_p_ZZ7fast_ipRN3hls6streamINS_4axisI7ap_uintILi8EELm1ELm1ELm1ELh56ELb0EEELi0EEERNS_57_RAM_AUTO_1R1W' to 'Loop_row_loop_proc_Pipeline_col_loop_p_ZZ7fast_ipRN3hls6streamINS_4axisI7ap_ubbk' due to the length limit 80
INFO: [SYN 201-210] Renamed object name 'Loop_row_loop_proc_Pipeline_col_loop_p_ZZ7fast_ipRN3hls6streamINS_4axisI7ap_uintILi8EELm1ELm1ELm1ELh56ELb0EEELi0EEERNS_56_RAM_AUTO_1R1W' to 'Loop_row_loop_proc_Pipeline_col_loop_p_ZZ7fast_ipRN3hls6streamINS_4axisI7ap_ubck' due to the length limit 80
INFO: [SYN 201-210] Renamed object name 'Loop_row_loop_proc_Pipeline_col_loop_p_ZZ7fast_ipRN3hls6streamINS_4axisI7ap_uintILi8EELm1ELm1ELm1ELh56ELb0EEELi0EEERNS_79_RAM_AUTO_1R1W' to 'Loop_row_loop_proc_Pipeline_col_loop_p_ZZ7fast_ipRN3hls6streamINS_4axisI7ap_ubdk' due to the length limit 80
INFO: [SYN 201-210] Renamed object name 'Loop_row_loop_proc_Pipeline_col_loop_p_ZZ7fast_ipRN3hls6streamINS_4axisI7ap_uintILi8EELm1ELm1ELm1ELh56ELb0EEELi0EEERNS_78_RAM_AUTO_1R1W' to 'Loop_row_loop_proc_Pipeline_col_loop_p_ZZ7fast_ipRN3hls6streamINS_4axisI7ap_ubek' due to the length limit 80
INFO: [SYN 201-210] Renamed object name 'Loop_row_loop_proc_Pipeline_col_loop_p_ZZ7fast_ipRN3hls6streamINS_4axisI7ap_uintILi8EELm1ELm1ELm1ELh56ELb0EEELi0EEERNS_71_RAM_AUTO_1R1W' to 'Loop_row_loop_proc_Pipeline_col_loop_p_ZZ7fast_ipRN3hls6streamINS_4axisI7ap_ubfk' due to the length limit 80
INFO: [SYN 201-210] Renamed object name 'Loop_row_loop_proc_Pipeline_col_loop_p_ZZ7fast_ipRN3hls6streamINS_4axisI7ap_uintILi8EELm1ELm1ELm1ELh56ELb0EEELi0EEERNS_70_RAM_AUTO_1R1W' to 'Loop_row_loop_proc_Pipeline_col_loop_p_ZZ7fast_ipRN3hls6streamINS_4axisI7ap_ubgk' due to the length limit 80
INFO: [SYN 201-210] Renamed object name 'Loop_row_loop_proc_Pipeline_col_loop_p_ZZ7fast_ipRN3hls6streamINS_4axisI7ap_uintILi8EELm1ELm1ELm1ELh56ELb0EEELi0EEERNS_69_RAM_AUTO_1R1W' to 'Loop_row_loop_proc_Pipeline_col_loop_p_ZZ7fast_ipRN3hls6streamINS_4axisI7ap_ubhl' due to the length limit 80
INFO: [SYN 201-210] Renamed object name 'Loop_row_loop_proc_Pipeline_col_loop_p_ZZ7fast_ipRN3hls6streamINS_4axisI7ap_uintILi8EELm1ELm1ELm1ELh56ELb0EEELi0EEERNS_68_RAM_AUTO_1R1W' to 'Loop_row_loop_proc_Pipeline_col_loop_p_ZZ7fast_ipRN3hls6streamINS_4axisI7ap_ubil' due to the length limit 80
INFO: [SYN 201-210] Renamed object name 'Loop_row_loop_proc_Pipeline_col_loop_p_ZZ7fast_ipRN3hls6streamINS_4axisI7ap_uintILi8EELm1ELm1ELm1ELh56ELb0EEELi0EEERNS_67_RAM_AUTO_1R1W' to 'Loop_row_loop_proc_Pipeline_col_loop_p_ZZ7fast_ipRN3hls6streamINS_4axisI7ap_ubjl' due to the length limit 80
INFO: [SYN 201-210] Renamed object name 'Loop_row_loop_proc_Pipeline_col_loop_p_ZZ7fast_ipRN3hls6streamINS_4axisI7ap_uintILi8EELm1ELm1ELm1ELh56ELb0EEELi0EEERNS_66_RAM_AUTO_1R1W' to 'Loop_row_loop_proc_Pipeline_col_loop_p_ZZ7fast_ipRN3hls6streamINS_4axisI7ap_ubkl' due to the length limit 80
INFO: [SYN 201-210] Renamed object name 'Loop_row_loop_proc_Pipeline_col_loop_p_ZZ7fast_ipRN3hls6streamINS_4axisI7ap_uintILi8EELm1ELm1ELm1ELh56ELb0EEELi0EEERNS_65_RAM_AUTO_1R1W' to 'Loop_row_loop_proc_Pipeline_col_loop_p_ZZ7fast_ipRN3hls6streamINS_4axisI7ap_ubll' due to the length limit 80
INFO: [SYN 201-210] Renamed object name 'Loop_row_loop_proc_Pipeline_col_loop_p_ZZ7fast_ipRN3hls6streamINS_4axisI7ap_uintILi8EELm1ELm1ELm1ELh56ELb0EEELi0EEERNS_64_RAM_AUTO_1R1W' to 'Loop_row_loop_proc_Pipeline_col_loop_p_ZZ7fast_ipRN3hls6streamINS_4axisI7ap_ubml' due to the length limit 80
INFO: [SYN 201-210] Renamed object name 'Loop_row_loop_proc_Pipeline_col_loop_p_ZZ7fast_ipRN3hls6streamINS_4axisI7ap_uintILi8EELm1ELm1ELm1ELh56ELb0EEELi0EEERNS_77_RAM_AUTO_1R1W' to 'Loop_row_loop_proc_Pipeline_col_loop_p_ZZ7fast_ipRN3hls6streamINS_4axisI7ap_ubnm' due to the length limit 80
INFO: [SYN 201-210] Renamed object name 'Loop_row_loop_proc_Pipeline_col_loop_p_ZZ7fast_ipRN3hls6streamINS_4axisI7ap_uintILi8EELm1ELm1ELm1ELh56ELb0EEELi0EEERNS_76_RAM_AUTO_1R1W' to 'Loop_row_loop_proc_Pipeline_col_loop_p_ZZ7fast_ipRN3hls6streamINS_4axisI7ap_ubom' due to the length limit 80
INFO: [SYN 201-210] Renamed object name 'Loop_row_loop_proc_Pipeline_col_loop_p_ZZ7fast_ipRN3hls6streamINS_4axisI7ap_uintILi8EELm1ELm1ELm1ELh56ELb0EEELi0EEERNS_75_RAM_AUTO_1R1W' to 'Loop_row_loop_proc_Pipeline_col_loop_p_ZZ7fast_ipRN3hls6streamINS_4axisI7ap_ubpm' due to the length limit 80
INFO: [SYN 201-210] Renamed object name 'Loop_row_loop_proc_Pipeline_col_loop_p_ZZ7fast_ipRN3hls6streamINS_4axisI7ap_uintILi8EELm1ELm1ELm1ELh56ELb0EEELi0EEERNS_74_RAM_AUTO_1R1W' to 'Loop_row_loop_proc_Pipeline_col_loop_p_ZZ7fast_ipRN3hls6streamINS_4axisI7ap_ubqm' due to the length limit 80
INFO: [SYN 201-210] Renamed object name 'Loop_row_loop_proc_Pipeline_col_loop_p_ZZ7fast_ipRN3hls6streamINS_4axisI7ap_uintILi8EELm1ELm1ELm1ELh56ELb0EEELi0EEERNS_73_RAM_AUTO_1R1W' to 'Loop_row_loop_proc_Pipeline_col_loop_p_ZZ7fast_ipRN3hls6streamINS_4axisI7ap_ubrm' due to the length limit 80
INFO: [SYN 201-210] Renamed object name 'Loop_row_loop_proc_Pipeline_col_loop_p_ZZ7fast_ipRN3hls6streamINS_4axisI7ap_uintILi8EELm1ELm1ELm1ELh56ELb0EEELi0EEERNS_72_RAM_AUTO_1R1W' to 'Loop_row_loop_proc_Pipeline_col_loop_p_ZZ7fast_ipRN3hls6streamINS_4axisI7ap_ubsm' due to the length limit 80
INFO: [SYN 201-210] Renamed object name 'Loop_row_loop_proc_Pipeline_col_loop_p_ZZ7fast_ipRN3hls6streamINS_4axisI7ap_uintILi8EELm1ELm1ELm1ELh56ELb0EEELi0EEERNS_95_RAM_AUTO_1R1W' to 'Loop_row_loop_proc_Pipeline_col_loop_p_ZZ7fast_ipRN3hls6streamINS_4axisI7ap_ubtn' due to the length limit 80
INFO: [SYN 201-210] Renamed object name 'Loop_row_loop_proc_Pipeline_col_loop_p_ZZ7fast_ipRN3hls6streamINS_4axisI7ap_uintILi8EELm1ELm1ELm1ELh56ELb0EEELi0EEERNS_94_RAM_AUTO_1R1W' to 'Loop_row_loop_proc_Pipeline_col_loop_p_ZZ7fast_ipRN3hls6streamINS_4axisI7ap_ubun' due to the length limit 80
INFO: [SYN 201-210] Renamed object name 'Loop_row_loop_proc_Pipeline_col_loop_p_ZZ7fast_ipRN3hls6streamINS_4axisI7ap_uintILi8EELm1ELm1ELm1ELh56ELb0EEELi0EEERNS_87_RAM_AUTO_1R1W' to 'Loop_row_loop_proc_Pipeline_col_loop_p_ZZ7fast_ipRN3hls6streamINS_4axisI7ap_ubvn' due to the length limit 80
INFO: [SYN 201-210] Renamed object name 'Loop_row_loop_proc_Pipeline_col_loop_p_ZZ7fast_ipRN3hls6streamINS_4axisI7ap_uintILi8EELm1ELm1ELm1ELh56ELb0EEELi0EEERNS_86_RAM_AUTO_1R1W' to 'Loop_row_loop_proc_Pipeline_col_loop_p_ZZ7fast_ipRN3hls6streamINS_4axisI7ap_ubwn' due to the length limit 80
INFO: [SYN 201-210] Renamed object name 'Loop_row_loop_proc_Pipeline_col_loop_p_ZZ7fast_ipRN3hls6streamINS_4axisI7ap_uintILi8EELm1ELm1ELm1ELh56ELb0EEELi0EEERNS_85_RAM_AUTO_1R1W' to 'Loop_row_loop_proc_Pipeline_col_loop_p_ZZ7fast_ipRN3hls6streamINS_4axisI7ap_ubxn' due to the length limit 80
INFO: [SYN 201-210] Renamed object name 'Loop_row_loop_proc_Pipeline_col_loop_p_ZZ7fast_ipRN3hls6streamINS_4axisI7ap_uintILi8EELm1ELm1ELm1ELh56ELb0EEELi0EEERNS_84_RAM_AUTO_1R1W' to 'Loop_row_loop_proc_Pipeline_col_loop_p_ZZ7fast_ipRN3hls6streamINS_4axisI7ap_ubyn' due to the length limit 80
INFO: [SYN 201-210] Renamed object name 'Loop_row_loop_proc_Pipeline_col_loop_p_ZZ7fast_ipRN3hls6streamINS_4axisI7ap_uintILi8EELm1ELm1ELm1ELh56ELb0EEELi0EEERNS_83_RAM_AUTO_1R1W' to 'Loop_row_loop_proc_Pipeline_col_loop_p_ZZ7fast_ipRN3hls6streamINS_4axisI7ap_ubzo' due to the length limit 80
INFO: [SYN 201-210] Renamed object name 'Loop_row_loop_proc_Pipeline_col_loop_p_ZZ7fast_ipRN3hls6streamINS_4axisI7ap_uintILi8EELm1ELm1ELm1ELh56ELb0EEELi0EEERNS_82_RAM_AUTO_1R1W' to 'Loop_row_loop_proc_Pipeline_col_loop_p_ZZ7fast_ipRN3hls6streamINS_4axisI7ap_ubAo' due to the length limit 80
INFO: [SYN 201-210] Renamed object name 'Loop_row_loop_proc_Pipeline_col_loop_p_ZZ7fast_ipRN3hls6streamINS_4axisI7ap_uintILi8EELm1ELm1ELm1ELh56ELb0EEELi0EEERNS_81_RAM_AUTO_1R1W' to 'Loop_row_loop_proc_Pipeline_col_loop_p_ZZ7fast_ipRN3hls6streamINS_4axisI7ap_ubBo' due to the length limit 80
INFO: [SYN 201-210] Renamed object name 'Loop_row_loop_proc_Pipeline_col_loop_p_ZZ7fast_ipRN3hls6streamINS_4axisI7ap_uintILi8EELm1ELm1ELm1ELh56ELb0EEELi0EEERNS_80_RAM_AUTO_1R1W' to 'Loop_row_loop_proc_Pipeline_col_loop_p_ZZ7fast_ipRN3hls6streamINS_4axisI7ap_ubCo' due to the length limit 80
INFO: [SYN 201-210] Renamed object name 'Loop_row_loop_proc_Pipeline_col_loop_p_ZZ7fast_ipRN3hls6streamINS_4axisI7ap_uintILi8EELm1ELm1ELm1ELh56ELb0EEELi0EEERNS_93_RAM_AUTO_1R1W' to 'Loop_row_loop_proc_Pipeline_col_loop_p_ZZ7fast_ipRN3hls6streamINS_4axisI7ap_ubDo' due to the length limit 80
INFO: [SYN 201-210] Renamed object name 'Loop_row_loop_proc_Pipeline_col_loop_p_ZZ7fast_ipRN3hls6streamINS_4axisI7ap_uintILi8EELm1ELm1ELm1ELh56ELb0EEELi0EEERNS_92_RAM_AUTO_1R1W' to 'Loop_row_loop_proc_Pipeline_col_loop_p_ZZ7fast_ipRN3hls6streamINS_4axisI7ap_ubEo' due to the length limit 80
INFO: [SYN 201-210] Renamed object name 'Loop_row_loop_proc_Pipeline_col_loop_p_ZZ7fast_ipRN3hls6streamINS_4axisI7ap_uintILi8EELm1ELm1ELm1ELh56ELb0EEELi0EEERNS_91_RAM_AUTO_1R1W' to 'Loop_row_loop_proc_Pipeline_col_loop_p_ZZ7fast_ipRN3hls6streamINS_4axisI7ap_ubFp' due to the length limit 80
INFO: [SYN 201-210] Renamed object name 'Loop_row_loop_proc_Pipeline_col_loop_p_ZZ7fast_ipRN3hls6streamINS_4axisI7ap_uintILi8EELm1ELm1ELm1ELh56ELb0EEELi0EEERNS_90_RAM_AUTO_1R1W' to 'Loop_row_loop_proc_Pipeline_col_loop_p_ZZ7fast_ipRN3hls6streamINS_4axisI7ap_ubGp' due to the length limit 80
INFO: [SYN 201-210] Renamed object name 'Loop_row_loop_proc_Pipeline_col_loop_p_ZZ7fast_ipRN3hls6streamINS_4axisI7ap_uintILi8EELm1ELm1ELm1ELh56ELb0EEELi0EEERNS_89_RAM_AUTO_1R1W' to 'Loop_row_loop_proc_Pipeline_col_loop_p_ZZ7fast_ipRN3hls6streamINS_4axisI7ap_ubHp' due to the length limit 80
INFO: [SYN 201-210] Renamed object name 'Loop_row_loop_proc_Pipeline_col_loop_p_ZZ7fast_ipRN3hls6streamINS_4axisI7ap_uintILi8EELm1ELm1ELm1ELh56ELb0EEELi0EEERNS_88_RAM_AUTO_1R1W' to 'Loop_row_loop_proc_Pipeline_col_loop_p_ZZ7fast_ipRN3hls6streamINS_4axisI7ap_ubIp' due to the length limit 80
INFO: [SYN 201-210] Renamed object name 'Loop_row_loop_proc_Pipeline_col_loop_p_ZZ7fast_ipRN3hls6streamINS_4axisI7ap_uintILi8EELm1ELm1ELm1ELh56ELb0EEELi0EEERNS_111_RAM_AUTO_1R1W' to 'Loop_row_loop_proc_Pipeline_col_loop_p_ZZ7fast_ipRN3hls6streamINS_4axisI7ap_ubJp' due to the length limit 80
INFO: [SYN 201-210] Renamed object name 'Loop_row_loop_proc_Pipeline_col_loop_p_ZZ7fast_ipRN3hls6streamINS_4axisI7ap_uintILi8EELm1ELm1ELm1ELh56ELb0EEELi0EEERNS_112_RAM_AUTO_1R1W' to 'Loop_row_loop_proc_Pipeline_col_loop_p_ZZ7fast_ipRN3hls6streamINS_4axisI7ap_ubKp' due to the length limit 80
INFO: [SYN 201-210] Renamed object name 'Loop_row_loop_proc_Pipeline_col_loop_p_ZZ7fast_ipRN3hls6streamINS_4axisI7ap_uintILi8EELm1ELm1ELm1ELh56ELb0EEELi0EEERNS_119_RAM_AUTO_1R1W' to 'Loop_row_loop_proc_Pipeline_col_loop_p_ZZ7fast_ipRN3hls6streamINS_4axisI7ap_ubLp' due to the length limit 80
INFO: [SYN 201-210] Renamed object name 'Loop_row_loop_proc_Pipeline_col_loop_p_ZZ7fast_ipRN3hls6streamINS_4axisI7ap_uintILi8EELm1ELm1ELm1ELh56ELb0EEELi0EEERNS_120_RAM_AUTO_1R1W' to 'Loop_row_loop_proc_Pipeline_col_loop_p_ZZ7fast_ipRN3hls6streamINS_4axisI7ap_ubMq' due to the length limit 80
INFO: [SYN 201-210] Renamed object name 'Loop_row_loop_proc_Pipeline_col_loop_p_ZZ7fast_ipRN3hls6streamINS_4axisI7ap_uintILi8EELm1ELm1ELm1ELh56ELb0EEELi0EEERNS_121_RAM_AUTO_1R1W' to 'Loop_row_loop_proc_Pipeline_col_loop_p_ZZ7fast_ipRN3hls6streamINS_4axisI7ap_ubNq' due to the length limit 80
INFO: [SYN 201-210] Renamed object name 'Loop_row_loop_proc_Pipeline_col_loop_p_ZZ7fast_ipRN3hls6streamINS_4axisI7ap_uintILi8EELm1ELm1ELm1ELh56ELb0EEELi0EEERNS_122_RAM_AUTO_1R1W' to 'Loop_row_loop_proc_Pipeline_col_loop_p_ZZ7fast_ipRN3hls6streamINS_4axisI7ap_ubOq' due to the length limit 80
INFO: [SYN 201-210] Renamed object name 'Loop_row_loop_proc_Pipeline_col_loop_p_ZZ7fast_ipRN3hls6streamINS_4axisI7ap_uintILi8EELm1ELm1ELm1ELh56ELb0EEELi0EEERNS_99_RAM_AUTO_1R1W' to 'Loop_row_loop_proc_Pipeline_col_loop_p_ZZ7fast_ipRN3hls6streamINS_4axisI7ap_ubPq' due to the length limit 80
INFO: [SYN 201-210] Renamed object name 'Loop_row_loop_proc_Pipeline_col_loop_p_ZZ7fast_ipRN3hls6streamINS_4axisI7ap_uintILi8EELm1ELm1ELm1ELh56ELb0EEELi0EEERNS_98_RAM_AUTO_1R1W' to 'Loop_row_loop_proc_Pipeline_col_loop_p_ZZ7fast_ipRN3hls6streamINS_4axisI7ap_ubQq' due to the length limit 80
INFO: [SYN 201-210] Renamed object name 'Loop_row_loop_proc_Pipeline_col_loop_p_ZZ7fast_ipRN3hls6streamINS_4axisI7ap_uintILi8EELm1ELm1ELm1ELh56ELb0EEELi0EEERNS_97_RAM_AUTO_1R1W' to 'Loop_row_loop_proc_Pipeline_col_loop_p_ZZ7fast_ipRN3hls6streamINS_4axisI7ap_ubRq' due to the length limit 80
INFO: [SYN 201-210] Renamed object name 'Loop_row_loop_proc_Pipeline_col_loop_p_ZZ7fast_ipRN3hls6streamINS_4axisI7ap_uintILi8EELm1ELm1ELm1ELh56ELb0EEELi0EEERNS_96_RAM_AUTO_1R1W' to 'Loop_row_loop_proc_Pipeline_col_loop_p_ZZ7fast_ipRN3hls6streamINS_4axisI7ap_ubSr' due to the length limit 80
INFO: [SYN 201-210] Renamed object name 'Loop_row_loop_proc_Pipeline_col_loop_p_ZZ7fast_ipRN3hls6streamINS_4axisI7ap_uintILi8EELm1ELm1ELm1ELh56ELb0EEELi0EEERNS_113_RAM_AUTO_1R1W' to 'Loop_row_loop_proc_Pipeline_col_loop_p_ZZ7fast_ipRN3hls6streamINS_4axisI7ap_ubTr' due to the length limit 80
INFO: [SYN 201-210] Renamed object name 'Loop_row_loop_proc_Pipeline_col_loop_p_ZZ7fast_ipRN3hls6streamINS_4axisI7ap_uintILi8EELm1ELm1ELm1ELh56ELb0EEELi0EEERNS_114_RAM_AUTO_1R1W' to 'Loop_row_loop_proc_Pipeline_col_loop_p_ZZ7fast_ipRN3hls6streamINS_4axisI7ap_ubUr' due to the length limit 80
INFO: [SYN 201-210] Renamed object name 'Loop_row_loop_proc_Pipeline_col_loop_p_ZZ7fast_ipRN3hls6streamINS_4axisI7ap_uintILi8EELm1ELm1ELm1ELh56ELb0EEELi0EEERNS_115_RAM_AUTO_1R1W' to 'Loop_row_loop_proc_Pipeline_col_loop_p_ZZ7fast_ipRN3hls6streamINS_4axisI7ap_ubVr' due to the length limit 80
INFO: [SYN 201-210] Renamed object name 'Loop_row_loop_proc_Pipeline_col_loop_p_ZZ7fast_ipRN3hls6streamINS_4axisI7ap_uintILi8EELm1ELm1ELm1ELh56ELb0EEELi0EEERNS_116_RAM_AUTO_1R1W' to 'Loop_row_loop_proc_Pipeline_col_loop_p_ZZ7fast_ipRN3hls6streamINS_4axisI7ap_ubWr' due to the length limit 80
INFO: [SYN 201-210] Renamed object name 'Loop_row_loop_proc_Pipeline_col_loop_p_ZZ7fast_ipRN3hls6streamINS_4axisI7ap_uintILi8EELm1ELm1ELm1ELh56ELb0EEELi0EEERNS_117_RAM_AUTO_1R1W' to 'Loop_row_loop_proc_Pipeline_col_loop_p_ZZ7fast_ipRN3hls6streamINS_4axisI7ap_ubXr' due to the length limit 80
INFO: [SYN 201-210] Renamed object name 'Loop_row_loop_proc_Pipeline_col_loop_p_ZZ7fast_ipRN3hls6streamINS_4axisI7ap_uintILi8EELm1ELm1ELm1ELh56ELb0EEELi0EEERNS_118_RAM_AUTO_1R1W' to 'Loop_row_loop_proc_Pipeline_col_loop_p_ZZ7fast_ipRN3hls6streamINS_4axisI7ap_ubYs' due to the length limit 80
INFO: [HLS 200-1030] Apply Unified Pipeline Control on module 'Loop_row_loop_proc_Pipeline_col_loop' pipeline 'col_loop' pipeline type 'loop pipeline'
INFO: [RTGEN 206-100] Generating core module 'sparsemux_33_4_8_1_1': 20 instance(s).
INFO: [RTGEN 206-100] Finished creating RTL model for 'Loop_row_loop_proc_Pipeline_col_loop'.
INFO: [RTMG 210-278] Implementing memory 'fast_ip_Loop_row_loop_proc_Pipeline_col_loop_p_ZZ7fast_ipRN3hls6streamINS_4axisI7ap_ubkb' using auto RAMs.
INFO: [RTMG 210-278] Implementing memory 'fast_ip_Loop_row_loop_proc_Pipeline_col_loop_p_ZZ7fast_ipRN3hls6streamINS_4axisI7ap_ubJp' using auto RAMs.
INFO: [HLS 200-111] Finished Creating RTL model: CPU user time: 0 seconds. CPU system time: 0 seconds. Elapsed time: 15.668 seconds; current allocated memory: 273.594 MB.
INFO: [HLS 200-10] ----------------------------------------------------------------
INFO: [HLS 200-10] -- Generating RTL for module 'Loop_row_loop_proc' 
INFO: [HLS 200-10] ----------------------------------------------------------------
INFO: [RTGEN 206-100] Finished creating RTL model for 'Loop_row_loop_proc'.
INFO: [HLS 200-111] Finished Creating RTL model: CPU user time: 1 seconds. CPU system time: 1 seconds. Elapsed time: 2.218 seconds; current allocated memory: 300.309 MB.
INFO: [HLS 200-10] ----------------------------------------------------------------
INFO: [HLS 200-10] -- Generating RTL for module 'fast_ip' 
INFO: [HLS 200-10] ----------------------------------------------------------------
WARNING: [RTGEN 206-101] Design contains AXI ports. Reset is fixed to synchronous and active low.
INFO: [RTGEN 206-500] Setting interface mode on port 'fast_ip/src_axi_V_data_V' to 'axis' (register, both mode).
INFO: [RTGEN 206-500] Setting interface mode on port 'fast_ip/src_axi_V_keep_V' to 'axis' (register, both mode).
INFO: [RTGEN 206-500] Setting interface mode on port 'fast_ip/src_axi_V_strb_V' to 'axis' (register, both mode).
INFO: [RTGEN 206-500] Setting interface mode on port 'fast_ip/src_axi_V_user_V' to 'axis' (register, both mode).
INFO: [RTGEN 206-500] Setting interface mode on port 'fast_ip/src_axi_V_last_V' to 'axis' (register, both mode).
INFO: [RTGEN 206-500] Setting interface mode on port 'fast_ip/src_axi_V_id_V' to 'axis' (register, both mode).
INFO: [RTGEN 206-500] Setting interface mode on port 'fast_ip/src_axi_V_dest_V' to 'axis' (register, both mode).
INFO: [RTGEN 206-500] Setting interface mode on port 'fast_ip/dst_axi_V_data_V' to 'axis' (register, both mode).
INFO: [RTGEN 206-500] Setting interface mode on port 'fast_ip/dst_axi_V_keep_V' to 'axis' (register, both mode).
INFO: [RTGEN 206-500] Setting interface mode on port 'fast_ip/dst_axi_V_strb_V' to 'axis' (register, both mode).
INFO: [RTGEN 206-500] Setting interface mode on port 'fast_ip/dst_axi_V_user_V' to 'axis' (register, both mode).
INFO: [RTGEN 206-500] Setting interface mode on port 'fast_ip/dst_axi_V_last_V' to 'axis' (register, both mode).
INFO: [RTGEN 206-500] Setting interface mode on port 'fast_ip/dst_axi_V_id_V' to 'axis' (register, both mode).
INFO: [RTGEN 206-500] Setting interface mode on port 'fast_ip/dst_axi_V_dest_V' to 'axis' (register, both mode).
INFO: [RTGEN 206-500] Setting interface mode on port 'fast_ip/img_width' to 's_axilite & ap_none'.
INFO: [RTGEN 206-500] Setting interface mode on port 'fast_ip/img_height' to 's_axilite & ap_none'.
INFO: [RTGEN 206-500] Setting interface mode on port 'fast_ip/threshold' to 's_axilite & ap_none'.
INFO: [RTGEN 206-500] Setting interface mode on function 'fast_ip' to 's_axilite & ap_ctrl_hs'.
INFO: [RTGEN 206-100] Bundling port 'img_width', 'img_height', 'threshold' and 'return' to AXI-Lite port CONTROL_BUS.
INFO: [RTGEN 206-100] Finished creating RTL model for 'fast_ip'.
INFO: [RTMG 210-285] Implementing FIFO 'threshold_c_U(fast_ip_fifo_w8_d3_S)' using Shift Registers.
INFO: [RTMG 210-285] Implementing FIFO 'img_width_c_U(fast_ip_fifo_w32_d2_S)' using Shift Registers.
INFO: [RTMG 210-285] Implementing FIFO 'img_height_c_U(fast_ip_fifo_w32_d2_S)' using Shift Registers.
INFO: [RTMG 210-285] Implementing FIFO 'sub_loc_channel_U(fast_ip_fifo_w32_d2_S)' using Shift Registers.
INFO: [RTMG 210-285] Implementing FIFO 'sub23_loc_channel_U(fast_ip_fifo_w32_d2_S)' using Shift Registers.
INFO: [RTMG 210-285] Implementing FIFO 'cmp2154_loc_channel_U(fast_ip_fifo_w1_d2_S)' using Shift Registers.
INFO: [HLS 200-111] Finished Creating RTL model: CPU user time: 0 seconds. CPU system time: 0 seconds. Elapsed time: 1.032 seconds; current allocated memory: 300.309 MB.
INFO: [HLS 200-111] Finished Generating all RTL models: CPU user time: 0 seconds. CPU system time: 0 seconds. Elapsed time: 0.983 seconds; current allocated memory: 302.461 MB.
INFO: [HLS 200-111] Finished Updating report files: CPU user time: 0 seconds. CPU system time: 0 seconds. Elapsed time: 1.293 seconds; current allocated memory: 313.414 MB.
INFO: [VHDL 208-304] Generating VHDL RTL for fast_ip.
INFO: [VLOG 209-307] Generating Verilog RTL for fast_ip.
INFO: [HLS 200-790] **** Loop Constraint Status: All loop constraints were satisfied.
INFO: [HLS 200-789] **** Estimated Fmax: 137.38 MHz
INFO: [HLS 200-112] Total CPU user time: 7 seconds. Total CPU system time: 1 seconds. Total elapsed time: 52.073 seconds; peak allocated memory: 313.523 MB.
INFO: [v++ 60-791] Total elapsed time: 0h 0m 56s
