  **** HLS Build v2024.2 5238294
INFO: [HLS 200-2005] Using work_dir C:/Users/ariqf/Kuliah/KP/Workspace/fast_ip/fast_ip 
INFO: [HLS 200-1505] Using default flow_target 'vivado'
Resolution: For help on HLS 200-1505 see docs.xilinx.com/access/sources/dita/topic?Doc_Version=2024.2%20English&url=ug1448-hls-guidance&resourceid=200-1505.html
INFO: [HLS 200-1465] Applying ini 'syn.file=C:/Users/ariqf/Kuliah/KP/Workspace/fast_ip/fast_ip.cpp' from C:/Users/ariqf/Kuliah/KP/Workspace/fast_ip/hls_config.cfg(8)
INFO: [HLS 200-10] Adding design file 'C:/Users/ariqf/Kuliah/KP/Workspace/fast_ip/fast_ip.cpp' to the project
INFO: [HLS 200-1465] Applying ini 'syn.file=C:/Users/ariqf/Kuliah/KP/Workspace/fast_ip/fast_ip.h' from C:/Users/ariqf/Kuliah/KP/Workspace/fast_ip/hls_config.cfg(9)
INFO: [HLS 200-10] Adding design file 'C:/Users/ariqf/Kuliah/KP/Workspace/fast_ip/fast_ip.h' to the project
INFO: [HLS 200-1465] Applying ini 'tb.file=C:/Users/ariqf/Kuliah/KP/Workspace/fast_ip/fast_ip_tb.cpp' from C:/Users/ariqf/Kuliah/KP/Workspace/fast_ip/hls_config.cfg(10)
INFO: [HLS 200-10] Adding test bench file 'C:/Users/ariqf/Kuliah/KP/Workspace/fast_ip/fast_ip_tb.cpp' to the project
INFO: [HLS 200-1465] Applying ini 'syn.top=fast_ip' from C:/Users/ariqf/Kuliah/KP/Workspace/fast_ip/hls_config.cfg(11)
INFO: [HLS 200-1465] Applying ini 'flow_target=vivado' from C:/Users/ariqf/Kuliah/KP/Workspace/fast_ip/hls_config.cfg(4)
INFO: [HLS 200-1505] Using flow_target 'vivado'
Resolution: For help on HLS 200-1505 see docs.xilinx.com/access/sources/dita/topic?Doc_Version=2024.2%20English&url=ug1448-hls-guidance&resourceid=200-1505.html
INFO: [HLS 200-1465] Applying ini 'part=xc7z020clg484-1' from C:/Users/ariqf/Kuliah/KP/Workspace/fast_ip/hls_config.cfg(1)
INFO: [HLS 200-1611] Setting target device to 'xc7z020-clg484-1'
INFO: [HLS 200-1465] Applying ini 'clock=10ns' from C:/Users/ariqf/Kuliah/KP/Workspace/fast_ip/hls_config.cfg(7)
INFO: [SYN 201-201] Setting up clock 'default' with a period of 10ns.
INFO: [HLS 200-1465] Applying ini 'package.output.format=ip_catalog' from C:/Users/ariqf/Kuliah/KP/Workspace/fast_ip/hls_config.cfg(5)
INFO: [HLS 200-111] Finished File checks and directory preparation: CPU user time: 1 seconds. CPU system time: 0 seconds. Elapsed time: 2.032 seconds; current allocated memory: 162.332 MB.
INFO: [HLS 200-10] Analyzing design file 'fast_ip.cpp' ... 
WARNING: [HLS 214-111] Static scalars and arrays declared inside a dataflow region will be treated like local variables (fast_ip.cpp:19:23)
Resolution: For help on HLS 214-111 see docs.xilinx.com/access/sources/dita/topic?Doc_Version=2024.2%20English&url=ug1448-hls-guidance&resourceid=214-111.html
WARNING: [HLS 214-111] Static scalars and arrays declared inside a dataflow region will be treated like local variables (fast_ip.cpp:23:23)
Resolution: For help on HLS 214-111 see docs.xilinx.com/access/sources/dita/topic?Doc_Version=2024.2%20English&url=ug1448-hls-guidance&resourceid=214-111.html
WARNING: [HLS 214-111] Static scalars and arrays declared inside a dataflow region will be treated like local variables (fast_ip.cpp:27:23)
Resolution: For help on HLS 214-111 see docs.xilinx.com/access/sources/dita/topic?Doc_Version=2024.2%20English&url=ug1448-hls-guidance&resourceid=214-111.html
WARNING: [HLS 214-114] Since the only kind of statements allowed in a canonical dataflow region are variable declarations and function calls, the compiler may not be able to correctly handle the region (fast_ip.cpp:16:9)
Resolution: For help on HLS 214-114 see docs.xilinx.com/access/sources/dita/topic?Doc_Version=2024.2%20English&url=ug1448-hls-guidance&resourceid=214-114.html
WARNING: [HLS 200-471] Dataflow form checks found 4 issue(s) in file fast_ip.cpp
Resolution: For help on HLS 200-471 see docs.xilinx.com/access/sources/dita/topic?Doc_Version=2024.2%20English&url=ug1448-hls-guidance&resourceid=200-471.html
INFO: [HLS 200-111] Finished Source Code Analysis and Preprocessing: CPU user time: 0 seconds. CPU system time: 0 seconds. Elapsed time: 3.644 seconds; current allocated memory: 165.488 MB.
INFO: [HLS 200-777] Using interface defaults for 'Vivado' flow target.
INFO: [HLS 200-1995] There were 334 instructions in the design after the 'Compile/Link' phase of compilation. See the Design Size Report for more details: C:/Users/ariqf/Kuliah/KP/Workspace/fast_ip/fast_ip/hls/syn/report/csynth_design_size.rpt
INFO: [HLS 200-1995] There were 1,501 instructions in the design after the 'Unroll/Inline (step 1)' phase of compilation. See the Design Size Report for more details: C:/Users/ariqf/Kuliah/KP/Workspace/fast_ip/fast_ip/hls/syn/report/csynth_design_size.rpt
INFO: [HLS 200-1995] There were 553 instructions in the design after the 'Unroll/Inline (step 2)' phase of compilation. See the Design Size Report for more details: C:/Users/ariqf/Kuliah/KP/Workspace/fast_ip/fast_ip/hls/syn/report/csynth_design_size.rpt
INFO: [HLS 200-1995] There were 546 instructions in the design after the 'Unroll/Inline (step 3)' phase of compilation. See the Design Size Report for more details: C:/Users/ariqf/Kuliah/KP/Workspace/fast_ip/fast_ip/hls/syn/report/csynth_design_size.rpt
INFO: [HLS 200-1995] There were 546 instructions in the design after the 'Unroll/Inline (step 4)' phase of compilation. See the Design Size Report for more details: C:/Users/ariqf/Kuliah/KP/Workspace/fast_ip/fast_ip/hls/syn/report/csynth_design_size.rpt
INFO: [HLS 200-1995] There were 3,838 instructions in the design after the 'Array/Struct (step 1)' phase of compilation. See the Design Size Report for more details: C:/Users/ariqf/Kuliah/KP/Workspace/fast_ip/fast_ip/hls/syn/report/csynth_design_size.rpt
INFO: [HLS 200-1995] There were 1,619 instructions in the design after the 'Array/Struct (step 2)' phase of compilation. See the Design Size Report for more details: C:/Users/ariqf/Kuliah/KP/Workspace/fast_ip/fast_ip/hls/syn/report/csynth_design_size.rpt
INFO: [HLS 200-1995] There were 1,619 instructions in the design after the 'Array/Struct (step 3)' phase of compilation. See the Design Size Report for more details: C:/Users/ariqf/Kuliah/KP/Workspace/fast_ip/fast_ip/hls/syn/report/csynth_design_size.rpt
INFO: [HLS 200-1995] There were 1,619 instructions in the design after the 'Array/Struct (step 4)' phase of compilation. See the Design Size Report for more details: C:/Users/ariqf/Kuliah/KP/Workspace/fast_ip/fast_ip/hls/syn/report/csynth_design_size.rpt
INFO: [HLS 200-1995] There were 1,620 instructions in the design after the 'Array/Struct (step 5)' phase of compilation. See the Design Size Report for more details: C:/Users/ariqf/Kuliah/KP/Workspace/fast_ip/fast_ip/hls/syn/report/csynth_design_size.rpt
INFO: [HLS 200-1995] There were 1,620 instructions in the design after the 'Performance (step 1)' phase of compilation. See the Design Size Report for more details: C:/Users/ariqf/Kuliah/KP/Workspace/fast_ip/fast_ip/hls/syn/report/csynth_design_size.rpt
INFO: [HLS 200-1995] There were 1,556 instructions in the design after the 'Performance (step 2)' phase of compilation. See the Design Size Report for more details: C:/Users/ariqf/Kuliah/KP/Workspace/fast_ip/fast_ip/hls/syn/report/csynth_design_size.rpt
INFO: [HLS 200-1995] There were 1,555 instructions in the design after the 'Performance (step 3)' phase of compilation. See the Design Size Report for more details: C:/Users/ariqf/Kuliah/KP/Workspace/fast_ip/fast_ip/hls/syn/report/csynth_design_size.rpt
INFO: [HLS 200-1995] There were 1,555 instructions in the design after the 'Performance (step 4)' phase of compilation. See the Design Size Report for more details: C:/Users/ariqf/Kuliah/KP/Workspace/fast_ip/fast_ip/hls/syn/report/csynth_design_size.rpt
INFO: [HLS 200-1995] There were 1,530 instructions in the design after the 'HW Transforms (step 1)' phase of compilation. See the Design Size Report for more details: C:/Users/ariqf/Kuliah/KP/Workspace/fast_ip/fast_ip/hls/syn/report/csynth_design_size.rpt
INFO: [HLS 200-1995] There were 1,562 instructions in the design after the 'HW Transforms (step 2)' phase of compilation. See the Design Size Report for more details: C:/Users/ariqf/Kuliah/KP/Workspace/fast_ip/fast_ip/hls/syn/report/csynth_design_size.rpt
INFO: [HLS 214-291] Loop 'VITIS_LOOP_42_1' is marked as complete unroll implied by the pipeline pragma (fast_ip.cpp:42:30)
INFO: [HLS 214-291] Loop 'VITIS_LOOP_50_2' is marked as complete unroll implied by the pipeline pragma (fast_ip.cpp:50:34)
INFO: [HLS 214-291] Loop 'circle_check' is marked as complete unroll implied by the pipeline pragma (fast_ip.cpp:71:16)
INFO: [HLS 214-291] Loop 'contiguous_check' is marked as complete unroll implied by the pipeline pragma (fast_ip.cpp:80:35)
INFO: [HLS 214-291] Loop 'sequence_check' is marked as complete unroll implied by the pipeline pragma (fast_ip.cpp:85:37)
INFO: [HLS 214-186] Unrolling loop 'VITIS_LOOP_42_1' (fast_ip.cpp:42:30) in function 'fast_ip' completely with a factor of 6 (fast_ip.cpp:9:0)
INFO: [HLS 214-186] Unrolling loop 'VITIS_LOOP_50_2' (fast_ip.cpp:50:34) in function 'fast_ip' completely with a factor of 16 (fast_ip.cpp:9:0)
INFO: [HLS 214-186] Unrolling loop 'circle_check' (fast_ip.cpp:71:16) in function 'fast_ip' completely with a factor of 16 (fast_ip.cpp:9:0)
INFO: [HLS 214-186] Unrolling loop 'contiguous_check' (fast_ip.cpp:80:35) in function 'fast_ip' completely with a factor of 16 (fast_ip.cpp:9:0)
INFO: [HLS 214-186] Unrolling loop 'sequence_check' (fast_ip.cpp:85:37) in function 'fast_ip' completely with a factor of 12 (fast_ip.cpp:9:0)
INFO: [HLS 214-248] Applying array_partition to '_ZZ7fast_ipRN3hls6streamI12pixel_axis_tLi0EEERNS0_I11mask_axis_tLi0EEEiihE8line_buf': Complete partitioning on dimension 1. Cyclic partitioning with factor 16 on dimension 2. (fast_ip.cpp:19:0)
INFO: [HLS 214-455] Changing loop 'Loop_row_loop_proc' (fast_ip.cpp:31:12) to a process function for dataflow in function 'fast_ip' (fast_ip.cpp:31:12)
INFO: [HLS 200-111] Finished Compiling Optimization and Transform: CPU user time: 0 seconds. CPU system time: 0 seconds. Elapsed time: 10.074 seconds; current allocated memory: 167.094 MB.
INFO: [HLS 200-111] Finished Checking Pragmas: CPU user time: 0 seconds. CPU system time: 0 seconds. Elapsed time: 0.003 seconds; current allocated memory: 167.094 MB.
INFO: [HLS 200-10] Starting code transformations ...
INFO: [HLS 200-111] Finished Standard Transforms: CPU user time: 0 seconds. CPU system time: 0 seconds. Elapsed time: 0.185 seconds; current allocated memory: 173.363 MB.
INFO: [HLS 200-10] Checking synthesizability ...
INFO: [HLS 200-111] Finished Checking Synthesizability: CPU user time: 0 seconds. CPU system time: 0 seconds. Elapsed time: 0.168 seconds; current allocated memory: 176.949 MB.
INFO: [XFORM 203-712] Applying dataflow to function 'fast_ip' (fast_ip.cpp:4), detected/extracted 3 process function(s): 
	 'entry_proc'
	 'Block_entry_proc'
	 'Loop_row_loop_proc'.
INFO: [XFORM 203-401] Performing if-conversion on hyperblock from (fast_ip.cpp:49:19) to (fast_ip.cpp:33:12) in function 'Loop_row_loop_proc'... converting 3 basic blocks.
INFO: [XFORM 203-11] Balancing expressions in function 'Loop_row_loop_proc' (fast_ip.cpp:31:40)...194 expression(s) balanced.
INFO: [HLS 200-111] Finished Loop, function and other optimizations: CPU user time: 0 seconds. CPU system time: 0 seconds. Elapsed time: 0.494 seconds; current allocated memory: 201.484 MB.
WARNING: [HLS 200-1614] Cosimulation may deadlock if process Loop_row_loop_proc has a streamed top-level array input and has predecessor processes. If a deadlock occurs, please consider converting the streamed array into an hls::stream
INFO: [HLS 200-111] Finished Architecture Synthesis: CPU user time: 0 seconds. CPU system time: 0 seconds. Elapsed time: 0.399 seconds; current allocated memory: 232.930 MB.
INFO: [HLS 200-10] Starting hardware synthesis ...
INFO: [HLS 200-10] Synthesizing 'fast_ip' ...
INFO: [HLS 200-10] ----------------------------------------------------------------
INFO: [HLS 200-42] -- Implementing module 'entry_proc' 
INFO: [HLS 200-10] ----------------------------------------------------------------
INFO: [SCHED 204-11] Starting scheduling ...
INFO: [SCHED 204-11] Finished scheduling.
INFO: [HLS 200-111] Finished Scheduling: CPU user time: 0 seconds. CPU system time: 0 seconds. Elapsed time: 0.343 seconds; current allocated memory: 235.910 MB.
INFO: [BIND 205-100] Starting micro-architecture generation ...
INFO: [BIND 205-101] Performing variable lifetime analysis.
INFO: [BIND 205-101] Exploring resource sharing.
INFO: [BIND 205-101] Binding ...
INFO: [BIND 205-100] Finished micro-architecture generation.
INFO: [HLS 200-111] Finished Binding: CPU user time: 0 seconds. CPU system time: 0 seconds. Elapsed time: 0.097 seconds; current allocated memory: 236.934 MB.
INFO: [HLS 200-10] ----------------------------------------------------------------
INFO: [HLS 200-42] -- Implementing module 'Block_entry_proc' 
INFO: [HLS 200-10] ----------------------------------------------------------------
INFO: [SCHED 204-11] Starting scheduling ...
INFO: [SCHED 204-11] Finished scheduling.
INFO: [HLS 200-111] Finished Scheduling: CPU user time: 0 seconds. CPU system time: 0 seconds. Elapsed time: 0.086 seconds; current allocated memory: 237.070 MB.
INFO: [BIND 205-100] Starting micro-architecture generation ...
INFO: [BIND 205-101] Performing variable lifetime analysis.
INFO: [BIND 205-101] Exploring resource sharing.
INFO: [BIND 205-101] Binding ...
INFO: [BIND 205-100] Finished micro-architecture generation.
INFO: [HLS 200-111] Finished Binding: CPU user time: 0 seconds. CPU system time: 0 seconds. Elapsed time: 0.12 seconds; current allocated memory: 237.078 MB.
INFO: [HLS 200-10] ----------------------------------------------------------------
INFO: [HLS 200-42] -- Implementing module 'Loop_row_loop_proc_Pipeline_col_loop' 
INFO: [HLS 200-10] ----------------------------------------------------------------
INFO: [SCHED 204-11] Starting scheduling ...
INFO: [SCHED 204-61] Pipelining loop 'col_loop'.
INFO: [HLS 200-1470] Pipelining result : Target II = 1, Final II = 1, Depth = 5, loop 'col_loop'
INFO: [SCHED 204-11] Finished scheduling.
INFO: [HLS 200-111] Finished Scheduling: CPU user time: 3 seconds. CPU system time: 0 seconds. Elapsed time: 10.869 seconds; current allocated memory: 268.562 MB.
INFO: [BIND 205-100] Starting micro-architecture generation ...
INFO: [BIND 205-101] Performing variable lifetime analysis.
INFO: [BIND 205-101] Exploring resource sharing.
INFO: [BIND 205-101] Binding ...
INFO: [BIND 205-100] Finished micro-architecture generation.
INFO: [HLS 200-111] Finished Binding: CPU user time: 0 seconds. CPU system time: 0 seconds. Elapsed time: 0.395 seconds; current allocated memory: 268.562 MB.
INFO: [HLS 200-10] ----------------------------------------------------------------
INFO: [HLS 200-42] -- Implementing module 'Loop_row_loop_proc' 
INFO: [HLS 200-10] ----------------------------------------------------------------
INFO: [SCHED 204-11] Starting scheduling ...
INFO: [SCHED 204-11] Finished scheduling.
INFO: [HLS 200-111] Finished Scheduling: CPU user time: 0 seconds. CPU system time: 0 seconds. Elapsed time: 0.362 seconds; current allocated memory: 268.562 MB.
INFO: [BIND 205-100] Starting micro-architecture generation ...
INFO: [BIND 205-101] Performing variable lifetime analysis.
INFO: [BIND 205-101] Exploring resource sharing.
INFO: [BIND 205-101] Binding ...
INFO: [BIND 205-100] Finished micro-architecture generation.
INFO: [HLS 200-111] Finished Binding: CPU user time: 0 seconds. CPU system time: 0 seconds. Elapsed time: 0.124 seconds; current allocated memory: 268.562 MB.
INFO: [HLS 200-10] ----------------------------------------------------------------
INFO: [HLS 200-42] -- Implementing module 'fast_ip' 
INFO: [HLS 200-10] ----------------------------------------------------------------
INFO: [SCHED 204-11] Starting scheduling ...
INFO: [SCHED 204-11] Finished scheduling.
INFO: [HLS 200-111] Finished Scheduling: CPU user time: 0 seconds. CPU system time: 0 seconds. Elapsed time: 0.116 seconds; current allocated memory: 268.562 MB.
INFO: [BIND 205-100] Starting micro-architecture generation ...
INFO: [BIND 205-101] Performing variable lifetime analysis.
INFO: [BIND 205-101] Exploring resource sharing.
INFO: [BIND 205-101] Binding ...
INFO: [BIND 205-100] Finished micro-architecture generation.
INFO: [HLS 200-111] Finished Binding: CPU user time: 0 seconds. CPU system time: 0 seconds. Elapsed time: 0.137 seconds; current allocated memory: 268.562 MB.
INFO: [HLS 200-10] ----------------------------------------------------------------
INFO: [HLS 200-10] -- Generating RTL for module 'entry_proc' 
INFO: [HLS 200-10] ----------------------------------------------------------------
INFO: [RTGEN 206-100] Finished creating RTL model for 'entry_proc'.
INFO: [HLS 200-111] Finished Creating RTL model: CPU user time: 0 seconds. CPU system time: 0 seconds. Elapsed time: 0.135 seconds; current allocated memory: 268.562 MB.
INFO: [HLS 200-10] ----------------------------------------------------------------
INFO: [HLS 200-10] -- Generating RTL for module 'Block_entry_proc' 
INFO: [HLS 200-10] ----------------------------------------------------------------
INFO: [RTGEN 206-100] Finished creating RTL model for 'Block_entry_proc'.
INFO: [HLS 200-111] Finished Creating RTL model: CPU user time: 0 seconds. CPU system time: 0 seconds. Elapsed time: 0.146 seconds; current allocated memory: 268.562 MB.
INFO: [HLS 200-10] ----------------------------------------------------------------
INFO: [HLS 200-10] -- Generating RTL for module 'Loop_row_loop_proc_Pipeline_col_loop' 
INFO: [HLS 200-10] ----------------------------------------------------------------
INFO: [SYN 201-210] Renamed object name 'Loop_row_loop_proc_Pipeline_col_loop_fast_ip_hls_stream_pixel_axis_t_0_hls_stream_mask_axis_t_0_int_int_unsigned_char_line_15_RAM_AUTO_1R1W' to 'Loop_row_loop_proc_Pipeline_col_loop_fast_ip_hls_stream_pixel_axis_t_0_hls_stbkb' due to the length limit 80
INFO: [SYN 201-210] Renamed object name 'Loop_row_loop_proc_Pipeline_col_loop_fast_ip_hls_stream_pixel_axis_t_0_hls_stream_mask_axis_t_0_int_int_unsigned_char_line_14_RAM_AUTO_1R1W' to 'Loop_row_loop_proc_Pipeline_col_loop_fast_ip_hls_stream_pixel_axis_t_0_hls_stcud' due to the length limit 80
INFO: [SYN 201-210] Renamed object name 'Loop_row_loop_proc_Pipeline_col_loop_p_ZZ7fast_ipRN3hls6streamI12pixel_axis_tLi0EEERNS0_I11mask_axis_tLi0EEEiihE8line_7_RAM_AUTO_1R1W' to 'Loop_row_loop_proc_Pipeline_col_loop_p_ZZ7fast_ipRN3hls6streamI12pixel_axis_tdEe' due to the length limit 80
INFO: [SYN 201-210] Renamed object name 'Loop_row_loop_proc_Pipeline_col_loop_p_ZZ7fast_ipRN3hls6streamI12pixel_axis_tLi0EEERNS0_I11mask_axis_tLi0EEEiihE8line_6_RAM_AUTO_1R1W' to 'Loop_row_loop_proc_Pipeline_col_loop_p_ZZ7fast_ipRN3hls6streamI12pixel_axis_teOg' due to the length limit 80
INFO: [SYN 201-210] Renamed object name 'Loop_row_loop_proc_Pipeline_col_loop_p_ZZ7fast_ipRN3hls6streamI12pixel_axis_tLi0EEERNS0_I11mask_axis_tLi0EEEiihE8line_5_RAM_AUTO_1R1W' to 'Loop_row_loop_proc_Pipeline_col_loop_p_ZZ7fast_ipRN3hls6streamI12pixel_axis_tfYi' due to the length limit 80
INFO: [SYN 201-210] Renamed object name 'Loop_row_loop_proc_Pipeline_col_loop_p_ZZ7fast_ipRN3hls6streamI12pixel_axis_tLi0EEERNS0_I11mask_axis_tLi0EEEiihE8line_4_RAM_AUTO_1R1W' to 'Loop_row_loop_proc_Pipeline_col_loop_p_ZZ7fast_ipRN3hls6streamI12pixel_axis_tg8j' due to the length limit 80
INFO: [SYN 201-210] Renamed object name 'Loop_row_loop_proc_Pipeline_col_loop_p_ZZ7fast_ipRN3hls6streamI12pixel_axis_tLi0EEERNS0_I11mask_axis_tLi0EEEiihE8line_3_RAM_AUTO_1R1W' to 'Loop_row_loop_proc_Pipeline_col_loop_p_ZZ7fast_ipRN3hls6streamI12pixel_axis_thbi' due to the length limit 80
INFO: [SYN 201-210] Renamed object name 'Loop_row_loop_proc_Pipeline_col_loop_p_ZZ7fast_ipRN3hls6streamI12pixel_axis_tLi0EEERNS0_I11mask_axis_tLi0EEEiihE8line_2_RAM_AUTO_1R1W' to 'Loop_row_loop_proc_Pipeline_col_loop_p_ZZ7fast_ipRN3hls6streamI12pixel_axis_tibs' due to the length limit 80
INFO: [SYN 201-210] Renamed object name 'Loop_row_loop_proc_Pipeline_col_loop_p_ZZ7fast_ipRN3hls6streamI12pixel_axis_tLi0EEERNS0_I11mask_axis_tLi0EEEiihE8line_1_RAM_AUTO_1R1W' to 'Loop_row_loop_proc_Pipeline_col_loop_p_ZZ7fast_ipRN3hls6streamI12pixel_axis_tjbC' due to the length limit 80
INFO: [SYN 201-210] Renamed object name 'Loop_row_loop_proc_Pipeline_col_loop_p_ZZ7fast_ipRN3hls6streamI12pixel_axis_tLi0EEERNS0_I11mask_axis_tLi0EEEiihE8line_s_RAM_AUTO_1R1W' to 'Loop_row_loop_proc_Pipeline_col_loop_p_ZZ7fast_ipRN3hls6streamI12pixel_axis_tkbM' due to the length limit 80
INFO: [SYN 201-210] Renamed object name 'Loop_row_loop_proc_Pipeline_col_loop_fast_ip_hls_stream_pixel_axis_t_0_hls_stream_mask_axis_t_0_int_int_unsigned_char_line_13_RAM_AUTO_1R1W' to 'Loop_row_loop_proc_Pipeline_col_loop_fast_ip_hls_stream_pixel_axis_t_0_hls_stlbW' due to the length limit 80
INFO: [SYN 201-210] Renamed object name 'Loop_row_loop_proc_Pipeline_col_loop_fast_ip_hls_stream_pixel_axis_t_0_hls_stream_mask_axis_t_0_int_int_unsigned_char_line_12_2_RAM_AUTO_1R1W' to 'Loop_row_loop_proc_Pipeline_col_loop_fast_ip_hls_stream_pixel_axis_t_0_hls_stmb6' due to the length limit 80
INFO: [SYN 201-210] Renamed object name 'Loop_row_loop_proc_Pipeline_col_loop_fast_ip_hls_stream_pixel_axis_t_0_hls_stream_mask_axis_t_0_int_int_unsigned_char_line_11_11_RAM_AUTO_1R1W' to 'Loop_row_loop_proc_Pipeline_col_loop_fast_ip_hls_stream_pixel_axis_t_0_hls_stncg' due to the length limit 80
INFO: [SYN 201-210] Renamed object name 'Loop_row_loop_proc_Pipeline_col_loop_fast_ip_hls_stream_pixel_axis_t_0_hls_stream_mask_axis_t_0_int_int_unsigned_char_line_10_RAM_AUTO_1R1W' to 'Loop_row_loop_proc_Pipeline_col_loop_fast_ip_hls_stream_pixel_axis_t_0_hls_stocq' due to the length limit 80
INFO: [SYN 201-210] Renamed object name 'Loop_row_loop_proc_Pipeline_col_loop_p_ZZ7fast_ipRN3hls6streamI12pixel_axis_tLi0EEERNS0_I11mask_axis_tLi0EEEiihE8line_9_RAM_AUTO_1R1W' to 'Loop_row_loop_proc_Pipeline_col_loop_p_ZZ7fast_ipRN3hls6streamI12pixel_axis_tpcA' due to the length limit 80
INFO: [SYN 201-210] Renamed object name 'Loop_row_loop_proc_Pipeline_col_loop_p_ZZ7fast_ipRN3hls6streamI12pixel_axis_tLi0EEERNS0_I11mask_axis_tLi0EEEiihE8line_8_RAM_AUTO_1R1W' to 'Loop_row_loop_proc_Pipeline_col_loop_p_ZZ7fast_ipRN3hls6streamI12pixel_axis_tqcK' due to the length limit 80
INFO: [SYN 201-210] Renamed object name 'Loop_row_loop_proc_Pipeline_col_loop_fast_ip_hls_stream_pixel_axis_t_0_hls_stream_mask_axis_t_0_int_int_unsigned_char_line_31_RAM_AUTO_1R1W' to 'Loop_row_loop_proc_Pipeline_col_loop_fast_ip_hls_stream_pixel_axis_t_0_hls_strcU' due to the length limit 80
INFO: [SYN 201-210] Renamed object name 'Loop_row_loop_proc_Pipeline_col_loop_fast_ip_hls_stream_pixel_axis_t_0_hls_stream_mask_axis_t_0_int_int_unsigned_char_line_30_RAM_AUTO_1R1W' to 'Loop_row_loop_proc_Pipeline_col_loop_fast_ip_hls_stream_pixel_axis_t_0_hls_stsc4' due to the length limit 80
INFO: [SYN 201-210] Renamed object name 'Loop_row_loop_proc_Pipeline_col_loop_fast_ip_hls_stream_pixel_axis_t_0_hls_stream_mask_axis_t_0_int_int_unsigned_char_line_23_RAM_AUTO_1R1W' to 'Loop_row_loop_proc_Pipeline_col_loop_fast_ip_hls_stream_pixel_axis_t_0_hls_sttde' due to the length limit 80
INFO: [SYN 201-210] Renamed object name 'Loop_row_loop_proc_Pipeline_col_loop_fast_ip_hls_stream_pixel_axis_t_0_hls_stream_mask_axis_t_0_int_int_unsigned_char_line_22_RAM_AUTO_1R1W' to 'Loop_row_loop_proc_Pipeline_col_loop_fast_ip_hls_stream_pixel_axis_t_0_hls_studo' due to the length limit 80
INFO: [SYN 201-210] Renamed object name 'Loop_row_loop_proc_Pipeline_col_loop_fast_ip_hls_stream_pixel_axis_t_0_hls_stream_mask_axis_t_0_int_int_unsigned_char_line_21_RAM_AUTO_1R1W' to 'Loop_row_loop_proc_Pipeline_col_loop_fast_ip_hls_stream_pixel_axis_t_0_hls_stvdy' due to the length limit 80
INFO: [SYN 201-210] Renamed object name 'Loop_row_loop_proc_Pipeline_col_loop_fast_ip_hls_stream_pixel_axis_t_0_hls_stream_mask_axis_t_0_int_int_unsigned_char_line_20_RAM_AUTO_1R1W' to 'Loop_row_loop_proc_Pipeline_col_loop_fast_ip_hls_stream_pixel_axis_t_0_hls_stwdI' due to the length limit 80
INFO: [SYN 201-210] Renamed object name 'Loop_row_loop_proc_Pipeline_col_loop_fast_ip_hls_stream_pixel_axis_t_0_hls_stream_mask_axis_t_0_int_int_unsigned_char_line_19_RAM_AUTO_1R1W' to 'Loop_row_loop_proc_Pipeline_col_loop_fast_ip_hls_stream_pixel_axis_t_0_hls_stxdS' due to the length limit 80
INFO: [SYN 201-210] Renamed object name 'Loop_row_loop_proc_Pipeline_col_loop_fast_ip_hls_stream_pixel_axis_t_0_hls_stream_mask_axis_t_0_int_int_unsigned_char_line_18_RAM_AUTO_1R1W' to 'Loop_row_loop_proc_Pipeline_col_loop_fast_ip_hls_stream_pixel_axis_t_0_hls_styd2' due to the length limit 80
INFO: [SYN 201-210] Renamed object name 'Loop_row_loop_proc_Pipeline_col_loop_fast_ip_hls_stream_pixel_axis_t_0_hls_stream_mask_axis_t_0_int_int_unsigned_char_line_17_RAM_AUTO_1R1W' to 'Loop_row_loop_proc_Pipeline_col_loop_fast_ip_hls_stream_pixel_axis_t_0_hls_stzec' due to the length limit 80
INFO: [SYN 201-210] Renamed object name 'Loop_row_loop_proc_Pipeline_col_loop_fast_ip_hls_stream_pixel_axis_t_0_hls_stream_mask_axis_t_0_int_int_unsigned_char_line_16_RAM_AUTO_1R1W' to 'Loop_row_loop_proc_Pipeline_col_loop_fast_ip_hls_stream_pixel_axis_t_0_hls_stAem' due to the length limit 80
INFO: [SYN 201-210] Renamed object name 'Loop_row_loop_proc_Pipeline_col_loop_fast_ip_hls_stream_pixel_axis_t_0_hls_stream_mask_axis_t_0_int_int_unsigned_char_line_29_RAM_AUTO_1R1W' to 'Loop_row_loop_proc_Pipeline_col_loop_fast_ip_hls_stream_pixel_axis_t_0_hls_stBew' due to the length limit 80
INFO: [SYN 201-210] Renamed object name 'Loop_row_loop_proc_Pipeline_col_loop_fast_ip_hls_stream_pixel_axis_t_0_hls_stream_mask_axis_t_0_int_int_unsigned_char_line_28_RAM_AUTO_1R1W' to 'Loop_row_loop_proc_Pipeline_col_loop_fast_ip_hls_stream_pixel_axis_t_0_hls_stCeG' due to the length limit 80
INFO: [SYN 201-210] Renamed object name 'Loop_row_loop_proc_Pipeline_col_loop_fast_ip_hls_stream_pixel_axis_t_0_hls_stream_mask_axis_t_0_int_int_unsigned_char_line_27_RAM_AUTO_1R1W' to 'Loop_row_loop_proc_Pipeline_col_loop_fast_ip_hls_stream_pixel_axis_t_0_hls_stDeQ' due to the length limit 80
INFO: [SYN 201-210] Renamed object name 'Loop_row_loop_proc_Pipeline_col_loop_fast_ip_hls_stream_pixel_axis_t_0_hls_stream_mask_axis_t_0_int_int_unsigned_char_line_26_RAM_AUTO_1R1W' to 'Loop_row_loop_proc_Pipeline_col_loop_fast_ip_hls_stream_pixel_axis_t_0_hls_stEe0' due to the length limit 80
INFO: [SYN 201-210] Renamed object name 'Loop_row_loop_proc_Pipeline_col_loop_fast_ip_hls_stream_pixel_axis_t_0_hls_stream_mask_axis_t_0_int_int_unsigned_char_line_25_RAM_AUTO_1R1W' to 'Loop_row_loop_proc_Pipeline_col_loop_fast_ip_hls_stream_pixel_axis_t_0_hls_stFfa' due to the length limit 80
INFO: [SYN 201-210] Renamed object name 'Loop_row_loop_proc_Pipeline_col_loop_fast_ip_hls_stream_pixel_axis_t_0_hls_stream_mask_axis_t_0_int_int_unsigned_char_line_24_RAM_AUTO_1R1W' to 'Loop_row_loop_proc_Pipeline_col_loop_fast_ip_hls_stream_pixel_axis_t_0_hls_stGfk' due to the length limit 80
INFO: [SYN 201-210] Renamed object name 'Loop_row_loop_proc_Pipeline_col_loop_fast_ip_hls_stream_pixel_axis_t_0_hls_stream_mask_axis_t_0_int_int_unsigned_char_line_47_RAM_AUTO_1R1W' to 'Loop_row_loop_proc_Pipeline_col_loop_fast_ip_hls_stream_pixel_axis_t_0_hls_stHfu' due to the length limit 80
INFO: [SYN 201-210] Renamed object name 'Loop_row_loop_proc_Pipeline_col_loop_fast_ip_hls_stream_pixel_axis_t_0_hls_stream_mask_axis_t_0_int_int_unsigned_char_line_46_RAM_AUTO_1R1W' to 'Loop_row_loop_proc_Pipeline_col_loop_fast_ip_hls_stream_pixel_axis_t_0_hls_stIfE' due to the length limit 80
INFO: [SYN 201-210] Renamed object name 'Loop_row_loop_proc_Pipeline_col_loop_fast_ip_hls_stream_pixel_axis_t_0_hls_stream_mask_axis_t_0_int_int_unsigned_char_line_39_RAM_AUTO_1R1W' to 'Loop_row_loop_proc_Pipeline_col_loop_fast_ip_hls_stream_pixel_axis_t_0_hls_stJfO' due to the length limit 80
INFO: [SYN 201-210] Renamed object name 'Loop_row_loop_proc_Pipeline_col_loop_fast_ip_hls_stream_pixel_axis_t_0_hls_stream_mask_axis_t_0_int_int_unsigned_char_line_38_RAM_AUTO_1R1W' to 'Loop_row_loop_proc_Pipeline_col_loop_fast_ip_hls_stream_pixel_axis_t_0_hls_stKfY' due to the length limit 80
INFO: [SYN 201-210] Renamed object name 'Loop_row_loop_proc_Pipeline_col_loop_fast_ip_hls_stream_pixel_axis_t_0_hls_stream_mask_axis_t_0_int_int_unsigned_char_line_37_RAM_AUTO_1R1W' to 'Loop_row_loop_proc_Pipeline_col_loop_fast_ip_hls_stream_pixel_axis_t_0_hls_stLf8' due to the length limit 80
INFO: [SYN 201-210] Renamed object name 'Loop_row_loop_proc_Pipeline_col_loop_fast_ip_hls_stream_pixel_axis_t_0_hls_stream_mask_axis_t_0_int_int_unsigned_char_line_36_RAM_AUTO_1R1W' to 'Loop_row_loop_proc_Pipeline_col_loop_fast_ip_hls_stream_pixel_axis_t_0_hls_stMgi' due to the length limit 80
INFO: [SYN 201-210] Renamed object name 'Loop_row_loop_proc_Pipeline_col_loop_fast_ip_hls_stream_pixel_axis_t_0_hls_stream_mask_axis_t_0_int_int_unsigned_char_line_35_RAM_AUTO_1R1W' to 'Loop_row_loop_proc_Pipeline_col_loop_fast_ip_hls_stream_pixel_axis_t_0_hls_stNgs' due to the length limit 80
INFO: [SYN 201-210] Renamed object name 'Loop_row_loop_proc_Pipeline_col_loop_fast_ip_hls_stream_pixel_axis_t_0_hls_stream_mask_axis_t_0_int_int_unsigned_char_line_34_RAM_AUTO_1R1W' to 'Loop_row_loop_proc_Pipeline_col_loop_fast_ip_hls_stream_pixel_axis_t_0_hls_stOgC' due to the length limit 80
INFO: [SYN 201-210] Renamed object name 'Loop_row_loop_proc_Pipeline_col_loop_fast_ip_hls_stream_pixel_axis_t_0_hls_stream_mask_axis_t_0_int_int_unsigned_char_line_33_RAM_AUTO_1R1W' to 'Loop_row_loop_proc_Pipeline_col_loop_fast_ip_hls_stream_pixel_axis_t_0_hls_stPgM' due to the length limit 80
INFO: [SYN 201-210] Renamed object name 'Loop_row_loop_proc_Pipeline_col_loop_fast_ip_hls_stream_pixel_axis_t_0_hls_stream_mask_axis_t_0_int_int_unsigned_char_line_32_RAM_AUTO_1R1W' to 'Loop_row_loop_proc_Pipeline_col_loop_fast_ip_hls_stream_pixel_axis_t_0_hls_stQgW' due to the length limit 80
INFO: [SYN 201-210] Renamed object name 'Loop_row_loop_proc_Pipeline_col_loop_fast_ip_hls_stream_pixel_axis_t_0_hls_stream_mask_axis_t_0_int_int_unsigned_char_line_45_RAM_AUTO_1R1W' to 'Loop_row_loop_proc_Pipeline_col_loop_fast_ip_hls_stream_pixel_axis_t_0_hls_stRg6' due to the length limit 80
INFO: [SYN 201-210] Renamed object name 'Loop_row_loop_proc_Pipeline_col_loop_fast_ip_hls_stream_pixel_axis_t_0_hls_stream_mask_axis_t_0_int_int_unsigned_char_line_44_RAM_AUTO_1R1W' to 'Loop_row_loop_proc_Pipeline_col_loop_fast_ip_hls_stream_pixel_axis_t_0_hls_stShg' due to the length limit 80
INFO: [SYN 201-210] Renamed object name 'Loop_row_loop_proc_Pipeline_col_loop_fast_ip_hls_stream_pixel_axis_t_0_hls_stream_mask_axis_t_0_int_int_unsigned_char_line_43_RAM_AUTO_1R1W' to 'Loop_row_loop_proc_Pipeline_col_loop_fast_ip_hls_stream_pixel_axis_t_0_hls_stThq' due to the length limit 80
INFO: [SYN 201-210] Renamed object name 'Loop_row_loop_proc_Pipeline_col_loop_fast_ip_hls_stream_pixel_axis_t_0_hls_stream_mask_axis_t_0_int_int_unsigned_char_line_42_RAM_AUTO_1R1W' to 'Loop_row_loop_proc_Pipeline_col_loop_fast_ip_hls_stream_pixel_axis_t_0_hls_stUhA' due to the length limit 80
INFO: [SYN 201-210] Renamed object name 'Loop_row_loop_proc_Pipeline_col_loop_fast_ip_hls_stream_pixel_axis_t_0_hls_stream_mask_axis_t_0_int_int_unsigned_char_line_41_RAM_AUTO_1R1W' to 'Loop_row_loop_proc_Pipeline_col_loop_fast_ip_hls_stream_pixel_axis_t_0_hls_stVhK' due to the length limit 80
INFO: [SYN 201-210] Renamed object name 'Loop_row_loop_proc_Pipeline_col_loop_fast_ip_hls_stream_pixel_axis_t_0_hls_stream_mask_axis_t_0_int_int_unsigned_char_line_40_RAM_AUTO_1R1W' to 'Loop_row_loop_proc_Pipeline_col_loop_fast_ip_hls_stream_pixel_axis_t_0_hls_stWhU' due to the length limit 80
INFO: [SYN 201-210] Renamed object name 'Loop_row_loop_proc_Pipeline_col_loop_fast_ip_hls_stream_pixel_axis_t_0_hls_stream_mask_axis_t_0_int_int_unsigned_char_line_63_RAM_AUTO_1R1W' to 'Loop_row_loop_proc_Pipeline_col_loop_fast_ip_hls_stream_pixel_axis_t_0_hls_stXh4' due to the length limit 80
INFO: [SYN 201-210] Renamed object name 'Loop_row_loop_proc_Pipeline_col_loop_fast_ip_hls_stream_pixel_axis_t_0_hls_stream_mask_axis_t_0_int_int_unsigned_char_line_62_RAM_AUTO_1R1W' to 'Loop_row_loop_proc_Pipeline_col_loop_fast_ip_hls_stream_pixel_axis_t_0_hls_stYie' due to the length limit 80
INFO: [SYN 201-210] Renamed object name 'Loop_row_loop_proc_Pipeline_col_loop_fast_ip_hls_stream_pixel_axis_t_0_hls_stream_mask_axis_t_0_int_int_unsigned_char_line_55_RAM_AUTO_1R1W' to 'Loop_row_loop_proc_Pipeline_col_loop_fast_ip_hls_stream_pixel_axis_t_0_hls_stZio' due to the length limit 80
INFO: [SYN 201-210] Renamed object name 'Loop_row_loop_proc_Pipeline_col_loop_fast_ip_hls_stream_pixel_axis_t_0_hls_stream_mask_axis_t_0_int_int_unsigned_char_line_54_RAM_AUTO_1R1W' to 'Loop_row_loop_proc_Pipeline_col_loop_fast_ip_hls_stream_pixel_axis_t_0_hls_st0iy' due to the length limit 80
INFO: [SYN 201-210] Renamed object name 'Loop_row_loop_proc_Pipeline_col_loop_fast_ip_hls_stream_pixel_axis_t_0_hls_stream_mask_axis_t_0_int_int_unsigned_char_line_53_RAM_AUTO_1R1W' to 'Loop_row_loop_proc_Pipeline_col_loop_fast_ip_hls_stream_pixel_axis_t_0_hls_st1iI' due to the length limit 80
INFO: [SYN 201-210] Renamed object name 'Loop_row_loop_proc_Pipeline_col_loop_fast_ip_hls_stream_pixel_axis_t_0_hls_stream_mask_axis_t_0_int_int_unsigned_char_line_52_RAM_AUTO_1R1W' to 'Loop_row_loop_proc_Pipeline_col_loop_fast_ip_hls_stream_pixel_axis_t_0_hls_st2iS' due to the length limit 80
INFO: [SYN 201-210] Renamed object name 'Loop_row_loop_proc_Pipeline_col_loop_fast_ip_hls_stream_pixel_axis_t_0_hls_stream_mask_axis_t_0_int_int_unsigned_char_line_51_RAM_AUTO_1R1W' to 'Loop_row_loop_proc_Pipeline_col_loop_fast_ip_hls_stream_pixel_axis_t_0_hls_st3i2' due to the length limit 80
INFO: [SYN 201-210] Renamed object name 'Loop_row_loop_proc_Pipeline_col_loop_fast_ip_hls_stream_pixel_axis_t_0_hls_stream_mask_axis_t_0_int_int_unsigned_char_line_50_RAM_AUTO_1R1W' to 'Loop_row_loop_proc_Pipeline_col_loop_fast_ip_hls_stream_pixel_axis_t_0_hls_st4jc' due to the length limit 80
INFO: [SYN 201-210] Renamed object name 'Loop_row_loop_proc_Pipeline_col_loop_fast_ip_hls_stream_pixel_axis_t_0_hls_stream_mask_axis_t_0_int_int_unsigned_char_line_49_RAM_AUTO_1R1W' to 'Loop_row_loop_proc_Pipeline_col_loop_fast_ip_hls_stream_pixel_axis_t_0_hls_st5jm' due to the length limit 80
INFO: [SYN 201-210] Renamed object name 'Loop_row_loop_proc_Pipeline_col_loop_fast_ip_hls_stream_pixel_axis_t_0_hls_stream_mask_axis_t_0_int_int_unsigned_char_line_48_RAM_AUTO_1R1W' to 'Loop_row_loop_proc_Pipeline_col_loop_fast_ip_hls_stream_pixel_axis_t_0_hls_st6jw' due to the length limit 80
INFO: [SYN 201-210] Renamed object name 'Loop_row_loop_proc_Pipeline_col_loop_fast_ip_hls_stream_pixel_axis_t_0_hls_stream_mask_axis_t_0_int_int_unsigned_char_line_61_RAM_AUTO_1R1W' to 'Loop_row_loop_proc_Pipeline_col_loop_fast_ip_hls_stream_pixel_axis_t_0_hls_st7jG' due to the length limit 80
INFO: [SYN 201-210] Renamed object name 'Loop_row_loop_proc_Pipeline_col_loop_fast_ip_hls_stream_pixel_axis_t_0_hls_stream_mask_axis_t_0_int_int_unsigned_char_line_60_RAM_AUTO_1R1W' to 'Loop_row_loop_proc_Pipeline_col_loop_fast_ip_hls_stream_pixel_axis_t_0_hls_st8jQ' due to the length limit 80
INFO: [SYN 201-210] Renamed object name 'Loop_row_loop_proc_Pipeline_col_loop_fast_ip_hls_stream_pixel_axis_t_0_hls_stream_mask_axis_t_0_int_int_unsigned_char_line_59_RAM_AUTO_1R1W' to 'Loop_row_loop_proc_Pipeline_col_loop_fast_ip_hls_stream_pixel_axis_t_0_hls_st9j0' due to the length limit 80
INFO: [SYN 201-210] Renamed object name 'Loop_row_loop_proc_Pipeline_col_loop_fast_ip_hls_stream_pixel_axis_t_0_hls_stream_mask_axis_t_0_int_int_unsigned_char_line_58_RAM_AUTO_1R1W' to 'Loop_row_loop_proc_Pipeline_col_loop_fast_ip_hls_stream_pixel_axis_t_0_hls_stbak' due to the length limit 80
INFO: [SYN 201-210] Renamed object name 'Loop_row_loop_proc_Pipeline_col_loop_fast_ip_hls_stream_pixel_axis_t_0_hls_stream_mask_axis_t_0_int_int_unsigned_char_line_57_RAM_AUTO_1R1W' to 'Loop_row_loop_proc_Pipeline_col_loop_fast_ip_hls_stream_pixel_axis_t_0_hls_stbbk' due to the length limit 80
INFO: [SYN 201-210] Renamed object name 'Loop_row_loop_proc_Pipeline_col_loop_fast_ip_hls_stream_pixel_axis_t_0_hls_stream_mask_axis_t_0_int_int_unsigned_char_line_56_RAM_AUTO_1R1W' to 'Loop_row_loop_proc_Pipeline_col_loop_fast_ip_hls_stream_pixel_axis_t_0_hls_stbck' due to the length limit 80
INFO: [SYN 201-210] Renamed object name 'Loop_row_loop_proc_Pipeline_col_loop_fast_ip_hls_stream_pixel_axis_t_0_hls_stream_mask_axis_t_0_int_int_unsigned_char_line_79_RAM_AUTO_1R1W' to 'Loop_row_loop_proc_Pipeline_col_loop_fast_ip_hls_stream_pixel_axis_t_0_hls_stbdk' due to the length limit 80
INFO: [SYN 201-210] Renamed object name 'Loop_row_loop_proc_Pipeline_col_loop_fast_ip_hls_stream_pixel_axis_t_0_hls_stream_mask_axis_t_0_int_int_unsigned_char_line_78_RAM_AUTO_1R1W' to 'Loop_row_loop_proc_Pipeline_col_loop_fast_ip_hls_stream_pixel_axis_t_0_hls_stbek' due to the length limit 80
INFO: [SYN 201-210] Renamed object name 'Loop_row_loop_proc_Pipeline_col_loop_fast_ip_hls_stream_pixel_axis_t_0_hls_stream_mask_axis_t_0_int_int_unsigned_char_line_71_RAM_AUTO_1R1W' to 'Loop_row_loop_proc_Pipeline_col_loop_fast_ip_hls_stream_pixel_axis_t_0_hls_stbfk' due to the length limit 80
INFO: [SYN 201-210] Renamed object name 'Loop_row_loop_proc_Pipeline_col_loop_fast_ip_hls_stream_pixel_axis_t_0_hls_stream_mask_axis_t_0_int_int_unsigned_char_line_70_RAM_AUTO_1R1W' to 'Loop_row_loop_proc_Pipeline_col_loop_fast_ip_hls_stream_pixel_axis_t_0_hls_stbgk' due to the length limit 80
INFO: [SYN 201-210] Renamed object name 'Loop_row_loop_proc_Pipeline_col_loop_fast_ip_hls_stream_pixel_axis_t_0_hls_stream_mask_axis_t_0_int_int_unsigned_char_line_69_RAM_AUTO_1R1W' to 'Loop_row_loop_proc_Pipeline_col_loop_fast_ip_hls_stream_pixel_axis_t_0_hls_stbhl' due to the length limit 80
INFO: [SYN 201-210] Renamed object name 'Loop_row_loop_proc_Pipeline_col_loop_fast_ip_hls_stream_pixel_axis_t_0_hls_stream_mask_axis_t_0_int_int_unsigned_char_line_68_RAM_AUTO_1R1W' to 'Loop_row_loop_proc_Pipeline_col_loop_fast_ip_hls_stream_pixel_axis_t_0_hls_stbil' due to the length limit 80
INFO: [SYN 201-210] Renamed object name 'Loop_row_loop_proc_Pipeline_col_loop_fast_ip_hls_stream_pixel_axis_t_0_hls_stream_mask_axis_t_0_int_int_unsigned_char_line_67_RAM_AUTO_1R1W' to 'Loop_row_loop_proc_Pipeline_col_loop_fast_ip_hls_stream_pixel_axis_t_0_hls_stbjl' due to the length limit 80
INFO: [SYN 201-210] Renamed object name 'Loop_row_loop_proc_Pipeline_col_loop_fast_ip_hls_stream_pixel_axis_t_0_hls_stream_mask_axis_t_0_int_int_unsigned_char_line_66_RAM_AUTO_1R1W' to 'Loop_row_loop_proc_Pipeline_col_loop_fast_ip_hls_stream_pixel_axis_t_0_hls_stbkl' due to the length limit 80
INFO: [SYN 201-210] Renamed object name 'Loop_row_loop_proc_Pipeline_col_loop_fast_ip_hls_stream_pixel_axis_t_0_hls_stream_mask_axis_t_0_int_int_unsigned_char_line_65_RAM_AUTO_1R1W' to 'Loop_row_loop_proc_Pipeline_col_loop_fast_ip_hls_stream_pixel_axis_t_0_hls_stbll' due to the length limit 80
INFO: [SYN 201-210] Renamed object name 'Loop_row_loop_proc_Pipeline_col_loop_fast_ip_hls_stream_pixel_axis_t_0_hls_stream_mask_axis_t_0_int_int_unsigned_char_line_64_RAM_AUTO_1R1W' to 'Loop_row_loop_proc_Pipeline_col_loop_fast_ip_hls_stream_pixel_axis_t_0_hls_stbml' due to the length limit 80
INFO: [SYN 201-210] Renamed object name 'Loop_row_loop_proc_Pipeline_col_loop_fast_ip_hls_stream_pixel_axis_t_0_hls_stream_mask_axis_t_0_int_int_unsigned_char_line_77_RAM_AUTO_1R1W' to 'Loop_row_loop_proc_Pipeline_col_loop_fast_ip_hls_stream_pixel_axis_t_0_hls_stbnm' due to the length limit 80
INFO: [SYN 201-210] Renamed object name 'Loop_row_loop_proc_Pipeline_col_loop_fast_ip_hls_stream_pixel_axis_t_0_hls_stream_mask_axis_t_0_int_int_unsigned_char_line_76_RAM_AUTO_1R1W' to 'Loop_row_loop_proc_Pipeline_col_loop_fast_ip_hls_stream_pixel_axis_t_0_hls_stbom' due to the length limit 80
INFO: [SYN 201-210] Renamed object name 'Loop_row_loop_proc_Pipeline_col_loop_fast_ip_hls_stream_pixel_axis_t_0_hls_stream_mask_axis_t_0_int_int_unsigned_char_line_75_RAM_AUTO_1R1W' to 'Loop_row_loop_proc_Pipeline_col_loop_fast_ip_hls_stream_pixel_axis_t_0_hls_stbpm' due to the length limit 80
INFO: [SYN 201-210] Renamed object name 'Loop_row_loop_proc_Pipeline_col_loop_fast_ip_hls_stream_pixel_axis_t_0_hls_stream_mask_axis_t_0_int_int_unsigned_char_line_74_RAM_AUTO_1R1W' to 'Loop_row_loop_proc_Pipeline_col_loop_fast_ip_hls_stream_pixel_axis_t_0_hls_stbqm' due to the length limit 80
INFO: [SYN 201-210] Renamed object name 'Loop_row_loop_proc_Pipeline_col_loop_fast_ip_hls_stream_pixel_axis_t_0_hls_stream_mask_axis_t_0_int_int_unsigned_char_line_73_RAM_AUTO_1R1W' to 'Loop_row_loop_proc_Pipeline_col_loop_fast_ip_hls_stream_pixel_axis_t_0_hls_stbrm' due to the length limit 80
INFO: [SYN 201-210] Renamed object name 'Loop_row_loop_proc_Pipeline_col_loop_fast_ip_hls_stream_pixel_axis_t_0_hls_stream_mask_axis_t_0_int_int_unsigned_char_line_72_RAM_AUTO_1R1W' to 'Loop_row_loop_proc_Pipeline_col_loop_fast_ip_hls_stream_pixel_axis_t_0_hls_stbsm' due to the length limit 80
INFO: [SYN 201-210] Renamed object name 'Loop_row_loop_proc_Pipeline_col_loop_fast_ip_hls_stream_pixel_axis_t_0_hls_stream_mask_axis_t_0_int_int_unsigned_char_line_95_RAM_AUTO_1R1W' to 'Loop_row_loop_proc_Pipeline_col_loop_fast_ip_hls_stream_pixel_axis_t_0_hls_stbtn' due to the length limit 80
INFO: [SYN 201-210] Renamed object name 'Loop_row_loop_proc_Pipeline_col_loop_fast_ip_hls_stream_pixel_axis_t_0_hls_stream_mask_axis_t_0_int_int_unsigned_char_line_94_RAM_AUTO_1R1W' to 'Loop_row_loop_proc_Pipeline_col_loop_fast_ip_hls_stream_pixel_axis_t_0_hls_stbun' due to the length limit 80
INFO: [SYN 201-210] Renamed object name 'Loop_row_loop_proc_Pipeline_col_loop_fast_ip_hls_stream_pixel_axis_t_0_hls_stream_mask_axis_t_0_int_int_unsigned_char_line_87_RAM_AUTO_1R1W' to 'Loop_row_loop_proc_Pipeline_col_loop_fast_ip_hls_stream_pixel_axis_t_0_hls_stbvn' due to the length limit 80
INFO: [SYN 201-210] Renamed object name 'Loop_row_loop_proc_Pipeline_col_loop_fast_ip_hls_stream_pixel_axis_t_0_hls_stream_mask_axis_t_0_int_int_unsigned_char_line_86_RAM_AUTO_1R1W' to 'Loop_row_loop_proc_Pipeline_col_loop_fast_ip_hls_stream_pixel_axis_t_0_hls_stbwn' due to the length limit 80
INFO: [SYN 201-210] Renamed object name 'Loop_row_loop_proc_Pipeline_col_loop_fast_ip_hls_stream_pixel_axis_t_0_hls_stream_mask_axis_t_0_int_int_unsigned_char_line_85_RAM_AUTO_1R1W' to 'Loop_row_loop_proc_Pipeline_col_loop_fast_ip_hls_stream_pixel_axis_t_0_hls_stbxn' due to the length limit 80
INFO: [SYN 201-210] Renamed object name 'Loop_row_loop_proc_Pipeline_col_loop_fast_ip_hls_stream_pixel_axis_t_0_hls_stream_mask_axis_t_0_int_int_unsigned_char_line_84_RAM_AUTO_1R1W' to 'Loop_row_loop_proc_Pipeline_col_loop_fast_ip_hls_stream_pixel_axis_t_0_hls_stbyn' due to the length limit 80
INFO: [SYN 201-210] Renamed object name 'Loop_row_loop_proc_Pipeline_col_loop_fast_ip_hls_stream_pixel_axis_t_0_hls_stream_mask_axis_t_0_int_int_unsigned_char_line_83_RAM_AUTO_1R1W' to 'Loop_row_loop_proc_Pipeline_col_loop_fast_ip_hls_stream_pixel_axis_t_0_hls_stbzo' due to the length limit 80
INFO: [SYN 201-210] Renamed object name 'Loop_row_loop_proc_Pipeline_col_loop_fast_ip_hls_stream_pixel_axis_t_0_hls_stream_mask_axis_t_0_int_int_unsigned_char_line_82_RAM_AUTO_1R1W' to 'Loop_row_loop_proc_Pipeline_col_loop_fast_ip_hls_stream_pixel_axis_t_0_hls_stbAo' due to the length limit 80
INFO: [SYN 201-210] Renamed object name 'Loop_row_loop_proc_Pipeline_col_loop_fast_ip_hls_stream_pixel_axis_t_0_hls_stream_mask_axis_t_0_int_int_unsigned_char_line_81_RAM_AUTO_1R1W' to 'Loop_row_loop_proc_Pipeline_col_loop_fast_ip_hls_stream_pixel_axis_t_0_hls_stbBo' due to the length limit 80
INFO: [SYN 201-210] Renamed object name 'Loop_row_loop_proc_Pipeline_col_loop_fast_ip_hls_stream_pixel_axis_t_0_hls_stream_mask_axis_t_0_int_int_unsigned_char_line_80_RAM_AUTO_1R1W' to 'Loop_row_loop_proc_Pipeline_col_loop_fast_ip_hls_stream_pixel_axis_t_0_hls_stbCo' due to the length limit 80
INFO: [SYN 201-210] Renamed object name 'Loop_row_loop_proc_Pipeline_col_loop_fast_ip_hls_stream_pixel_axis_t_0_hls_stream_mask_axis_t_0_int_int_unsigned_char_line_93_RAM_AUTO_1R1W' to 'Loop_row_loop_proc_Pipeline_col_loop_fast_ip_hls_stream_pixel_axis_t_0_hls_stbDo' due to the length limit 80
INFO: [SYN 201-210] Renamed object name 'Loop_row_loop_proc_Pipeline_col_loop_fast_ip_hls_stream_pixel_axis_t_0_hls_stream_mask_axis_t_0_int_int_unsigned_char_line_92_RAM_AUTO_1R1W' to 'Loop_row_loop_proc_Pipeline_col_loop_fast_ip_hls_stream_pixel_axis_t_0_hls_stbEo' due to the length limit 80
INFO: [SYN 201-210] Renamed object name 'Loop_row_loop_proc_Pipeline_col_loop_fast_ip_hls_stream_pixel_axis_t_0_hls_stream_mask_axis_t_0_int_int_unsigned_char_line_91_RAM_AUTO_1R1W' to 'Loop_row_loop_proc_Pipeline_col_loop_fast_ip_hls_stream_pixel_axis_t_0_hls_stbFp' due to the length limit 80
INFO: [SYN 201-210] Renamed object name 'Loop_row_loop_proc_Pipeline_col_loop_fast_ip_hls_stream_pixel_axis_t_0_hls_stream_mask_axis_t_0_int_int_unsigned_char_line_90_RAM_AUTO_1R1W' to 'Loop_row_loop_proc_Pipeline_col_loop_fast_ip_hls_stream_pixel_axis_t_0_hls_stbGp' due to the length limit 80
INFO: [SYN 201-210] Renamed object name 'Loop_row_loop_proc_Pipeline_col_loop_fast_ip_hls_stream_pixel_axis_t_0_hls_stream_mask_axis_t_0_int_int_unsigned_char_line_89_RAM_AUTO_1R1W' to 'Loop_row_loop_proc_Pipeline_col_loop_fast_ip_hls_stream_pixel_axis_t_0_hls_stbHp' due to the length limit 80
INFO: [SYN 201-210] Renamed object name 'Loop_row_loop_proc_Pipeline_col_loop_fast_ip_hls_stream_pixel_axis_t_0_hls_stream_mask_axis_t_0_int_int_unsigned_char_line_88_RAM_AUTO_1R1W' to 'Loop_row_loop_proc_Pipeline_col_loop_fast_ip_hls_stream_pixel_axis_t_0_hls_stbIp' due to the length limit 80
INFO: [SYN 201-210] Renamed object name 'Loop_row_loop_proc_Pipeline_col_loop_fast_ip_hls_stream_pixel_axis_t_0_hls_stream_mask_axis_t_0_int_int_unsigned_char_line_11_10_RAM_AUTO_1R1W' to 'Loop_row_loop_proc_Pipeline_col_loop_fast_ip_hls_stream_pixel_axis_t_0_hls_stbJp' due to the length limit 80
INFO: [SYN 201-210] Renamed object name 'Loop_row_loop_proc_Pipeline_col_loop_fast_ip_hls_stream_pixel_axis_t_0_hls_stream_mask_axis_t_0_int_int_unsigned_char_line_11_9_RAM_AUTO_1R1W' to 'Loop_row_loop_proc_Pipeline_col_loop_fast_ip_hls_stream_pixel_axis_t_0_hls_stbKp' due to the length limit 80
INFO: [SYN 201-210] Renamed object name 'Loop_row_loop_proc_Pipeline_col_loop_fast_ip_hls_stream_pixel_axis_t_0_hls_stream_mask_axis_t_0_int_int_unsigned_char_line_11_RAM_AUTO_1R1W' to 'Loop_row_loop_proc_Pipeline_col_loop_fast_ip_hls_stream_pixel_axis_t_0_hls_stbLp' due to the length limit 80
INFO: [SYN 201-210] Renamed object name 'Loop_row_loop_proc_Pipeline_col_loop_fast_ip_hls_stream_pixel_axis_t_0_hls_stream_mask_axis_t_0_int_int_unsigned_char_line_12_1_RAM_AUTO_1R1W' to 'Loop_row_loop_proc_Pipeline_col_loop_fast_ip_hls_stream_pixel_axis_t_0_hls_stbMq' due to the length limit 80
INFO: [SYN 201-210] Renamed object name 'Loop_row_loop_proc_Pipeline_col_loop_fast_ip_hls_stream_pixel_axis_t_0_hls_stream_mask_axis_t_0_int_int_unsigned_char_line_12_0_RAM_AUTO_1R1W' to 'Loop_row_loop_proc_Pipeline_col_loop_fast_ip_hls_stream_pixel_axis_t_0_hls_stbNq' due to the length limit 80
INFO: [SYN 201-210] Renamed object name 'Loop_row_loop_proc_Pipeline_col_loop_fast_ip_hls_stream_pixel_axis_t_0_hls_stream_mask_axis_t_0_int_int_unsigned_char_line_12_RAM_AUTO_1R1W' to 'Loop_row_loop_proc_Pipeline_col_loop_fast_ip_hls_stream_pixel_axis_t_0_hls_stbOq' due to the length limit 80
INFO: [SYN 201-210] Renamed object name 'Loop_row_loop_proc_Pipeline_col_loop_fast_ip_hls_stream_pixel_axis_t_0_hls_stream_mask_axis_t_0_int_int_unsigned_char_line_99_RAM_AUTO_1R1W' to 'Loop_row_loop_proc_Pipeline_col_loop_fast_ip_hls_stream_pixel_axis_t_0_hls_stbPq' due to the length limit 80
INFO: [SYN 201-210] Renamed object name 'Loop_row_loop_proc_Pipeline_col_loop_fast_ip_hls_stream_pixel_axis_t_0_hls_stream_mask_axis_t_0_int_int_unsigned_char_line_98_RAM_AUTO_1R1W' to 'Loop_row_loop_proc_Pipeline_col_loop_fast_ip_hls_stream_pixel_axis_t_0_hls_stbQq' due to the length limit 80
INFO: [SYN 201-210] Renamed object name 'Loop_row_loop_proc_Pipeline_col_loop_fast_ip_hls_stream_pixel_axis_t_0_hls_stream_mask_axis_t_0_int_int_unsigned_char_line_97_RAM_AUTO_1R1W' to 'Loop_row_loop_proc_Pipeline_col_loop_fast_ip_hls_stream_pixel_axis_t_0_hls_stbRq' due to the length limit 80
INFO: [SYN 201-210] Renamed object name 'Loop_row_loop_proc_Pipeline_col_loop_fast_ip_hls_stream_pixel_axis_t_0_hls_stream_mask_axis_t_0_int_int_unsigned_char_line_96_RAM_AUTO_1R1W' to 'Loop_row_loop_proc_Pipeline_col_loop_fast_ip_hls_stream_pixel_axis_t_0_hls_stbSr' due to the length limit 80
INFO: [SYN 201-210] Renamed object name 'Loop_row_loop_proc_Pipeline_col_loop_fast_ip_hls_stream_pixel_axis_t_0_hls_stream_mask_axis_t_0_int_int_unsigned_char_line_11_8_RAM_AUTO_1R1W' to 'Loop_row_loop_proc_Pipeline_col_loop_fast_ip_hls_stream_pixel_axis_t_0_hls_stbTr' due to the length limit 80
INFO: [SYN 201-210] Renamed object name 'Loop_row_loop_proc_Pipeline_col_loop_fast_ip_hls_stream_pixel_axis_t_0_hls_stream_mask_axis_t_0_int_int_unsigned_char_line_11_7_RAM_AUTO_1R1W' to 'Loop_row_loop_proc_Pipeline_col_loop_fast_ip_hls_stream_pixel_axis_t_0_hls_stbUr' due to the length limit 80
INFO: [SYN 201-210] Renamed object name 'Loop_row_loop_proc_Pipeline_col_loop_fast_ip_hls_stream_pixel_axis_t_0_hls_stream_mask_axis_t_0_int_int_unsigned_char_line_11_6_RAM_AUTO_1R1W' to 'Loop_row_loop_proc_Pipeline_col_loop_fast_ip_hls_stream_pixel_axis_t_0_hls_stbVr' due to the length limit 80
INFO: [SYN 201-210] Renamed object name 'Loop_row_loop_proc_Pipeline_col_loop_fast_ip_hls_stream_pixel_axis_t_0_hls_stream_mask_axis_t_0_int_int_unsigned_char_line_11_5_RAM_AUTO_1R1W' to 'Loop_row_loop_proc_Pipeline_col_loop_fast_ip_hls_stream_pixel_axis_t_0_hls_stbWr' due to the length limit 80
INFO: [SYN 201-210] Renamed object name 'Loop_row_loop_proc_Pipeline_col_loop_fast_ip_hls_stream_pixel_axis_t_0_hls_stream_mask_axis_t_0_int_int_unsigned_char_line_11_4_RAM_AUTO_1R1W' to 'Loop_row_loop_proc_Pipeline_col_loop_fast_ip_hls_stream_pixel_axis_t_0_hls_stbXr' due to the length limit 80
INFO: [SYN 201-210] Renamed object name 'Loop_row_loop_proc_Pipeline_col_loop_fast_ip_hls_stream_pixel_axis_t_0_hls_stream_mask_axis_t_0_int_int_unsigned_char_line_11_3_RAM_AUTO_1R1W' to 'Loop_row_loop_proc_Pipeline_col_loop_fast_ip_hls_stream_pixel_axis_t_0_hls_stbYs' due to the length limit 80
INFO: [HLS 200-1030] Apply Unified Pipeline Control on module 'Loop_row_loop_proc_Pipeline_col_loop' pipeline 'col_loop' pipeline type 'loop pipeline'
INFO: [RTGEN 206-100] Generating core module 'sparsemux_33_4_8_1_1': 20 instance(s).
INFO: [RTGEN 206-100] Finished creating RTL model for 'Loop_row_loop_proc_Pipeline_col_loop'.
INFO: [RTMG 210-278] Implementing memory 'fast_ip_Loop_row_loop_proc_Pipeline_col_loop_fast_ip_hls_stream_pixel_axis_t_0_hls_stbkb' using auto RAMs.
INFO: [RTMG 210-278] Implementing memory 'fast_ip_Loop_row_loop_proc_Pipeline_col_loop_fast_ip_hls_stream_pixel_axis_t_0_hls_stbJp' using auto RAMs.
INFO: [HLS 200-111] Finished Creating RTL model: CPU user time: 0 seconds. CPU system time: 0 seconds. Elapsed time: 15.945 seconds; current allocated memory: 271.832 MB.
INFO: [HLS 200-10] ----------------------------------------------------------------
INFO: [HLS 200-10] -- Generating RTL for module 'Loop_row_loop_proc' 
INFO: [HLS 200-10] ----------------------------------------------------------------
INFO: [RTGEN 206-100] Finished creating RTL model for 'Loop_row_loop_proc'.
INFO: [HLS 200-111] Finished Creating RTL model: CPU user time: 1 seconds. CPU system time: 1 seconds. Elapsed time: 2.155 seconds; current allocated memory: 296.766 MB.
INFO: [HLS 200-10] ----------------------------------------------------------------
INFO: [HLS 200-10] -- Generating RTL for module 'fast_ip' 
INFO: [HLS 200-10] ----------------------------------------------------------------
WARNING: [RTGEN 206-101] Design contains AXI ports. Reset is fixed to synchronous and active low.
INFO: [RTGEN 206-500] Setting interface mode on port 'fast_ip/src_axi' to 'axis' (register, both mode).
INFO: [RTGEN 206-500] Setting interface mode on port 'fast_ip/dst_axi' to 'axis' (register, both mode).
INFO: [RTGEN 206-500] Setting interface mode on port 'fast_ip/img_width' to 's_axilite & ap_none'.
INFO: [RTGEN 206-500] Setting interface mode on port 'fast_ip/img_height' to 's_axilite & ap_none'.
INFO: [RTGEN 206-500] Setting interface mode on port 'fast_ip/threshold' to 's_axilite & ap_none'.
INFO: [RTGEN 206-500] Setting interface mode on function 'fast_ip' to 's_axilite & ap_ctrl_hs'.
INFO: [RTGEN 206-100] Bundling port 'img_width', 'img_height', 'threshold' and 'return' to AXI-Lite port CONTROL_BUS.
INFO: [RTGEN 206-100] Finished creating RTL model for 'fast_ip'.
INFO: [RTMG 210-285] Implementing FIFO 'threshold_c_U(fast_ip_fifo_w8_d3_S)' using Shift Registers.
INFO: [RTMG 210-285] Implementing FIFO 'img_width_c_U(fast_ip_fifo_w32_d2_S)' using Shift Registers.
INFO: [RTMG 210-285] Implementing FIFO 'img_height_c_U(fast_ip_fifo_w32_d2_S)' using Shift Registers.
INFO: [RTMG 210-285] Implementing FIFO 'sub_loc_channel_U(fast_ip_fifo_w32_d2_S)' using Shift Registers.
INFO: [RTMG 210-285] Implementing FIFO 'sub23_loc_channel_U(fast_ip_fifo_w32_d2_S)' using Shift Registers.
INFO: [RTMG 210-285] Implementing FIFO 'cmp267_loc_channel_U(fast_ip_fifo_w1_d2_S)' using Shift Registers.
INFO: [HLS 200-111] Finished Creating RTL model: CPU user time: 0 seconds. CPU system time: 0 seconds. Elapsed time: 0.575 seconds; current allocated memory: 296.766 MB.
INFO: [HLS 200-111] Finished Generating all RTL models: CPU user time: 0 seconds. CPU system time: 0 seconds. Elapsed time: 0.699 seconds; current allocated memory: 298.418 MB.
INFO: [HLS 200-111] Finished Updating report files: CPU user time: 0 seconds. CPU system time: 0 seconds. Elapsed time: 1.265 seconds; current allocated memory: 308.941 MB.
INFO: [VHDL 208-304] Generating VHDL RTL for fast_ip.
INFO: [VLOG 209-307] Generating Verilog RTL for fast_ip.
INFO: [HLS 200-790] **** Loop Constraint Status: All loop constraints were satisfied.
INFO: [HLS 200-789] **** Estimated Fmax: 139.70 MHz
INFO: [HLS 200-112] Total CPU user time: 5 seconds. Total CPU system time: 1 seconds. Total elapsed time: 51.135 seconds; peak allocated memory: 309.301 MB.
INFO: [v++ 60-791] Total elapsed time: 0h 0m 55s
