  **** HLS Build v2024.2 5238294
INFO: [HLS 200-2005] Using work_dir C:/Users/ariqf/Kuliah/KP/Workspace/fast_ip/fast_ip 
INFO: [HLS 200-1505] Using default flow_target 'vivado'
Resolution: For help on HLS 200-1505 see docs.xilinx.com/access/sources/dita/topic?Doc_Version=2024.2%20English&url=ug1448-hls-guidance&resourceid=200-1505.html
INFO: [HLS 200-1465] Applying ini 'syn.file=C:/Users/ariqf/Kuliah/KP/Workspace/fast_ip/fast_ip.cpp' from C:/Users/ariqf/Kuliah/KP/Workspace/fast_ip/hls_config.cfg(8)
INFO: [HLS 200-10] Adding design file 'C:/Users/ariqf/Kuliah/KP/Workspace/fast_ip/fast_ip.cpp' to the project
INFO: [HLS 200-1465] Applying ini 'syn.file=C:/Users/ariqf/Kuliah/KP/Workspace/fast_ip/fast_ip.h' from C:/Users/ariqf/Kuliah/KP/Workspace/fast_ip/hls_config.cfg(9)
INFO: [HLS 200-10] Adding design file 'C:/Users/ariqf/Kuliah/KP/Workspace/fast_ip/fast_ip.h' to the project
INFO: [HLS 200-1465] Applying ini 'tb.file=C:/Users/ariqf/Kuliah/KP/Workspace/fast_ip/fast_ip_tb.cpp' from C:/Users/ariqf/Kuliah/KP/Workspace/fast_ip/hls_config.cfg(10)
INFO: [HLS 200-10] Adding test bench file 'C:/Users/ariqf/Kuliah/KP/Workspace/fast_ip/fast_ip_tb.cpp' to the project
INFO: [HLS 200-1465] Applying ini 'syn.top=fast_ip' from C:/Users/ariqf/Kuliah/KP/Workspace/fast_ip/hls_config.cfg(11)
INFO: [HLS 200-1465] Applying ini 'flow_target=vivado' from C:/Users/ariqf/Kuliah/KP/Workspace/fast_ip/hls_config.cfg(4)
INFO: [HLS 200-1505] Using flow_target 'vivado'
Resolution: For help on HLS 200-1505 see docs.xilinx.com/access/sources/dita/topic?Doc_Version=2024.2%20English&url=ug1448-hls-guidance&resourceid=200-1505.html
INFO: [HLS 200-1465] Applying ini 'part=xc7z020clg484-1' from C:/Users/ariqf/Kuliah/KP/Workspace/fast_ip/hls_config.cfg(1)
INFO: [HLS 200-1611] Setting target device to 'xc7z020-clg484-1'
INFO: [HLS 200-1465] Applying ini 'clock=10ns' from C:/Users/ariqf/Kuliah/KP/Workspace/fast_ip/hls_config.cfg(7)
INFO: [SYN 201-201] Setting up clock 'default' with a period of 10ns.
INFO: [HLS 200-1465] Applying ini 'package.output.format=ip_catalog' from C:/Users/ariqf/Kuliah/KP/Workspace/fast_ip/hls_config.cfg(5)
INFO: [HLS 200-111] Finished File checks and directory preparation: CPU user time: 0 seconds. CPU system time: 0 seconds. Elapsed time: 4.703 seconds; current allocated memory: 162.020 MB.
INFO: [HLS 200-10] Analyzing design file 'fast_ip.cpp' ... 
INFO: [HLS 200-111] Finished Source Code Analysis and Preprocessing: CPU user time: 0 seconds. CPU system time: 0 seconds. Elapsed time: 4.317 seconds; current allocated memory: 165.262 MB.
INFO: [HLS 200-777] Using interface defaults for 'Vivado' flow target.
INFO: [HLS 200-1995] There were 515 instructions in the design after the 'Compile/Link' phase of compilation. See the Design Size Report for more details: C:/Users/ariqf/Kuliah/KP/Workspace/fast_ip/fast_ip/hls/syn/report/csynth_design_size.rpt
INFO: [HLS 200-1995] There were 1,553 instructions in the design after the 'Unroll/Inline (step 1)' phase of compilation. See the Design Size Report for more details: C:/Users/ariqf/Kuliah/KP/Workspace/fast_ip/fast_ip/hls/syn/report/csynth_design_size.rpt
INFO: [HLS 200-1995] There were 594 instructions in the design after the 'Unroll/Inline (step 2)' phase of compilation. See the Design Size Report for more details: C:/Users/ariqf/Kuliah/KP/Workspace/fast_ip/fast_ip/hls/syn/report/csynth_design_size.rpt
INFO: [HLS 200-1995] There were 589 instructions in the design after the 'Unroll/Inline (step 3)' phase of compilation. See the Design Size Report for more details: C:/Users/ariqf/Kuliah/KP/Workspace/fast_ip/fast_ip/hls/syn/report/csynth_design_size.rpt
INFO: [HLS 200-1995] There were 589 instructions in the design after the 'Unroll/Inline (step 4)' phase of compilation. See the Design Size Report for more details: C:/Users/ariqf/Kuliah/KP/Workspace/fast_ip/fast_ip/hls/syn/report/csynth_design_size.rpt
INFO: [HLS 200-1995] There were 3,880 instructions in the design after the 'Array/Struct (step 1)' phase of compilation. See the Design Size Report for more details: C:/Users/ariqf/Kuliah/KP/Workspace/fast_ip/fast_ip/hls/syn/report/csynth_design_size.rpt
INFO: [HLS 200-1995] There were 1,661 instructions in the design after the 'Array/Struct (step 2)' phase of compilation. See the Design Size Report for more details: C:/Users/ariqf/Kuliah/KP/Workspace/fast_ip/fast_ip/hls/syn/report/csynth_design_size.rpt
INFO: [HLS 200-1995] There were 1,661 instructions in the design after the 'Array/Struct (step 3)' phase of compilation. See the Design Size Report for more details: C:/Users/ariqf/Kuliah/KP/Workspace/fast_ip/fast_ip/hls/syn/report/csynth_design_size.rpt
INFO: [HLS 200-1995] There were 1,661 instructions in the design after the 'Array/Struct (step 4)' phase of compilation. See the Design Size Report for more details: C:/Users/ariqf/Kuliah/KP/Workspace/fast_ip/fast_ip/hls/syn/report/csynth_design_size.rpt
INFO: [HLS 200-1995] There were 1,691 instructions in the design after the 'Array/Struct (step 5)' phase of compilation. See the Design Size Report for more details: C:/Users/ariqf/Kuliah/KP/Workspace/fast_ip/fast_ip/hls/syn/report/csynth_design_size.rpt
INFO: [HLS 200-1995] There were 1,693 instructions in the design after the 'Performance (step 1)' phase of compilation. See the Design Size Report for more details: C:/Users/ariqf/Kuliah/KP/Workspace/fast_ip/fast_ip/hls/syn/report/csynth_design_size.rpt
INFO: [HLS 200-1995] There were 1,627 instructions in the design after the 'Performance (step 2)' phase of compilation. See the Design Size Report for more details: C:/Users/ariqf/Kuliah/KP/Workspace/fast_ip/fast_ip/hls/syn/report/csynth_design_size.rpt
INFO: [HLS 200-1995] There were 1,595 instructions in the design after the 'Performance (step 3)' phase of compilation. See the Design Size Report for more details: C:/Users/ariqf/Kuliah/KP/Workspace/fast_ip/fast_ip/hls/syn/report/csynth_design_size.rpt
INFO: [HLS 200-1995] There were 1,595 instructions in the design after the 'Performance (step 4)' phase of compilation. See the Design Size Report for more details: C:/Users/ariqf/Kuliah/KP/Workspace/fast_ip/fast_ip/hls/syn/report/csynth_design_size.rpt
INFO: [HLS 200-1995] There were 1,557 instructions in the design after the 'HW Transforms (step 1)' phase of compilation. See the Design Size Report for more details: C:/Users/ariqf/Kuliah/KP/Workspace/fast_ip/fast_ip/hls/syn/report/csynth_design_size.rpt
INFO: [HLS 200-1995] There were 1,556 instructions in the design after the 'HW Transforms (step 2)' phase of compilation. See the Design Size Report for more details: C:/Users/ariqf/Kuliah/KP/Workspace/fast_ip/fast_ip/hls/syn/report/csynth_design_size.rpt
INFO: [HLS 214-291] Loop 'VITIS_LOOP_36_1' is marked as complete unroll implied by the pipeline pragma (fast_ip.cpp:36:30)
INFO: [HLS 214-291] Loop 'VITIS_LOOP_43_2' is marked as complete unroll implied by the pipeline pragma (fast_ip.cpp:43:34)
INFO: [HLS 214-291] Loop 'VITIS_LOOP_61_3' is marked as complete unroll implied by the pipeline pragma (fast_ip.cpp:61:19)
INFO: [HLS 214-291] Loop 'VITIS_LOOP_69_4' is marked as complete unroll implied by the pipeline pragma (fast_ip.cpp:69:34)
INFO: [HLS 214-291] Loop 'VITIS_LOOP_73_5' is marked as complete unroll implied by the pipeline pragma (fast_ip.cpp:73:38)
INFO: [HLS 214-186] Unrolling loop 'VITIS_LOOP_36_1' (fast_ip.cpp:36:30) in function 'fast_ip' completely with a factor of 6 (fast_ip.cpp:9:0)
INFO: [HLS 214-186] Unrolling loop 'VITIS_LOOP_43_2' (fast_ip.cpp:43:34) in function 'fast_ip' completely with a factor of 16 (fast_ip.cpp:9:0)
INFO: [HLS 214-186] Unrolling loop 'VITIS_LOOP_61_3' (fast_ip.cpp:61:19) in function 'fast_ip' completely with a factor of 16 (fast_ip.cpp:9:0)
INFO: [HLS 214-186] Unrolling loop 'VITIS_LOOP_69_4' (fast_ip.cpp:69:34) in function 'fast_ip' completely with a factor of 16 (fast_ip.cpp:9:0)
INFO: [HLS 214-186] Unrolling loop 'VITIS_LOOP_73_5' (fast_ip.cpp:73:38) in function 'fast_ip' completely with a factor of 12 (fast_ip.cpp:9:0)
INFO: [HLS 214-248] Applying array_partition to '_ZZ7fast_ipRN3hls6streamINS_4axisI7ap_uintILi32EELm0ELm0ELm0ELh56ELb0EEELi0EEES6_iihE8line_buf': Complete partitioning on dimension 1. Cyclic partitioning with factor 16 on dimension 2. (fast_ip.cpp:19:0)
INFO: [HLS 200-111] Finished Compiling Optimization and Transform: CPU user time: 0 seconds. CPU system time: 0 seconds. Elapsed time: 8.342 seconds; current allocated memory: 167.102 MB.
INFO: [HLS 200-111] Finished Checking Pragmas: CPU user time: 0 seconds. CPU system time: 0 seconds. Elapsed time: 0.003 seconds; current allocated memory: 167.102 MB.
INFO: [HLS 200-10] Starting code transformations ...
INFO: [HLS 200-111] Finished Standard Transforms: CPU user time: 0 seconds. CPU system time: 0 seconds. Elapsed time: 0.158 seconds; current allocated memory: 173.484 MB.
INFO: [HLS 200-10] Checking synthesizability ...
INFO: [HLS 200-111] Finished Checking Synthesizability: CPU user time: 0 seconds. CPU system time: 0 seconds. Elapsed time: 0.132 seconds; current allocated memory: 176.234 MB.
INFO: [XFORM 203-401] Performing if-conversion on hyperblock from (fast_ip.cpp:42:19) to (fast_ip.cpp:29:12) in function 'fast_ip'... converting 3 basic blocks.
INFO: [XFORM 203-11] Balancing expressions in function 'fast_ip' (fast_ip.cpp:3:40)...194 expression(s) balanced.
INFO: [HLS 200-111] Finished Loop, function and other optimizations: CPU user time: 0 seconds. CPU system time: 0 seconds. Elapsed time: 0.499 seconds; current allocated memory: 200.777 MB.
INFO: [HLS 200-111] Finished Architecture Synthesis: CPU user time: 0 seconds. CPU system time: 0 seconds. Elapsed time: 0.388 seconds; current allocated memory: 206.992 MB.
INFO: [HLS 200-10] Starting hardware synthesis ...
INFO: [HLS 200-10] Synthesizing 'fast_ip' ...
INFO: [HLS 200-10] ----------------------------------------------------------------
INFO: [HLS 200-42] -- Implementing module 'fast_ip_Pipeline_col_loop' 
INFO: [HLS 200-10] ----------------------------------------------------------------
INFO: [SCHED 204-11] Starting scheduling ...
INFO: [SCHED 204-61] Pipelining loop 'col_loop'.
INFO: [HLS 200-1470] Pipelining result : Target II = 1, Final II = 1, Depth = 5, loop 'col_loop'
INFO: [SCHED 204-11] Finished scheduling.
INFO: [HLS 200-111] Finished Scheduling: CPU user time: 3 seconds. CPU system time: 0 seconds. Elapsed time: 10.802 seconds; current allocated memory: 239.996 MB.
INFO: [BIND 205-100] Starting micro-architecture generation ...
INFO: [BIND 205-101] Performing variable lifetime analysis.
INFO: [BIND 205-101] Exploring resource sharing.
INFO: [BIND 205-101] Binding ...
INFO: [BIND 205-100] Finished micro-architecture generation.
INFO: [HLS 200-111] Finished Binding: CPU user time: 0 seconds. CPU system time: 0 seconds. Elapsed time: 0.383 seconds; current allocated memory: 239.996 MB.
INFO: [HLS 200-10] ----------------------------------------------------------------
INFO: [HLS 200-42] -- Implementing module 'fast_ip' 
INFO: [HLS 200-10] ----------------------------------------------------------------
INFO: [SCHED 204-11] Starting scheduling ...
INFO: [SCHED 204-11] Finished scheduling.
INFO: [HLS 200-111] Finished Scheduling: CPU user time: 0 seconds. CPU system time: 0 seconds. Elapsed time: 0.31 seconds; current allocated memory: 239.996 MB.
INFO: [BIND 205-100] Starting micro-architecture generation ...
INFO: [BIND 205-101] Performing variable lifetime analysis.
INFO: [BIND 205-101] Exploring resource sharing.
INFO: [BIND 205-101] Binding ...
INFO: [BIND 205-100] Finished micro-architecture generation.
INFO: [HLS 200-111] Finished Binding: CPU user time: 0 seconds. CPU system time: 0 seconds. Elapsed time: 0.12 seconds; current allocated memory: 239.996 MB.
INFO: [HLS 200-10] ----------------------------------------------------------------
INFO: [HLS 200-10] -- Generating RTL for module 'fast_ip_Pipeline_col_loop' 
INFO: [HLS 200-10] ----------------------------------------------------------------
INFO: [SYN 201-210] Renamed object name 'fast_ip_Pipeline_col_loop_p_ZZ7fast_ipRN3hls6streamINS_4axisI7ap_uintILi32EELm0ELm0ELm0ELh56ELb0EEELi0EEES6_15_RAM_AUTO_1R1W' to 'fast_ip_Pipeline_col_loop_p_ZZ7fast_ipRN3hls6streamINS_4axisI7ap_uintILi32EELbkb' due to the length limit 80
INFO: [SYN 201-210] Renamed object name 'fast_ip_Pipeline_col_loop_p_ZZ7fast_ipRN3hls6streamINS_4axisI7ap_uintILi32EELm0ELm0ELm0ELh56ELb0EEELi0EEES6_14_RAM_AUTO_1R1W' to 'fast_ip_Pipeline_col_loop_p_ZZ7fast_ipRN3hls6streamINS_4axisI7ap_uintILi32EELcud' due to the length limit 80
INFO: [SYN 201-210] Renamed object name 'fast_ip_Pipeline_col_loop_p_ZZ7fast_ipRN3hls6streamINS_4axisI7ap_uintILi32EELm0ELm0ELm0ELh56ELb0EEELi0EEES6_7_RAM_AUTO_1R1W' to 'fast_ip_Pipeline_col_loop_p_ZZ7fast_ipRN3hls6streamINS_4axisI7ap_uintILi32EELdEe' due to the length limit 80
INFO: [SYN 201-210] Renamed object name 'fast_ip_Pipeline_col_loop_p_ZZ7fast_ipRN3hls6streamINS_4axisI7ap_uintILi32EELm0ELm0ELm0ELh56ELb0EEELi0EEES6_6_RAM_AUTO_1R1W' to 'fast_ip_Pipeline_col_loop_p_ZZ7fast_ipRN3hls6streamINS_4axisI7ap_uintILi32EELeOg' due to the length limit 80
INFO: [SYN 201-210] Renamed object name 'fast_ip_Pipeline_col_loop_p_ZZ7fast_ipRN3hls6streamINS_4axisI7ap_uintILi32EELm0ELm0ELm0ELh56ELb0EEELi0EEES6_5_RAM_AUTO_1R1W' to 'fast_ip_Pipeline_col_loop_p_ZZ7fast_ipRN3hls6streamINS_4axisI7ap_uintILi32EELfYi' due to the length limit 80
INFO: [SYN 201-210] Renamed object name 'fast_ip_Pipeline_col_loop_p_ZZ7fast_ipRN3hls6streamINS_4axisI7ap_uintILi32EELm0ELm0ELm0ELh56ELb0EEELi0EEES6_4_RAM_AUTO_1R1W' to 'fast_ip_Pipeline_col_loop_p_ZZ7fast_ipRN3hls6streamINS_4axisI7ap_uintILi32EELg8j' due to the length limit 80
INFO: [SYN 201-210] Renamed object name 'fast_ip_Pipeline_col_loop_p_ZZ7fast_ipRN3hls6streamINS_4axisI7ap_uintILi32EELm0ELm0ELm0ELh56ELb0EEELi0EEES6_3_RAM_AUTO_1R1W' to 'fast_ip_Pipeline_col_loop_p_ZZ7fast_ipRN3hls6streamINS_4axisI7ap_uintILi32EELhbi' due to the length limit 80
INFO: [SYN 201-210] Renamed object name 'fast_ip_Pipeline_col_loop_p_ZZ7fast_ipRN3hls6streamINS_4axisI7ap_uintILi32EELm0ELm0ELm0ELh56ELb0EEELi0EEES6_2_RAM_AUTO_1R1W' to 'fast_ip_Pipeline_col_loop_p_ZZ7fast_ipRN3hls6streamINS_4axisI7ap_uintILi32EELibs' due to the length limit 80
INFO: [SYN 201-210] Renamed object name 'fast_ip_Pipeline_col_loop_p_ZZ7fast_ipRN3hls6streamINS_4axisI7ap_uintILi32EELm0ELm0ELm0ELh56ELb0EEELi0EEES6_1_RAM_AUTO_1R1W' to 'fast_ip_Pipeline_col_loop_p_ZZ7fast_ipRN3hls6streamINS_4axisI7ap_uintILi32EELjbC' due to the length limit 80
INFO: [SYN 201-210] Renamed object name 'fast_ip_Pipeline_col_loop_p_ZZ7fast_ipRN3hls6streamINS_4axisI7ap_uintILi32EELm0ELm0ELm0ELh56ELb0EEELi0EEES6_RAM_AUTO_1R1W' to 'fast_ip_Pipeline_col_loop_p_ZZ7fast_ipRN3hls6streamINS_4axisI7ap_uintILi32EELkbM' due to the length limit 80
INFO: [SYN 201-210] Renamed object name 'fast_ip_Pipeline_col_loop_p_ZZ7fast_ipRN3hls6streamINS_4axisI7ap_uintILi32EELm0ELm0ELm0ELh56ELb0EEELi0EEES6_13_RAM_AUTO_1R1W' to 'fast_ip_Pipeline_col_loop_p_ZZ7fast_ipRN3hls6streamINS_4axisI7ap_uintILi32EELlbW' due to the length limit 80
INFO: [SYN 201-210] Renamed object name 'fast_ip_Pipeline_col_loop_p_ZZ7fast_ipRN3hls6streamINS_4axisI7ap_uintILi32EELm0ELm0ELm0ELh56ELb0EEELi0EEES6_12_RAM_AUTO_1R1W' to 'fast_ip_Pipeline_col_loop_p_ZZ7fast_ipRN3hls6streamINS_4axisI7ap_uintILi32EELmb6' due to the length limit 80
INFO: [SYN 201-210] Renamed object name 'fast_ip_Pipeline_col_loop_p_ZZ7fast_ipRN3hls6streamINS_4axisI7ap_uintILi32EELm0ELm0ELm0ELh56ELb0EEELi0EEES6_11_RAM_AUTO_1R1W' to 'fast_ip_Pipeline_col_loop_p_ZZ7fast_ipRN3hls6streamINS_4axisI7ap_uintILi32EELncg' due to the length limit 80
INFO: [SYN 201-210] Renamed object name 'fast_ip_Pipeline_col_loop_p_ZZ7fast_ipRN3hls6streamINS_4axisI7ap_uintILi32EELm0ELm0ELm0ELh56ELb0EEELi0EEES6_10_RAM_AUTO_1R1W' to 'fast_ip_Pipeline_col_loop_p_ZZ7fast_ipRN3hls6streamINS_4axisI7ap_uintILi32EELocq' due to the length limit 80
INFO: [SYN 201-210] Renamed object name 'fast_ip_Pipeline_col_loop_p_ZZ7fast_ipRN3hls6streamINS_4axisI7ap_uintILi32EELm0ELm0ELm0ELh56ELb0EEELi0EEES6_9_RAM_AUTO_1R1W' to 'fast_ip_Pipeline_col_loop_p_ZZ7fast_ipRN3hls6streamINS_4axisI7ap_uintILi32EELpcA' due to the length limit 80
INFO: [SYN 201-210] Renamed object name 'fast_ip_Pipeline_col_loop_p_ZZ7fast_ipRN3hls6streamINS_4axisI7ap_uintILi32EELm0ELm0ELm0ELh56ELb0EEELi0EEES6_8_RAM_AUTO_1R1W' to 'fast_ip_Pipeline_col_loop_p_ZZ7fast_ipRN3hls6streamINS_4axisI7ap_uintILi32EELqcK' due to the length limit 80
INFO: [SYN 201-210] Renamed object name 'fast_ip_Pipeline_col_loop_p_ZZ7fast_ipRN3hls6streamINS_4axisI7ap_uintILi32EELm0ELm0ELm0ELh56ELb0EEELi0EEES6_31_RAM_AUTO_1R1W' to 'fast_ip_Pipeline_col_loop_p_ZZ7fast_ipRN3hls6streamINS_4axisI7ap_uintILi32EELrcU' due to the length limit 80
INFO: [SYN 201-210] Renamed object name 'fast_ip_Pipeline_col_loop_p_ZZ7fast_ipRN3hls6streamINS_4axisI7ap_uintILi32EELm0ELm0ELm0ELh56ELb0EEELi0EEES6_30_RAM_AUTO_1R1W' to 'fast_ip_Pipeline_col_loop_p_ZZ7fast_ipRN3hls6streamINS_4axisI7ap_uintILi32EELsc4' due to the length limit 80
INFO: [SYN 201-210] Renamed object name 'fast_ip_Pipeline_col_loop_p_ZZ7fast_ipRN3hls6streamINS_4axisI7ap_uintILi32EELm0ELm0ELm0ELh56ELb0EEELi0EEES6_23_RAM_AUTO_1R1W' to 'fast_ip_Pipeline_col_loop_p_ZZ7fast_ipRN3hls6streamINS_4axisI7ap_uintILi32EELtde' due to the length limit 80
INFO: [SYN 201-210] Renamed object name 'fast_ip_Pipeline_col_loop_p_ZZ7fast_ipRN3hls6streamINS_4axisI7ap_uintILi32EELm0ELm0ELm0ELh56ELb0EEELi0EEES6_22_RAM_AUTO_1R1W' to 'fast_ip_Pipeline_col_loop_p_ZZ7fast_ipRN3hls6streamINS_4axisI7ap_uintILi32EELudo' due to the length limit 80
INFO: [SYN 201-210] Renamed object name 'fast_ip_Pipeline_col_loop_p_ZZ7fast_ipRN3hls6streamINS_4axisI7ap_uintILi32EELm0ELm0ELm0ELh56ELb0EEELi0EEES6_21_RAM_AUTO_1R1W' to 'fast_ip_Pipeline_col_loop_p_ZZ7fast_ipRN3hls6streamINS_4axisI7ap_uintILi32EELvdy' due to the length limit 80
INFO: [SYN 201-210] Renamed object name 'fast_ip_Pipeline_col_loop_p_ZZ7fast_ipRN3hls6streamINS_4axisI7ap_uintILi32EELm0ELm0ELm0ELh56ELb0EEELi0EEES6_20_RAM_AUTO_1R1W' to 'fast_ip_Pipeline_col_loop_p_ZZ7fast_ipRN3hls6streamINS_4axisI7ap_uintILi32EELwdI' due to the length limit 80
INFO: [SYN 201-210] Renamed object name 'fast_ip_Pipeline_col_loop_p_ZZ7fast_ipRN3hls6streamINS_4axisI7ap_uintILi32EELm0ELm0ELm0ELh56ELb0EEELi0EEES6_19_RAM_AUTO_1R1W' to 'fast_ip_Pipeline_col_loop_p_ZZ7fast_ipRN3hls6streamINS_4axisI7ap_uintILi32EELxdS' due to the length limit 80
INFO: [SYN 201-210] Renamed object name 'fast_ip_Pipeline_col_loop_p_ZZ7fast_ipRN3hls6streamINS_4axisI7ap_uintILi32EELm0ELm0ELm0ELh56ELb0EEELi0EEES6_18_RAM_AUTO_1R1W' to 'fast_ip_Pipeline_col_loop_p_ZZ7fast_ipRN3hls6streamINS_4axisI7ap_uintILi32EELyd2' due to the length limit 80
INFO: [SYN 201-210] Renamed object name 'fast_ip_Pipeline_col_loop_p_ZZ7fast_ipRN3hls6streamINS_4axisI7ap_uintILi32EELm0ELm0ELm0ELh56ELb0EEELi0EEES6_17_RAM_AUTO_1R1W' to 'fast_ip_Pipeline_col_loop_p_ZZ7fast_ipRN3hls6streamINS_4axisI7ap_uintILi32EELzec' due to the length limit 80
INFO: [SYN 201-210] Renamed object name 'fast_ip_Pipeline_col_loop_p_ZZ7fast_ipRN3hls6streamINS_4axisI7ap_uintILi32EELm0ELm0ELm0ELh56ELb0EEELi0EEES6_16_RAM_AUTO_1R1W' to 'fast_ip_Pipeline_col_loop_p_ZZ7fast_ipRN3hls6streamINS_4axisI7ap_uintILi32EELAem' due to the length limit 80
INFO: [SYN 201-210] Renamed object name 'fast_ip_Pipeline_col_loop_p_ZZ7fast_ipRN3hls6streamINS_4axisI7ap_uintILi32EELm0ELm0ELm0ELh56ELb0EEELi0EEES6_29_RAM_AUTO_1R1W' to 'fast_ip_Pipeline_col_loop_p_ZZ7fast_ipRN3hls6streamINS_4axisI7ap_uintILi32EELBew' due to the length limit 80
INFO: [SYN 201-210] Renamed object name 'fast_ip_Pipeline_col_loop_p_ZZ7fast_ipRN3hls6streamINS_4axisI7ap_uintILi32EELm0ELm0ELm0ELh56ELb0EEELi0EEES6_28_RAM_AUTO_1R1W' to 'fast_ip_Pipeline_col_loop_p_ZZ7fast_ipRN3hls6streamINS_4axisI7ap_uintILi32EELCeG' due to the length limit 80
INFO: [SYN 201-210] Renamed object name 'fast_ip_Pipeline_col_loop_p_ZZ7fast_ipRN3hls6streamINS_4axisI7ap_uintILi32EELm0ELm0ELm0ELh56ELb0EEELi0EEES6_27_RAM_AUTO_1R1W' to 'fast_ip_Pipeline_col_loop_p_ZZ7fast_ipRN3hls6streamINS_4axisI7ap_uintILi32EELDeQ' due to the length limit 80
INFO: [SYN 201-210] Renamed object name 'fast_ip_Pipeline_col_loop_p_ZZ7fast_ipRN3hls6streamINS_4axisI7ap_uintILi32EELm0ELm0ELm0ELh56ELb0EEELi0EEES6_26_RAM_AUTO_1R1W' to 'fast_ip_Pipeline_col_loop_p_ZZ7fast_ipRN3hls6streamINS_4axisI7ap_uintILi32EELEe0' due to the length limit 80
INFO: [SYN 201-210] Renamed object name 'fast_ip_Pipeline_col_loop_p_ZZ7fast_ipRN3hls6streamINS_4axisI7ap_uintILi32EELm0ELm0ELm0ELh56ELb0EEELi0EEES6_25_RAM_AUTO_1R1W' to 'fast_ip_Pipeline_col_loop_p_ZZ7fast_ipRN3hls6streamINS_4axisI7ap_uintILi32EELFfa' due to the length limit 80
INFO: [SYN 201-210] Renamed object name 'fast_ip_Pipeline_col_loop_p_ZZ7fast_ipRN3hls6streamINS_4axisI7ap_uintILi32EELm0ELm0ELm0ELh56ELb0EEELi0EEES6_24_RAM_AUTO_1R1W' to 'fast_ip_Pipeline_col_loop_p_ZZ7fast_ipRN3hls6streamINS_4axisI7ap_uintILi32EELGfk' due to the length limit 80
INFO: [SYN 201-210] Renamed object name 'fast_ip_Pipeline_col_loop_p_ZZ7fast_ipRN3hls6streamINS_4axisI7ap_uintILi32EELm0ELm0ELm0ELh56ELb0EEELi0EEES6_47_RAM_AUTO_1R1W' to 'fast_ip_Pipeline_col_loop_p_ZZ7fast_ipRN3hls6streamINS_4axisI7ap_uintILi32EELHfu' due to the length limit 80
INFO: [SYN 201-210] Renamed object name 'fast_ip_Pipeline_col_loop_p_ZZ7fast_ipRN3hls6streamINS_4axisI7ap_uintILi32EELm0ELm0ELm0ELh56ELb0EEELi0EEES6_46_RAM_AUTO_1R1W' to 'fast_ip_Pipeline_col_loop_p_ZZ7fast_ipRN3hls6streamINS_4axisI7ap_uintILi32EELIfE' due to the length limit 80
INFO: [SYN 201-210] Renamed object name 'fast_ip_Pipeline_col_loop_p_ZZ7fast_ipRN3hls6streamINS_4axisI7ap_uintILi32EELm0ELm0ELm0ELh56ELb0EEELi0EEES6_39_RAM_AUTO_1R1W' to 'fast_ip_Pipeline_col_loop_p_ZZ7fast_ipRN3hls6streamINS_4axisI7ap_uintILi32EELJfO' due to the length limit 80
INFO: [SYN 201-210] Renamed object name 'fast_ip_Pipeline_col_loop_p_ZZ7fast_ipRN3hls6streamINS_4axisI7ap_uintILi32EELm0ELm0ELm0ELh56ELb0EEELi0EEES6_38_RAM_AUTO_1R1W' to 'fast_ip_Pipeline_col_loop_p_ZZ7fast_ipRN3hls6streamINS_4axisI7ap_uintILi32EELKfY' due to the length limit 80
INFO: [SYN 201-210] Renamed object name 'fast_ip_Pipeline_col_loop_p_ZZ7fast_ipRN3hls6streamINS_4axisI7ap_uintILi32EELm0ELm0ELm0ELh56ELb0EEELi0EEES6_37_RAM_AUTO_1R1W' to 'fast_ip_Pipeline_col_loop_p_ZZ7fast_ipRN3hls6streamINS_4axisI7ap_uintILi32EELLf8' due to the length limit 80
INFO: [SYN 201-210] Renamed object name 'fast_ip_Pipeline_col_loop_p_ZZ7fast_ipRN3hls6streamINS_4axisI7ap_uintILi32EELm0ELm0ELm0ELh56ELb0EEELi0EEES6_36_RAM_AUTO_1R1W' to 'fast_ip_Pipeline_col_loop_p_ZZ7fast_ipRN3hls6streamINS_4axisI7ap_uintILi32EELMgi' due to the length limit 80
INFO: [SYN 201-210] Renamed object name 'fast_ip_Pipeline_col_loop_p_ZZ7fast_ipRN3hls6streamINS_4axisI7ap_uintILi32EELm0ELm0ELm0ELh56ELb0EEELi0EEES6_35_RAM_AUTO_1R1W' to 'fast_ip_Pipeline_col_loop_p_ZZ7fast_ipRN3hls6streamINS_4axisI7ap_uintILi32EELNgs' due to the length limit 80
INFO: [SYN 201-210] Renamed object name 'fast_ip_Pipeline_col_loop_p_ZZ7fast_ipRN3hls6streamINS_4axisI7ap_uintILi32EELm0ELm0ELm0ELh56ELb0EEELi0EEES6_34_RAM_AUTO_1R1W' to 'fast_ip_Pipeline_col_loop_p_ZZ7fast_ipRN3hls6streamINS_4axisI7ap_uintILi32EELOgC' due to the length limit 80
INFO: [SYN 201-210] Renamed object name 'fast_ip_Pipeline_col_loop_p_ZZ7fast_ipRN3hls6streamINS_4axisI7ap_uintILi32EELm0ELm0ELm0ELh56ELb0EEELi0EEES6_33_RAM_AUTO_1R1W' to 'fast_ip_Pipeline_col_loop_p_ZZ7fast_ipRN3hls6streamINS_4axisI7ap_uintILi32EELPgM' due to the length limit 80
INFO: [SYN 201-210] Renamed object name 'fast_ip_Pipeline_col_loop_p_ZZ7fast_ipRN3hls6streamINS_4axisI7ap_uintILi32EELm0ELm0ELm0ELh56ELb0EEELi0EEES6_32_RAM_AUTO_1R1W' to 'fast_ip_Pipeline_col_loop_p_ZZ7fast_ipRN3hls6streamINS_4axisI7ap_uintILi32EELQgW' due to the length limit 80
INFO: [SYN 201-210] Renamed object name 'fast_ip_Pipeline_col_loop_p_ZZ7fast_ipRN3hls6streamINS_4axisI7ap_uintILi32EELm0ELm0ELm0ELh56ELb0EEELi0EEES6_45_RAM_AUTO_1R1W' to 'fast_ip_Pipeline_col_loop_p_ZZ7fast_ipRN3hls6streamINS_4axisI7ap_uintILi32EELRg6' due to the length limit 80
INFO: [SYN 201-210] Renamed object name 'fast_ip_Pipeline_col_loop_p_ZZ7fast_ipRN3hls6streamINS_4axisI7ap_uintILi32EELm0ELm0ELm0ELh56ELb0EEELi0EEES6_44_RAM_AUTO_1R1W' to 'fast_ip_Pipeline_col_loop_p_ZZ7fast_ipRN3hls6streamINS_4axisI7ap_uintILi32EELShg' due to the length limit 80
INFO: [SYN 201-210] Renamed object name 'fast_ip_Pipeline_col_loop_p_ZZ7fast_ipRN3hls6streamINS_4axisI7ap_uintILi32EELm0ELm0ELm0ELh56ELb0EEELi0EEES6_43_RAM_AUTO_1R1W' to 'fast_ip_Pipeline_col_loop_p_ZZ7fast_ipRN3hls6streamINS_4axisI7ap_uintILi32EELThq' due to the length limit 80
INFO: [SYN 201-210] Renamed object name 'fast_ip_Pipeline_col_loop_p_ZZ7fast_ipRN3hls6streamINS_4axisI7ap_uintILi32EELm0ELm0ELm0ELh56ELb0EEELi0EEES6_42_RAM_AUTO_1R1W' to 'fast_ip_Pipeline_col_loop_p_ZZ7fast_ipRN3hls6streamINS_4axisI7ap_uintILi32EELUhA' due to the length limit 80
INFO: [SYN 201-210] Renamed object name 'fast_ip_Pipeline_col_loop_p_ZZ7fast_ipRN3hls6streamINS_4axisI7ap_uintILi32EELm0ELm0ELm0ELh56ELb0EEELi0EEES6_41_RAM_AUTO_1R1W' to 'fast_ip_Pipeline_col_loop_p_ZZ7fast_ipRN3hls6streamINS_4axisI7ap_uintILi32EELVhK' due to the length limit 80
INFO: [SYN 201-210] Renamed object name 'fast_ip_Pipeline_col_loop_p_ZZ7fast_ipRN3hls6streamINS_4axisI7ap_uintILi32EELm0ELm0ELm0ELh56ELb0EEELi0EEES6_40_RAM_AUTO_1R1W' to 'fast_ip_Pipeline_col_loop_p_ZZ7fast_ipRN3hls6streamINS_4axisI7ap_uintILi32EELWhU' due to the length limit 80
INFO: [SYN 201-210] Renamed object name 'fast_ip_Pipeline_col_loop_p_ZZ7fast_ipRN3hls6streamINS_4axisI7ap_uintILi32EELm0ELm0ELm0ELh56ELb0EEELi0EEES6_63_RAM_AUTO_1R1W' to 'fast_ip_Pipeline_col_loop_p_ZZ7fast_ipRN3hls6streamINS_4axisI7ap_uintILi32EELXh4' due to the length limit 80
INFO: [SYN 201-210] Renamed object name 'fast_ip_Pipeline_col_loop_p_ZZ7fast_ipRN3hls6streamINS_4axisI7ap_uintILi32EELm0ELm0ELm0ELh56ELb0EEELi0EEES6_62_RAM_AUTO_1R1W' to 'fast_ip_Pipeline_col_loop_p_ZZ7fast_ipRN3hls6streamINS_4axisI7ap_uintILi32EELYie' due to the length limit 80
INFO: [SYN 201-210] Renamed object name 'fast_ip_Pipeline_col_loop_p_ZZ7fast_ipRN3hls6streamINS_4axisI7ap_uintILi32EELm0ELm0ELm0ELh56ELb0EEELi0EEES6_55_RAM_AUTO_1R1W' to 'fast_ip_Pipeline_col_loop_p_ZZ7fast_ipRN3hls6streamINS_4axisI7ap_uintILi32EELZio' due to the length limit 80
INFO: [SYN 201-210] Renamed object name 'fast_ip_Pipeline_col_loop_p_ZZ7fast_ipRN3hls6streamINS_4axisI7ap_uintILi32EELm0ELm0ELm0ELh56ELb0EEELi0EEES6_54_RAM_AUTO_1R1W' to 'fast_ip_Pipeline_col_loop_p_ZZ7fast_ipRN3hls6streamINS_4axisI7ap_uintILi32EEL0iy' due to the length limit 80
INFO: [SYN 201-210] Renamed object name 'fast_ip_Pipeline_col_loop_p_ZZ7fast_ipRN3hls6streamINS_4axisI7ap_uintILi32EELm0ELm0ELm0ELh56ELb0EEELi0EEES6_53_RAM_AUTO_1R1W' to 'fast_ip_Pipeline_col_loop_p_ZZ7fast_ipRN3hls6streamINS_4axisI7ap_uintILi32EEL1iI' due to the length limit 80
INFO: [SYN 201-210] Renamed object name 'fast_ip_Pipeline_col_loop_p_ZZ7fast_ipRN3hls6streamINS_4axisI7ap_uintILi32EELm0ELm0ELm0ELh56ELb0EEELi0EEES6_52_RAM_AUTO_1R1W' to 'fast_ip_Pipeline_col_loop_p_ZZ7fast_ipRN3hls6streamINS_4axisI7ap_uintILi32EEL2iS' due to the length limit 80
INFO: [SYN 201-210] Renamed object name 'fast_ip_Pipeline_col_loop_p_ZZ7fast_ipRN3hls6streamINS_4axisI7ap_uintILi32EELm0ELm0ELm0ELh56ELb0EEELi0EEES6_51_RAM_AUTO_1R1W' to 'fast_ip_Pipeline_col_loop_p_ZZ7fast_ipRN3hls6streamINS_4axisI7ap_uintILi32EEL3i2' due to the length limit 80
INFO: [SYN 201-210] Renamed object name 'fast_ip_Pipeline_col_loop_p_ZZ7fast_ipRN3hls6streamINS_4axisI7ap_uintILi32EELm0ELm0ELm0ELh56ELb0EEELi0EEES6_50_RAM_AUTO_1R1W' to 'fast_ip_Pipeline_col_loop_p_ZZ7fast_ipRN3hls6streamINS_4axisI7ap_uintILi32EEL4jc' due to the length limit 80
INFO: [SYN 201-210] Renamed object name 'fast_ip_Pipeline_col_loop_p_ZZ7fast_ipRN3hls6streamINS_4axisI7ap_uintILi32EELm0ELm0ELm0ELh56ELb0EEELi0EEES6_49_RAM_AUTO_1R1W' to 'fast_ip_Pipeline_col_loop_p_ZZ7fast_ipRN3hls6streamINS_4axisI7ap_uintILi32EEL5jm' due to the length limit 80
INFO: [SYN 201-210] Renamed object name 'fast_ip_Pipeline_col_loop_p_ZZ7fast_ipRN3hls6streamINS_4axisI7ap_uintILi32EELm0ELm0ELm0ELh56ELb0EEELi0EEES6_48_RAM_AUTO_1R1W' to 'fast_ip_Pipeline_col_loop_p_ZZ7fast_ipRN3hls6streamINS_4axisI7ap_uintILi32EEL6jw' due to the length limit 80
INFO: [SYN 201-210] Renamed object name 'fast_ip_Pipeline_col_loop_p_ZZ7fast_ipRN3hls6streamINS_4axisI7ap_uintILi32EELm0ELm0ELm0ELh56ELb0EEELi0EEES6_61_RAM_AUTO_1R1W' to 'fast_ip_Pipeline_col_loop_p_ZZ7fast_ipRN3hls6streamINS_4axisI7ap_uintILi32EEL7jG' due to the length limit 80
INFO: [SYN 201-210] Renamed object name 'fast_ip_Pipeline_col_loop_p_ZZ7fast_ipRN3hls6streamINS_4axisI7ap_uintILi32EELm0ELm0ELm0ELh56ELb0EEELi0EEES6_60_RAM_AUTO_1R1W' to 'fast_ip_Pipeline_col_loop_p_ZZ7fast_ipRN3hls6streamINS_4axisI7ap_uintILi32EEL8jQ' due to the length limit 80
INFO: [SYN 201-210] Renamed object name 'fast_ip_Pipeline_col_loop_p_ZZ7fast_ipRN3hls6streamINS_4axisI7ap_uintILi32EELm0ELm0ELm0ELh56ELb0EEELi0EEES6_59_RAM_AUTO_1R1W' to 'fast_ip_Pipeline_col_loop_p_ZZ7fast_ipRN3hls6streamINS_4axisI7ap_uintILi32EEL9j0' due to the length limit 80
INFO: [SYN 201-210] Renamed object name 'fast_ip_Pipeline_col_loop_p_ZZ7fast_ipRN3hls6streamINS_4axisI7ap_uintILi32EELm0ELm0ELm0ELh56ELb0EEELi0EEES6_58_RAM_AUTO_1R1W' to 'fast_ip_Pipeline_col_loop_p_ZZ7fast_ipRN3hls6streamINS_4axisI7ap_uintILi32EELbak' due to the length limit 80
INFO: [SYN 201-210] Renamed object name 'fast_ip_Pipeline_col_loop_p_ZZ7fast_ipRN3hls6streamINS_4axisI7ap_uintILi32EELm0ELm0ELm0ELh56ELb0EEELi0EEES6_57_RAM_AUTO_1R1W' to 'fast_ip_Pipeline_col_loop_p_ZZ7fast_ipRN3hls6streamINS_4axisI7ap_uintILi32EELbbk' due to the length limit 80
INFO: [SYN 201-210] Renamed object name 'fast_ip_Pipeline_col_loop_p_ZZ7fast_ipRN3hls6streamINS_4axisI7ap_uintILi32EELm0ELm0ELm0ELh56ELb0EEELi0EEES6_56_RAM_AUTO_1R1W' to 'fast_ip_Pipeline_col_loop_p_ZZ7fast_ipRN3hls6streamINS_4axisI7ap_uintILi32EELbck' due to the length limit 80
INFO: [SYN 201-210] Renamed object name 'fast_ip_Pipeline_col_loop_p_ZZ7fast_ipRN3hls6streamINS_4axisI7ap_uintILi32EELm0ELm0ELm0ELh56ELb0EEELi0EEES6_79_RAM_AUTO_1R1W' to 'fast_ip_Pipeline_col_loop_p_ZZ7fast_ipRN3hls6streamINS_4axisI7ap_uintILi32EELbdk' due to the length limit 80
INFO: [SYN 201-210] Renamed object name 'fast_ip_Pipeline_col_loop_p_ZZ7fast_ipRN3hls6streamINS_4axisI7ap_uintILi32EELm0ELm0ELm0ELh56ELb0EEELi0EEES6_78_RAM_AUTO_1R1W' to 'fast_ip_Pipeline_col_loop_p_ZZ7fast_ipRN3hls6streamINS_4axisI7ap_uintILi32EELbek' due to the length limit 80
INFO: [SYN 201-210] Renamed object name 'fast_ip_Pipeline_col_loop_p_ZZ7fast_ipRN3hls6streamINS_4axisI7ap_uintILi32EELm0ELm0ELm0ELh56ELb0EEELi0EEES6_71_RAM_AUTO_1R1W' to 'fast_ip_Pipeline_col_loop_p_ZZ7fast_ipRN3hls6streamINS_4axisI7ap_uintILi32EELbfk' due to the length limit 80
INFO: [SYN 201-210] Renamed object name 'fast_ip_Pipeline_col_loop_p_ZZ7fast_ipRN3hls6streamINS_4axisI7ap_uintILi32EELm0ELm0ELm0ELh56ELb0EEELi0EEES6_70_RAM_AUTO_1R1W' to 'fast_ip_Pipeline_col_loop_p_ZZ7fast_ipRN3hls6streamINS_4axisI7ap_uintILi32EELbgk' due to the length limit 80
INFO: [SYN 201-210] Renamed object name 'fast_ip_Pipeline_col_loop_p_ZZ7fast_ipRN3hls6streamINS_4axisI7ap_uintILi32EELm0ELm0ELm0ELh56ELb0EEELi0EEES6_69_RAM_AUTO_1R1W' to 'fast_ip_Pipeline_col_loop_p_ZZ7fast_ipRN3hls6streamINS_4axisI7ap_uintILi32EELbhl' due to the length limit 80
INFO: [SYN 201-210] Renamed object name 'fast_ip_Pipeline_col_loop_p_ZZ7fast_ipRN3hls6streamINS_4axisI7ap_uintILi32EELm0ELm0ELm0ELh56ELb0EEELi0EEES6_68_RAM_AUTO_1R1W' to 'fast_ip_Pipeline_col_loop_p_ZZ7fast_ipRN3hls6streamINS_4axisI7ap_uintILi32EELbil' due to the length limit 80
INFO: [SYN 201-210] Renamed object name 'fast_ip_Pipeline_col_loop_p_ZZ7fast_ipRN3hls6streamINS_4axisI7ap_uintILi32EELm0ELm0ELm0ELh56ELb0EEELi0EEES6_67_RAM_AUTO_1R1W' to 'fast_ip_Pipeline_col_loop_p_ZZ7fast_ipRN3hls6streamINS_4axisI7ap_uintILi32EELbjl' due to the length limit 80
INFO: [SYN 201-210] Renamed object name 'fast_ip_Pipeline_col_loop_p_ZZ7fast_ipRN3hls6streamINS_4axisI7ap_uintILi32EELm0ELm0ELm0ELh56ELb0EEELi0EEES6_66_RAM_AUTO_1R1W' to 'fast_ip_Pipeline_col_loop_p_ZZ7fast_ipRN3hls6streamINS_4axisI7ap_uintILi32EELbkl' due to the length limit 80
INFO: [SYN 201-210] Renamed object name 'fast_ip_Pipeline_col_loop_p_ZZ7fast_ipRN3hls6streamINS_4axisI7ap_uintILi32EELm0ELm0ELm0ELh56ELb0EEELi0EEES6_65_RAM_AUTO_1R1W' to 'fast_ip_Pipeline_col_loop_p_ZZ7fast_ipRN3hls6streamINS_4axisI7ap_uintILi32EELbll' due to the length limit 80
INFO: [SYN 201-210] Renamed object name 'fast_ip_Pipeline_col_loop_p_ZZ7fast_ipRN3hls6streamINS_4axisI7ap_uintILi32EELm0ELm0ELm0ELh56ELb0EEELi0EEES6_64_RAM_AUTO_1R1W' to 'fast_ip_Pipeline_col_loop_p_ZZ7fast_ipRN3hls6streamINS_4axisI7ap_uintILi32EELbml' due to the length limit 80
INFO: [SYN 201-210] Renamed object name 'fast_ip_Pipeline_col_loop_p_ZZ7fast_ipRN3hls6streamINS_4axisI7ap_uintILi32EELm0ELm0ELm0ELh56ELb0EEELi0EEES6_77_RAM_AUTO_1R1W' to 'fast_ip_Pipeline_col_loop_p_ZZ7fast_ipRN3hls6streamINS_4axisI7ap_uintILi32EELbnm' due to the length limit 80
INFO: [SYN 201-210] Renamed object name 'fast_ip_Pipeline_col_loop_p_ZZ7fast_ipRN3hls6streamINS_4axisI7ap_uintILi32EELm0ELm0ELm0ELh56ELb0EEELi0EEES6_76_RAM_AUTO_1R1W' to 'fast_ip_Pipeline_col_loop_p_ZZ7fast_ipRN3hls6streamINS_4axisI7ap_uintILi32EELbom' due to the length limit 80
INFO: [SYN 201-210] Renamed object name 'fast_ip_Pipeline_col_loop_p_ZZ7fast_ipRN3hls6streamINS_4axisI7ap_uintILi32EELm0ELm0ELm0ELh56ELb0EEELi0EEES6_75_RAM_AUTO_1R1W' to 'fast_ip_Pipeline_col_loop_p_ZZ7fast_ipRN3hls6streamINS_4axisI7ap_uintILi32EELbpm' due to the length limit 80
INFO: [SYN 201-210] Renamed object name 'fast_ip_Pipeline_col_loop_p_ZZ7fast_ipRN3hls6streamINS_4axisI7ap_uintILi32EELm0ELm0ELm0ELh56ELb0EEELi0EEES6_74_RAM_AUTO_1R1W' to 'fast_ip_Pipeline_col_loop_p_ZZ7fast_ipRN3hls6streamINS_4axisI7ap_uintILi32EELbqm' due to the length limit 80
INFO: [SYN 201-210] Renamed object name 'fast_ip_Pipeline_col_loop_p_ZZ7fast_ipRN3hls6streamINS_4axisI7ap_uintILi32EELm0ELm0ELm0ELh56ELb0EEELi0EEES6_73_RAM_AUTO_1R1W' to 'fast_ip_Pipeline_col_loop_p_ZZ7fast_ipRN3hls6streamINS_4axisI7ap_uintILi32EELbrm' due to the length limit 80
INFO: [SYN 201-210] Renamed object name 'fast_ip_Pipeline_col_loop_p_ZZ7fast_ipRN3hls6streamINS_4axisI7ap_uintILi32EELm0ELm0ELm0ELh56ELb0EEELi0EEES6_72_RAM_AUTO_1R1W' to 'fast_ip_Pipeline_col_loop_p_ZZ7fast_ipRN3hls6streamINS_4axisI7ap_uintILi32EELbsm' due to the length limit 80
INFO: [SYN 201-210] Renamed object name 'fast_ip_Pipeline_col_loop_p_ZZ7fast_ipRN3hls6streamINS_4axisI7ap_uintILi32EELm0ELm0ELm0ELh56ELb0EEELi0EEES6_95_RAM_AUTO_1R1W' to 'fast_ip_Pipeline_col_loop_p_ZZ7fast_ipRN3hls6streamINS_4axisI7ap_uintILi32EELbtn' due to the length limit 80
INFO: [SYN 201-210] Renamed object name 'fast_ip_Pipeline_col_loop_p_ZZ7fast_ipRN3hls6streamINS_4axisI7ap_uintILi32EELm0ELm0ELm0ELh56ELb0EEELi0EEES6_94_RAM_AUTO_1R1W' to 'fast_ip_Pipeline_col_loop_p_ZZ7fast_ipRN3hls6streamINS_4axisI7ap_uintILi32EELbun' due to the length limit 80
INFO: [SYN 201-210] Renamed object name 'fast_ip_Pipeline_col_loop_p_ZZ7fast_ipRN3hls6streamINS_4axisI7ap_uintILi32EELm0ELm0ELm0ELh56ELb0EEELi0EEES6_87_RAM_AUTO_1R1W' to 'fast_ip_Pipeline_col_loop_p_ZZ7fast_ipRN3hls6streamINS_4axisI7ap_uintILi32EELbvn' due to the length limit 80
INFO: [SYN 201-210] Renamed object name 'fast_ip_Pipeline_col_loop_p_ZZ7fast_ipRN3hls6streamINS_4axisI7ap_uintILi32EELm0ELm0ELm0ELh56ELb0EEELi0EEES6_86_RAM_AUTO_1R1W' to 'fast_ip_Pipeline_col_loop_p_ZZ7fast_ipRN3hls6streamINS_4axisI7ap_uintILi32EELbwn' due to the length limit 80
INFO: [SYN 201-210] Renamed object name 'fast_ip_Pipeline_col_loop_p_ZZ7fast_ipRN3hls6streamINS_4axisI7ap_uintILi32EELm0ELm0ELm0ELh56ELb0EEELi0EEES6_85_RAM_AUTO_1R1W' to 'fast_ip_Pipeline_col_loop_p_ZZ7fast_ipRN3hls6streamINS_4axisI7ap_uintILi32EELbxn' due to the length limit 80
INFO: [SYN 201-210] Renamed object name 'fast_ip_Pipeline_col_loop_p_ZZ7fast_ipRN3hls6streamINS_4axisI7ap_uintILi32EELm0ELm0ELm0ELh56ELb0EEELi0EEES6_84_RAM_AUTO_1R1W' to 'fast_ip_Pipeline_col_loop_p_ZZ7fast_ipRN3hls6streamINS_4axisI7ap_uintILi32EELbyn' due to the length limit 80
INFO: [SYN 201-210] Renamed object name 'fast_ip_Pipeline_col_loop_p_ZZ7fast_ipRN3hls6streamINS_4axisI7ap_uintILi32EELm0ELm0ELm0ELh56ELb0EEELi0EEES6_83_RAM_AUTO_1R1W' to 'fast_ip_Pipeline_col_loop_p_ZZ7fast_ipRN3hls6streamINS_4axisI7ap_uintILi32EELbzo' due to the length limit 80
INFO: [SYN 201-210] Renamed object name 'fast_ip_Pipeline_col_loop_p_ZZ7fast_ipRN3hls6streamINS_4axisI7ap_uintILi32EELm0ELm0ELm0ELh56ELb0EEELi0EEES6_82_RAM_AUTO_1R1W' to 'fast_ip_Pipeline_col_loop_p_ZZ7fast_ipRN3hls6streamINS_4axisI7ap_uintILi32EELbAo' due to the length limit 80
INFO: [SYN 201-210] Renamed object name 'fast_ip_Pipeline_col_loop_p_ZZ7fast_ipRN3hls6streamINS_4axisI7ap_uintILi32EELm0ELm0ELm0ELh56ELb0EEELi0EEES6_81_RAM_AUTO_1R1W' to 'fast_ip_Pipeline_col_loop_p_ZZ7fast_ipRN3hls6streamINS_4axisI7ap_uintILi32EELbBo' due to the length limit 80
INFO: [SYN 201-210] Renamed object name 'fast_ip_Pipeline_col_loop_p_ZZ7fast_ipRN3hls6streamINS_4axisI7ap_uintILi32EELm0ELm0ELm0ELh56ELb0EEELi0EEES6_80_RAM_AUTO_1R1W' to 'fast_ip_Pipeline_col_loop_p_ZZ7fast_ipRN3hls6streamINS_4axisI7ap_uintILi32EELbCo' due to the length limit 80
INFO: [SYN 201-210] Renamed object name 'fast_ip_Pipeline_col_loop_p_ZZ7fast_ipRN3hls6streamINS_4axisI7ap_uintILi32EELm0ELm0ELm0ELh56ELb0EEELi0EEES6_93_RAM_AUTO_1R1W' to 'fast_ip_Pipeline_col_loop_p_ZZ7fast_ipRN3hls6streamINS_4axisI7ap_uintILi32EELbDo' due to the length limit 80
INFO: [SYN 201-210] Renamed object name 'fast_ip_Pipeline_col_loop_p_ZZ7fast_ipRN3hls6streamINS_4axisI7ap_uintILi32EELm0ELm0ELm0ELh56ELb0EEELi0EEES6_92_RAM_AUTO_1R1W' to 'fast_ip_Pipeline_col_loop_p_ZZ7fast_ipRN3hls6streamINS_4axisI7ap_uintILi32EELbEo' due to the length limit 80
INFO: [SYN 201-210] Renamed object name 'fast_ip_Pipeline_col_loop_p_ZZ7fast_ipRN3hls6streamINS_4axisI7ap_uintILi32EELm0ELm0ELm0ELh56ELb0EEELi0EEES6_91_RAM_AUTO_1R1W' to 'fast_ip_Pipeline_col_loop_p_ZZ7fast_ipRN3hls6streamINS_4axisI7ap_uintILi32EELbFp' due to the length limit 80
INFO: [SYN 201-210] Renamed object name 'fast_ip_Pipeline_col_loop_p_ZZ7fast_ipRN3hls6streamINS_4axisI7ap_uintILi32EELm0ELm0ELm0ELh56ELb0EEELi0EEES6_90_RAM_AUTO_1R1W' to 'fast_ip_Pipeline_col_loop_p_ZZ7fast_ipRN3hls6streamINS_4axisI7ap_uintILi32EELbGp' due to the length limit 80
INFO: [SYN 201-210] Renamed object name 'fast_ip_Pipeline_col_loop_p_ZZ7fast_ipRN3hls6streamINS_4axisI7ap_uintILi32EELm0ELm0ELm0ELh56ELb0EEELi0EEES6_89_RAM_AUTO_1R1W' to 'fast_ip_Pipeline_col_loop_p_ZZ7fast_ipRN3hls6streamINS_4axisI7ap_uintILi32EELbHp' due to the length limit 80
INFO: [SYN 201-210] Renamed object name 'fast_ip_Pipeline_col_loop_p_ZZ7fast_ipRN3hls6streamINS_4axisI7ap_uintILi32EELm0ELm0ELm0ELh56ELb0EEELi0EEES6_88_RAM_AUTO_1R1W' to 'fast_ip_Pipeline_col_loop_p_ZZ7fast_ipRN3hls6streamINS_4axisI7ap_uintILi32EELbIp' due to the length limit 80
INFO: [SYN 201-210] Renamed object name 'fast_ip_Pipeline_col_loop_p_ZZ7fast_ipRN3hls6streamINS_4axisI7ap_uintILi32EELm0ELm0ELm0ELh56ELb0EEELi0EEES6_111_RAM_AUTO_1R1W' to 'fast_ip_Pipeline_col_loop_p_ZZ7fast_ipRN3hls6streamINS_4axisI7ap_uintILi32EELbJp' due to the length limit 80
INFO: [SYN 201-210] Renamed object name 'fast_ip_Pipeline_col_loop_p_ZZ7fast_ipRN3hls6streamINS_4axisI7ap_uintILi32EELm0ELm0ELm0ELh56ELb0EEELi0EEES6_112_RAM_AUTO_1R1W' to 'fast_ip_Pipeline_col_loop_p_ZZ7fast_ipRN3hls6streamINS_4axisI7ap_uintILi32EELbKp' due to the length limit 80
INFO: [SYN 201-210] Renamed object name 'fast_ip_Pipeline_col_loop_p_ZZ7fast_ipRN3hls6streamINS_4axisI7ap_uintILi32EELm0ELm0ELm0ELh56ELb0EEELi0EEES6_119_RAM_AUTO_1R1W' to 'fast_ip_Pipeline_col_loop_p_ZZ7fast_ipRN3hls6streamINS_4axisI7ap_uintILi32EELbLp' due to the length limit 80
INFO: [SYN 201-210] Renamed object name 'fast_ip_Pipeline_col_loop_p_ZZ7fast_ipRN3hls6streamINS_4axisI7ap_uintILi32EELm0ELm0ELm0ELh56ELb0EEELi0EEES6_120_RAM_AUTO_1R1W' to 'fast_ip_Pipeline_col_loop_p_ZZ7fast_ipRN3hls6streamINS_4axisI7ap_uintILi32EELbMq' due to the length limit 80
INFO: [SYN 201-210] Renamed object name 'fast_ip_Pipeline_col_loop_p_ZZ7fast_ipRN3hls6streamINS_4axisI7ap_uintILi32EELm0ELm0ELm0ELh56ELb0EEELi0EEES6_121_RAM_AUTO_1R1W' to 'fast_ip_Pipeline_col_loop_p_ZZ7fast_ipRN3hls6streamINS_4axisI7ap_uintILi32EELbNq' due to the length limit 80
INFO: [SYN 201-210] Renamed object name 'fast_ip_Pipeline_col_loop_p_ZZ7fast_ipRN3hls6streamINS_4axisI7ap_uintILi32EELm0ELm0ELm0ELh56ELb0EEELi0EEES6_122_RAM_AUTO_1R1W' to 'fast_ip_Pipeline_col_loop_p_ZZ7fast_ipRN3hls6streamINS_4axisI7ap_uintILi32EELbOq' due to the length limit 80
INFO: [SYN 201-210] Renamed object name 'fast_ip_Pipeline_col_loop_p_ZZ7fast_ipRN3hls6streamINS_4axisI7ap_uintILi32EELm0ELm0ELm0ELh56ELb0EEELi0EEES6_99_RAM_AUTO_1R1W' to 'fast_ip_Pipeline_col_loop_p_ZZ7fast_ipRN3hls6streamINS_4axisI7ap_uintILi32EELbPq' due to the length limit 80
INFO: [SYN 201-210] Renamed object name 'fast_ip_Pipeline_col_loop_p_ZZ7fast_ipRN3hls6streamINS_4axisI7ap_uintILi32EELm0ELm0ELm0ELh56ELb0EEELi0EEES6_98_RAM_AUTO_1R1W' to 'fast_ip_Pipeline_col_loop_p_ZZ7fast_ipRN3hls6streamINS_4axisI7ap_uintILi32EELbQq' due to the length limit 80
INFO: [SYN 201-210] Renamed object name 'fast_ip_Pipeline_col_loop_p_ZZ7fast_ipRN3hls6streamINS_4axisI7ap_uintILi32EELm0ELm0ELm0ELh56ELb0EEELi0EEES6_97_RAM_AUTO_1R1W' to 'fast_ip_Pipeline_col_loop_p_ZZ7fast_ipRN3hls6streamINS_4axisI7ap_uintILi32EELbRq' due to the length limit 80
INFO: [SYN 201-210] Renamed object name 'fast_ip_Pipeline_col_loop_p_ZZ7fast_ipRN3hls6streamINS_4axisI7ap_uintILi32EELm0ELm0ELm0ELh56ELb0EEELi0EEES6_96_RAM_AUTO_1R1W' to 'fast_ip_Pipeline_col_loop_p_ZZ7fast_ipRN3hls6streamINS_4axisI7ap_uintILi32EELbSr' due to the length limit 80
INFO: [SYN 201-210] Renamed object name 'fast_ip_Pipeline_col_loop_p_ZZ7fast_ipRN3hls6streamINS_4axisI7ap_uintILi32EELm0ELm0ELm0ELh56ELb0EEELi0EEES6_113_RAM_AUTO_1R1W' to 'fast_ip_Pipeline_col_loop_p_ZZ7fast_ipRN3hls6streamINS_4axisI7ap_uintILi32EELbTr' due to the length limit 80
INFO: [SYN 201-210] Renamed object name 'fast_ip_Pipeline_col_loop_p_ZZ7fast_ipRN3hls6streamINS_4axisI7ap_uintILi32EELm0ELm0ELm0ELh56ELb0EEELi0EEES6_114_RAM_AUTO_1R1W' to 'fast_ip_Pipeline_col_loop_p_ZZ7fast_ipRN3hls6streamINS_4axisI7ap_uintILi32EELbUr' due to the length limit 80
INFO: [SYN 201-210] Renamed object name 'fast_ip_Pipeline_col_loop_p_ZZ7fast_ipRN3hls6streamINS_4axisI7ap_uintILi32EELm0ELm0ELm0ELh56ELb0EEELi0EEES6_115_RAM_AUTO_1R1W' to 'fast_ip_Pipeline_col_loop_p_ZZ7fast_ipRN3hls6streamINS_4axisI7ap_uintILi32EELbVr' due to the length limit 80
INFO: [SYN 201-210] Renamed object name 'fast_ip_Pipeline_col_loop_p_ZZ7fast_ipRN3hls6streamINS_4axisI7ap_uintILi32EELm0ELm0ELm0ELh56ELb0EEELi0EEES6_116_RAM_AUTO_1R1W' to 'fast_ip_Pipeline_col_loop_p_ZZ7fast_ipRN3hls6streamINS_4axisI7ap_uintILi32EELbWr' due to the length limit 80
INFO: [SYN 201-210] Renamed object name 'fast_ip_Pipeline_col_loop_p_ZZ7fast_ipRN3hls6streamINS_4axisI7ap_uintILi32EELm0ELm0ELm0ELh56ELb0EEELi0EEES6_117_RAM_AUTO_1R1W' to 'fast_ip_Pipeline_col_loop_p_ZZ7fast_ipRN3hls6streamINS_4axisI7ap_uintILi32EELbXr' due to the length limit 80
INFO: [SYN 201-210] Renamed object name 'fast_ip_Pipeline_col_loop_p_ZZ7fast_ipRN3hls6streamINS_4axisI7ap_uintILi32EELm0ELm0ELm0ELh56ELb0EEELi0EEES6_118_RAM_AUTO_1R1W' to 'fast_ip_Pipeline_col_loop_p_ZZ7fast_ipRN3hls6streamINS_4axisI7ap_uintILi32EELbYs' due to the length limit 80
INFO: [HLS 200-1030] Apply Unified Pipeline Control on module 'fast_ip_Pipeline_col_loop' pipeline 'col_loop' pipeline type 'loop pipeline'
INFO: [RTGEN 206-100] Generating core module 'sparsemux_33_4_8_1_1': 20 instance(s).
INFO: [RTGEN 206-100] Finished creating RTL model for 'fast_ip_Pipeline_col_loop'.
INFO: [RTMG 210-278] Implementing memory 'fast_ip_fast_ip_Pipeline_col_loop_p_ZZ7fast_ipRN3hls6streamINS_4axisI7ap_uintILi32EELbkb' using auto RAMs.
INFO: [RTMG 210-278] Implementing memory 'fast_ip_fast_ip_Pipeline_col_loop_p_ZZ7fast_ipRN3hls6streamINS_4axisI7ap_uintILi32EELbJp' using auto RAMs.
INFO: [HLS 200-111] Finished Creating RTL model: CPU user time: 0 seconds. CPU system time: 0 seconds. Elapsed time: 14.903 seconds; current allocated memory: 241.996 MB.
INFO: [HLS 200-10] ----------------------------------------------------------------
INFO: [HLS 200-10] -- Generating RTL for module 'fast_ip' 
INFO: [HLS 200-10] ----------------------------------------------------------------
WARNING: [RTGEN 206-101] Design contains AXI ports. Reset is fixed to synchronous and active low.
INFO: [RTGEN 206-500] Setting interface mode on port 'fast_ip/src_axi_V_data_V' to 'axis' (register, both mode).
INFO: [RTGEN 206-500] Setting interface mode on port 'fast_ip/src_axi_V_keep_V' to 'axis' (register, both mode).
INFO: [RTGEN 206-500] Setting interface mode on port 'fast_ip/src_axi_V_strb_V' to 'axis' (register, both mode).
INFO: [RTGEN 206-500] Setting interface mode on port 'fast_ip/src_axi_V_last_V' to 'axis' (register, both mode).
INFO: [RTGEN 206-500] Setting interface mode on port 'fast_ip/dst_axi_V_data_V' to 'axis' (register, both mode).
INFO: [RTGEN 206-500] Setting interface mode on port 'fast_ip/dst_axi_V_keep_V' to 'axis' (register, both mode).
INFO: [RTGEN 206-500] Setting interface mode on port 'fast_ip/dst_axi_V_strb_V' to 'axis' (register, both mode).
INFO: [RTGEN 206-500] Setting interface mode on port 'fast_ip/dst_axi_V_last_V' to 'axis' (register, both mode).
INFO: [RTGEN 206-500] Setting interface mode on port 'fast_ip/img_width' to 's_axilite & ap_none'.
INFO: [RTGEN 206-500] Setting interface mode on port 'fast_ip/img_height' to 's_axilite & ap_none'.
INFO: [RTGEN 206-500] Setting interface mode on port 'fast_ip/threshold' to 's_axilite & ap_none'.
INFO: [RTGEN 206-500] Setting interface mode on function 'fast_ip' to 's_axilite & ap_ctrl_hs'.
INFO: [RTGEN 206-100] Bundling port 'img_width', 'img_height', 'threshold' and 'return' to AXI-Lite port CONTROL_BUS.
INFO: [RTGEN 206-100] Finished creating RTL model for 'fast_ip'.
INFO: [HLS 200-111] Finished Creating RTL model: CPU user time: 0 seconds. CPU system time: 1 seconds. Elapsed time: 2.409 seconds; current allocated memory: 266.941 MB.
INFO: [HLS 200-111] Finished Generating all RTL models: CPU user time: 0 seconds. CPU system time: 0 seconds. Elapsed time: 0.79 seconds; current allocated memory: 267.469 MB.
INFO: [HLS 200-111] Finished Updating report files: CPU user time: 1 seconds. CPU system time: 0 seconds. Elapsed time: 1.162 seconds; current allocated memory: 277.781 MB.
INFO: [VHDL 208-304] Generating VHDL RTL for fast_ip.
INFO: [VLOG 209-307] Generating Verilog RTL for fast_ip.
INFO: [HLS 200-790] **** Loop Constraint Status: All loop constraints were satisfied.
INFO: [HLS 200-789] **** Estimated Fmax: 139.70 MHz
INFO: [HLS 200-112] Total CPU user time: 4 seconds. Total CPU system time: 1 seconds. Total elapsed time: 49.676 seconds; peak allocated memory: 277.836 MB.
INFO: [v++ 60-791] Total elapsed time: 0h 0m 54s
