  **** HLS Build v2024.2 5238294
INFO: [HLS 200-2005] Using work_dir C:/Users/ariqf/Kuliah/KP/Workspace/fast_ip/fast_ip 
INFO: [HLS 200-1505] Using default flow_target 'vivado'
Resolution: For help on HLS 200-1505 see docs.xilinx.com/access/sources/dita/topic?Doc_Version=2024.2%20English&url=ug1448-hls-guidance&resourceid=200-1505.html
INFO: [HLS 200-1465] Applying ini 'syn.file=C:/Users/ariqf/Kuliah/KP/Workspace/fast_ip/fast_ip.cpp' from C:/Users/ariqf/Kuliah/KP/Workspace/fast_ip/hls_config.cfg(8)
INFO: [HLS 200-10] Adding design file 'C:/Users/ariqf/Kuliah/KP/Workspace/fast_ip/fast_ip.cpp' to the project
INFO: [HLS 200-1465] Applying ini 'syn.file=C:/Users/ariqf/Kuliah/KP/Workspace/fast_ip/fast_ip.h' from C:/Users/ariqf/Kuliah/KP/Workspace/fast_ip/hls_config.cfg(9)
INFO: [HLS 200-10] Adding design file 'C:/Users/ariqf/Kuliah/KP/Workspace/fast_ip/fast_ip.h' to the project
INFO: [HLS 200-1465] Applying ini 'tb.file=C:/Users/ariqf/Kuliah/KP/Workspace/fast_ip/fast_ip_tb.cpp' from C:/Users/ariqf/Kuliah/KP/Workspace/fast_ip/hls_config.cfg(10)
INFO: [HLS 200-10] Adding test bench file 'C:/Users/ariqf/Kuliah/KP/Workspace/fast_ip/fast_ip_tb.cpp' to the project
INFO: [HLS 200-1465] Applying ini 'syn.top=fast_ip' from C:/Users/ariqf/Kuliah/KP/Workspace/fast_ip/hls_config.cfg(11)
INFO: [HLS 200-1465] Applying ini 'flow_target=vivado' from C:/Users/ariqf/Kuliah/KP/Workspace/fast_ip/hls_config.cfg(4)
INFO: [HLS 200-1505] Using flow_target 'vivado'
Resolution: For help on HLS 200-1505 see docs.xilinx.com/access/sources/dita/topic?Doc_Version=2024.2%20English&url=ug1448-hls-guidance&resourceid=200-1505.html
INFO: [HLS 200-1465] Applying ini 'part=xc7z020clg484-1' from C:/Users/ariqf/Kuliah/KP/Workspace/fast_ip/hls_config.cfg(1)
INFO: [HLS 200-1611] Setting target device to 'xc7z020-clg484-1'
INFO: [HLS 200-1465] Applying ini 'clock=10ns' from C:/Users/ariqf/Kuliah/KP/Workspace/fast_ip/hls_config.cfg(7)
INFO: [SYN 201-201] Setting up clock 'default' with a period of 10ns.
INFO: [HLS 200-1465] Applying ini 'package.output.format=ip_catalog' from C:/Users/ariqf/Kuliah/KP/Workspace/fast_ip/hls_config.cfg(5)
INFO: [HLS 200-111] Finished File checks and directory preparation: CPU user time: 1 seconds. CPU system time: 0 seconds. Elapsed time: 2.076 seconds; current allocated memory: 162.305 MB.
INFO: [HLS 200-10] Analyzing design file 'fast_ip.cpp' ... 
WARNING: [HLS 214-111] Static scalars and arrays declared inside a dataflow region will be treated like local variables (fast_ip.cpp:19:23)
Resolution: For help on HLS 214-111 see docs.xilinx.com/access/sources/dita/topic?Doc_Version=2024.2%20English&url=ug1448-hls-guidance&resourceid=214-111.html
WARNING: [HLS 214-111] Static scalars and arrays declared inside a dataflow region will be treated like local variables (fast_ip.cpp:23:23)
Resolution: For help on HLS 214-111 see docs.xilinx.com/access/sources/dita/topic?Doc_Version=2024.2%20English&url=ug1448-hls-guidance&resourceid=214-111.html
WARNING: [HLS 214-111] Static scalars and arrays declared inside a dataflow region will be treated like local variables (fast_ip.cpp:27:23)
Resolution: For help on HLS 214-111 see docs.xilinx.com/access/sources/dita/topic?Doc_Version=2024.2%20English&url=ug1448-hls-guidance&resourceid=214-111.html
WARNING: [HLS 214-114] Since the only kind of statements allowed in a canonical dataflow region are variable declarations and function calls, the compiler may not be able to correctly handle the region (fast_ip.cpp:16:9)
Resolution: For help on HLS 214-114 see docs.xilinx.com/access/sources/dita/topic?Doc_Version=2024.2%20English&url=ug1448-hls-guidance&resourceid=214-114.html
WARNING: [HLS 200-471] Dataflow form checks found 4 issue(s) in file fast_ip.cpp
Resolution: For help on HLS 200-471 see docs.xilinx.com/access/sources/dita/topic?Doc_Version=2024.2%20English&url=ug1448-hls-guidance&resourceid=200-471.html
INFO: [HLS 200-111] Finished Source Code Analysis and Preprocessing: CPU user time: 0 seconds. CPU system time: 0 seconds. Elapsed time: 5.33 seconds; current allocated memory: 165.547 MB.
INFO: [HLS 200-777] Using interface defaults for 'Vivado' flow target.
INFO: [HLS 200-1995] There were 426 instructions in the design after the 'Compile/Link' phase of compilation. See the Design Size Report for more details: C:/Users/ariqf/Kuliah/KP/Workspace/fast_ip/fast_ip/hls/syn/report/csynth_design_size.rpt
INFO: [HLS 200-1995] There were 1,580 instructions in the design after the 'Unroll/Inline (step 1)' phase of compilation. See the Design Size Report for more details: C:/Users/ariqf/Kuliah/KP/Workspace/fast_ip/fast_ip/hls/syn/report/csynth_design_size.rpt
INFO: [HLS 200-1995] There were 621 instructions in the design after the 'Unroll/Inline (step 2)' phase of compilation. See the Design Size Report for more details: C:/Users/ariqf/Kuliah/KP/Workspace/fast_ip/fast_ip/hls/syn/report/csynth_design_size.rpt
INFO: [HLS 200-1995] There were 614 instructions in the design after the 'Unroll/Inline (step 3)' phase of compilation. See the Design Size Report for more details: C:/Users/ariqf/Kuliah/KP/Workspace/fast_ip/fast_ip/hls/syn/report/csynth_design_size.rpt
INFO: [HLS 200-1995] There were 614 instructions in the design after the 'Unroll/Inline (step 4)' phase of compilation. See the Design Size Report for more details: C:/Users/ariqf/Kuliah/KP/Workspace/fast_ip/fast_ip/hls/syn/report/csynth_design_size.rpt
INFO: [HLS 200-1995] There were 3,906 instructions in the design after the 'Array/Struct (step 1)' phase of compilation. See the Design Size Report for more details: C:/Users/ariqf/Kuliah/KP/Workspace/fast_ip/fast_ip/hls/syn/report/csynth_design_size.rpt
INFO: [HLS 200-1995] There were 1,687 instructions in the design after the 'Array/Struct (step 2)' phase of compilation. See the Design Size Report for more details: C:/Users/ariqf/Kuliah/KP/Workspace/fast_ip/fast_ip/hls/syn/report/csynth_design_size.rpt
INFO: [HLS 200-1995] There were 1,687 instructions in the design after the 'Array/Struct (step 3)' phase of compilation. See the Design Size Report for more details: C:/Users/ariqf/Kuliah/KP/Workspace/fast_ip/fast_ip/hls/syn/report/csynth_design_size.rpt
INFO: [HLS 200-1995] There were 1,687 instructions in the design after the 'Array/Struct (step 4)' phase of compilation. See the Design Size Report for more details: C:/Users/ariqf/Kuliah/KP/Workspace/fast_ip/fast_ip/hls/syn/report/csynth_design_size.rpt
INFO: [HLS 200-1995] There were 1,719 instructions in the design after the 'Array/Struct (step 5)' phase of compilation. See the Design Size Report for more details: C:/Users/ariqf/Kuliah/KP/Workspace/fast_ip/fast_ip/hls/syn/report/csynth_design_size.rpt
INFO: [HLS 200-1995] There were 1,704 instructions in the design after the 'Performance (step 1)' phase of compilation. See the Design Size Report for more details: C:/Users/ariqf/Kuliah/KP/Workspace/fast_ip/fast_ip/hls/syn/report/csynth_design_size.rpt
INFO: [HLS 200-1995] There were 1,638 instructions in the design after the 'Performance (step 2)' phase of compilation. See the Design Size Report for more details: C:/Users/ariqf/Kuliah/KP/Workspace/fast_ip/fast_ip/hls/syn/report/csynth_design_size.rpt
INFO: [HLS 200-1995] There were 1,610 instructions in the design after the 'Performance (step 3)' phase of compilation. See the Design Size Report for more details: C:/Users/ariqf/Kuliah/KP/Workspace/fast_ip/fast_ip/hls/syn/report/csynth_design_size.rpt
INFO: [HLS 200-1995] There were 1,610 instructions in the design after the 'Performance (step 4)' phase of compilation. See the Design Size Report for more details: C:/Users/ariqf/Kuliah/KP/Workspace/fast_ip/fast_ip/hls/syn/report/csynth_design_size.rpt
INFO: [HLS 200-1995] There were 1,561 instructions in the design after the 'HW Transforms (step 1)' phase of compilation. See the Design Size Report for more details: C:/Users/ariqf/Kuliah/KP/Workspace/fast_ip/fast_ip/hls/syn/report/csynth_design_size.rpt
INFO: [HLS 200-1995] There were 1,583 instructions in the design after the 'HW Transforms (step 2)' phase of compilation. See the Design Size Report for more details: C:/Users/ariqf/Kuliah/KP/Workspace/fast_ip/fast_ip/hls/syn/report/csynth_design_size.rpt
INFO: [HLS 214-291] Loop 'VITIS_LOOP_42_1' is marked as complete unroll implied by the pipeline pragma (fast_ip.cpp:42:30)
INFO: [HLS 214-291] Loop 'VITIS_LOOP_50_2' is marked as complete unroll implied by the pipeline pragma (fast_ip.cpp:50:34)
INFO: [HLS 214-291] Loop 'circle_check' is marked as complete unroll implied by the pipeline pragma (fast_ip.cpp:71:16)
INFO: [HLS 214-291] Loop 'contiguous_check' is marked as complete unroll implied by the pipeline pragma (fast_ip.cpp:80:35)
INFO: [HLS 214-291] Loop 'sequence_check' is marked as complete unroll implied by the pipeline pragma (fast_ip.cpp:85:37)
INFO: [HLS 214-186] Unrolling loop 'VITIS_LOOP_42_1' (fast_ip.cpp:42:30) in function 'fast_ip' completely with a factor of 6 (fast_ip.cpp:9:0)
INFO: [HLS 214-186] Unrolling loop 'VITIS_LOOP_50_2' (fast_ip.cpp:50:34) in function 'fast_ip' completely with a factor of 16 (fast_ip.cpp:9:0)
INFO: [HLS 214-186] Unrolling loop 'circle_check' (fast_ip.cpp:71:16) in function 'fast_ip' completely with a factor of 16 (fast_ip.cpp:9:0)
INFO: [HLS 214-186] Unrolling loop 'contiguous_check' (fast_ip.cpp:80:35) in function 'fast_ip' completely with a factor of 16 (fast_ip.cpp:9:0)
INFO: [HLS 214-186] Unrolling loop 'sequence_check' (fast_ip.cpp:85:37) in function 'fast_ip' completely with a factor of 12 (fast_ip.cpp:9:0)
INFO: [HLS 214-248] Applying array_partition to '_ZZ7fast_ipRN3hls6streamINS_4axisIhLm1ELm1ELm1ELh56ELb0EEELi0EEERNS0_INS1_I7ap_uintILi1EELm1ELm1ELm1ELh56ELb0EEELi0EEEiihE8line_buf': Complete partitioning on dimension 1. Cyclic partitioning with factor 16 on dimension 2. (fast_ip.cpp:19:0)
INFO: [HLS 214-455] Changing loop 'Loop_row_loop_proc' (fast_ip.cpp:31:12) to a process function for dataflow in function 'fast_ip' (fast_ip.cpp:31:12)
INFO: [HLS 200-111] Finished Compiling Optimization and Transform: CPU user time: 0 seconds. CPU system time: 0 seconds. Elapsed time: 10.2 seconds; current allocated memory: 167.453 MB.
INFO: [HLS 200-111] Finished Checking Pragmas: CPU user time: 0 seconds. CPU system time: 0 seconds. Elapsed time: 0.002 seconds; current allocated memory: 167.453 MB.
INFO: [HLS 200-10] Starting code transformations ...
INFO: [HLS 200-111] Finished Standard Transforms: CPU user time: 0 seconds. CPU system time: 0 seconds. Elapsed time: 0.372 seconds; current allocated memory: 173.359 MB.
INFO: [HLS 200-10] Checking synthesizability ...
INFO: [HLS 200-111] Finished Checking Synthesizability: CPU user time: 0 seconds. CPU system time: 0 seconds. Elapsed time: 0.18 seconds; current allocated memory: 177.137 MB.
INFO: [XFORM 203-712] Applying dataflow to function 'fast_ip' (fast_ip.cpp:0:1), detected/extracted 3 process function(s): 
	 'entry_proc'
	 'Block_entry_proc'
	 'Loop_row_loop_proc'.
INFO: [XFORM 203-401] Performing if-conversion on hyperblock from (fast_ip.cpp:49:19) to (fast_ip.cpp:33:12) in function 'Loop_row_loop_proc'... converting 3 basic blocks.
INFO: [XFORM 203-11] Balancing expressions in function 'Loop_row_loop_proc' (fast_ip.cpp:31:40)...194 expression(s) balanced.
INFO: [HLS 200-111] Finished Loop, function and other optimizations: CPU user time: 1 seconds. CPU system time: 1 seconds. Elapsed time: 0.645 seconds; current allocated memory: 202.152 MB.
WARNING: [HLS 200-1614] Cosimulation may deadlock if process Loop_row_loop_proc has a streamed top-level array input and has predecessor processes. If a deadlock occurs, please consider converting the streamed array into an hls::stream
INFO: [HLS 200-111] Finished Architecture Synthesis: CPU user time: 0 seconds. CPU system time: 0 seconds. Elapsed time: 0.481 seconds; current allocated memory: 233.230 MB.
INFO: [HLS 200-10] Starting hardware synthesis ...
INFO: [HLS 200-10] Synthesizing 'fast_ip' ...
INFO: [HLS 200-10] ----------------------------------------------------------------
INFO: [HLS 200-42] -- Implementing module 'entry_proc' 
INFO: [HLS 200-10] ----------------------------------------------------------------
INFO: [SCHED 204-11] Starting scheduling ...
INFO: [SCHED 204-11] Finished scheduling.
INFO: [HLS 200-111] Finished Scheduling: CPU user time: 0 seconds. CPU system time: 0 seconds. Elapsed time: 0.524 seconds; current allocated memory: 236.367 MB.
INFO: [BIND 205-100] Starting micro-architecture generation ...
INFO: [BIND 205-101] Performing variable lifetime analysis.
INFO: [BIND 205-101] Exploring resource sharing.
INFO: [BIND 205-101] Binding ...
INFO: [BIND 205-100] Finished micro-architecture generation.
INFO: [HLS 200-111] Finished Binding: CPU user time: 0 seconds. CPU system time: 0 seconds. Elapsed time: 0.134 seconds; current allocated memory: 237.391 MB.
INFO: [HLS 200-10] ----------------------------------------------------------------
INFO: [HLS 200-42] -- Implementing module 'Block_entry_proc' 
INFO: [HLS 200-10] ----------------------------------------------------------------
INFO: [SCHED 204-11] Starting scheduling ...
INFO: [SCHED 204-11] Finished scheduling.
INFO: [HLS 200-111] Finished Scheduling: CPU user time: 0 seconds. CPU system time: 0 seconds. Elapsed time: 0.161 seconds; current allocated memory: 237.512 MB.
INFO: [BIND 205-100] Starting micro-architecture generation ...
INFO: [BIND 205-101] Performing variable lifetime analysis.
INFO: [BIND 205-101] Exploring resource sharing.
INFO: [BIND 205-101] Binding ...
INFO: [BIND 205-100] Finished micro-architecture generation.
INFO: [HLS 200-111] Finished Binding: CPU user time: 0 seconds. CPU system time: 0 seconds. Elapsed time: 0.121 seconds; current allocated memory: 237.520 MB.
INFO: [HLS 200-10] ----------------------------------------------------------------
INFO: [HLS 200-42] -- Implementing module 'Loop_row_loop_proc_Pipeline_col_loop' 
INFO: [HLS 200-10] ----------------------------------------------------------------
INFO: [SCHED 204-11] Starting scheduling ...
INFO: [SCHED 204-61] Pipelining loop 'col_loop'.
INFO: [HLS 200-1470] Pipelining result : Target II = 1, Final II = 1, Depth = 5, loop 'col_loop'
INFO: [SCHED 204-11] Finished scheduling.
INFO: [HLS 200-111] Finished Scheduling: CPU user time: 3 seconds. CPU system time: 0 seconds. Elapsed time: 11.578 seconds; current allocated memory: 269.527 MB.
INFO: [BIND 205-100] Starting micro-architecture generation ...
INFO: [BIND 205-101] Performing variable lifetime analysis.
INFO: [BIND 205-101] Exploring resource sharing.
INFO: [BIND 205-101] Binding ...
INFO: [BIND 205-100] Finished micro-architecture generation.
INFO: [HLS 200-111] Finished Binding: CPU user time: 0 seconds. CPU system time: 0 seconds. Elapsed time: 0.477 seconds; current allocated memory: 269.527 MB.
INFO: [HLS 200-10] ----------------------------------------------------------------
INFO: [HLS 200-42] -- Implementing module 'Loop_row_loop_proc' 
INFO: [HLS 200-10] ----------------------------------------------------------------
INFO: [SCHED 204-11] Starting scheduling ...
INFO: [SCHED 204-11] Finished scheduling.
INFO: [HLS 200-111] Finished Scheduling: CPU user time: 1 seconds. CPU system time: 0 seconds. Elapsed time: 0.426 seconds; current allocated memory: 269.527 MB.
INFO: [BIND 205-100] Starting micro-architecture generation ...
INFO: [BIND 205-101] Performing variable lifetime analysis.
INFO: [BIND 205-101] Exploring resource sharing.
INFO: [BIND 205-101] Binding ...
INFO: [BIND 205-100] Finished micro-architecture generation.
INFO: [HLS 200-111] Finished Binding: CPU user time: 0 seconds. CPU system time: 0 seconds. Elapsed time: 0.14 seconds; current allocated memory: 269.527 MB.
INFO: [HLS 200-10] ----------------------------------------------------------------
INFO: [HLS 200-42] -- Implementing module 'fast_ip' 
INFO: [HLS 200-10] ----------------------------------------------------------------
INFO: [SCHED 204-11] Starting scheduling ...
INFO: [SCHED 204-11] Finished scheduling.
INFO: [HLS 200-111] Finished Scheduling: CPU user time: 0 seconds. CPU system time: 0 seconds. Elapsed time: 0.135 seconds; current allocated memory: 269.527 MB.
INFO: [BIND 205-100] Starting micro-architecture generation ...
INFO: [BIND 205-101] Performing variable lifetime analysis.
INFO: [BIND 205-101] Exploring resource sharing.
INFO: [BIND 205-101] Binding ...
INFO: [BIND 205-100] Finished micro-architecture generation.
INFO: [HLS 200-111] Finished Binding: CPU user time: 0 seconds. CPU system time: 0 seconds. Elapsed time: 0.144 seconds; current allocated memory: 269.527 MB.
INFO: [HLS 200-10] ----------------------------------------------------------------
INFO: [HLS 200-10] -- Generating RTL for module 'entry_proc' 
INFO: [HLS 200-10] ----------------------------------------------------------------
INFO: [RTGEN 206-100] Finished creating RTL model for 'entry_proc'.
INFO: [HLS 200-111] Finished Creating RTL model: CPU user time: 0 seconds. CPU system time: 0 seconds. Elapsed time: 0.203 seconds; current allocated memory: 269.527 MB.
INFO: [HLS 200-10] ----------------------------------------------------------------
INFO: [HLS 200-10] -- Generating RTL for module 'Block_entry_proc' 
INFO: [HLS 200-10] ----------------------------------------------------------------
INFO: [RTGEN 206-100] Finished creating RTL model for 'Block_entry_proc'.
INFO: [HLS 200-111] Finished Creating RTL model: CPU user time: 0 seconds. CPU system time: 0 seconds. Elapsed time: 0.153 seconds; current allocated memory: 269.527 MB.
INFO: [HLS 200-10] ----------------------------------------------------------------
INFO: [HLS 200-10] -- Generating RTL for module 'Loop_row_loop_proc_Pipeline_col_loop' 
INFO: [HLS 200-10] ----------------------------------------------------------------
INFO: [SYN 201-210] Renamed object name 'Loop_row_loop_proc_Pipeline_col_loop_p_ZZ7fast_ipRN3hls6streamINS_4axisIhLm1ELm1ELm1ELh56ELb0EEELi0EEERNS0_INS1_I7ap_u_15_RAM_AUTO_1R1W' to 'Loop_row_loop_proc_Pipeline_col_loop_p_ZZ7fast_ipRN3hls6streamINS_4axisIhLm1Ebkb' due to the length limit 80
INFO: [SYN 201-210] Renamed object name 'Loop_row_loop_proc_Pipeline_col_loop_p_ZZ7fast_ipRN3hls6streamINS_4axisIhLm1ELm1ELm1ELh56ELb0EEELi0EEERNS0_INS1_I7ap_u_14_RAM_AUTO_1R1W' to 'Loop_row_loop_proc_Pipeline_col_loop_p_ZZ7fast_ipRN3hls6streamINS_4axisIhLm1Ecud' due to the length limit 80
INFO: [SYN 201-210] Renamed object name 'Loop_row_loop_proc_Pipeline_col_loop_p_ZZ7fast_ipRN3hls6streamINS_4axisIhLm1ELm1ELm1ELh56ELb0EEELi0EEERNS0_INS1_I7ap_u_7_RAM_AUTO_1R1W' to 'Loop_row_loop_proc_Pipeline_col_loop_p_ZZ7fast_ipRN3hls6streamINS_4axisIhLm1EdEe' due to the length limit 80
INFO: [SYN 201-210] Renamed object name 'Loop_row_loop_proc_Pipeline_col_loop_p_ZZ7fast_ipRN3hls6streamINS_4axisIhLm1ELm1ELm1ELh56ELb0EEELi0EEERNS0_INS1_I7ap_u_6_RAM_AUTO_1R1W' to 'Loop_row_loop_proc_Pipeline_col_loop_p_ZZ7fast_ipRN3hls6streamINS_4axisIhLm1EeOg' due to the length limit 80
INFO: [SYN 201-210] Renamed object name 'Loop_row_loop_proc_Pipeline_col_loop_p_ZZ7fast_ipRN3hls6streamINS_4axisIhLm1ELm1ELm1ELh56ELb0EEELi0EEERNS0_INS1_I7ap_u_5_RAM_AUTO_1R1W' to 'Loop_row_loop_proc_Pipeline_col_loop_p_ZZ7fast_ipRN3hls6streamINS_4axisIhLm1EfYi' due to the length limit 80
INFO: [SYN 201-210] Renamed object name 'Loop_row_loop_proc_Pipeline_col_loop_p_ZZ7fast_ipRN3hls6streamINS_4axisIhLm1ELm1ELm1ELh56ELb0EEELi0EEERNS0_INS1_I7ap_u_4_RAM_AUTO_1R1W' to 'Loop_row_loop_proc_Pipeline_col_loop_p_ZZ7fast_ipRN3hls6streamINS_4axisIhLm1Eg8j' due to the length limit 80
INFO: [SYN 201-210] Renamed object name 'Loop_row_loop_proc_Pipeline_col_loop_p_ZZ7fast_ipRN3hls6streamINS_4axisIhLm1ELm1ELm1ELh56ELb0EEELi0EEERNS0_INS1_I7ap_u_3_RAM_AUTO_1R1W' to 'Loop_row_loop_proc_Pipeline_col_loop_p_ZZ7fast_ipRN3hls6streamINS_4axisIhLm1Ehbi' due to the length limit 80
INFO: [SYN 201-210] Renamed object name 'Loop_row_loop_proc_Pipeline_col_loop_p_ZZ7fast_ipRN3hls6streamINS_4axisIhLm1ELm1ELm1ELh56ELb0EEELi0EEERNS0_INS1_I7ap_u_2_RAM_AUTO_1R1W' to 'Loop_row_loop_proc_Pipeline_col_loop_p_ZZ7fast_ipRN3hls6streamINS_4axisIhLm1Eibs' due to the length limit 80
INFO: [SYN 201-210] Renamed object name 'Loop_row_loop_proc_Pipeline_col_loop_p_ZZ7fast_ipRN3hls6streamINS_4axisIhLm1ELm1ELm1ELh56ELb0EEELi0EEERNS0_INS1_I7ap_u_1_RAM_AUTO_1R1W' to 'Loop_row_loop_proc_Pipeline_col_loop_p_ZZ7fast_ipRN3hls6streamINS_4axisIhLm1EjbC' due to the length limit 80
INFO: [SYN 201-210] Renamed object name 'Loop_row_loop_proc_Pipeline_col_loop_p_ZZ7fast_ipRN3hls6streamINS_4axisIhLm1ELm1ELm1ELh56ELb0EEELi0EEERNS0_INS1_I7ap_u_RAM_AUTO_1R1W' to 'Loop_row_loop_proc_Pipeline_col_loop_p_ZZ7fast_ipRN3hls6streamINS_4axisIhLm1EkbM' due to the length limit 80
INFO: [SYN 201-210] Renamed object name 'Loop_row_loop_proc_Pipeline_col_loop_p_ZZ7fast_ipRN3hls6streamINS_4axisIhLm1ELm1ELm1ELh56ELb0EEELi0EEERNS0_INS1_I7ap_u_13_RAM_AUTO_1R1W' to 'Loop_row_loop_proc_Pipeline_col_loop_p_ZZ7fast_ipRN3hls6streamINS_4axisIhLm1ElbW' due to the length limit 80
INFO: [SYN 201-210] Renamed object name 'Loop_row_loop_proc_Pipeline_col_loop_p_ZZ7fast_ipRN3hls6streamINS_4axisIhLm1ELm1ELm1ELh56ELb0EEELi0EEERNS0_INS1_I7ap_u_12_RAM_AUTO_1R1W' to 'Loop_row_loop_proc_Pipeline_col_loop_p_ZZ7fast_ipRN3hls6streamINS_4axisIhLm1Emb6' due to the length limit 80
INFO: [SYN 201-210] Renamed object name 'Loop_row_loop_proc_Pipeline_col_loop_p_ZZ7fast_ipRN3hls6streamINS_4axisIhLm1ELm1ELm1ELh56ELb0EEELi0EEERNS0_INS1_I7ap_u_11_RAM_AUTO_1R1W' to 'Loop_row_loop_proc_Pipeline_col_loop_p_ZZ7fast_ipRN3hls6streamINS_4axisIhLm1Encg' due to the length limit 80
INFO: [SYN 201-210] Renamed object name 'Loop_row_loop_proc_Pipeline_col_loop_p_ZZ7fast_ipRN3hls6streamINS_4axisIhLm1ELm1ELm1ELh56ELb0EEELi0EEERNS0_INS1_I7ap_u_10_RAM_AUTO_1R1W' to 'Loop_row_loop_proc_Pipeline_col_loop_p_ZZ7fast_ipRN3hls6streamINS_4axisIhLm1Eocq' due to the length limit 80
INFO: [SYN 201-210] Renamed object name 'Loop_row_loop_proc_Pipeline_col_loop_p_ZZ7fast_ipRN3hls6streamINS_4axisIhLm1ELm1ELm1ELh56ELb0EEELi0EEERNS0_INS1_I7ap_u_9_RAM_AUTO_1R1W' to 'Loop_row_loop_proc_Pipeline_col_loop_p_ZZ7fast_ipRN3hls6streamINS_4axisIhLm1EpcA' due to the length limit 80
INFO: [SYN 201-210] Renamed object name 'Loop_row_loop_proc_Pipeline_col_loop_p_ZZ7fast_ipRN3hls6streamINS_4axisIhLm1ELm1ELm1ELh56ELb0EEELi0EEERNS0_INS1_I7ap_u_8_RAM_AUTO_1R1W' to 'Loop_row_loop_proc_Pipeline_col_loop_p_ZZ7fast_ipRN3hls6streamINS_4axisIhLm1EqcK' due to the length limit 80
INFO: [SYN 201-210] Renamed object name 'Loop_row_loop_proc_Pipeline_col_loop_p_ZZ7fast_ipRN3hls6streamINS_4axisIhLm1ELm1ELm1ELh56ELb0EEELi0EEERNS0_INS1_I7ap_u_31_RAM_AUTO_1R1W' to 'Loop_row_loop_proc_Pipeline_col_loop_p_ZZ7fast_ipRN3hls6streamINS_4axisIhLm1ErcU' due to the length limit 80
INFO: [SYN 201-210] Renamed object name 'Loop_row_loop_proc_Pipeline_col_loop_p_ZZ7fast_ipRN3hls6streamINS_4axisIhLm1ELm1ELm1ELh56ELb0EEELi0EEERNS0_INS1_I7ap_u_30_RAM_AUTO_1R1W' to 'Loop_row_loop_proc_Pipeline_col_loop_p_ZZ7fast_ipRN3hls6streamINS_4axisIhLm1Esc4' due to the length limit 80
INFO: [SYN 201-210] Renamed object name 'Loop_row_loop_proc_Pipeline_col_loop_p_ZZ7fast_ipRN3hls6streamINS_4axisIhLm1ELm1ELm1ELh56ELb0EEELi0EEERNS0_INS1_I7ap_u_23_RAM_AUTO_1R1W' to 'Loop_row_loop_proc_Pipeline_col_loop_p_ZZ7fast_ipRN3hls6streamINS_4axisIhLm1Etde' due to the length limit 80
INFO: [SYN 201-210] Renamed object name 'Loop_row_loop_proc_Pipeline_col_loop_p_ZZ7fast_ipRN3hls6streamINS_4axisIhLm1ELm1ELm1ELh56ELb0EEELi0EEERNS0_INS1_I7ap_u_22_RAM_AUTO_1R1W' to 'Loop_row_loop_proc_Pipeline_col_loop_p_ZZ7fast_ipRN3hls6streamINS_4axisIhLm1Eudo' due to the length limit 80
INFO: [SYN 201-210] Renamed object name 'Loop_row_loop_proc_Pipeline_col_loop_p_ZZ7fast_ipRN3hls6streamINS_4axisIhLm1ELm1ELm1ELh56ELb0EEELi0EEERNS0_INS1_I7ap_u_21_RAM_AUTO_1R1W' to 'Loop_row_loop_proc_Pipeline_col_loop_p_ZZ7fast_ipRN3hls6streamINS_4axisIhLm1Evdy' due to the length limit 80
INFO: [SYN 201-210] Renamed object name 'Loop_row_loop_proc_Pipeline_col_loop_p_ZZ7fast_ipRN3hls6streamINS_4axisIhLm1ELm1ELm1ELh56ELb0EEELi0EEERNS0_INS1_I7ap_u_20_RAM_AUTO_1R1W' to 'Loop_row_loop_proc_Pipeline_col_loop_p_ZZ7fast_ipRN3hls6streamINS_4axisIhLm1EwdI' due to the length limit 80
INFO: [SYN 201-210] Renamed object name 'Loop_row_loop_proc_Pipeline_col_loop_p_ZZ7fast_ipRN3hls6streamINS_4axisIhLm1ELm1ELm1ELh56ELb0EEELi0EEERNS0_INS1_I7ap_u_19_RAM_AUTO_1R1W' to 'Loop_row_loop_proc_Pipeline_col_loop_p_ZZ7fast_ipRN3hls6streamINS_4axisIhLm1ExdS' due to the length limit 80
INFO: [SYN 201-210] Renamed object name 'Loop_row_loop_proc_Pipeline_col_loop_p_ZZ7fast_ipRN3hls6streamINS_4axisIhLm1ELm1ELm1ELh56ELb0EEELi0EEERNS0_INS1_I7ap_u_18_RAM_AUTO_1R1W' to 'Loop_row_loop_proc_Pipeline_col_loop_p_ZZ7fast_ipRN3hls6streamINS_4axisIhLm1Eyd2' due to the length limit 80
INFO: [SYN 201-210] Renamed object name 'Loop_row_loop_proc_Pipeline_col_loop_p_ZZ7fast_ipRN3hls6streamINS_4axisIhLm1ELm1ELm1ELh56ELb0EEELi0EEERNS0_INS1_I7ap_u_17_RAM_AUTO_1R1W' to 'Loop_row_loop_proc_Pipeline_col_loop_p_ZZ7fast_ipRN3hls6streamINS_4axisIhLm1Ezec' due to the length limit 80
INFO: [SYN 201-210] Renamed object name 'Loop_row_loop_proc_Pipeline_col_loop_p_ZZ7fast_ipRN3hls6streamINS_4axisIhLm1ELm1ELm1ELh56ELb0EEELi0EEERNS0_INS1_I7ap_u_16_RAM_AUTO_1R1W' to 'Loop_row_loop_proc_Pipeline_col_loop_p_ZZ7fast_ipRN3hls6streamINS_4axisIhLm1EAem' due to the length limit 80
INFO: [SYN 201-210] Renamed object name 'Loop_row_loop_proc_Pipeline_col_loop_p_ZZ7fast_ipRN3hls6streamINS_4axisIhLm1ELm1ELm1ELh56ELb0EEELi0EEERNS0_INS1_I7ap_u_29_RAM_AUTO_1R1W' to 'Loop_row_loop_proc_Pipeline_col_loop_p_ZZ7fast_ipRN3hls6streamINS_4axisIhLm1EBew' due to the length limit 80
INFO: [SYN 201-210] Renamed object name 'Loop_row_loop_proc_Pipeline_col_loop_p_ZZ7fast_ipRN3hls6streamINS_4axisIhLm1ELm1ELm1ELh56ELb0EEELi0EEERNS0_INS1_I7ap_u_28_RAM_AUTO_1R1W' to 'Loop_row_loop_proc_Pipeline_col_loop_p_ZZ7fast_ipRN3hls6streamINS_4axisIhLm1ECeG' due to the length limit 80
INFO: [SYN 201-210] Renamed object name 'Loop_row_loop_proc_Pipeline_col_loop_p_ZZ7fast_ipRN3hls6streamINS_4axisIhLm1ELm1ELm1ELh56ELb0EEELi0EEERNS0_INS1_I7ap_u_27_RAM_AUTO_1R1W' to 'Loop_row_loop_proc_Pipeline_col_loop_p_ZZ7fast_ipRN3hls6streamINS_4axisIhLm1EDeQ' due to the length limit 80
INFO: [SYN 201-210] Renamed object name 'Loop_row_loop_proc_Pipeline_col_loop_p_ZZ7fast_ipRN3hls6streamINS_4axisIhLm1ELm1ELm1ELh56ELb0EEELi0EEERNS0_INS1_I7ap_u_26_RAM_AUTO_1R1W' to 'Loop_row_loop_proc_Pipeline_col_loop_p_ZZ7fast_ipRN3hls6streamINS_4axisIhLm1EEe0' due to the length limit 80
INFO: [SYN 201-210] Renamed object name 'Loop_row_loop_proc_Pipeline_col_loop_p_ZZ7fast_ipRN3hls6streamINS_4axisIhLm1ELm1ELm1ELh56ELb0EEELi0EEERNS0_INS1_I7ap_u_25_RAM_AUTO_1R1W' to 'Loop_row_loop_proc_Pipeline_col_loop_p_ZZ7fast_ipRN3hls6streamINS_4axisIhLm1EFfa' due to the length limit 80
INFO: [SYN 201-210] Renamed object name 'Loop_row_loop_proc_Pipeline_col_loop_p_ZZ7fast_ipRN3hls6streamINS_4axisIhLm1ELm1ELm1ELh56ELb0EEELi0EEERNS0_INS1_I7ap_u_24_RAM_AUTO_1R1W' to 'Loop_row_loop_proc_Pipeline_col_loop_p_ZZ7fast_ipRN3hls6streamINS_4axisIhLm1EGfk' due to the length limit 80
INFO: [SYN 201-210] Renamed object name 'Loop_row_loop_proc_Pipeline_col_loop_p_ZZ7fast_ipRN3hls6streamINS_4axisIhLm1ELm1ELm1ELh56ELb0EEELi0EEERNS0_INS1_I7ap_u_47_RAM_AUTO_1R1W' to 'Loop_row_loop_proc_Pipeline_col_loop_p_ZZ7fast_ipRN3hls6streamINS_4axisIhLm1EHfu' due to the length limit 80
INFO: [SYN 201-210] Renamed object name 'Loop_row_loop_proc_Pipeline_col_loop_p_ZZ7fast_ipRN3hls6streamINS_4axisIhLm1ELm1ELm1ELh56ELb0EEELi0EEERNS0_INS1_I7ap_u_46_RAM_AUTO_1R1W' to 'Loop_row_loop_proc_Pipeline_col_loop_p_ZZ7fast_ipRN3hls6streamINS_4axisIhLm1EIfE' due to the length limit 80
INFO: [SYN 201-210] Renamed object name 'Loop_row_loop_proc_Pipeline_col_loop_p_ZZ7fast_ipRN3hls6streamINS_4axisIhLm1ELm1ELm1ELh56ELb0EEELi0EEERNS0_INS1_I7ap_u_39_RAM_AUTO_1R1W' to 'Loop_row_loop_proc_Pipeline_col_loop_p_ZZ7fast_ipRN3hls6streamINS_4axisIhLm1EJfO' due to the length limit 80
INFO: [SYN 201-210] Renamed object name 'Loop_row_loop_proc_Pipeline_col_loop_p_ZZ7fast_ipRN3hls6streamINS_4axisIhLm1ELm1ELm1ELh56ELb0EEELi0EEERNS0_INS1_I7ap_u_38_RAM_AUTO_1R1W' to 'Loop_row_loop_proc_Pipeline_col_loop_p_ZZ7fast_ipRN3hls6streamINS_4axisIhLm1EKfY' due to the length limit 80
INFO: [SYN 201-210] Renamed object name 'Loop_row_loop_proc_Pipeline_col_loop_p_ZZ7fast_ipRN3hls6streamINS_4axisIhLm1ELm1ELm1ELh56ELb0EEELi0EEERNS0_INS1_I7ap_u_37_RAM_AUTO_1R1W' to 'Loop_row_loop_proc_Pipeline_col_loop_p_ZZ7fast_ipRN3hls6streamINS_4axisIhLm1ELf8' due to the length limit 80
INFO: [SYN 201-210] Renamed object name 'Loop_row_loop_proc_Pipeline_col_loop_p_ZZ7fast_ipRN3hls6streamINS_4axisIhLm1ELm1ELm1ELh56ELb0EEELi0EEERNS0_INS1_I7ap_u_36_RAM_AUTO_1R1W' to 'Loop_row_loop_proc_Pipeline_col_loop_p_ZZ7fast_ipRN3hls6streamINS_4axisIhLm1EMgi' due to the length limit 80
INFO: [SYN 201-210] Renamed object name 'Loop_row_loop_proc_Pipeline_col_loop_p_ZZ7fast_ipRN3hls6streamINS_4axisIhLm1ELm1ELm1ELh56ELb0EEELi0EEERNS0_INS1_I7ap_u_35_RAM_AUTO_1R1W' to 'Loop_row_loop_proc_Pipeline_col_loop_p_ZZ7fast_ipRN3hls6streamINS_4axisIhLm1ENgs' due to the length limit 80
INFO: [SYN 201-210] Renamed object name 'Loop_row_loop_proc_Pipeline_col_loop_p_ZZ7fast_ipRN3hls6streamINS_4axisIhLm1ELm1ELm1ELh56ELb0EEELi0EEERNS0_INS1_I7ap_u_34_RAM_AUTO_1R1W' to 'Loop_row_loop_proc_Pipeline_col_loop_p_ZZ7fast_ipRN3hls6streamINS_4axisIhLm1EOgC' due to the length limit 80
INFO: [SYN 201-210] Renamed object name 'Loop_row_loop_proc_Pipeline_col_loop_p_ZZ7fast_ipRN3hls6streamINS_4axisIhLm1ELm1ELm1ELh56ELb0EEELi0EEERNS0_INS1_I7ap_u_33_RAM_AUTO_1R1W' to 'Loop_row_loop_proc_Pipeline_col_loop_p_ZZ7fast_ipRN3hls6streamINS_4axisIhLm1EPgM' due to the length limit 80
INFO: [SYN 201-210] Renamed object name 'Loop_row_loop_proc_Pipeline_col_loop_p_ZZ7fast_ipRN3hls6streamINS_4axisIhLm1ELm1ELm1ELh56ELb0EEELi0EEERNS0_INS1_I7ap_u_32_RAM_AUTO_1R1W' to 'Loop_row_loop_proc_Pipeline_col_loop_p_ZZ7fast_ipRN3hls6streamINS_4axisIhLm1EQgW' due to the length limit 80
INFO: [SYN 201-210] Renamed object name 'Loop_row_loop_proc_Pipeline_col_loop_p_ZZ7fast_ipRN3hls6streamINS_4axisIhLm1ELm1ELm1ELh56ELb0EEELi0EEERNS0_INS1_I7ap_u_45_RAM_AUTO_1R1W' to 'Loop_row_loop_proc_Pipeline_col_loop_p_ZZ7fast_ipRN3hls6streamINS_4axisIhLm1ERg6' due to the length limit 80
INFO: [SYN 201-210] Renamed object name 'Loop_row_loop_proc_Pipeline_col_loop_p_ZZ7fast_ipRN3hls6streamINS_4axisIhLm1ELm1ELm1ELh56ELb0EEELi0EEERNS0_INS1_I7ap_u_44_RAM_AUTO_1R1W' to 'Loop_row_loop_proc_Pipeline_col_loop_p_ZZ7fast_ipRN3hls6streamINS_4axisIhLm1EShg' due to the length limit 80
INFO: [SYN 201-210] Renamed object name 'Loop_row_loop_proc_Pipeline_col_loop_p_ZZ7fast_ipRN3hls6streamINS_4axisIhLm1ELm1ELm1ELh56ELb0EEELi0EEERNS0_INS1_I7ap_u_43_RAM_AUTO_1R1W' to 'Loop_row_loop_proc_Pipeline_col_loop_p_ZZ7fast_ipRN3hls6streamINS_4axisIhLm1EThq' due to the length limit 80
INFO: [SYN 201-210] Renamed object name 'Loop_row_loop_proc_Pipeline_col_loop_p_ZZ7fast_ipRN3hls6streamINS_4axisIhLm1ELm1ELm1ELh56ELb0EEELi0EEERNS0_INS1_I7ap_u_42_RAM_AUTO_1R1W' to 'Loop_row_loop_proc_Pipeline_col_loop_p_ZZ7fast_ipRN3hls6streamINS_4axisIhLm1EUhA' due to the length limit 80
INFO: [SYN 201-210] Renamed object name 'Loop_row_loop_proc_Pipeline_col_loop_p_ZZ7fast_ipRN3hls6streamINS_4axisIhLm1ELm1ELm1ELh56ELb0EEELi0EEERNS0_INS1_I7ap_u_41_RAM_AUTO_1R1W' to 'Loop_row_loop_proc_Pipeline_col_loop_p_ZZ7fast_ipRN3hls6streamINS_4axisIhLm1EVhK' due to the length limit 80
INFO: [SYN 201-210] Renamed object name 'Loop_row_loop_proc_Pipeline_col_loop_p_ZZ7fast_ipRN3hls6streamINS_4axisIhLm1ELm1ELm1ELh56ELb0EEELi0EEERNS0_INS1_I7ap_u_40_RAM_AUTO_1R1W' to 'Loop_row_loop_proc_Pipeline_col_loop_p_ZZ7fast_ipRN3hls6streamINS_4axisIhLm1EWhU' due to the length limit 80
INFO: [SYN 201-210] Renamed object name 'Loop_row_loop_proc_Pipeline_col_loop_p_ZZ7fast_ipRN3hls6streamINS_4axisIhLm1ELm1ELm1ELh56ELb0EEELi0EEERNS0_INS1_I7ap_u_63_RAM_AUTO_1R1W' to 'Loop_row_loop_proc_Pipeline_col_loop_p_ZZ7fast_ipRN3hls6streamINS_4axisIhLm1EXh4' due to the length limit 80
INFO: [SYN 201-210] Renamed object name 'Loop_row_loop_proc_Pipeline_col_loop_p_ZZ7fast_ipRN3hls6streamINS_4axisIhLm1ELm1ELm1ELh56ELb0EEELi0EEERNS0_INS1_I7ap_u_62_RAM_AUTO_1R1W' to 'Loop_row_loop_proc_Pipeline_col_loop_p_ZZ7fast_ipRN3hls6streamINS_4axisIhLm1EYie' due to the length limit 80
INFO: [SYN 201-210] Renamed object name 'Loop_row_loop_proc_Pipeline_col_loop_p_ZZ7fast_ipRN3hls6streamINS_4axisIhLm1ELm1ELm1ELh56ELb0EEELi0EEERNS0_INS1_I7ap_u_55_RAM_AUTO_1R1W' to 'Loop_row_loop_proc_Pipeline_col_loop_p_ZZ7fast_ipRN3hls6streamINS_4axisIhLm1EZio' due to the length limit 80
INFO: [SYN 201-210] Renamed object name 'Loop_row_loop_proc_Pipeline_col_loop_p_ZZ7fast_ipRN3hls6streamINS_4axisIhLm1ELm1ELm1ELh56ELb0EEELi0EEERNS0_INS1_I7ap_u_54_RAM_AUTO_1R1W' to 'Loop_row_loop_proc_Pipeline_col_loop_p_ZZ7fast_ipRN3hls6streamINS_4axisIhLm1E0iy' due to the length limit 80
INFO: [SYN 201-210] Renamed object name 'Loop_row_loop_proc_Pipeline_col_loop_p_ZZ7fast_ipRN3hls6streamINS_4axisIhLm1ELm1ELm1ELh56ELb0EEELi0EEERNS0_INS1_I7ap_u_53_RAM_AUTO_1R1W' to 'Loop_row_loop_proc_Pipeline_col_loop_p_ZZ7fast_ipRN3hls6streamINS_4axisIhLm1E1iI' due to the length limit 80
INFO: [SYN 201-210] Renamed object name 'Loop_row_loop_proc_Pipeline_col_loop_p_ZZ7fast_ipRN3hls6streamINS_4axisIhLm1ELm1ELm1ELh56ELb0EEELi0EEERNS0_INS1_I7ap_u_52_RAM_AUTO_1R1W' to 'Loop_row_loop_proc_Pipeline_col_loop_p_ZZ7fast_ipRN3hls6streamINS_4axisIhLm1E2iS' due to the length limit 80
INFO: [SYN 201-210] Renamed object name 'Loop_row_loop_proc_Pipeline_col_loop_p_ZZ7fast_ipRN3hls6streamINS_4axisIhLm1ELm1ELm1ELh56ELb0EEELi0EEERNS0_INS1_I7ap_u_51_RAM_AUTO_1R1W' to 'Loop_row_loop_proc_Pipeline_col_loop_p_ZZ7fast_ipRN3hls6streamINS_4axisIhLm1E3i2' due to the length limit 80
INFO: [SYN 201-210] Renamed object name 'Loop_row_loop_proc_Pipeline_col_loop_p_ZZ7fast_ipRN3hls6streamINS_4axisIhLm1ELm1ELm1ELh56ELb0EEELi0EEERNS0_INS1_I7ap_u_50_RAM_AUTO_1R1W' to 'Loop_row_loop_proc_Pipeline_col_loop_p_ZZ7fast_ipRN3hls6streamINS_4axisIhLm1E4jc' due to the length limit 80
INFO: [SYN 201-210] Renamed object name 'Loop_row_loop_proc_Pipeline_col_loop_p_ZZ7fast_ipRN3hls6streamINS_4axisIhLm1ELm1ELm1ELh56ELb0EEELi0EEERNS0_INS1_I7ap_u_49_RAM_AUTO_1R1W' to 'Loop_row_loop_proc_Pipeline_col_loop_p_ZZ7fast_ipRN3hls6streamINS_4axisIhLm1E5jm' due to the length limit 80
INFO: [SYN 201-210] Renamed object name 'Loop_row_loop_proc_Pipeline_col_loop_p_ZZ7fast_ipRN3hls6streamINS_4axisIhLm1ELm1ELm1ELh56ELb0EEELi0EEERNS0_INS1_I7ap_u_48_RAM_AUTO_1R1W' to 'Loop_row_loop_proc_Pipeline_col_loop_p_ZZ7fast_ipRN3hls6streamINS_4axisIhLm1E6jw' due to the length limit 80
INFO: [SYN 201-210] Renamed object name 'Loop_row_loop_proc_Pipeline_col_loop_p_ZZ7fast_ipRN3hls6streamINS_4axisIhLm1ELm1ELm1ELh56ELb0EEELi0EEERNS0_INS1_I7ap_u_61_RAM_AUTO_1R1W' to 'Loop_row_loop_proc_Pipeline_col_loop_p_ZZ7fast_ipRN3hls6streamINS_4axisIhLm1E7jG' due to the length limit 80
INFO: [SYN 201-210] Renamed object name 'Loop_row_loop_proc_Pipeline_col_loop_p_ZZ7fast_ipRN3hls6streamINS_4axisIhLm1ELm1ELm1ELh56ELb0EEELi0EEERNS0_INS1_I7ap_u_60_RAM_AUTO_1R1W' to 'Loop_row_loop_proc_Pipeline_col_loop_p_ZZ7fast_ipRN3hls6streamINS_4axisIhLm1E8jQ' due to the length limit 80
INFO: [SYN 201-210] Renamed object name 'Loop_row_loop_proc_Pipeline_col_loop_p_ZZ7fast_ipRN3hls6streamINS_4axisIhLm1ELm1ELm1ELh56ELb0EEELi0EEERNS0_INS1_I7ap_u_59_RAM_AUTO_1R1W' to 'Loop_row_loop_proc_Pipeline_col_loop_p_ZZ7fast_ipRN3hls6streamINS_4axisIhLm1E9j0' due to the length limit 80
INFO: [SYN 201-210] Renamed object name 'Loop_row_loop_proc_Pipeline_col_loop_p_ZZ7fast_ipRN3hls6streamINS_4axisIhLm1ELm1ELm1ELh56ELb0EEELi0EEERNS0_INS1_I7ap_u_58_RAM_AUTO_1R1W' to 'Loop_row_loop_proc_Pipeline_col_loop_p_ZZ7fast_ipRN3hls6streamINS_4axisIhLm1Ebak' due to the length limit 80
INFO: [SYN 201-210] Renamed object name 'Loop_row_loop_proc_Pipeline_col_loop_p_ZZ7fast_ipRN3hls6streamINS_4axisIhLm1ELm1ELm1ELh56ELb0EEELi0EEERNS0_INS1_I7ap_u_57_RAM_AUTO_1R1W' to 'Loop_row_loop_proc_Pipeline_col_loop_p_ZZ7fast_ipRN3hls6streamINS_4axisIhLm1Ebbk' due to the length limit 80
INFO: [SYN 201-210] Renamed object name 'Loop_row_loop_proc_Pipeline_col_loop_p_ZZ7fast_ipRN3hls6streamINS_4axisIhLm1ELm1ELm1ELh56ELb0EEELi0EEERNS0_INS1_I7ap_u_56_RAM_AUTO_1R1W' to 'Loop_row_loop_proc_Pipeline_col_loop_p_ZZ7fast_ipRN3hls6streamINS_4axisIhLm1Ebck' due to the length limit 80
INFO: [SYN 201-210] Renamed object name 'Loop_row_loop_proc_Pipeline_col_loop_p_ZZ7fast_ipRN3hls6streamINS_4axisIhLm1ELm1ELm1ELh56ELb0EEELi0EEERNS0_INS1_I7ap_u_79_RAM_AUTO_1R1W' to 'Loop_row_loop_proc_Pipeline_col_loop_p_ZZ7fast_ipRN3hls6streamINS_4axisIhLm1Ebdk' due to the length limit 80
INFO: [SYN 201-210] Renamed object name 'Loop_row_loop_proc_Pipeline_col_loop_p_ZZ7fast_ipRN3hls6streamINS_4axisIhLm1ELm1ELm1ELh56ELb0EEELi0EEERNS0_INS1_I7ap_u_78_RAM_AUTO_1R1W' to 'Loop_row_loop_proc_Pipeline_col_loop_p_ZZ7fast_ipRN3hls6streamINS_4axisIhLm1Ebek' due to the length limit 80
INFO: [SYN 201-210] Renamed object name 'Loop_row_loop_proc_Pipeline_col_loop_p_ZZ7fast_ipRN3hls6streamINS_4axisIhLm1ELm1ELm1ELh56ELb0EEELi0EEERNS0_INS1_I7ap_u_71_RAM_AUTO_1R1W' to 'Loop_row_loop_proc_Pipeline_col_loop_p_ZZ7fast_ipRN3hls6streamINS_4axisIhLm1Ebfk' due to the length limit 80
INFO: [SYN 201-210] Renamed object name 'Loop_row_loop_proc_Pipeline_col_loop_p_ZZ7fast_ipRN3hls6streamINS_4axisIhLm1ELm1ELm1ELh56ELb0EEELi0EEERNS0_INS1_I7ap_u_70_RAM_AUTO_1R1W' to 'Loop_row_loop_proc_Pipeline_col_loop_p_ZZ7fast_ipRN3hls6streamINS_4axisIhLm1Ebgk' due to the length limit 80
INFO: [SYN 201-210] Renamed object name 'Loop_row_loop_proc_Pipeline_col_loop_p_ZZ7fast_ipRN3hls6streamINS_4axisIhLm1ELm1ELm1ELh56ELb0EEELi0EEERNS0_INS1_I7ap_u_69_RAM_AUTO_1R1W' to 'Loop_row_loop_proc_Pipeline_col_loop_p_ZZ7fast_ipRN3hls6streamINS_4axisIhLm1Ebhl' due to the length limit 80
INFO: [SYN 201-210] Renamed object name 'Loop_row_loop_proc_Pipeline_col_loop_p_ZZ7fast_ipRN3hls6streamINS_4axisIhLm1ELm1ELm1ELh56ELb0EEELi0EEERNS0_INS1_I7ap_u_68_RAM_AUTO_1R1W' to 'Loop_row_loop_proc_Pipeline_col_loop_p_ZZ7fast_ipRN3hls6streamINS_4axisIhLm1Ebil' due to the length limit 80
INFO: [SYN 201-210] Renamed object name 'Loop_row_loop_proc_Pipeline_col_loop_p_ZZ7fast_ipRN3hls6streamINS_4axisIhLm1ELm1ELm1ELh56ELb0EEELi0EEERNS0_INS1_I7ap_u_67_RAM_AUTO_1R1W' to 'Loop_row_loop_proc_Pipeline_col_loop_p_ZZ7fast_ipRN3hls6streamINS_4axisIhLm1Ebjl' due to the length limit 80
INFO: [SYN 201-210] Renamed object name 'Loop_row_loop_proc_Pipeline_col_loop_p_ZZ7fast_ipRN3hls6streamINS_4axisIhLm1ELm1ELm1ELh56ELb0EEELi0EEERNS0_INS1_I7ap_u_66_RAM_AUTO_1R1W' to 'Loop_row_loop_proc_Pipeline_col_loop_p_ZZ7fast_ipRN3hls6streamINS_4axisIhLm1Ebkl' due to the length limit 80
INFO: [SYN 201-210] Renamed object name 'Loop_row_loop_proc_Pipeline_col_loop_p_ZZ7fast_ipRN3hls6streamINS_4axisIhLm1ELm1ELm1ELh56ELb0EEELi0EEERNS0_INS1_I7ap_u_65_RAM_AUTO_1R1W' to 'Loop_row_loop_proc_Pipeline_col_loop_p_ZZ7fast_ipRN3hls6streamINS_4axisIhLm1Ebll' due to the length limit 80
INFO: [SYN 201-210] Renamed object name 'Loop_row_loop_proc_Pipeline_col_loop_p_ZZ7fast_ipRN3hls6streamINS_4axisIhLm1ELm1ELm1ELh56ELb0EEELi0EEERNS0_INS1_I7ap_u_64_RAM_AUTO_1R1W' to 'Loop_row_loop_proc_Pipeline_col_loop_p_ZZ7fast_ipRN3hls6streamINS_4axisIhLm1Ebml' due to the length limit 80
INFO: [SYN 201-210] Renamed object name 'Loop_row_loop_proc_Pipeline_col_loop_p_ZZ7fast_ipRN3hls6streamINS_4axisIhLm1ELm1ELm1ELh56ELb0EEELi0EEERNS0_INS1_I7ap_u_77_RAM_AUTO_1R1W' to 'Loop_row_loop_proc_Pipeline_col_loop_p_ZZ7fast_ipRN3hls6streamINS_4axisIhLm1Ebnm' due to the length limit 80
INFO: [SYN 201-210] Renamed object name 'Loop_row_loop_proc_Pipeline_col_loop_p_ZZ7fast_ipRN3hls6streamINS_4axisIhLm1ELm1ELm1ELh56ELb0EEELi0EEERNS0_INS1_I7ap_u_76_RAM_AUTO_1R1W' to 'Loop_row_loop_proc_Pipeline_col_loop_p_ZZ7fast_ipRN3hls6streamINS_4axisIhLm1Ebom' due to the length limit 80
INFO: [SYN 201-210] Renamed object name 'Loop_row_loop_proc_Pipeline_col_loop_p_ZZ7fast_ipRN3hls6streamINS_4axisIhLm1ELm1ELm1ELh56ELb0EEELi0EEERNS0_INS1_I7ap_u_75_RAM_AUTO_1R1W' to 'Loop_row_loop_proc_Pipeline_col_loop_p_ZZ7fast_ipRN3hls6streamINS_4axisIhLm1Ebpm' due to the length limit 80
INFO: [SYN 201-210] Renamed object name 'Loop_row_loop_proc_Pipeline_col_loop_p_ZZ7fast_ipRN3hls6streamINS_4axisIhLm1ELm1ELm1ELh56ELb0EEELi0EEERNS0_INS1_I7ap_u_74_RAM_AUTO_1R1W' to 'Loop_row_loop_proc_Pipeline_col_loop_p_ZZ7fast_ipRN3hls6streamINS_4axisIhLm1Ebqm' due to the length limit 80
INFO: [SYN 201-210] Renamed object name 'Loop_row_loop_proc_Pipeline_col_loop_p_ZZ7fast_ipRN3hls6streamINS_4axisIhLm1ELm1ELm1ELh56ELb0EEELi0EEERNS0_INS1_I7ap_u_73_RAM_AUTO_1R1W' to 'Loop_row_loop_proc_Pipeline_col_loop_p_ZZ7fast_ipRN3hls6streamINS_4axisIhLm1Ebrm' due to the length limit 80
INFO: [SYN 201-210] Renamed object name 'Loop_row_loop_proc_Pipeline_col_loop_p_ZZ7fast_ipRN3hls6streamINS_4axisIhLm1ELm1ELm1ELh56ELb0EEELi0EEERNS0_INS1_I7ap_u_72_RAM_AUTO_1R1W' to 'Loop_row_loop_proc_Pipeline_col_loop_p_ZZ7fast_ipRN3hls6streamINS_4axisIhLm1Ebsm' due to the length limit 80
INFO: [SYN 201-210] Renamed object name 'Loop_row_loop_proc_Pipeline_col_loop_p_ZZ7fast_ipRN3hls6streamINS_4axisIhLm1ELm1ELm1ELh56ELb0EEELi0EEERNS0_INS1_I7ap_u_95_RAM_AUTO_1R1W' to 'Loop_row_loop_proc_Pipeline_col_loop_p_ZZ7fast_ipRN3hls6streamINS_4axisIhLm1Ebtn' due to the length limit 80
INFO: [SYN 201-210] Renamed object name 'Loop_row_loop_proc_Pipeline_col_loop_p_ZZ7fast_ipRN3hls6streamINS_4axisIhLm1ELm1ELm1ELh56ELb0EEELi0EEERNS0_INS1_I7ap_u_94_RAM_AUTO_1R1W' to 'Loop_row_loop_proc_Pipeline_col_loop_p_ZZ7fast_ipRN3hls6streamINS_4axisIhLm1Ebun' due to the length limit 80
INFO: [SYN 201-210] Renamed object name 'Loop_row_loop_proc_Pipeline_col_loop_p_ZZ7fast_ipRN3hls6streamINS_4axisIhLm1ELm1ELm1ELh56ELb0EEELi0EEERNS0_INS1_I7ap_u_87_RAM_AUTO_1R1W' to 'Loop_row_loop_proc_Pipeline_col_loop_p_ZZ7fast_ipRN3hls6streamINS_4axisIhLm1Ebvn' due to the length limit 80
INFO: [SYN 201-210] Renamed object name 'Loop_row_loop_proc_Pipeline_col_loop_p_ZZ7fast_ipRN3hls6streamINS_4axisIhLm1ELm1ELm1ELh56ELb0EEELi0EEERNS0_INS1_I7ap_u_86_RAM_AUTO_1R1W' to 'Loop_row_loop_proc_Pipeline_col_loop_p_ZZ7fast_ipRN3hls6streamINS_4axisIhLm1Ebwn' due to the length limit 80
INFO: [SYN 201-210] Renamed object name 'Loop_row_loop_proc_Pipeline_col_loop_p_ZZ7fast_ipRN3hls6streamINS_4axisIhLm1ELm1ELm1ELh56ELb0EEELi0EEERNS0_INS1_I7ap_u_85_RAM_AUTO_1R1W' to 'Loop_row_loop_proc_Pipeline_col_loop_p_ZZ7fast_ipRN3hls6streamINS_4axisIhLm1Ebxn' due to the length limit 80
INFO: [SYN 201-210] Renamed object name 'Loop_row_loop_proc_Pipeline_col_loop_p_ZZ7fast_ipRN3hls6streamINS_4axisIhLm1ELm1ELm1ELh56ELb0EEELi0EEERNS0_INS1_I7ap_u_84_RAM_AUTO_1R1W' to 'Loop_row_loop_proc_Pipeline_col_loop_p_ZZ7fast_ipRN3hls6streamINS_4axisIhLm1Ebyn' due to the length limit 80
INFO: [SYN 201-210] Renamed object name 'Loop_row_loop_proc_Pipeline_col_loop_p_ZZ7fast_ipRN3hls6streamINS_4axisIhLm1ELm1ELm1ELh56ELb0EEELi0EEERNS0_INS1_I7ap_u_83_RAM_AUTO_1R1W' to 'Loop_row_loop_proc_Pipeline_col_loop_p_ZZ7fast_ipRN3hls6streamINS_4axisIhLm1Ebzo' due to the length limit 80
INFO: [SYN 201-210] Renamed object name 'Loop_row_loop_proc_Pipeline_col_loop_p_ZZ7fast_ipRN3hls6streamINS_4axisIhLm1ELm1ELm1ELh56ELb0EEELi0EEERNS0_INS1_I7ap_u_82_RAM_AUTO_1R1W' to 'Loop_row_loop_proc_Pipeline_col_loop_p_ZZ7fast_ipRN3hls6streamINS_4axisIhLm1EbAo' due to the length limit 80
INFO: [SYN 201-210] Renamed object name 'Loop_row_loop_proc_Pipeline_col_loop_p_ZZ7fast_ipRN3hls6streamINS_4axisIhLm1ELm1ELm1ELh56ELb0EEELi0EEERNS0_INS1_I7ap_u_81_RAM_AUTO_1R1W' to 'Loop_row_loop_proc_Pipeline_col_loop_p_ZZ7fast_ipRN3hls6streamINS_4axisIhLm1EbBo' due to the length limit 80
INFO: [SYN 201-210] Renamed object name 'Loop_row_loop_proc_Pipeline_col_loop_p_ZZ7fast_ipRN3hls6streamINS_4axisIhLm1ELm1ELm1ELh56ELb0EEELi0EEERNS0_INS1_I7ap_u_80_RAM_AUTO_1R1W' to 'Loop_row_loop_proc_Pipeline_col_loop_p_ZZ7fast_ipRN3hls6streamINS_4axisIhLm1EbCo' due to the length limit 80
INFO: [SYN 201-210] Renamed object name 'Loop_row_loop_proc_Pipeline_col_loop_p_ZZ7fast_ipRN3hls6streamINS_4axisIhLm1ELm1ELm1ELh56ELb0EEELi0EEERNS0_INS1_I7ap_u_93_RAM_AUTO_1R1W' to 'Loop_row_loop_proc_Pipeline_col_loop_p_ZZ7fast_ipRN3hls6streamINS_4axisIhLm1EbDo' due to the length limit 80
INFO: [SYN 201-210] Renamed object name 'Loop_row_loop_proc_Pipeline_col_loop_p_ZZ7fast_ipRN3hls6streamINS_4axisIhLm1ELm1ELm1ELh56ELb0EEELi0EEERNS0_INS1_I7ap_u_92_RAM_AUTO_1R1W' to 'Loop_row_loop_proc_Pipeline_col_loop_p_ZZ7fast_ipRN3hls6streamINS_4axisIhLm1EbEo' due to the length limit 80
INFO: [SYN 201-210] Renamed object name 'Loop_row_loop_proc_Pipeline_col_loop_p_ZZ7fast_ipRN3hls6streamINS_4axisIhLm1ELm1ELm1ELh56ELb0EEELi0EEERNS0_INS1_I7ap_u_91_RAM_AUTO_1R1W' to 'Loop_row_loop_proc_Pipeline_col_loop_p_ZZ7fast_ipRN3hls6streamINS_4axisIhLm1EbFp' due to the length limit 80
INFO: [SYN 201-210] Renamed object name 'Loop_row_loop_proc_Pipeline_col_loop_p_ZZ7fast_ipRN3hls6streamINS_4axisIhLm1ELm1ELm1ELh56ELb0EEELi0EEERNS0_INS1_I7ap_u_90_RAM_AUTO_1R1W' to 'Loop_row_loop_proc_Pipeline_col_loop_p_ZZ7fast_ipRN3hls6streamINS_4axisIhLm1EbGp' due to the length limit 80
INFO: [SYN 201-210] Renamed object name 'Loop_row_loop_proc_Pipeline_col_loop_p_ZZ7fast_ipRN3hls6streamINS_4axisIhLm1ELm1ELm1ELh56ELb0EEELi0EEERNS0_INS1_I7ap_u_89_RAM_AUTO_1R1W' to 'Loop_row_loop_proc_Pipeline_col_loop_p_ZZ7fast_ipRN3hls6streamINS_4axisIhLm1EbHp' due to the length limit 80
INFO: [SYN 201-210] Renamed object name 'Loop_row_loop_proc_Pipeline_col_loop_p_ZZ7fast_ipRN3hls6streamINS_4axisIhLm1ELm1ELm1ELh56ELb0EEELi0EEERNS0_INS1_I7ap_u_88_RAM_AUTO_1R1W' to 'Loop_row_loop_proc_Pipeline_col_loop_p_ZZ7fast_ipRN3hls6streamINS_4axisIhLm1EbIp' due to the length limit 80
INFO: [SYN 201-210] Renamed object name 'Loop_row_loop_proc_Pipeline_col_loop_p_ZZ7fast_ipRN3hls6streamINS_4axisIhLm1ELm1ELm1ELh56ELb0EEELi0EEERNS0_INS1_I7ap_u_111_RAM_AUTO_1R1W' to 'Loop_row_loop_proc_Pipeline_col_loop_p_ZZ7fast_ipRN3hls6streamINS_4axisIhLm1EbJp' due to the length limit 80
INFO: [SYN 201-210] Renamed object name 'Loop_row_loop_proc_Pipeline_col_loop_p_ZZ7fast_ipRN3hls6streamINS_4axisIhLm1ELm1ELm1ELh56ELb0EEELi0EEERNS0_INS1_I7ap_u_112_RAM_AUTO_1R1W' to 'Loop_row_loop_proc_Pipeline_col_loop_p_ZZ7fast_ipRN3hls6streamINS_4axisIhLm1EbKp' due to the length limit 80
INFO: [SYN 201-210] Renamed object name 'Loop_row_loop_proc_Pipeline_col_loop_p_ZZ7fast_ipRN3hls6streamINS_4axisIhLm1ELm1ELm1ELh56ELb0EEELi0EEERNS0_INS1_I7ap_u_119_RAM_AUTO_1R1W' to 'Loop_row_loop_proc_Pipeline_col_loop_p_ZZ7fast_ipRN3hls6streamINS_4axisIhLm1EbLp' due to the length limit 80
INFO: [SYN 201-210] Renamed object name 'Loop_row_loop_proc_Pipeline_col_loop_p_ZZ7fast_ipRN3hls6streamINS_4axisIhLm1ELm1ELm1ELh56ELb0EEELi0EEERNS0_INS1_I7ap_u_120_RAM_AUTO_1R1W' to 'Loop_row_loop_proc_Pipeline_col_loop_p_ZZ7fast_ipRN3hls6streamINS_4axisIhLm1EbMq' due to the length limit 80
INFO: [SYN 201-210] Renamed object name 'Loop_row_loop_proc_Pipeline_col_loop_p_ZZ7fast_ipRN3hls6streamINS_4axisIhLm1ELm1ELm1ELh56ELb0EEELi0EEERNS0_INS1_I7ap_u_121_RAM_AUTO_1R1W' to 'Loop_row_loop_proc_Pipeline_col_loop_p_ZZ7fast_ipRN3hls6streamINS_4axisIhLm1EbNq' due to the length limit 80
INFO: [SYN 201-210] Renamed object name 'Loop_row_loop_proc_Pipeline_col_loop_p_ZZ7fast_ipRN3hls6streamINS_4axisIhLm1ELm1ELm1ELh56ELb0EEELi0EEERNS0_INS1_I7ap_u_122_RAM_AUTO_1R1W' to 'Loop_row_loop_proc_Pipeline_col_loop_p_ZZ7fast_ipRN3hls6streamINS_4axisIhLm1EbOq' due to the length limit 80
INFO: [SYN 201-210] Renamed object name 'Loop_row_loop_proc_Pipeline_col_loop_p_ZZ7fast_ipRN3hls6streamINS_4axisIhLm1ELm1ELm1ELh56ELb0EEELi0EEERNS0_INS1_I7ap_u_99_RAM_AUTO_1R1W' to 'Loop_row_loop_proc_Pipeline_col_loop_p_ZZ7fast_ipRN3hls6streamINS_4axisIhLm1EbPq' due to the length limit 80
INFO: [SYN 201-210] Renamed object name 'Loop_row_loop_proc_Pipeline_col_loop_p_ZZ7fast_ipRN3hls6streamINS_4axisIhLm1ELm1ELm1ELh56ELb0EEELi0EEERNS0_INS1_I7ap_u_98_RAM_AUTO_1R1W' to 'Loop_row_loop_proc_Pipeline_col_loop_p_ZZ7fast_ipRN3hls6streamINS_4axisIhLm1EbQq' due to the length limit 80
INFO: [SYN 201-210] Renamed object name 'Loop_row_loop_proc_Pipeline_col_loop_p_ZZ7fast_ipRN3hls6streamINS_4axisIhLm1ELm1ELm1ELh56ELb0EEELi0EEERNS0_INS1_I7ap_u_97_RAM_AUTO_1R1W' to 'Loop_row_loop_proc_Pipeline_col_loop_p_ZZ7fast_ipRN3hls6streamINS_4axisIhLm1EbRq' due to the length limit 80
INFO: [SYN 201-210] Renamed object name 'Loop_row_loop_proc_Pipeline_col_loop_p_ZZ7fast_ipRN3hls6streamINS_4axisIhLm1ELm1ELm1ELh56ELb0EEELi0EEERNS0_INS1_I7ap_u_96_RAM_AUTO_1R1W' to 'Loop_row_loop_proc_Pipeline_col_loop_p_ZZ7fast_ipRN3hls6streamINS_4axisIhLm1EbSr' due to the length limit 80
INFO: [SYN 201-210] Renamed object name 'Loop_row_loop_proc_Pipeline_col_loop_p_ZZ7fast_ipRN3hls6streamINS_4axisIhLm1ELm1ELm1ELh56ELb0EEELi0EEERNS0_INS1_I7ap_u_113_RAM_AUTO_1R1W' to 'Loop_row_loop_proc_Pipeline_col_loop_p_ZZ7fast_ipRN3hls6streamINS_4axisIhLm1EbTr' due to the length limit 80
INFO: [SYN 201-210] Renamed object name 'Loop_row_loop_proc_Pipeline_col_loop_p_ZZ7fast_ipRN3hls6streamINS_4axisIhLm1ELm1ELm1ELh56ELb0EEELi0EEERNS0_INS1_I7ap_u_114_RAM_AUTO_1R1W' to 'Loop_row_loop_proc_Pipeline_col_loop_p_ZZ7fast_ipRN3hls6streamINS_4axisIhLm1EbUr' due to the length limit 80
INFO: [SYN 201-210] Renamed object name 'Loop_row_loop_proc_Pipeline_col_loop_p_ZZ7fast_ipRN3hls6streamINS_4axisIhLm1ELm1ELm1ELh56ELb0EEELi0EEERNS0_INS1_I7ap_u_115_RAM_AUTO_1R1W' to 'Loop_row_loop_proc_Pipeline_col_loop_p_ZZ7fast_ipRN3hls6streamINS_4axisIhLm1EbVr' due to the length limit 80
INFO: [SYN 201-210] Renamed object name 'Loop_row_loop_proc_Pipeline_col_loop_p_ZZ7fast_ipRN3hls6streamINS_4axisIhLm1ELm1ELm1ELh56ELb0EEELi0EEERNS0_INS1_I7ap_u_116_RAM_AUTO_1R1W' to 'Loop_row_loop_proc_Pipeline_col_loop_p_ZZ7fast_ipRN3hls6streamINS_4axisIhLm1EbWr' due to the length limit 80
INFO: [SYN 201-210] Renamed object name 'Loop_row_loop_proc_Pipeline_col_loop_p_ZZ7fast_ipRN3hls6streamINS_4axisIhLm1ELm1ELm1ELh56ELb0EEELi0EEERNS0_INS1_I7ap_u_117_RAM_AUTO_1R1W' to 'Loop_row_loop_proc_Pipeline_col_loop_p_ZZ7fast_ipRN3hls6streamINS_4axisIhLm1EbXr' due to the length limit 80
INFO: [SYN 201-210] Renamed object name 'Loop_row_loop_proc_Pipeline_col_loop_p_ZZ7fast_ipRN3hls6streamINS_4axisIhLm1ELm1ELm1ELh56ELb0EEELi0EEERNS0_INS1_I7ap_u_118_RAM_AUTO_1R1W' to 'Loop_row_loop_proc_Pipeline_col_loop_p_ZZ7fast_ipRN3hls6streamINS_4axisIhLm1EbYs' due to the length limit 80
INFO: [HLS 200-1030] Apply Unified Pipeline Control on module 'Loop_row_loop_proc_Pipeline_col_loop' pipeline 'col_loop' pipeline type 'loop pipeline'
INFO: [RTGEN 206-100] Generating core module 'sparsemux_33_4_8_1_1': 20 instance(s).
INFO: [RTGEN 206-100] Finished creating RTL model for 'Loop_row_loop_proc_Pipeline_col_loop'.
INFO: [RTMG 210-278] Implementing memory 'fast_ip_Loop_row_loop_proc_Pipeline_col_loop_p_ZZ7fast_ipRN3hls6streamINS_4axisIhLm1Ebkb' using auto RAMs.
INFO: [RTMG 210-278] Implementing memory 'fast_ip_Loop_row_loop_proc_Pipeline_col_loop_p_ZZ7fast_ipRN3hls6streamINS_4axisIhLm1EbJp' using auto RAMs.
INFO: [HLS 200-111] Finished Creating RTL model: CPU user time: 0 seconds. CPU system time: 0 seconds. Elapsed time: 15.719 seconds; current allocated memory: 274.195 MB.
INFO: [HLS 200-10] ----------------------------------------------------------------
INFO: [HLS 200-10] -- Generating RTL for module 'Loop_row_loop_proc' 
INFO: [HLS 200-10] ----------------------------------------------------------------
INFO: [RTGEN 206-100] Finished creating RTL model for 'Loop_row_loop_proc'.
INFO: [HLS 200-111] Finished Creating RTL model: CPU user time: 1 seconds. CPU system time: 1 seconds. Elapsed time: 6.774 seconds; current allocated memory: 300.523 MB.
INFO: [HLS 200-10] ----------------------------------------------------------------
INFO: [HLS 200-10] -- Generating RTL for module 'fast_ip' 
INFO: [HLS 200-10] ----------------------------------------------------------------
WARNING: [RTGEN 206-101] Design contains AXI ports. Reset is fixed to synchronous and active low.
INFO: [RTGEN 206-500] Setting interface mode on port 'fast_ip/src_axi_V_data_V' to 'axis' (register, both mode).
INFO: [RTGEN 206-500] Setting interface mode on port 'fast_ip/src_axi_V_keep_V' to 'axis' (register, both mode).
INFO: [RTGEN 206-500] Setting interface mode on port 'fast_ip/src_axi_V_strb_V' to 'axis' (register, both mode).
INFO: [RTGEN 206-500] Setting interface mode on port 'fast_ip/src_axi_V_user_V' to 'axis' (register, both mode).
INFO: [RTGEN 206-500] Setting interface mode on port 'fast_ip/src_axi_V_last_V' to 'axis' (register, both mode).
INFO: [RTGEN 206-500] Setting interface mode on port 'fast_ip/src_axi_V_id_V' to 'axis' (register, both mode).
INFO: [RTGEN 206-500] Setting interface mode on port 'fast_ip/src_axi_V_dest_V' to 'axis' (register, both mode).
INFO: [RTGEN 206-500] Setting interface mode on port 'fast_ip/dst_axi_V_data_V' to 'axis' (register, both mode).
INFO: [RTGEN 206-500] Setting interface mode on port 'fast_ip/dst_axi_V_keep_V' to 'axis' (register, both mode).
INFO: [RTGEN 206-500] Setting interface mode on port 'fast_ip/dst_axi_V_strb_V' to 'axis' (register, both mode).
INFO: [RTGEN 206-500] Setting interface mode on port 'fast_ip/dst_axi_V_user_V' to 'axis' (register, both mode).
INFO: [RTGEN 206-500] Setting interface mode on port 'fast_ip/dst_axi_V_last_V' to 'axis' (register, both mode).
INFO: [RTGEN 206-500] Setting interface mode on port 'fast_ip/dst_axi_V_id_V' to 'axis' (register, both mode).
INFO: [RTGEN 206-500] Setting interface mode on port 'fast_ip/dst_axi_V_dest_V' to 'axis' (register, both mode).
INFO: [RTGEN 206-500] Setting interface mode on port 'fast_ip/img_width' to 's_axilite & ap_none'.
INFO: [RTGEN 206-500] Setting interface mode on port 'fast_ip/img_height' to 's_axilite & ap_none'.
INFO: [RTGEN 206-500] Setting interface mode on port 'fast_ip/threshold' to 's_axilite & ap_none'.
INFO: [RTGEN 206-500] Setting interface mode on function 'fast_ip' to 's_axilite & ap_ctrl_hs'.
INFO: [RTGEN 206-100] Bundling port 'img_width', 'img_height', 'threshold' and 'return' to AXI-Lite port CONTROL_BUS.
INFO: [RTGEN 206-100] Finished creating RTL model for 'fast_ip'.
INFO: [RTMG 210-285] Implementing FIFO 'threshold_c_U(fast_ip_fifo_w8_d3_S)' using Shift Registers.
INFO: [RTMG 210-285] Implementing FIFO 'img_width_c_U(fast_ip_fifo_w32_d2_S)' using Shift Registers.
INFO: [RTMG 210-285] Implementing FIFO 'img_height_c_U(fast_ip_fifo_w32_d2_S)' using Shift Registers.
INFO: [RTMG 210-285] Implementing FIFO 'sub_loc_channel_U(fast_ip_fifo_w32_d2_S)' using Shift Registers.
INFO: [RTMG 210-285] Implementing FIFO 'sub23_loc_channel_U(fast_ip_fifo_w32_d2_S)' using Shift Registers.
INFO: [RTMG 210-285] Implementing FIFO 'cmp2151_loc_channel_U(fast_ip_fifo_w1_d2_S)' using Shift Registers.
INFO: [HLS 200-111] Finished Creating RTL model: CPU user time: 0 seconds. CPU system time: 0 seconds. Elapsed time: 1.09 seconds; current allocated memory: 300.523 MB.
INFO: [HLS 200-111] Finished Generating all RTL models: CPU user time: 0 seconds. CPU system time: 0 seconds. Elapsed time: 1.187 seconds; current allocated memory: 302.656 MB.
INFO: [HLS 200-111] Finished Updating report files: CPU user time: 0 seconds. CPU system time: 0 seconds. Elapsed time: 1.489 seconds; current allocated memory: 313.641 MB.
INFO: [VHDL 208-304] Generating VHDL RTL for fast_ip.
INFO: [VLOG 209-307] Generating Verilog RTL for fast_ip.
INFO: [HLS 200-790] **** Loop Constraint Status: All loop constraints were satisfied.
INFO: [HLS 200-789] **** Estimated Fmax: 137.38 MHz
INFO: [HLS 200-112] Total CPU user time: 7 seconds. Total CPU system time: 2 seconds. Total elapsed time: 60.361 seconds; peak allocated memory: 313.734 MB.
INFO: [v++ 60-791] Total elapsed time: 0h 1m 4s
