  **** HLS Build v2024.2 5238294
INFO: [HLS 200-2005] Using work_dir C:/Users/ariqf/Kuliah/KP/Workspace/fast_ip/fast_ip 
INFO: [HLS 200-1505] Using default flow_target 'vivado'
Resolution: For help on HLS 200-1505 see docs.xilinx.com/access/sources/dita/topic?Doc_Version=2024.2%20English&url=ug1448-hls-guidance&resourceid=200-1505.html
INFO: [HLS 200-1465] Applying ini 'syn.file=C:/Users/ariqf/Kuliah/KP/Workspace/fast_ip/fast_ip.cpp' from C:/Users/ariqf/Kuliah/KP/Workspace/fast_ip/hls_config.cfg(8)
INFO: [HLS 200-10] Adding design file 'C:/Users/ariqf/Kuliah/KP/Workspace/fast_ip/fast_ip.cpp' to the project
INFO: [HLS 200-1465] Applying ini 'syn.file=C:/Users/ariqf/Kuliah/KP/Workspace/fast_ip/fast_ip.h' from C:/Users/ariqf/Kuliah/KP/Workspace/fast_ip/hls_config.cfg(9)
INFO: [HLS 200-10] Adding design file 'C:/Users/ariqf/Kuliah/KP/Workspace/fast_ip/fast_ip.h' to the project
INFO: [HLS 200-1465] Applying ini 'tb.file=C:/Users/ariqf/Kuliah/KP/Workspace/fast_ip/fast_ip_tb.cpp' from C:/Users/ariqf/Kuliah/KP/Workspace/fast_ip/hls_config.cfg(10)
INFO: [HLS 200-10] Adding test bench file 'C:/Users/ariqf/Kuliah/KP/Workspace/fast_ip/fast_ip_tb.cpp' to the project
INFO: [HLS 200-1465] Applying ini 'syn.top=fast_ip' from C:/Users/ariqf/Kuliah/KP/Workspace/fast_ip/hls_config.cfg(11)
INFO: [HLS 200-1465] Applying ini 'flow_target=vivado' from C:/Users/ariqf/Kuliah/KP/Workspace/fast_ip/hls_config.cfg(4)
INFO: [HLS 200-1505] Using flow_target 'vivado'
Resolution: For help on HLS 200-1505 see docs.xilinx.com/access/sources/dita/topic?Doc_Version=2024.2%20English&url=ug1448-hls-guidance&resourceid=200-1505.html
INFO: [HLS 200-1465] Applying ini 'part=xc7z020clg484-1' from C:/Users/ariqf/Kuliah/KP/Workspace/fast_ip/hls_config.cfg(1)
INFO: [HLS 200-1611] Setting target device to 'xc7z020-clg484-1'
INFO: [HLS 200-1465] Applying ini 'clock=10ns' from C:/Users/ariqf/Kuliah/KP/Workspace/fast_ip/hls_config.cfg(7)
INFO: [SYN 201-201] Setting up clock 'default' with a period of 10ns.
INFO: [HLS 200-1465] Applying ini 'package.output.format=ip_catalog' from C:/Users/ariqf/Kuliah/KP/Workspace/fast_ip/hls_config.cfg(5)
INFO: [HLS 200-111] Finished File checks and directory preparation: CPU user time: 1 seconds. CPU system time: 0 seconds. Elapsed time: 2.062 seconds; current allocated memory: 162.090 MB.
INFO: [HLS 200-10] Analyzing design file 'fast_ip.cpp' ... 
INFO: [HLS 200-111] Finished Source Code Analysis and Preprocessing: CPU user time: 0 seconds. CPU system time: 0 seconds. Elapsed time: 3.837 seconds; current allocated memory: 165.141 MB.
INFO: [HLS 200-777] Using interface defaults for 'Vivado' flow target.
INFO: [HLS 200-1995] There were 447 instructions in the design after the 'Compile/Link' phase of compilation. See the Design Size Report for more details: C:/Users/ariqf/Kuliah/KP/Workspace/fast_ip/fast_ip/hls/syn/report/csynth_design_size.rpt
INFO: [HLS 200-1995] There were 1,549 instructions in the design after the 'Unroll/Inline (step 1)' phase of compilation. See the Design Size Report for more details: C:/Users/ariqf/Kuliah/KP/Workspace/fast_ip/fast_ip/hls/syn/report/csynth_design_size.rpt
INFO: [HLS 200-1995] There were 591 instructions in the design after the 'Unroll/Inline (step 2)' phase of compilation. See the Design Size Report for more details: C:/Users/ariqf/Kuliah/KP/Workspace/fast_ip/fast_ip/hls/syn/report/csynth_design_size.rpt
INFO: [HLS 200-1995] There were 586 instructions in the design after the 'Unroll/Inline (step 3)' phase of compilation. See the Design Size Report for more details: C:/Users/ariqf/Kuliah/KP/Workspace/fast_ip/fast_ip/hls/syn/report/csynth_design_size.rpt
INFO: [HLS 200-1995] There were 586 instructions in the design after the 'Unroll/Inline (step 4)' phase of compilation. See the Design Size Report for more details: C:/Users/ariqf/Kuliah/KP/Workspace/fast_ip/fast_ip/hls/syn/report/csynth_design_size.rpt
INFO: [HLS 200-1995] There were 3,877 instructions in the design after the 'Array/Struct (step 1)' phase of compilation. See the Design Size Report for more details: C:/Users/ariqf/Kuliah/KP/Workspace/fast_ip/fast_ip/hls/syn/report/csynth_design_size.rpt
INFO: [HLS 200-1995] There were 1,658 instructions in the design after the 'Array/Struct (step 2)' phase of compilation. See the Design Size Report for more details: C:/Users/ariqf/Kuliah/KP/Workspace/fast_ip/fast_ip/hls/syn/report/csynth_design_size.rpt
INFO: [HLS 200-1995] There were 1,658 instructions in the design after the 'Array/Struct (step 3)' phase of compilation. See the Design Size Report for more details: C:/Users/ariqf/Kuliah/KP/Workspace/fast_ip/fast_ip/hls/syn/report/csynth_design_size.rpt
INFO: [HLS 200-1995] There were 1,658 instructions in the design after the 'Array/Struct (step 4)' phase of compilation. See the Design Size Report for more details: C:/Users/ariqf/Kuliah/KP/Workspace/fast_ip/fast_ip/hls/syn/report/csynth_design_size.rpt
INFO: [HLS 200-1995] There were 1,688 instructions in the design after the 'Array/Struct (step 5)' phase of compilation. See the Design Size Report for more details: C:/Users/ariqf/Kuliah/KP/Workspace/fast_ip/fast_ip/hls/syn/report/csynth_design_size.rpt
INFO: [HLS 200-1995] There were 1,690 instructions in the design after the 'Performance (step 1)' phase of compilation. See the Design Size Report for more details: C:/Users/ariqf/Kuliah/KP/Workspace/fast_ip/fast_ip/hls/syn/report/csynth_design_size.rpt
INFO: [HLS 200-1995] There were 1,624 instructions in the design after the 'Performance (step 2)' phase of compilation. See the Design Size Report for more details: C:/Users/ariqf/Kuliah/KP/Workspace/fast_ip/fast_ip/hls/syn/report/csynth_design_size.rpt
INFO: [HLS 200-1995] There were 1,596 instructions in the design after the 'Performance (step 3)' phase of compilation. See the Design Size Report for more details: C:/Users/ariqf/Kuliah/KP/Workspace/fast_ip/fast_ip/hls/syn/report/csynth_design_size.rpt
INFO: [HLS 200-1995] There were 1,596 instructions in the design after the 'Performance (step 4)' phase of compilation. See the Design Size Report for more details: C:/Users/ariqf/Kuliah/KP/Workspace/fast_ip/fast_ip/hls/syn/report/csynth_design_size.rpt
INFO: [HLS 200-1995] There were 1,555 instructions in the design after the 'HW Transforms (step 1)' phase of compilation. See the Design Size Report for more details: C:/Users/ariqf/Kuliah/KP/Workspace/fast_ip/fast_ip/hls/syn/report/csynth_design_size.rpt
INFO: [HLS 200-1995] There were 1,554 instructions in the design after the 'HW Transforms (step 2)' phase of compilation. See the Design Size Report for more details: C:/Users/ariqf/Kuliah/KP/Workspace/fast_ip/fast_ip/hls/syn/report/csynth_design_size.rpt
INFO: [HLS 214-291] Loop 'VITIS_LOOP_36_1' is marked as complete unroll implied by the pipeline pragma (fast_ip.cpp:36:30)
INFO: [HLS 214-291] Loop 'VITIS_LOOP_43_2' is marked as complete unroll implied by the pipeline pragma (fast_ip.cpp:43:34)
INFO: [HLS 214-291] Loop 'VITIS_LOOP_61_3' is marked as complete unroll implied by the pipeline pragma (fast_ip.cpp:61:19)
INFO: [HLS 214-291] Loop 'VITIS_LOOP_69_4' is marked as complete unroll implied by the pipeline pragma (fast_ip.cpp:69:34)
INFO: [HLS 214-291] Loop 'VITIS_LOOP_73_5' is marked as complete unroll implied by the pipeline pragma (fast_ip.cpp:73:38)
INFO: [HLS 214-186] Unrolling loop 'VITIS_LOOP_36_1' (fast_ip.cpp:36:30) in function 'fast_ip' completely with a factor of 6 (fast_ip.cpp:9:0)
INFO: [HLS 214-186] Unrolling loop 'VITIS_LOOP_43_2' (fast_ip.cpp:43:34) in function 'fast_ip' completely with a factor of 16 (fast_ip.cpp:9:0)
INFO: [HLS 214-186] Unrolling loop 'VITIS_LOOP_61_3' (fast_ip.cpp:61:19) in function 'fast_ip' completely with a factor of 16 (fast_ip.cpp:9:0)
INFO: [HLS 214-186] Unrolling loop 'VITIS_LOOP_69_4' (fast_ip.cpp:69:34) in function 'fast_ip' completely with a factor of 16 (fast_ip.cpp:9:0)
INFO: [HLS 214-186] Unrolling loop 'VITIS_LOOP_73_5' (fast_ip.cpp:73:38) in function 'fast_ip' completely with a factor of 12 (fast_ip.cpp:9:0)
INFO: [HLS 214-248] Applying array_partition to '_ZZ7fast_ipRN3hls6streamINS_4axisI7ap_uintILi8EELm0ELm0ELm0ELh56ELb0EEELi0EEERNS0_INS1_IS2_ILi1EELm0ELm0ELm0ELh56ELb0EEELi0EEEiihE8line_buf': Complete partitioning on dimension 1. Cyclic partitioning with factor 16 on dimension 2. (fast_ip.cpp:19:0)
INFO: [HLS 200-111] Finished Compiling Optimization and Transform: CPU user time: 0 seconds. CPU system time: 0 seconds. Elapsed time: 9.594 seconds; current allocated memory: 167.016 MB.
INFO: [HLS 200-111] Finished Checking Pragmas: CPU user time: 0 seconds. CPU system time: 0 seconds. Elapsed time: 0.004 seconds; current allocated memory: 167.016 MB.
INFO: [HLS 200-10] Starting code transformations ...
INFO: [HLS 200-111] Finished Standard Transforms: CPU user time: 0 seconds. CPU system time: 0 seconds. Elapsed time: 0.141 seconds; current allocated memory: 173.742 MB.
INFO: [HLS 200-10] Checking synthesizability ...
INFO: [HLS 200-111] Finished Checking Synthesizability: CPU user time: 0 seconds. CPU system time: 0 seconds. Elapsed time: 0.137 seconds; current allocated memory: 176.164 MB.
INFO: [XFORM 203-401] Performing if-conversion on hyperblock from (fast_ip.cpp:42:19) to (fast_ip.cpp:29:12) in function 'fast_ip'... converting 3 basic blocks.
INFO: [XFORM 203-11] Balancing expressions in function 'fast_ip' (fast_ip.cpp:3:40)...194 expression(s) balanced.
INFO: [HLS 200-111] Finished Loop, function and other optimizations: CPU user time: 0 seconds. CPU system time: 0 seconds. Elapsed time: 0.487 seconds; current allocated memory: 201.039 MB.
INFO: [HLS 200-111] Finished Architecture Synthesis: CPU user time: 0 seconds. CPU system time: 0 seconds. Elapsed time: 0.39 seconds; current allocated memory: 206.820 MB.
INFO: [HLS 200-10] Starting hardware synthesis ...
INFO: [HLS 200-10] Synthesizing 'fast_ip' ...
INFO: [HLS 200-10] ----------------------------------------------------------------
INFO: [HLS 200-42] -- Implementing module 'fast_ip_Pipeline_col_loop' 
INFO: [HLS 200-10] ----------------------------------------------------------------
INFO: [SCHED 204-11] Starting scheduling ...
INFO: [SCHED 204-61] Pipelining loop 'col_loop'.
INFO: [HLS 200-1470] Pipelining result : Target II = 1, Final II = 1, Depth = 5, loop 'col_loop'
INFO: [SCHED 204-11] Finished scheduling.
INFO: [HLS 200-111] Finished Scheduling: CPU user time: 4 seconds. CPU system time: 0 seconds. Elapsed time: 11.807 seconds; current allocated memory: 239.996 MB.
INFO: [BIND 205-100] Starting micro-architecture generation ...
INFO: [BIND 205-101] Performing variable lifetime analysis.
INFO: [BIND 205-101] Exploring resource sharing.
INFO: [BIND 205-101] Binding ...
INFO: [BIND 205-100] Finished micro-architecture generation.
INFO: [HLS 200-111] Finished Binding: CPU user time: 0 seconds. CPU system time: 0 seconds. Elapsed time: 0.42 seconds; current allocated memory: 239.996 MB.
INFO: [HLS 200-10] ----------------------------------------------------------------
INFO: [HLS 200-42] -- Implementing module 'fast_ip' 
INFO: [HLS 200-10] ----------------------------------------------------------------
INFO: [SCHED 204-11] Starting scheduling ...
INFO: [SCHED 204-11] Finished scheduling.
INFO: [HLS 200-111] Finished Scheduling: CPU user time: 0 seconds. CPU system time: 0 seconds. Elapsed time: 0.367 seconds; current allocated memory: 239.996 MB.
INFO: [BIND 205-100] Starting micro-architecture generation ...
INFO: [BIND 205-101] Performing variable lifetime analysis.
INFO: [BIND 205-101] Exploring resource sharing.
INFO: [BIND 205-101] Binding ...
INFO: [BIND 205-100] Finished micro-architecture generation.
INFO: [HLS 200-111] Finished Binding: CPU user time: 0 seconds. CPU system time: 0 seconds. Elapsed time: 0.129 seconds; current allocated memory: 239.996 MB.
INFO: [HLS 200-10] ----------------------------------------------------------------
INFO: [HLS 200-10] -- Generating RTL for module 'fast_ip_Pipeline_col_loop' 
INFO: [HLS 200-10] ----------------------------------------------------------------
INFO: [SYN 201-210] Renamed object name 'fast_ip_Pipeline_col_loop_p_ZZ7fast_ipRN3hls6streamINS_4axisI7ap_uintILi8EELm0ELm0ELm0ELh56ELb0EEELi0EEERNS_15_RAM_AUTO_1R1W' to 'fast_ip_Pipeline_col_loop_p_ZZ7fast_ipRN3hls6streamINS_4axisI7ap_uintILi8EELmbkb' due to the length limit 80
INFO: [SYN 201-210] Renamed object name 'fast_ip_Pipeline_col_loop_p_ZZ7fast_ipRN3hls6streamINS_4axisI7ap_uintILi8EELm0ELm0ELm0ELh56ELb0EEELi0EEERNS_14_RAM_AUTO_1R1W' to 'fast_ip_Pipeline_col_loop_p_ZZ7fast_ipRN3hls6streamINS_4axisI7ap_uintILi8EELmcud' due to the length limit 80
INFO: [SYN 201-210] Renamed object name 'fast_ip_Pipeline_col_loop_p_ZZ7fast_ipRN3hls6streamINS_4axisI7ap_uintILi8EELm0ELm0ELm0ELh56ELb0EEELi0EEERNS_7_RAM_AUTO_1R1W' to 'fast_ip_Pipeline_col_loop_p_ZZ7fast_ipRN3hls6streamINS_4axisI7ap_uintILi8EELmdEe' due to the length limit 80
INFO: [SYN 201-210] Renamed object name 'fast_ip_Pipeline_col_loop_p_ZZ7fast_ipRN3hls6streamINS_4axisI7ap_uintILi8EELm0ELm0ELm0ELh56ELb0EEELi0EEERNS_6_RAM_AUTO_1R1W' to 'fast_ip_Pipeline_col_loop_p_ZZ7fast_ipRN3hls6streamINS_4axisI7ap_uintILi8EELmeOg' due to the length limit 80
INFO: [SYN 201-210] Renamed object name 'fast_ip_Pipeline_col_loop_p_ZZ7fast_ipRN3hls6streamINS_4axisI7ap_uintILi8EELm0ELm0ELm0ELh56ELb0EEELi0EEERNS_5_RAM_AUTO_1R1W' to 'fast_ip_Pipeline_col_loop_p_ZZ7fast_ipRN3hls6streamINS_4axisI7ap_uintILi8EELmfYi' due to the length limit 80
INFO: [SYN 201-210] Renamed object name 'fast_ip_Pipeline_col_loop_p_ZZ7fast_ipRN3hls6streamINS_4axisI7ap_uintILi8EELm0ELm0ELm0ELh56ELb0EEELi0EEERNS_4_RAM_AUTO_1R1W' to 'fast_ip_Pipeline_col_loop_p_ZZ7fast_ipRN3hls6streamINS_4axisI7ap_uintILi8EELmg8j' due to the length limit 80
INFO: [SYN 201-210] Renamed object name 'fast_ip_Pipeline_col_loop_p_ZZ7fast_ipRN3hls6streamINS_4axisI7ap_uintILi8EELm0ELm0ELm0ELh56ELb0EEELi0EEERNS_3_RAM_AUTO_1R1W' to 'fast_ip_Pipeline_col_loop_p_ZZ7fast_ipRN3hls6streamINS_4axisI7ap_uintILi8EELmhbi' due to the length limit 80
INFO: [SYN 201-210] Renamed object name 'fast_ip_Pipeline_col_loop_p_ZZ7fast_ipRN3hls6streamINS_4axisI7ap_uintILi8EELm0ELm0ELm0ELh56ELb0EEELi0EEERNS_2_RAM_AUTO_1R1W' to 'fast_ip_Pipeline_col_loop_p_ZZ7fast_ipRN3hls6streamINS_4axisI7ap_uintILi8EELmibs' due to the length limit 80
INFO: [SYN 201-210] Renamed object name 'fast_ip_Pipeline_col_loop_p_ZZ7fast_ipRN3hls6streamINS_4axisI7ap_uintILi8EELm0ELm0ELm0ELh56ELb0EEELi0EEERNS_1_RAM_AUTO_1R1W' to 'fast_ip_Pipeline_col_loop_p_ZZ7fast_ipRN3hls6streamINS_4axisI7ap_uintILi8EELmjbC' due to the length limit 80
INFO: [SYN 201-210] Renamed object name 'fast_ip_Pipeline_col_loop_p_ZZ7fast_ipRN3hls6streamINS_4axisI7ap_uintILi8EELm0ELm0ELm0ELh56ELb0EEELi0EEERNS_RAM_AUTO_1R1W' to 'fast_ip_Pipeline_col_loop_p_ZZ7fast_ipRN3hls6streamINS_4axisI7ap_uintILi8EELmkbM' due to the length limit 80
INFO: [SYN 201-210] Renamed object name 'fast_ip_Pipeline_col_loop_p_ZZ7fast_ipRN3hls6streamINS_4axisI7ap_uintILi8EELm0ELm0ELm0ELh56ELb0EEELi0EEERNS_13_RAM_AUTO_1R1W' to 'fast_ip_Pipeline_col_loop_p_ZZ7fast_ipRN3hls6streamINS_4axisI7ap_uintILi8EELmlbW' due to the length limit 80
INFO: [SYN 201-210] Renamed object name 'fast_ip_Pipeline_col_loop_p_ZZ7fast_ipRN3hls6streamINS_4axisI7ap_uintILi8EELm0ELm0ELm0ELh56ELb0EEELi0EEERNS_12_RAM_AUTO_1R1W' to 'fast_ip_Pipeline_col_loop_p_ZZ7fast_ipRN3hls6streamINS_4axisI7ap_uintILi8EELmmb6' due to the length limit 80
INFO: [SYN 201-210] Renamed object name 'fast_ip_Pipeline_col_loop_p_ZZ7fast_ipRN3hls6streamINS_4axisI7ap_uintILi8EELm0ELm0ELm0ELh56ELb0EEELi0EEERNS_11_RAM_AUTO_1R1W' to 'fast_ip_Pipeline_col_loop_p_ZZ7fast_ipRN3hls6streamINS_4axisI7ap_uintILi8EELmncg' due to the length limit 80
INFO: [SYN 201-210] Renamed object name 'fast_ip_Pipeline_col_loop_p_ZZ7fast_ipRN3hls6streamINS_4axisI7ap_uintILi8EELm0ELm0ELm0ELh56ELb0EEELi0EEERNS_10_RAM_AUTO_1R1W' to 'fast_ip_Pipeline_col_loop_p_ZZ7fast_ipRN3hls6streamINS_4axisI7ap_uintILi8EELmocq' due to the length limit 80
INFO: [SYN 201-210] Renamed object name 'fast_ip_Pipeline_col_loop_p_ZZ7fast_ipRN3hls6streamINS_4axisI7ap_uintILi8EELm0ELm0ELm0ELh56ELb0EEELi0EEERNS_9_RAM_AUTO_1R1W' to 'fast_ip_Pipeline_col_loop_p_ZZ7fast_ipRN3hls6streamINS_4axisI7ap_uintILi8EELmpcA' due to the length limit 80
INFO: [SYN 201-210] Renamed object name 'fast_ip_Pipeline_col_loop_p_ZZ7fast_ipRN3hls6streamINS_4axisI7ap_uintILi8EELm0ELm0ELm0ELh56ELb0EEELi0EEERNS_8_RAM_AUTO_1R1W' to 'fast_ip_Pipeline_col_loop_p_ZZ7fast_ipRN3hls6streamINS_4axisI7ap_uintILi8EELmqcK' due to the length limit 80
INFO: [SYN 201-210] Renamed object name 'fast_ip_Pipeline_col_loop_p_ZZ7fast_ipRN3hls6streamINS_4axisI7ap_uintILi8EELm0ELm0ELm0ELh56ELb0EEELi0EEERNS_31_RAM_AUTO_1R1W' to 'fast_ip_Pipeline_col_loop_p_ZZ7fast_ipRN3hls6streamINS_4axisI7ap_uintILi8EELmrcU' due to the length limit 80
INFO: [SYN 201-210] Renamed object name 'fast_ip_Pipeline_col_loop_p_ZZ7fast_ipRN3hls6streamINS_4axisI7ap_uintILi8EELm0ELm0ELm0ELh56ELb0EEELi0EEERNS_30_RAM_AUTO_1R1W' to 'fast_ip_Pipeline_col_loop_p_ZZ7fast_ipRN3hls6streamINS_4axisI7ap_uintILi8EELmsc4' due to the length limit 80
INFO: [SYN 201-210] Renamed object name 'fast_ip_Pipeline_col_loop_p_ZZ7fast_ipRN3hls6streamINS_4axisI7ap_uintILi8EELm0ELm0ELm0ELh56ELb0EEELi0EEERNS_23_RAM_AUTO_1R1W' to 'fast_ip_Pipeline_col_loop_p_ZZ7fast_ipRN3hls6streamINS_4axisI7ap_uintILi8EELmtde' due to the length limit 80
INFO: [SYN 201-210] Renamed object name 'fast_ip_Pipeline_col_loop_p_ZZ7fast_ipRN3hls6streamINS_4axisI7ap_uintILi8EELm0ELm0ELm0ELh56ELb0EEELi0EEERNS_22_RAM_AUTO_1R1W' to 'fast_ip_Pipeline_col_loop_p_ZZ7fast_ipRN3hls6streamINS_4axisI7ap_uintILi8EELmudo' due to the length limit 80
INFO: [SYN 201-210] Renamed object name 'fast_ip_Pipeline_col_loop_p_ZZ7fast_ipRN3hls6streamINS_4axisI7ap_uintILi8EELm0ELm0ELm0ELh56ELb0EEELi0EEERNS_21_RAM_AUTO_1R1W' to 'fast_ip_Pipeline_col_loop_p_ZZ7fast_ipRN3hls6streamINS_4axisI7ap_uintILi8EELmvdy' due to the length limit 80
INFO: [SYN 201-210] Renamed object name 'fast_ip_Pipeline_col_loop_p_ZZ7fast_ipRN3hls6streamINS_4axisI7ap_uintILi8EELm0ELm0ELm0ELh56ELb0EEELi0EEERNS_20_RAM_AUTO_1R1W' to 'fast_ip_Pipeline_col_loop_p_ZZ7fast_ipRN3hls6streamINS_4axisI7ap_uintILi8EELmwdI' due to the length limit 80
INFO: [SYN 201-210] Renamed object name 'fast_ip_Pipeline_col_loop_p_ZZ7fast_ipRN3hls6streamINS_4axisI7ap_uintILi8EELm0ELm0ELm0ELh56ELb0EEELi0EEERNS_19_RAM_AUTO_1R1W' to 'fast_ip_Pipeline_col_loop_p_ZZ7fast_ipRN3hls6streamINS_4axisI7ap_uintILi8EELmxdS' due to the length limit 80
INFO: [SYN 201-210] Renamed object name 'fast_ip_Pipeline_col_loop_p_ZZ7fast_ipRN3hls6streamINS_4axisI7ap_uintILi8EELm0ELm0ELm0ELh56ELb0EEELi0EEERNS_18_RAM_AUTO_1R1W' to 'fast_ip_Pipeline_col_loop_p_ZZ7fast_ipRN3hls6streamINS_4axisI7ap_uintILi8EELmyd2' due to the length limit 80
INFO: [SYN 201-210] Renamed object name 'fast_ip_Pipeline_col_loop_p_ZZ7fast_ipRN3hls6streamINS_4axisI7ap_uintILi8EELm0ELm0ELm0ELh56ELb0EEELi0EEERNS_17_RAM_AUTO_1R1W' to 'fast_ip_Pipeline_col_loop_p_ZZ7fast_ipRN3hls6streamINS_4axisI7ap_uintILi8EELmzec' due to the length limit 80
INFO: [SYN 201-210] Renamed object name 'fast_ip_Pipeline_col_loop_p_ZZ7fast_ipRN3hls6streamINS_4axisI7ap_uintILi8EELm0ELm0ELm0ELh56ELb0EEELi0EEERNS_16_RAM_AUTO_1R1W' to 'fast_ip_Pipeline_col_loop_p_ZZ7fast_ipRN3hls6streamINS_4axisI7ap_uintILi8EELmAem' due to the length limit 80
INFO: [SYN 201-210] Renamed object name 'fast_ip_Pipeline_col_loop_p_ZZ7fast_ipRN3hls6streamINS_4axisI7ap_uintILi8EELm0ELm0ELm0ELh56ELb0EEELi0EEERNS_29_RAM_AUTO_1R1W' to 'fast_ip_Pipeline_col_loop_p_ZZ7fast_ipRN3hls6streamINS_4axisI7ap_uintILi8EELmBew' due to the length limit 80
INFO: [SYN 201-210] Renamed object name 'fast_ip_Pipeline_col_loop_p_ZZ7fast_ipRN3hls6streamINS_4axisI7ap_uintILi8EELm0ELm0ELm0ELh56ELb0EEELi0EEERNS_28_RAM_AUTO_1R1W' to 'fast_ip_Pipeline_col_loop_p_ZZ7fast_ipRN3hls6streamINS_4axisI7ap_uintILi8EELmCeG' due to the length limit 80
INFO: [SYN 201-210] Renamed object name 'fast_ip_Pipeline_col_loop_p_ZZ7fast_ipRN3hls6streamINS_4axisI7ap_uintILi8EELm0ELm0ELm0ELh56ELb0EEELi0EEERNS_27_RAM_AUTO_1R1W' to 'fast_ip_Pipeline_col_loop_p_ZZ7fast_ipRN3hls6streamINS_4axisI7ap_uintILi8EELmDeQ' due to the length limit 80
INFO: [SYN 201-210] Renamed object name 'fast_ip_Pipeline_col_loop_p_ZZ7fast_ipRN3hls6streamINS_4axisI7ap_uintILi8EELm0ELm0ELm0ELh56ELb0EEELi0EEERNS_26_RAM_AUTO_1R1W' to 'fast_ip_Pipeline_col_loop_p_ZZ7fast_ipRN3hls6streamINS_4axisI7ap_uintILi8EELmEe0' due to the length limit 80
INFO: [SYN 201-210] Renamed object name 'fast_ip_Pipeline_col_loop_p_ZZ7fast_ipRN3hls6streamINS_4axisI7ap_uintILi8EELm0ELm0ELm0ELh56ELb0EEELi0EEERNS_25_RAM_AUTO_1R1W' to 'fast_ip_Pipeline_col_loop_p_ZZ7fast_ipRN3hls6streamINS_4axisI7ap_uintILi8EELmFfa' due to the length limit 80
INFO: [SYN 201-210] Renamed object name 'fast_ip_Pipeline_col_loop_p_ZZ7fast_ipRN3hls6streamINS_4axisI7ap_uintILi8EELm0ELm0ELm0ELh56ELb0EEELi0EEERNS_24_RAM_AUTO_1R1W' to 'fast_ip_Pipeline_col_loop_p_ZZ7fast_ipRN3hls6streamINS_4axisI7ap_uintILi8EELmGfk' due to the length limit 80
INFO: [SYN 201-210] Renamed object name 'fast_ip_Pipeline_col_loop_p_ZZ7fast_ipRN3hls6streamINS_4axisI7ap_uintILi8EELm0ELm0ELm0ELh56ELb0EEELi0EEERNS_47_RAM_AUTO_1R1W' to 'fast_ip_Pipeline_col_loop_p_ZZ7fast_ipRN3hls6streamINS_4axisI7ap_uintILi8EELmHfu' due to the length limit 80
INFO: [SYN 201-210] Renamed object name 'fast_ip_Pipeline_col_loop_p_ZZ7fast_ipRN3hls6streamINS_4axisI7ap_uintILi8EELm0ELm0ELm0ELh56ELb0EEELi0EEERNS_46_RAM_AUTO_1R1W' to 'fast_ip_Pipeline_col_loop_p_ZZ7fast_ipRN3hls6streamINS_4axisI7ap_uintILi8EELmIfE' due to the length limit 80
INFO: [SYN 201-210] Renamed object name 'fast_ip_Pipeline_col_loop_p_ZZ7fast_ipRN3hls6streamINS_4axisI7ap_uintILi8EELm0ELm0ELm0ELh56ELb0EEELi0EEERNS_39_RAM_AUTO_1R1W' to 'fast_ip_Pipeline_col_loop_p_ZZ7fast_ipRN3hls6streamINS_4axisI7ap_uintILi8EELmJfO' due to the length limit 80
INFO: [SYN 201-210] Renamed object name 'fast_ip_Pipeline_col_loop_p_ZZ7fast_ipRN3hls6streamINS_4axisI7ap_uintILi8EELm0ELm0ELm0ELh56ELb0EEELi0EEERNS_38_RAM_AUTO_1R1W' to 'fast_ip_Pipeline_col_loop_p_ZZ7fast_ipRN3hls6streamINS_4axisI7ap_uintILi8EELmKfY' due to the length limit 80
INFO: [SYN 201-210] Renamed object name 'fast_ip_Pipeline_col_loop_p_ZZ7fast_ipRN3hls6streamINS_4axisI7ap_uintILi8EELm0ELm0ELm0ELh56ELb0EEELi0EEERNS_37_RAM_AUTO_1R1W' to 'fast_ip_Pipeline_col_loop_p_ZZ7fast_ipRN3hls6streamINS_4axisI7ap_uintILi8EELmLf8' due to the length limit 80
INFO: [SYN 201-210] Renamed object name 'fast_ip_Pipeline_col_loop_p_ZZ7fast_ipRN3hls6streamINS_4axisI7ap_uintILi8EELm0ELm0ELm0ELh56ELb0EEELi0EEERNS_36_RAM_AUTO_1R1W' to 'fast_ip_Pipeline_col_loop_p_ZZ7fast_ipRN3hls6streamINS_4axisI7ap_uintILi8EELmMgi' due to the length limit 80
INFO: [SYN 201-210] Renamed object name 'fast_ip_Pipeline_col_loop_p_ZZ7fast_ipRN3hls6streamINS_4axisI7ap_uintILi8EELm0ELm0ELm0ELh56ELb0EEELi0EEERNS_35_RAM_AUTO_1R1W' to 'fast_ip_Pipeline_col_loop_p_ZZ7fast_ipRN3hls6streamINS_4axisI7ap_uintILi8EELmNgs' due to the length limit 80
INFO: [SYN 201-210] Renamed object name 'fast_ip_Pipeline_col_loop_p_ZZ7fast_ipRN3hls6streamINS_4axisI7ap_uintILi8EELm0ELm0ELm0ELh56ELb0EEELi0EEERNS_34_RAM_AUTO_1R1W' to 'fast_ip_Pipeline_col_loop_p_ZZ7fast_ipRN3hls6streamINS_4axisI7ap_uintILi8EELmOgC' due to the length limit 80
INFO: [SYN 201-210] Renamed object name 'fast_ip_Pipeline_col_loop_p_ZZ7fast_ipRN3hls6streamINS_4axisI7ap_uintILi8EELm0ELm0ELm0ELh56ELb0EEELi0EEERNS_33_RAM_AUTO_1R1W' to 'fast_ip_Pipeline_col_loop_p_ZZ7fast_ipRN3hls6streamINS_4axisI7ap_uintILi8EELmPgM' due to the length limit 80
INFO: [SYN 201-210] Renamed object name 'fast_ip_Pipeline_col_loop_p_ZZ7fast_ipRN3hls6streamINS_4axisI7ap_uintILi8EELm0ELm0ELm0ELh56ELb0EEELi0EEERNS_32_RAM_AUTO_1R1W' to 'fast_ip_Pipeline_col_loop_p_ZZ7fast_ipRN3hls6streamINS_4axisI7ap_uintILi8EELmQgW' due to the length limit 80
INFO: [SYN 201-210] Renamed object name 'fast_ip_Pipeline_col_loop_p_ZZ7fast_ipRN3hls6streamINS_4axisI7ap_uintILi8EELm0ELm0ELm0ELh56ELb0EEELi0EEERNS_45_RAM_AUTO_1R1W' to 'fast_ip_Pipeline_col_loop_p_ZZ7fast_ipRN3hls6streamINS_4axisI7ap_uintILi8EELmRg6' due to the length limit 80
INFO: [SYN 201-210] Renamed object name 'fast_ip_Pipeline_col_loop_p_ZZ7fast_ipRN3hls6streamINS_4axisI7ap_uintILi8EELm0ELm0ELm0ELh56ELb0EEELi0EEERNS_44_RAM_AUTO_1R1W' to 'fast_ip_Pipeline_col_loop_p_ZZ7fast_ipRN3hls6streamINS_4axisI7ap_uintILi8EELmShg' due to the length limit 80
INFO: [SYN 201-210] Renamed object name 'fast_ip_Pipeline_col_loop_p_ZZ7fast_ipRN3hls6streamINS_4axisI7ap_uintILi8EELm0ELm0ELm0ELh56ELb0EEELi0EEERNS_43_RAM_AUTO_1R1W' to 'fast_ip_Pipeline_col_loop_p_ZZ7fast_ipRN3hls6streamINS_4axisI7ap_uintILi8EELmThq' due to the length limit 80
INFO: [SYN 201-210] Renamed object name 'fast_ip_Pipeline_col_loop_p_ZZ7fast_ipRN3hls6streamINS_4axisI7ap_uintILi8EELm0ELm0ELm0ELh56ELb0EEELi0EEERNS_42_RAM_AUTO_1R1W' to 'fast_ip_Pipeline_col_loop_p_ZZ7fast_ipRN3hls6streamINS_4axisI7ap_uintILi8EELmUhA' due to the length limit 80
INFO: [SYN 201-210] Renamed object name 'fast_ip_Pipeline_col_loop_p_ZZ7fast_ipRN3hls6streamINS_4axisI7ap_uintILi8EELm0ELm0ELm0ELh56ELb0EEELi0EEERNS_41_RAM_AUTO_1R1W' to 'fast_ip_Pipeline_col_loop_p_ZZ7fast_ipRN3hls6streamINS_4axisI7ap_uintILi8EELmVhK' due to the length limit 80
INFO: [SYN 201-210] Renamed object name 'fast_ip_Pipeline_col_loop_p_ZZ7fast_ipRN3hls6streamINS_4axisI7ap_uintILi8EELm0ELm0ELm0ELh56ELb0EEELi0EEERNS_40_RAM_AUTO_1R1W' to 'fast_ip_Pipeline_col_loop_p_ZZ7fast_ipRN3hls6streamINS_4axisI7ap_uintILi8EELmWhU' due to the length limit 80
INFO: [SYN 201-210] Renamed object name 'fast_ip_Pipeline_col_loop_p_ZZ7fast_ipRN3hls6streamINS_4axisI7ap_uintILi8EELm0ELm0ELm0ELh56ELb0EEELi0EEERNS_63_RAM_AUTO_1R1W' to 'fast_ip_Pipeline_col_loop_p_ZZ7fast_ipRN3hls6streamINS_4axisI7ap_uintILi8EELmXh4' due to the length limit 80
INFO: [SYN 201-210] Renamed object name 'fast_ip_Pipeline_col_loop_p_ZZ7fast_ipRN3hls6streamINS_4axisI7ap_uintILi8EELm0ELm0ELm0ELh56ELb0EEELi0EEERNS_62_RAM_AUTO_1R1W' to 'fast_ip_Pipeline_col_loop_p_ZZ7fast_ipRN3hls6streamINS_4axisI7ap_uintILi8EELmYie' due to the length limit 80
INFO: [SYN 201-210] Renamed object name 'fast_ip_Pipeline_col_loop_p_ZZ7fast_ipRN3hls6streamINS_4axisI7ap_uintILi8EELm0ELm0ELm0ELh56ELb0EEELi0EEERNS_55_RAM_AUTO_1R1W' to 'fast_ip_Pipeline_col_loop_p_ZZ7fast_ipRN3hls6streamINS_4axisI7ap_uintILi8EELmZio' due to the length limit 80
INFO: [SYN 201-210] Renamed object name 'fast_ip_Pipeline_col_loop_p_ZZ7fast_ipRN3hls6streamINS_4axisI7ap_uintILi8EELm0ELm0ELm0ELh56ELb0EEELi0EEERNS_54_RAM_AUTO_1R1W' to 'fast_ip_Pipeline_col_loop_p_ZZ7fast_ipRN3hls6streamINS_4axisI7ap_uintILi8EELm0iy' due to the length limit 80
INFO: [SYN 201-210] Renamed object name 'fast_ip_Pipeline_col_loop_p_ZZ7fast_ipRN3hls6streamINS_4axisI7ap_uintILi8EELm0ELm0ELm0ELh56ELb0EEELi0EEERNS_53_RAM_AUTO_1R1W' to 'fast_ip_Pipeline_col_loop_p_ZZ7fast_ipRN3hls6streamINS_4axisI7ap_uintILi8EELm1iI' due to the length limit 80
INFO: [SYN 201-210] Renamed object name 'fast_ip_Pipeline_col_loop_p_ZZ7fast_ipRN3hls6streamINS_4axisI7ap_uintILi8EELm0ELm0ELm0ELh56ELb0EEELi0EEERNS_52_RAM_AUTO_1R1W' to 'fast_ip_Pipeline_col_loop_p_ZZ7fast_ipRN3hls6streamINS_4axisI7ap_uintILi8EELm2iS' due to the length limit 80
INFO: [SYN 201-210] Renamed object name 'fast_ip_Pipeline_col_loop_p_ZZ7fast_ipRN3hls6streamINS_4axisI7ap_uintILi8EELm0ELm0ELm0ELh56ELb0EEELi0EEERNS_51_RAM_AUTO_1R1W' to 'fast_ip_Pipeline_col_loop_p_ZZ7fast_ipRN3hls6streamINS_4axisI7ap_uintILi8EELm3i2' due to the length limit 80
INFO: [SYN 201-210] Renamed object name 'fast_ip_Pipeline_col_loop_p_ZZ7fast_ipRN3hls6streamINS_4axisI7ap_uintILi8EELm0ELm0ELm0ELh56ELb0EEELi0EEERNS_50_RAM_AUTO_1R1W' to 'fast_ip_Pipeline_col_loop_p_ZZ7fast_ipRN3hls6streamINS_4axisI7ap_uintILi8EELm4jc' due to the length limit 80
INFO: [SYN 201-210] Renamed object name 'fast_ip_Pipeline_col_loop_p_ZZ7fast_ipRN3hls6streamINS_4axisI7ap_uintILi8EELm0ELm0ELm0ELh56ELb0EEELi0EEERNS_49_RAM_AUTO_1R1W' to 'fast_ip_Pipeline_col_loop_p_ZZ7fast_ipRN3hls6streamINS_4axisI7ap_uintILi8EELm5jm' due to the length limit 80
INFO: [SYN 201-210] Renamed object name 'fast_ip_Pipeline_col_loop_p_ZZ7fast_ipRN3hls6streamINS_4axisI7ap_uintILi8EELm0ELm0ELm0ELh56ELb0EEELi0EEERNS_48_RAM_AUTO_1R1W' to 'fast_ip_Pipeline_col_loop_p_ZZ7fast_ipRN3hls6streamINS_4axisI7ap_uintILi8EELm6jw' due to the length limit 80
INFO: [SYN 201-210] Renamed object name 'fast_ip_Pipeline_col_loop_p_ZZ7fast_ipRN3hls6streamINS_4axisI7ap_uintILi8EELm0ELm0ELm0ELh56ELb0EEELi0EEERNS_61_RAM_AUTO_1R1W' to 'fast_ip_Pipeline_col_loop_p_ZZ7fast_ipRN3hls6streamINS_4axisI7ap_uintILi8EELm7jG' due to the length limit 80
INFO: [SYN 201-210] Renamed object name 'fast_ip_Pipeline_col_loop_p_ZZ7fast_ipRN3hls6streamINS_4axisI7ap_uintILi8EELm0ELm0ELm0ELh56ELb0EEELi0EEERNS_60_RAM_AUTO_1R1W' to 'fast_ip_Pipeline_col_loop_p_ZZ7fast_ipRN3hls6streamINS_4axisI7ap_uintILi8EELm8jQ' due to the length limit 80
INFO: [SYN 201-210] Renamed object name 'fast_ip_Pipeline_col_loop_p_ZZ7fast_ipRN3hls6streamINS_4axisI7ap_uintILi8EELm0ELm0ELm0ELh56ELb0EEELi0EEERNS_59_RAM_AUTO_1R1W' to 'fast_ip_Pipeline_col_loop_p_ZZ7fast_ipRN3hls6streamINS_4axisI7ap_uintILi8EELm9j0' due to the length limit 80
INFO: [SYN 201-210] Renamed object name 'fast_ip_Pipeline_col_loop_p_ZZ7fast_ipRN3hls6streamINS_4axisI7ap_uintILi8EELm0ELm0ELm0ELh56ELb0EEELi0EEERNS_58_RAM_AUTO_1R1W' to 'fast_ip_Pipeline_col_loop_p_ZZ7fast_ipRN3hls6streamINS_4axisI7ap_uintILi8EELmbak' due to the length limit 80
INFO: [SYN 201-210] Renamed object name 'fast_ip_Pipeline_col_loop_p_ZZ7fast_ipRN3hls6streamINS_4axisI7ap_uintILi8EELm0ELm0ELm0ELh56ELb0EEELi0EEERNS_57_RAM_AUTO_1R1W' to 'fast_ip_Pipeline_col_loop_p_ZZ7fast_ipRN3hls6streamINS_4axisI7ap_uintILi8EELmbbk' due to the length limit 80
INFO: [SYN 201-210] Renamed object name 'fast_ip_Pipeline_col_loop_p_ZZ7fast_ipRN3hls6streamINS_4axisI7ap_uintILi8EELm0ELm0ELm0ELh56ELb0EEELi0EEERNS_56_RAM_AUTO_1R1W' to 'fast_ip_Pipeline_col_loop_p_ZZ7fast_ipRN3hls6streamINS_4axisI7ap_uintILi8EELmbck' due to the length limit 80
INFO: [SYN 201-210] Renamed object name 'fast_ip_Pipeline_col_loop_p_ZZ7fast_ipRN3hls6streamINS_4axisI7ap_uintILi8EELm0ELm0ELm0ELh56ELb0EEELi0EEERNS_79_RAM_AUTO_1R1W' to 'fast_ip_Pipeline_col_loop_p_ZZ7fast_ipRN3hls6streamINS_4axisI7ap_uintILi8EELmbdk' due to the length limit 80
INFO: [SYN 201-210] Renamed object name 'fast_ip_Pipeline_col_loop_p_ZZ7fast_ipRN3hls6streamINS_4axisI7ap_uintILi8EELm0ELm0ELm0ELh56ELb0EEELi0EEERNS_78_RAM_AUTO_1R1W' to 'fast_ip_Pipeline_col_loop_p_ZZ7fast_ipRN3hls6streamINS_4axisI7ap_uintILi8EELmbek' due to the length limit 80
INFO: [SYN 201-210] Renamed object name 'fast_ip_Pipeline_col_loop_p_ZZ7fast_ipRN3hls6streamINS_4axisI7ap_uintILi8EELm0ELm0ELm0ELh56ELb0EEELi0EEERNS_71_RAM_AUTO_1R1W' to 'fast_ip_Pipeline_col_loop_p_ZZ7fast_ipRN3hls6streamINS_4axisI7ap_uintILi8EELmbfk' due to the length limit 80
INFO: [SYN 201-210] Renamed object name 'fast_ip_Pipeline_col_loop_p_ZZ7fast_ipRN3hls6streamINS_4axisI7ap_uintILi8EELm0ELm0ELm0ELh56ELb0EEELi0EEERNS_70_RAM_AUTO_1R1W' to 'fast_ip_Pipeline_col_loop_p_ZZ7fast_ipRN3hls6streamINS_4axisI7ap_uintILi8EELmbgk' due to the length limit 80
INFO: [SYN 201-210] Renamed object name 'fast_ip_Pipeline_col_loop_p_ZZ7fast_ipRN3hls6streamINS_4axisI7ap_uintILi8EELm0ELm0ELm0ELh56ELb0EEELi0EEERNS_69_RAM_AUTO_1R1W' to 'fast_ip_Pipeline_col_loop_p_ZZ7fast_ipRN3hls6streamINS_4axisI7ap_uintILi8EELmbhl' due to the length limit 80
INFO: [SYN 201-210] Renamed object name 'fast_ip_Pipeline_col_loop_p_ZZ7fast_ipRN3hls6streamINS_4axisI7ap_uintILi8EELm0ELm0ELm0ELh56ELb0EEELi0EEERNS_68_RAM_AUTO_1R1W' to 'fast_ip_Pipeline_col_loop_p_ZZ7fast_ipRN3hls6streamINS_4axisI7ap_uintILi8EELmbil' due to the length limit 80
INFO: [SYN 201-210] Renamed object name 'fast_ip_Pipeline_col_loop_p_ZZ7fast_ipRN3hls6streamINS_4axisI7ap_uintILi8EELm0ELm0ELm0ELh56ELb0EEELi0EEERNS_67_RAM_AUTO_1R1W' to 'fast_ip_Pipeline_col_loop_p_ZZ7fast_ipRN3hls6streamINS_4axisI7ap_uintILi8EELmbjl' due to the length limit 80
INFO: [SYN 201-210] Renamed object name 'fast_ip_Pipeline_col_loop_p_ZZ7fast_ipRN3hls6streamINS_4axisI7ap_uintILi8EELm0ELm0ELm0ELh56ELb0EEELi0EEERNS_66_RAM_AUTO_1R1W' to 'fast_ip_Pipeline_col_loop_p_ZZ7fast_ipRN3hls6streamINS_4axisI7ap_uintILi8EELmbkl' due to the length limit 80
INFO: [SYN 201-210] Renamed object name 'fast_ip_Pipeline_col_loop_p_ZZ7fast_ipRN3hls6streamINS_4axisI7ap_uintILi8EELm0ELm0ELm0ELh56ELb0EEELi0EEERNS_65_RAM_AUTO_1R1W' to 'fast_ip_Pipeline_col_loop_p_ZZ7fast_ipRN3hls6streamINS_4axisI7ap_uintILi8EELmbll' due to the length limit 80
INFO: [SYN 201-210] Renamed object name 'fast_ip_Pipeline_col_loop_p_ZZ7fast_ipRN3hls6streamINS_4axisI7ap_uintILi8EELm0ELm0ELm0ELh56ELb0EEELi0EEERNS_64_RAM_AUTO_1R1W' to 'fast_ip_Pipeline_col_loop_p_ZZ7fast_ipRN3hls6streamINS_4axisI7ap_uintILi8EELmbml' due to the length limit 80
INFO: [SYN 201-210] Renamed object name 'fast_ip_Pipeline_col_loop_p_ZZ7fast_ipRN3hls6streamINS_4axisI7ap_uintILi8EELm0ELm0ELm0ELh56ELb0EEELi0EEERNS_77_RAM_AUTO_1R1W' to 'fast_ip_Pipeline_col_loop_p_ZZ7fast_ipRN3hls6streamINS_4axisI7ap_uintILi8EELmbnm' due to the length limit 80
INFO: [SYN 201-210] Renamed object name 'fast_ip_Pipeline_col_loop_p_ZZ7fast_ipRN3hls6streamINS_4axisI7ap_uintILi8EELm0ELm0ELm0ELh56ELb0EEELi0EEERNS_76_RAM_AUTO_1R1W' to 'fast_ip_Pipeline_col_loop_p_ZZ7fast_ipRN3hls6streamINS_4axisI7ap_uintILi8EELmbom' due to the length limit 80
INFO: [SYN 201-210] Renamed object name 'fast_ip_Pipeline_col_loop_p_ZZ7fast_ipRN3hls6streamINS_4axisI7ap_uintILi8EELm0ELm0ELm0ELh56ELb0EEELi0EEERNS_75_RAM_AUTO_1R1W' to 'fast_ip_Pipeline_col_loop_p_ZZ7fast_ipRN3hls6streamINS_4axisI7ap_uintILi8EELmbpm' due to the length limit 80
INFO: [SYN 201-210] Renamed object name 'fast_ip_Pipeline_col_loop_p_ZZ7fast_ipRN3hls6streamINS_4axisI7ap_uintILi8EELm0ELm0ELm0ELh56ELb0EEELi0EEERNS_74_RAM_AUTO_1R1W' to 'fast_ip_Pipeline_col_loop_p_ZZ7fast_ipRN3hls6streamINS_4axisI7ap_uintILi8EELmbqm' due to the length limit 80
INFO: [SYN 201-210] Renamed object name 'fast_ip_Pipeline_col_loop_p_ZZ7fast_ipRN3hls6streamINS_4axisI7ap_uintILi8EELm0ELm0ELm0ELh56ELb0EEELi0EEERNS_73_RAM_AUTO_1R1W' to 'fast_ip_Pipeline_col_loop_p_ZZ7fast_ipRN3hls6streamINS_4axisI7ap_uintILi8EELmbrm' due to the length limit 80
INFO: [SYN 201-210] Renamed object name 'fast_ip_Pipeline_col_loop_p_ZZ7fast_ipRN3hls6streamINS_4axisI7ap_uintILi8EELm0ELm0ELm0ELh56ELb0EEELi0EEERNS_72_RAM_AUTO_1R1W' to 'fast_ip_Pipeline_col_loop_p_ZZ7fast_ipRN3hls6streamINS_4axisI7ap_uintILi8EELmbsm' due to the length limit 80
INFO: [SYN 201-210] Renamed object name 'fast_ip_Pipeline_col_loop_p_ZZ7fast_ipRN3hls6streamINS_4axisI7ap_uintILi8EELm0ELm0ELm0ELh56ELb0EEELi0EEERNS_95_RAM_AUTO_1R1W' to 'fast_ip_Pipeline_col_loop_p_ZZ7fast_ipRN3hls6streamINS_4axisI7ap_uintILi8EELmbtn' due to the length limit 80
INFO: [SYN 201-210] Renamed object name 'fast_ip_Pipeline_col_loop_p_ZZ7fast_ipRN3hls6streamINS_4axisI7ap_uintILi8EELm0ELm0ELm0ELh56ELb0EEELi0EEERNS_94_RAM_AUTO_1R1W' to 'fast_ip_Pipeline_col_loop_p_ZZ7fast_ipRN3hls6streamINS_4axisI7ap_uintILi8EELmbun' due to the length limit 80
INFO: [SYN 201-210] Renamed object name 'fast_ip_Pipeline_col_loop_p_ZZ7fast_ipRN3hls6streamINS_4axisI7ap_uintILi8EELm0ELm0ELm0ELh56ELb0EEELi0EEERNS_87_RAM_AUTO_1R1W' to 'fast_ip_Pipeline_col_loop_p_ZZ7fast_ipRN3hls6streamINS_4axisI7ap_uintILi8EELmbvn' due to the length limit 80
INFO: [SYN 201-210] Renamed object name 'fast_ip_Pipeline_col_loop_p_ZZ7fast_ipRN3hls6streamINS_4axisI7ap_uintILi8EELm0ELm0ELm0ELh56ELb0EEELi0EEERNS_86_RAM_AUTO_1R1W' to 'fast_ip_Pipeline_col_loop_p_ZZ7fast_ipRN3hls6streamINS_4axisI7ap_uintILi8EELmbwn' due to the length limit 80
INFO: [SYN 201-210] Renamed object name 'fast_ip_Pipeline_col_loop_p_ZZ7fast_ipRN3hls6streamINS_4axisI7ap_uintILi8EELm0ELm0ELm0ELh56ELb0EEELi0EEERNS_85_RAM_AUTO_1R1W' to 'fast_ip_Pipeline_col_loop_p_ZZ7fast_ipRN3hls6streamINS_4axisI7ap_uintILi8EELmbxn' due to the length limit 80
INFO: [SYN 201-210] Renamed object name 'fast_ip_Pipeline_col_loop_p_ZZ7fast_ipRN3hls6streamINS_4axisI7ap_uintILi8EELm0ELm0ELm0ELh56ELb0EEELi0EEERNS_84_RAM_AUTO_1R1W' to 'fast_ip_Pipeline_col_loop_p_ZZ7fast_ipRN3hls6streamINS_4axisI7ap_uintILi8EELmbyn' due to the length limit 80
INFO: [SYN 201-210] Renamed object name 'fast_ip_Pipeline_col_loop_p_ZZ7fast_ipRN3hls6streamINS_4axisI7ap_uintILi8EELm0ELm0ELm0ELh56ELb0EEELi0EEERNS_83_RAM_AUTO_1R1W' to 'fast_ip_Pipeline_col_loop_p_ZZ7fast_ipRN3hls6streamINS_4axisI7ap_uintILi8EELmbzo' due to the length limit 80
INFO: [SYN 201-210] Renamed object name 'fast_ip_Pipeline_col_loop_p_ZZ7fast_ipRN3hls6streamINS_4axisI7ap_uintILi8EELm0ELm0ELm0ELh56ELb0EEELi0EEERNS_82_RAM_AUTO_1R1W' to 'fast_ip_Pipeline_col_loop_p_ZZ7fast_ipRN3hls6streamINS_4axisI7ap_uintILi8EELmbAo' due to the length limit 80
INFO: [SYN 201-210] Renamed object name 'fast_ip_Pipeline_col_loop_p_ZZ7fast_ipRN3hls6streamINS_4axisI7ap_uintILi8EELm0ELm0ELm0ELh56ELb0EEELi0EEERNS_81_RAM_AUTO_1R1W' to 'fast_ip_Pipeline_col_loop_p_ZZ7fast_ipRN3hls6streamINS_4axisI7ap_uintILi8EELmbBo' due to the length limit 80
INFO: [SYN 201-210] Renamed object name 'fast_ip_Pipeline_col_loop_p_ZZ7fast_ipRN3hls6streamINS_4axisI7ap_uintILi8EELm0ELm0ELm0ELh56ELb0EEELi0EEERNS_80_RAM_AUTO_1R1W' to 'fast_ip_Pipeline_col_loop_p_ZZ7fast_ipRN3hls6streamINS_4axisI7ap_uintILi8EELmbCo' due to the length limit 80
INFO: [SYN 201-210] Renamed object name 'fast_ip_Pipeline_col_loop_p_ZZ7fast_ipRN3hls6streamINS_4axisI7ap_uintILi8EELm0ELm0ELm0ELh56ELb0EEELi0EEERNS_93_RAM_AUTO_1R1W' to 'fast_ip_Pipeline_col_loop_p_ZZ7fast_ipRN3hls6streamINS_4axisI7ap_uintILi8EELmbDo' due to the length limit 80
INFO: [SYN 201-210] Renamed object name 'fast_ip_Pipeline_col_loop_p_ZZ7fast_ipRN3hls6streamINS_4axisI7ap_uintILi8EELm0ELm0ELm0ELh56ELb0EEELi0EEERNS_92_RAM_AUTO_1R1W' to 'fast_ip_Pipeline_col_loop_p_ZZ7fast_ipRN3hls6streamINS_4axisI7ap_uintILi8EELmbEo' due to the length limit 80
INFO: [SYN 201-210] Renamed object name 'fast_ip_Pipeline_col_loop_p_ZZ7fast_ipRN3hls6streamINS_4axisI7ap_uintILi8EELm0ELm0ELm0ELh56ELb0EEELi0EEERNS_91_RAM_AUTO_1R1W' to 'fast_ip_Pipeline_col_loop_p_ZZ7fast_ipRN3hls6streamINS_4axisI7ap_uintILi8EELmbFp' due to the length limit 80
INFO: [SYN 201-210] Renamed object name 'fast_ip_Pipeline_col_loop_p_ZZ7fast_ipRN3hls6streamINS_4axisI7ap_uintILi8EELm0ELm0ELm0ELh56ELb0EEELi0EEERNS_90_RAM_AUTO_1R1W' to 'fast_ip_Pipeline_col_loop_p_ZZ7fast_ipRN3hls6streamINS_4axisI7ap_uintILi8EELmbGp' due to the length limit 80
INFO: [SYN 201-210] Renamed object name 'fast_ip_Pipeline_col_loop_p_ZZ7fast_ipRN3hls6streamINS_4axisI7ap_uintILi8EELm0ELm0ELm0ELh56ELb0EEELi0EEERNS_89_RAM_AUTO_1R1W' to 'fast_ip_Pipeline_col_loop_p_ZZ7fast_ipRN3hls6streamINS_4axisI7ap_uintILi8EELmbHp' due to the length limit 80
INFO: [SYN 201-210] Renamed object name 'fast_ip_Pipeline_col_loop_p_ZZ7fast_ipRN3hls6streamINS_4axisI7ap_uintILi8EELm0ELm0ELm0ELh56ELb0EEELi0EEERNS_88_RAM_AUTO_1R1W' to 'fast_ip_Pipeline_col_loop_p_ZZ7fast_ipRN3hls6streamINS_4axisI7ap_uintILi8EELmbIp' due to the length limit 80
INFO: [SYN 201-210] Renamed object name 'fast_ip_Pipeline_col_loop_p_ZZ7fast_ipRN3hls6streamINS_4axisI7ap_uintILi8EELm0ELm0ELm0ELh56ELb0EEELi0EEERNS_111_RAM_AUTO_1R1W' to 'fast_ip_Pipeline_col_loop_p_ZZ7fast_ipRN3hls6streamINS_4axisI7ap_uintILi8EELmbJp' due to the length limit 80
INFO: [SYN 201-210] Renamed object name 'fast_ip_Pipeline_col_loop_p_ZZ7fast_ipRN3hls6streamINS_4axisI7ap_uintILi8EELm0ELm0ELm0ELh56ELb0EEELi0EEERNS_112_RAM_AUTO_1R1W' to 'fast_ip_Pipeline_col_loop_p_ZZ7fast_ipRN3hls6streamINS_4axisI7ap_uintILi8EELmbKp' due to the length limit 80
INFO: [SYN 201-210] Renamed object name 'fast_ip_Pipeline_col_loop_p_ZZ7fast_ipRN3hls6streamINS_4axisI7ap_uintILi8EELm0ELm0ELm0ELh56ELb0EEELi0EEERNS_119_RAM_AUTO_1R1W' to 'fast_ip_Pipeline_col_loop_p_ZZ7fast_ipRN3hls6streamINS_4axisI7ap_uintILi8EELmbLp' due to the length limit 80
INFO: [SYN 201-210] Renamed object name 'fast_ip_Pipeline_col_loop_p_ZZ7fast_ipRN3hls6streamINS_4axisI7ap_uintILi8EELm0ELm0ELm0ELh56ELb0EEELi0EEERNS_120_RAM_AUTO_1R1W' to 'fast_ip_Pipeline_col_loop_p_ZZ7fast_ipRN3hls6streamINS_4axisI7ap_uintILi8EELmbMq' due to the length limit 80
INFO: [SYN 201-210] Renamed object name 'fast_ip_Pipeline_col_loop_p_ZZ7fast_ipRN3hls6streamINS_4axisI7ap_uintILi8EELm0ELm0ELm0ELh56ELb0EEELi0EEERNS_121_RAM_AUTO_1R1W' to 'fast_ip_Pipeline_col_loop_p_ZZ7fast_ipRN3hls6streamINS_4axisI7ap_uintILi8EELmbNq' due to the length limit 80
INFO: [SYN 201-210] Renamed object name 'fast_ip_Pipeline_col_loop_p_ZZ7fast_ipRN3hls6streamINS_4axisI7ap_uintILi8EELm0ELm0ELm0ELh56ELb0EEELi0EEERNS_122_RAM_AUTO_1R1W' to 'fast_ip_Pipeline_col_loop_p_ZZ7fast_ipRN3hls6streamINS_4axisI7ap_uintILi8EELmbOq' due to the length limit 80
INFO: [SYN 201-210] Renamed object name 'fast_ip_Pipeline_col_loop_p_ZZ7fast_ipRN3hls6streamINS_4axisI7ap_uintILi8EELm0ELm0ELm0ELh56ELb0EEELi0EEERNS_99_RAM_AUTO_1R1W' to 'fast_ip_Pipeline_col_loop_p_ZZ7fast_ipRN3hls6streamINS_4axisI7ap_uintILi8EELmbPq' due to the length limit 80
INFO: [SYN 201-210] Renamed object name 'fast_ip_Pipeline_col_loop_p_ZZ7fast_ipRN3hls6streamINS_4axisI7ap_uintILi8EELm0ELm0ELm0ELh56ELb0EEELi0EEERNS_98_RAM_AUTO_1R1W' to 'fast_ip_Pipeline_col_loop_p_ZZ7fast_ipRN3hls6streamINS_4axisI7ap_uintILi8EELmbQq' due to the length limit 80
INFO: [SYN 201-210] Renamed object name 'fast_ip_Pipeline_col_loop_p_ZZ7fast_ipRN3hls6streamINS_4axisI7ap_uintILi8EELm0ELm0ELm0ELh56ELb0EEELi0EEERNS_97_RAM_AUTO_1R1W' to 'fast_ip_Pipeline_col_loop_p_ZZ7fast_ipRN3hls6streamINS_4axisI7ap_uintILi8EELmbRq' due to the length limit 80
INFO: [SYN 201-210] Renamed object name 'fast_ip_Pipeline_col_loop_p_ZZ7fast_ipRN3hls6streamINS_4axisI7ap_uintILi8EELm0ELm0ELm0ELh56ELb0EEELi0EEERNS_96_RAM_AUTO_1R1W' to 'fast_ip_Pipeline_col_loop_p_ZZ7fast_ipRN3hls6streamINS_4axisI7ap_uintILi8EELmbSr' due to the length limit 80
INFO: [SYN 201-210] Renamed object name 'fast_ip_Pipeline_col_loop_p_ZZ7fast_ipRN3hls6streamINS_4axisI7ap_uintILi8EELm0ELm0ELm0ELh56ELb0EEELi0EEERNS_113_RAM_AUTO_1R1W' to 'fast_ip_Pipeline_col_loop_p_ZZ7fast_ipRN3hls6streamINS_4axisI7ap_uintILi8EELmbTr' due to the length limit 80
INFO: [SYN 201-210] Renamed object name 'fast_ip_Pipeline_col_loop_p_ZZ7fast_ipRN3hls6streamINS_4axisI7ap_uintILi8EELm0ELm0ELm0ELh56ELb0EEELi0EEERNS_114_RAM_AUTO_1R1W' to 'fast_ip_Pipeline_col_loop_p_ZZ7fast_ipRN3hls6streamINS_4axisI7ap_uintILi8EELmbUr' due to the length limit 80
INFO: [SYN 201-210] Renamed object name 'fast_ip_Pipeline_col_loop_p_ZZ7fast_ipRN3hls6streamINS_4axisI7ap_uintILi8EELm0ELm0ELm0ELh56ELb0EEELi0EEERNS_115_RAM_AUTO_1R1W' to 'fast_ip_Pipeline_col_loop_p_ZZ7fast_ipRN3hls6streamINS_4axisI7ap_uintILi8EELmbVr' due to the length limit 80
INFO: [SYN 201-210] Renamed object name 'fast_ip_Pipeline_col_loop_p_ZZ7fast_ipRN3hls6streamINS_4axisI7ap_uintILi8EELm0ELm0ELm0ELh56ELb0EEELi0EEERNS_116_RAM_AUTO_1R1W' to 'fast_ip_Pipeline_col_loop_p_ZZ7fast_ipRN3hls6streamINS_4axisI7ap_uintILi8EELmbWr' due to the length limit 80
INFO: [SYN 201-210] Renamed object name 'fast_ip_Pipeline_col_loop_p_ZZ7fast_ipRN3hls6streamINS_4axisI7ap_uintILi8EELm0ELm0ELm0ELh56ELb0EEELi0EEERNS_117_RAM_AUTO_1R1W' to 'fast_ip_Pipeline_col_loop_p_ZZ7fast_ipRN3hls6streamINS_4axisI7ap_uintILi8EELmbXr' due to the length limit 80
INFO: [SYN 201-210] Renamed object name 'fast_ip_Pipeline_col_loop_p_ZZ7fast_ipRN3hls6streamINS_4axisI7ap_uintILi8EELm0ELm0ELm0ELh56ELb0EEELi0EEERNS_118_RAM_AUTO_1R1W' to 'fast_ip_Pipeline_col_loop_p_ZZ7fast_ipRN3hls6streamINS_4axisI7ap_uintILi8EELmbYs' due to the length limit 80
INFO: [HLS 200-1030] Apply Unified Pipeline Control on module 'fast_ip_Pipeline_col_loop' pipeline 'col_loop' pipeline type 'loop pipeline'
INFO: [RTGEN 206-100] Generating core module 'sparsemux_33_4_8_1_1': 20 instance(s).
INFO: [RTGEN 206-100] Finished creating RTL model for 'fast_ip_Pipeline_col_loop'.
INFO: [RTMG 210-278] Implementing memory 'fast_ip_fast_ip_Pipeline_col_loop_p_ZZ7fast_ipRN3hls6streamINS_4axisI7ap_uintILi8EELmbkb' using auto RAMs.
INFO: [RTMG 210-278] Implementing memory 'fast_ip_fast_ip_Pipeline_col_loop_p_ZZ7fast_ipRN3hls6streamINS_4axisI7ap_uintILi8EELmbJp' using auto RAMs.
INFO: [HLS 200-111] Finished Creating RTL model: CPU user time: 0 seconds. CPU system time: 0 seconds. Elapsed time: 14.678 seconds; current allocated memory: 242.398 MB.
INFO: [HLS 200-10] ----------------------------------------------------------------
INFO: [HLS 200-10] -- Generating RTL for module 'fast_ip' 
INFO: [HLS 200-10] ----------------------------------------------------------------
WARNING: [RTGEN 206-101] Design contains AXI ports. Reset is fixed to synchronous and active low.
INFO: [RTGEN 206-500] Setting interface mode on port 'fast_ip/src_axi_V_data_V' to 'axis' (register, both mode).
INFO: [RTGEN 206-500] Setting interface mode on port 'fast_ip/src_axi_V_keep_V' to 'axis' (register, both mode).
INFO: [RTGEN 206-500] Setting interface mode on port 'fast_ip/src_axi_V_strb_V' to 'axis' (register, both mode).
INFO: [RTGEN 206-500] Setting interface mode on port 'fast_ip/src_axi_V_last_V' to 'axis' (register, both mode).
INFO: [RTGEN 206-500] Setting interface mode on port 'fast_ip/dst_axi_V_data_V' to 'axis' (register, both mode).
INFO: [RTGEN 206-500] Setting interface mode on port 'fast_ip/dst_axi_V_keep_V' to 'axis' (register, both mode).
INFO: [RTGEN 206-500] Setting interface mode on port 'fast_ip/dst_axi_V_strb_V' to 'axis' (register, both mode).
INFO: [RTGEN 206-500] Setting interface mode on port 'fast_ip/dst_axi_V_last_V' to 'axis' (register, both mode).
INFO: [RTGEN 206-500] Setting interface mode on port 'fast_ip/img_width' to 's_axilite & ap_none'.
INFO: [RTGEN 206-500] Setting interface mode on port 'fast_ip/img_height' to 's_axilite & ap_none'.
INFO: [RTGEN 206-500] Setting interface mode on port 'fast_ip/threshold' to 's_axilite & ap_none'.
INFO: [RTGEN 206-500] Setting interface mode on function 'fast_ip' to 's_axilite & ap_ctrl_hs'.
INFO: [RTGEN 206-100] Bundling port 'img_width', 'img_height', 'threshold' and 'return' to AXI-Lite port CONTROL_BUS.
INFO: [RTGEN 206-100] Finished creating RTL model for 'fast_ip'.
INFO: [HLS 200-111] Finished Creating RTL model: CPU user time: 0 seconds. CPU system time: 1 seconds. Elapsed time: 2.644 seconds; current allocated memory: 267.340 MB.
INFO: [HLS 200-111] Finished Generating all RTL models: CPU user time: 0 seconds. CPU system time: 0 seconds. Elapsed time: 0.568 seconds; current allocated memory: 267.465 MB.
INFO: [HLS 200-111] Finished Updating report files: CPU user time: 1 seconds. CPU system time: 0 seconds. Elapsed time: 1.084 seconds; current allocated memory: 278.500 MB.
INFO: [VHDL 208-304] Generating VHDL RTL for fast_ip.
INFO: [VLOG 209-307] Generating Verilog RTL for fast_ip.
INFO: [HLS 200-790] **** Loop Constraint Status: All loop constraints were satisfied.
INFO: [HLS 200-789] **** Estimated Fmax: 137.38 MHz
INFO: [HLS 200-112] Total CPU user time: 6 seconds. Total CPU system time: 1 seconds. Total elapsed time: 48.651 seconds; peak allocated memory: 278.547 MB.
INFO: [v++ 60-791] Total elapsed time: 0h 0m 53s
