  **** HLS Build v2024.2 5238294
INFO: [HLS 200-2005] Using work_dir C:/Users/ariqf/Kuliah/KP/Workspace/fast_ip/fast_ip 
INFO: [HLS 200-1505] Using default flow_target 'vivado'
Resolution: For help on HLS 200-1505 see docs.xilinx.com/access/sources/dita/topic?Doc_Version=2024.2%20English&url=ug1448-hls-guidance&resourceid=200-1505.html
INFO: [HLS 200-1465] Applying ini 'syn.file=C:/Users/ariqf/Kuliah/KP/Workspace/fast_ip/fast_ip.cpp' from C:/Users/ariqf/Kuliah/KP/Workspace/fast_ip/hls_config.cfg(8)
INFO: [HLS 200-10] Adding design file 'C:/Users/ariqf/Kuliah/KP/Workspace/fast_ip/fast_ip.cpp' to the project
INFO: [HLS 200-1465] Applying ini 'syn.file=C:/Users/ariqf/Kuliah/KP/Workspace/fast_ip/fast_ip.h' from C:/Users/ariqf/Kuliah/KP/Workspace/fast_ip/hls_config.cfg(9)
INFO: [HLS 200-10] Adding design file 'C:/Users/ariqf/Kuliah/KP/Workspace/fast_ip/fast_ip.h' to the project
INFO: [HLS 200-1465] Applying ini 'tb.file=C:/Users/ariqf/Kuliah/KP/Workspace/fast_ip/fast_ip_tb.cpp' from C:/Users/ariqf/Kuliah/KP/Workspace/fast_ip/hls_config.cfg(10)
INFO: [HLS 200-10] Adding test bench file 'C:/Users/ariqf/Kuliah/KP/Workspace/fast_ip/fast_ip_tb.cpp' to the project
INFO: [HLS 200-1465] Applying ini 'syn.top=fast_ip' from C:/Users/ariqf/Kuliah/KP/Workspace/fast_ip/hls_config.cfg(11)
INFO: [HLS 200-1465] Applying ini 'flow_target=vivado' from C:/Users/ariqf/Kuliah/KP/Workspace/fast_ip/hls_config.cfg(4)
INFO: [HLS 200-1505] Using flow_target 'vivado'
Resolution: For help on HLS 200-1505 see docs.xilinx.com/access/sources/dita/topic?Doc_Version=2024.2%20English&url=ug1448-hls-guidance&resourceid=200-1505.html
INFO: [HLS 200-1465] Applying ini 'part=xc7z020clg484-1' from C:/Users/ariqf/Kuliah/KP/Workspace/fast_ip/hls_config.cfg(1)
INFO: [HLS 200-1611] Setting target device to 'xc7z020-clg484-1'
INFO: [HLS 200-1465] Applying ini 'clock=10ns' from C:/Users/ariqf/Kuliah/KP/Workspace/fast_ip/hls_config.cfg(7)
INFO: [SYN 201-201] Setting up clock 'default' with a period of 10ns.
INFO: [HLS 200-1465] Applying ini 'package.output.format=ip_catalog' from C:/Users/ariqf/Kuliah/KP/Workspace/fast_ip/hls_config.cfg(5)
INFO: [SIM 211-2] *************** CSIM start ***************
INFO: [SIM 211-4] CSIM will launch CLANG as the compiler.
INFO: [HLS 200-2036] Building debug C Simulation binaries
make: 'csim.exe' is up to date.
Found 64416 corners
INFO [HLS SIM]: The maximum depth reached by any hls::stream() instance in the design is 307200
INFO: [SIM 211-1] CSim done with 0 errors.
INFO: [SIM 211-3] *************** CSIM finish ***************
INFO: [HLS 200-112] Total CPU user time: 1 seconds. Total CPU system time: 0 seconds. Total elapsed time: 2.685 seconds; peak allocated memory: 162.738 MB.
INFO: [vitis-run 60-791] Total elapsed time: 0h 0m 6s
