#-----------------------------------------------------------
# Vivado v2024.2 (64-bit)
# SW Build 5239630 on Fri Nov 08 22:35:27 MST 2024
# IP Build 5239520 on Sun Nov 10 16:12:51 MST 2024
# SharedData Build 5239561 on Fri Nov 08 14:39:27 MST 2024
# Start of session at: Sun Feb  9 15:23:24 2025
# Process ID         : 24376
# Current directory  : C:/Users/ariqf/Kuliah/KP/Workspace/fast_ip/fast_ip/hls/impl/ip
# Command line       : vivado.exe -notrace -mode batch -source run_ippack.tcl
# Log file           : C:/Users/ariqf/Kuliah/KP/Workspace/fast_ip/fast_ip/hls/impl/ip/vivado.log
# Journal file       : C:/Users/ariqf/Kuliah/KP/Workspace/fast_ip/fast_ip/hls/impl/ip\vivado.jou
# Running On         : Ariqfadhh
# Platform           : Windows Server 2016 or Windows 10
# Operating System   : 22631
# Processor Detail   : 13th Gen Intel(R) Core(TM) i5-13450HX
# CPU Frequency      : 2611 MHz
# CPU Physical cores : 10
# CPU Logical cores  : 16
# Host memory        : 21168 MB
# Swap memory        : 3517 MB
# Total Virtual      : 24686 MB
# Available Virtual  : 7373 MB
#-----------------------------------------------------------
source run_ippack.tcl -notrace
INFO: calling package_hls_ip ip_types=vitis sysgen json_file=C:/Users/ariqf/Kuliah/KP/Workspace/fast_ip/fast_ip/hls/hls_data.json outdir=C:/Users/ariqf/Kuliah/KP/Workspace/fast_ip/fast_ip/hls/impl/ip srcdir=C:/Users/ariqf/Kuliah/KP/Workspace/fast_ip/fast_ip/hls sort_interfaces_ports=false
INFO: Copied 1 ipmisc file(s) to C:/Users/ariqf/Kuliah/KP/Workspace/fast_ip/fast_ip/hls/impl/ip/misc
INFO: Copied 13 verilog file(s) to C:/Users/ariqf/Kuliah/KP/Workspace/fast_ip/fast_ip/hls/impl/ip/hdl/verilog
INFO: Copied 8 vhdl file(s) to C:/Users/ariqf/Kuliah/KP/Workspace/fast_ip/fast_ip/hls/impl/ip/hdl/vhdl
INFO: Copied 10 swdriver file(s) to C:/Users/ariqf/Kuliah/KP/Workspace/fast_ip/fast_ip/hls/impl/ip/drivers
INFO: Import ports from HDL: C:/Users/ariqf/Kuliah/KP/Workspace/fast_ip/fast_ip/hls/impl/ip/hdl/vhdl/fast_ip.vhd (fast_ip)
INFO: Add axi4lite interface s_axi_CONTROL_BUS
INFO: Add clock interface ap_clk
INFO: Add reset interface ap_rst_n
INFO: Add interrupt interface interrupt
INFO: [IP_Flow 19-234] Refreshing IP repositories
INFO: [IP_Flow 19-1704] No user IP repositories specified
INFO: [IP_Flow 19-2313] Loaded Vivado IP repository 'C:/Xilinx/Vivado/2024.2/data/ip'.
INFO: Add axi4stream interface src_axi
INFO: Add axi4stream interface dst_axi
INFO: Calling post_process_vitis to specialize IP
INFO: Calling post_process_sysgen to specialize IP
Generating sysgen info xml from json file
INFO: Created IP C:/Users/ariqf/Kuliah/KP/Workspace/fast_ip/fast_ip/hls/impl/ip/component.xml
INFO: Created IP archive C:/Users/ariqf/Kuliah/KP/Workspace/fast_ip/fast_ip/hls/impl/ip/xilinx_com_hls_fast_ip_1_0.zip
INFO: [Common 17-206] Exiting Vivado at Sun Feb  9 15:23:30 2025...
