================================================================
== Design Size Report
================================================================

* Total Instructions per Compilation Phase
+---------------+-----------------------------+--------------+----------------------------------------------------------------------------------------+
| Phase         | Step                        | Instructions | Description                                                                            |
+---------------+-----------------------------+--------------+----------------------------------------------------------------------------------------+
| Compile/Link  |                             |   515        | After all functions are compiled and linked into a single design                       |
|               |                             |              |                                                                                        |
| Unroll/Inline |                             |              | After user unroll and inline pragmas are applied                                       |
|               | (1) unroll                  | 1,553        | user unroll pragmas are applied                                                        |
|               | (2) simplification          |   594        | simplification of applied user unroll pragmas                                          |
|               | (3) inline                  |   589        | user inline pragmas are applied                                                        |
|               | (4) simplification          |   589        | simplification of applied user inline pragmas                                          |
|               |                             |              |                                                                                        |
| Array/Struct  |                             |              | After user array partition and struct aggregate/disaggregate pragmas are applied       |
|               | (1) array partition         | 3,880        | user array partition pragmas are applied                                               |
|               | (2) simplification          | 1,661        | simplification of applied user array partition & struct aggregate/disaggregate pragmas |
|               | (3) aggregate/disaggregate  | 1,661        | user struct aggregate/disaggregate pragmas are applied                                 |
|               | (4) array reshape           | 1,661        | apply array reshape pragmas                                                            |
|               | (5) access patterns         | 1,691        | array access pattern optmizations                                                      |
|               |                             |              |                                                                                        |
| Performance   |                             |              | After transformations are applied to meet performance pragma targets                   |
|               | (1) loop simplification     | 1,693        | loop and instruction simplification                                                    |
|               | (2) parallelization         | 1,627        | loops are unrolled or pipelined to meet performance targets                            |
|               | (3) array partition         | 1,595        | arrays are partitioned to meet performance targets                                     |
|               | (4) simplification          | 1,595        | simplification of design after performance transformations                             |
|               |                             |              |                                                                                        |
| HW Transforms |                             |              | After hardware transfomations                                                          |
|               | (1) lowering                | 1,557        | initial conversion to HW specific instructions                                         |
|               | (2) optimizations           | 1,556        | high level synthesis optimizations                                                     |
+---------------+-----------------------------+--------------+----------------------------------------------------------------------------------------+

* Instructions per Function for each Compilation Phase
+-----------+---------------+--------------+---------------+--------------+-------------+---------------+
| Function  | Location      | Compile/Link | Unroll/Inline | Array/Struct | Performance | HW Transforms |
+-----------+---------------+--------------+---------------+--------------+-------------+---------------+
|   fast_ip | fast_ip.cpp:3 | 515          | 589           | 1,691        | 1,595       | 1,556         |
+-----------+---------------+--------------+---------------+--------------+-------------+---------------+

* Design Size Message Settings
+---------------------------------------------+--------+------------------------------------------------------------------+
| Message Setting                             | Value  | Description                                                      |
+---------------------------------------------+--------+------------------------------------------------------------------+
| config_compile -design_size_maximum_warning | 100000 | Show a warning when total design instructions exceeds this value |
+---------------------------------------------+--------+------------------------------------------------------------------+


