C:\Users\ariqf\Kuliah\KP\Workspace\fast_ip\fast_ip\hls\.autopilot\db\fast_ip.pp.0.cpp:2260:5: warning: Added loop label VITIS_LOOP_676_1:   [xilinx-label-all-loops]
    for (unsigned i = low; i != high+1; ++i) {
    ^~~
    VITIS_LOOP_676_1: 
C:\Users\ariqf\Kuliah\KP\Workspace\fast_ip\fast_ip\hls\.autopilot\db\fast_ip.pp.0.cpp:2260:5: note: FIX-IT applied suggested code changes
C:\Users\ariqf\Kuliah\KP\Workspace\fast_ip\fast_ip\hls\.autopilot\db\fast_ip.pp.0.cpp:2274:5: warning: Added loop label VITIS_LOOP_690_1:   [xilinx-label-all-loops]
    for (unsigned i = low; i != high+1; ++i) {
    ^~~
    VITIS_LOOP_690_1: 
C:\Users\ariqf\Kuliah\KP\Workspace\fast_ip\fast_ip\hls\.autopilot\db\fast_ip.pp.0.cpp:2274:5: note: FIX-IT applied suggested code changes
C:\Users\ariqf\Kuliah\KP\Workspace\fast_ip\fast_ip\hls\.autopilot\db\fast_ip.pp.0.cpp:2288:5: warning: Added loop label VITIS_LOOP_704_1:   [xilinx-label-all-loops]
    for (unsigned i = low; i != high+1; ++i) {
    ^~~
    VITIS_LOOP_704_1: 
C:\Users\ariqf\Kuliah\KP\Workspace\fast_ip\fast_ip\hls\.autopilot\db\fast_ip.pp.0.cpp:2288:5: note: FIX-IT applied suggested code changes
C:\Users\ariqf\Kuliah\KP\Workspace\fast_ip\fast_ip\hls\.autopilot\db\fast_ip.pp.0.cpp:3922:7: warning: Added loop label VITIS_LOOP_1248_1:   [xilinx-label-all-loops]
      for (i = 0; i < __N - 1; ++i) {
      ^~~
      VITIS_LOOP_1248_1: 
C:\Users\ariqf\Kuliah\KP\Workspace\fast_ip\fast_ip\hls\.autopilot\db\fast_ip.pp.0.cpp:3922:7: note: FIX-IT applied suggested code changes
C:\Users\ariqf\Kuliah\KP\Workspace\fast_ip\fast_ip\hls\.autopilot\db\fast_ip.pp.0.cpp:9803:13: warning: Added loop label VITIS_LOOP_36_1:   [xilinx-label-all-loops]
            for (int i = 0; i < 6; i++) {
            ^~~
            VITIS_LOOP_36_1: 
C:\Users\ariqf\Kuliah\KP\Workspace\fast_ip\fast_ip\hls\.autopilot\db\fast_ip.pp.0.cpp:9803:13: note: FIX-IT applied suggested code changes
C:\Users\ariqf\Kuliah\KP\Workspace\fast_ip\fast_ip\hls\.autopilot\db\fast_ip.pp.0.cpp:9810:17: warning: Added loop label VITIS_LOOP_43_2:   [xilinx-label-all-loops]
                for (int i = 0; i < 16; i++) {
                ^~~
                VITIS_LOOP_43_2: 
C:\Users\ariqf\Kuliah\KP\Workspace\fast_ip\fast_ip\hls\.autopilot\db\fast_ip.pp.0.cpp:9810:17: note: FIX-IT applied suggested code changes
C:\Users\ariqf\Kuliah\KP\Workspace\fast_ip\fast_ip\hls\.autopilot\db\fast_ip.pp.0.cpp:9828:2: warning: Added loop label VITIS_LOOP_61_3:   [xilinx-label-all-loops]
 for (int i = 0; i < 16; i++) {
 ^~~
 VITIS_LOOP_61_3: 
C:\Users\ariqf\Kuliah\KP\Workspace\fast_ip\fast_ip\hls\.autopilot\db\fast_ip.pp.0.cpp:9828:2: note: FIX-IT applied suggested code changes
C:\Users\ariqf\Kuliah\KP\Workspace\fast_ip\fast_ip\hls\.autopilot\db\fast_ip.pp.0.cpp:9836:17: warning: Added loop label VITIS_LOOP_69_4:   [xilinx-label-all-loops]
                for (int i = 0; i < 16; i++) {
                ^~~
                VITIS_LOOP_69_4: 
C:\Users\ariqf\Kuliah\KP\Workspace\fast_ip\fast_ip\hls\.autopilot\db\fast_ip.pp.0.cpp:9836:17: note: FIX-IT applied suggested code changes
C:\Users\ariqf\Kuliah\KP\Workspace\fast_ip\fast_ip\hls\.autopilot\db\fast_ip.pp.0.cpp:9840:21: warning: Added loop label VITIS_LOOP_73_5:   [xilinx-label-all-loops]
                    for (int j = 0; j < 12; j++) {
                    ^~~
                    VITIS_LOOP_73_5: 
C:\Users\ariqf\Kuliah\KP\Workspace\fast_ip\fast_ip\hls\.autopilot\db\fast_ip.pp.0.cpp:9840:21: note: FIX-IT applied suggested code changes
