#-----------------------------------------------------------
# xsim v2024.2 (64-bit)
# SW Build 5239630 on Fri Nov 08 22:35:27 MST 2024
# IP Build 5239520 on Sun Nov 10 16:12:51 MST 2024
# SharedData Build 5239561 on Fri Nov 08 14:39:27 MST 2024
# Start of session at: Sun Feb  9 15:20:26 2025
# Process ID         : 10500
# Current directory  : C:/Users/ariqf/Kuliah/KP/Workspace/fast_ip/fast_ip/hls/sim/verilog
# Command line       : xsim.exe -mode tcl -source {xsim.dir/fast_ip/xsim_script.tcl}
# Log file           : C:/Users/ariqf/Kuliah/KP/Workspace/fast_ip/fast_ip/hls/sim/verilog/xsim.log
# Journal file       : C:/Users/ariqf/Kuliah/KP/Workspace/fast_ip/fast_ip/hls/sim/verilog\xsim.jou
# Running On         : Ariqfadhh
# Platform           : Windows Server 2016 or Windows 10
# Operating System   : 22631
# Processor Detail   : 13th Gen Intel(R) Core(TM) i5-13450HX
# CPU Frequency      : 2611 MHz
# CPU Physical cores : 10
# CPU Logical cores  : 16
# Host memory        : 21168 MB
# Swap memory        : 3517 MB
# Total Virtual      : 24686 MB
# Available Virtual  : 7385 MB
#-----------------------------------------------------------
source xsim.dir/fast_ip/xsim_script.tcl
# xsim {fast_ip} -autoloadwcfg -tclbatch {fast_ip.tcl}
Time resolution is 1 ps
source fast_ip.tcl
## run all
////////////////////////////////////////////////////////////////////////////////////
// Inter-Transaction Progress: Completed Transaction / Total Transaction
// Intra-Transaction Progress: Measured Latency / Latency Estimation * 100%
//
// RTL Simulation : "Inter-Transaction Progress" ["Intra-Transaction Progress"] @ "Simulation Time"
////////////////////////////////////////////////////////////////////////////////////
// RTL Simulation : 0 / 1 [n/a] @ "125000"
// RTL Simulation : 1 / 1 [n/a] @ "3106115000"
////////////////////////////////////////////////////////////////////////////////////
$finish called at time : 3106175 ns : File "C:/Users/ariqf/Kuliah/KP/Workspace/fast_ip/fast_ip/hls/sim/verilog/fast_ip.autotb.v" Line 417
run: Time (s): cpu = 00:00:00 ; elapsed = 00:00:27 . Memory (MB): peak = 197.520 ; gain = 0.000
## quit
INFO: [Common 17-206] Exiting xsim at Sun Feb  9 15:20:54 2025...
